<?xml version="1.0" encoding="utf-8"?>
<TestRun id="9eb3607c-62b3-4682-895a-d03edca484ee" name="@runnervm35a4x 2026-04-15 15:21:48" xmlns="http://microsoft.com/schemas/VisualStudio/TeamTest/2010">
  <Times creation="2026-04-15T15:21:48.0710610+00:00" queuing="2026-04-15T15:21:48.0710612+00:00" start="2026-04-15T15:21:46.5993627+00:00" finish="2026-04-15T15:21:48.3720016+00:00" />
  <TestSettings name="default" id="d00406b4-6b65-4da1-95f7-2bd2c840e773">
    <Deployment runDeploymentRoot="_runnervm35a4x_2026-04-15_15_21_48" />
  </TestSettings>
  <Results>
    <UnitTestResult executionId="8fff4147-d4d7-4b10-a576-34f24344cb8d" testId="8841eaf8-b6c5-835a-2fa6-00f5841ce391" testName="ApartmentManagement.Tests.L1.Handlers.VerifyOtpCommandHandlerTests.Handle_WhenUserNotFound_ReturnsFailure" computerName="runnervm35a4x" duration="00:00:00.0182969" startTime="2026-04-15T15:21:47.9427218+00:00" endTime="2026-04-15T15:21:47.9427219+00:00" testType="13cdc9d9-ddb5-4fa4-a97d-d965ccfc6d4b" outcome="Passed" testListId="8c84fa94-04c1-424b-9868-57a2d4851a1d" relativeResultsDirectory="8fff4147-d4d7-4b10-a576-34f24344cb8d" />
    <UnitTestResult executionId="0b8347c9-f3d8-43f2-acff-76a7894a24f1" testId="48daaee8-e497-8f7e-a049-680d3dfe499b" testName="ApartmentManagement.Tests.L1.Handlers.ApproveBookingCommandHandlerTests.Handle_WhenBookingPending_ApprovesAndReturnsSuccess" computerName="runnervm35a4x" duration="00:00:00.0123766" startTime="2026-04-15T15:21:48.2251935+00:00" endTime="2026-04-15T15:21:48.2251936+00:00" testType="13cdc9d9-ddb5-4fa4-a97d-d965ccfc6d4b" outcome="Passed" testListId="8c84fa94-04c1-424b-9868-57a2d4851a1d" relativeResultsDirectory="0b8347c9-f3d8-43f2-acff-76a7894a24f1" />
    <UnitTestResult executionId="8646ccd9-0fbf-407b-80bc-dd243a645076" testId="3c0d1290-61d8-4874-31d1-cc244cf7b283" testName="ApartmentManagement.Tests.L1.Handlers.CreateApartmentCommandHandlerTests.Handle_WhenApartmentNumberExistsInAnotherBlock_ReturnsFailure" computerName="runnervm35a4x" duration="00:00:00.0030445" startTime="2026-04-15T15:21:48.1589447+00:00" endTime="2026-04-15T15:21:48.1589448+00:00" testType="13cdc9d9-ddb5-4fa4-a97d-d965ccfc6d4b" outcome="Passed" testListId="8c84fa94-04c1-424b-9868-57a2d4851a1d" relativeResultsDirectory="8646ccd9-0fbf-407b-80bc-dd243a645076" />
    <UnitTestResult executionId="77fc9a00-0207-4508-a035-3646c2b3d0c1" testId="c7558584-0e3a-2849-6c5f-abb6396a3774" testName="ApartmentManagement.Tests.L1.Handlers.CheckInVisitorCommandHandlerTests.Handle_WithInvalidPassCode_ReturnsFailure" computerName="runnervm35a4x" duration="00:00:00.0127887" startTime="2026-04-15T15:21:48.2607425+00:00" endTime="2026-04-15T15:21:48.2607425+00:00" testType="13cdc9d9-ddb5-4fa4-a97d-d965ccfc6d4b" outcome="Passed" testListId="8c84fa94-04c1-424b-9868-57a2d4851a1d" relativeResultsDirectory="77fc9a00-0207-4508-a035-3646c2b3d0c1" />
    <UnitTestResult executionId="f961b45f-93f2-46ea-af24-804f8a360b78" testId="78d9b9d3-cbe6-1c7e-da8d-5be1789f8912" testName="ApartmentManagement.Tests.L1.Validators.CreateSocietyCommandValidatorTests.Validate_WithZeroTotalApartments_FailsValidation" computerName="runnervm35a4x" duration="00:00:00.0012276" startTime="2026-04-15T15:21:48.1343960+00:00" endTime="2026-04-15T15:21:48.1343961+00:00" testType="13cdc9d9-ddb5-4fa4-a97d-d965ccfc6d4b" outcome="Passed" testListId="8c84fa94-04c1-424b-9868-57a2d4851a1d" relativeResultsDirectory="f961b45f-93f2-46ea-af24-804f8a360b78" />
    <UnitTestResult executionId="eb0d5336-12f3-4deb-b9b4-79a87961b562" testId="55d5f12a-e33d-a7ee-442f-dfc4191071ba" testName="ApartmentManagement.Tests.L1.Handlers.CreateSocietyCommandHandlerTests.Handle_WithValidCommand_CreatesSocietyAndReturnsSuccess" computerName="runnervm35a4x" duration="00:00:00.0152084" startTime="2026-04-15T15:21:48.0430368+00:00" endTime="2026-04-15T15:21:48.0430368+00:00" testType="13cdc9d9-ddb5-4fa4-a97d-d965ccfc6d4b" outcome="Passed" testListId="8c84fa94-04c1-424b-9868-57a2d4851a1d" relativeResultsDirectory="eb0d5336-12f3-4deb-b9b4-79a87961b562" />
    <UnitTestResult executionId="6fe43ba5-47b9-4d99-9e82-027bfde24d58" testId="a9c4f4c0-6eb0-6184-e179-5e30d3519f88" testName="ApartmentManagement.Tests.L1.Validators.CreateSocietyCommandValidatorTests.Validate_WithEmptyStreet_FailsValidation" computerName="runnervm35a4x" duration="00:00:00.0009098" startTime="2026-04-15T15:21:48.1387823+00:00" endTime="2026-04-15T15:21:48.1387823+00:00" testType="13cdc9d9-ddb5-4fa4-a97d-d965ccfc6d4b" outcome="Passed" testListId="8c84fa94-04c1-424b-9868-57a2d4851a1d" relativeResultsDirectory="6fe43ba5-47b9-4d99-9e82-027bfde24d58" />
    <UnitTestResult executionId="93b80b6a-968c-4dee-a0e6-043a57af4b87" testId="6fea925b-2d97-315d-990a-6a80d6d26222" testName="ApartmentManagement.Tests.L1.Handlers.CheckInVisitorCommandHandlerTests.Handle_WithApprovedVisitorPassCode_ChecksInAndReturnsSuccess" computerName="runnervm35a4x" duration="00:00:00.0089026" startTime="2026-04-15T15:21:48.2687216+00:00" endTime="2026-04-15T15:21:48.2687217+00:00" testType="13cdc9d9-ddb5-4fa4-a97d-d965ccfc6d4b" outcome="Passed" testListId="8c84fa94-04c1-424b-9868-57a2d4851a1d" relativeResultsDirectory="93b80b6a-968c-4dee-a0e6-043a57af4b87" />
    <UnitTestResult executionId="e495ca2f-7846-4ecd-b172-b0fbc4bc6e53" testId="ed76aac9-f111-92de-ad2b-91b3c64b562c" testName="ApartmentManagement.Tests.L1.Validators.BookAmenityCommandValidatorTests.Validate_WithValidCommand_PassesValidation" computerName="runnervm35a4x" duration="00:00:00.0003467" startTime="2026-04-15T15:21:48.1769121+00:00" endTime="2026-04-15T15:21:48.1769122+00:00" testType="13cdc9d9-ddb5-4fa4-a97d-d965ccfc6d4b" outcome="Passed" testListId="8c84fa94-04c1-424b-9868-57a2d4851a1d" relativeResultsDirectory="e495ca2f-7846-4ecd-b172-b0fbc4bc6e53" />
    <UnitTestResult executionId="705da9ff-1451-4f0f-bf7a-c5176c1d6f16" testId="a27cc117-9d99-f3cc-a2bf-c1d86dbca763" testName="ApartmentManagement.Tests.L1.Validators.CreateSocietyCommandValidatorTests.Validate_WithEmptyName_FailsValidation" computerName="runnervm35a4x" duration="00:00:00.0009386" startTime="2026-04-15T15:21:48.1387196+00:00" endTime="2026-04-15T15:21:48.1387198+00:00" testType="13cdc9d9-ddb5-4fa4-a97d-d965ccfc6d4b" outcome="Passed" testListId="8c84fa94-04c1-424b-9868-57a2d4851a1d" relativeResultsDirectory="705da9ff-1451-4f0f-bf7a-c5176c1d6f16" />
    <UnitTestResult executionId="836f9d82-c090-43d9-b1fe-709cce4ac295" testId="77ec10d2-c70d-e756-00d8-5b9b97bffea6" testName="ApartmentManagement.Tests.L1.Handlers.AcceptServiceRequestCommandHandlerTests.Handle_WhenRequestNotFound_ReturnsFailure" computerName="runnervm35a4x" duration="00:00:00.0095285" startTime="2026-04-15T15:21:48.2906240+00:00" endTime="2026-04-15T15:21:48.2906241+00:00" testType="13cdc9d9-ddb5-4fa4-a97d-d965ccfc6d4b" outcome="Failed" testListId="8c84fa94-04c1-424b-9868-57a2d4851a1d" relativeResultsDirectory="836f9d82-c090-43d9-b1fe-709cce4ac295">
      <Output>
        <ErrorInfo>
          <Message>Expected result.ErrorCode to be "NOT_FOUND" with a length of 9, but "SERVICE_PROVIDER_NOT_FOUND" has a length of 26, differs near "SER" (index 0).</Message>
          <StackTrace>   at FluentAssertions.Execution.XUnit2TestFramework.Throw(String message)
   at FluentAssertions.Execution.TestFrameworkProvider.Throw(String message)
   at FluentAssertions.Execution.DefaultAssertionStrategy.HandleFailure(String message)
   at FluentAssertions.Execution.AssertionScope.FailWith(Func`1 failReasonFunc)
   at FluentAssertions.Execution.AssertionScope.FailWith(Func`1 failReasonFunc)
   at FluentAssertions.Primitives.StringEqualityValidator.ValidateAgainstLengthDifferences()
   at FluentAssertions.Primitives.StringValidator.Validate()
   at FluentAssertions.Primitives.StringAssertions`1.Be(String expected, String because, Object[] becauseArgs)
   at ApartmentManagement.Tests.L1.Handlers.AcceptServiceRequestCommandHandlerTests.Handle_WhenRequestNotFound_ReturnsFailure() in /home/runner/work/ourhome/ourhome/backend_unittest/ApartmentManagement.Tests.L1/CompetitionAndServiceHandlerTests.cs:line 263
--- End of stack trace from previous location ---</StackTrace>
        </ErrorInfo>
      </Output>
    </UnitTestResult>
    <UnitTestResult executionId="0ce6e02b-4b34-4636-8df0-df0d0afe91a0" testId="33478ef9-d06e-783c-ec42-c7c15dc8a3f7" testName="ApartmentManagement.Tests.L1.Handlers.GetApartmentsBySocietyQueryHandlerTests.Handle_WithBlockFilter_ReturnsOnlyMatchingApartments" computerName="runnervm35a4x" duration="00:00:00.0138166" startTime="2026-04-15T15:21:48.2406380+00:00" endTime="2026-04-15T15:21:48.2406381+00:00" testType="13cdc9d9-ddb5-4fa4-a97d-d965ccfc6d4b" outcome="Passed" testListId="8c84fa94-04c1-424b-9868-57a2d4851a1d" relativeResultsDirectory="0ce6e02b-4b34-4636-8df0-df0d0afe91a0" />
    <UnitTestResult executionId="d719f753-1bd6-4c60-bf0d-bd7edec82973" testId="4dfee124-9e0f-88ae-1a70-6e94856b4760" testName="ApartmentManagement.Tests.L1.Handlers.PublishSocietyCommandHandlerTests.Handle_WhenSocietyNotFound_ReturnsFailure" computerName="runnervm35a4x" duration="00:00:00.0168917" startTime="2026-04-15T15:21:48.2607226+00:00" endTime="2026-04-15T15:21:48.2607227+00:00" testType="13cdc9d9-ddb5-4fa4-a97d-d965ccfc6d4b" outcome="Passed" testListId="8c84fa94-04c1-424b-9868-57a2d4851a1d" relativeResultsDirectory="d719f753-1bd6-4c60-bf0d-bd7edec82973" />
    <UnitTestResult executionId="db7ff109-f999-4107-915d-1666c24ed9d2" testId="3fa567e4-9909-5e7f-b2e0-5a0f8ef095e1" testName="ApartmentManagement.Tests.L1.Handlers.DeleteApartmentCommandHandlerTests.Handle_WhenApartmentOccupied_ReturnsFailure" computerName="runnervm35a4x" duration="00:00:00.0072745" startTime="2026-04-15T15:21:48.1075964+00:00" endTime="2026-04-15T15:21:48.1075965+00:00" testType="13cdc9d9-ddb5-4fa4-a97d-d965ccfc6d4b" outcome="Passed" testListId="8c84fa94-04c1-424b-9868-57a2d4851a1d" relativeResultsDirectory="db7ff109-f999-4107-915d-1666c24ed9d2" />
    <UnitTestResult executionId="849ceed7-6af4-4b2a-8152-92171d5e5323" testId="20b7fcd7-0354-8cbb-bcc6-ed6e5e199152" testName="ApartmentManagement.Tests.L1.Handlers.CreateApartmentCommandHandlerTests.Handle_WithExistingOwnerId_AssignsOwnerAndReturnsOccupiedApartment" computerName="runnervm35a4x" duration="00:00:00.0083199" startTime="2026-04-15T15:21:48.1555196+00:00" endTime="2026-04-15T15:21:48.1555197+00:00" testType="13cdc9d9-ddb5-4fa4-a97d-d965ccfc6d4b" outcome="Passed" testListId="8c84fa94-04c1-424b-9868-57a2d4851a1d" relativeResultsDirectory="849ceed7-6af4-4b2a-8152-92171d5e5323" />
    <UnitTestResult executionId="f4d2b058-7f6c-4c87-ba4f-8788176e5e56" testId="e0d96062-4fc9-be07-cdcf-173bd35c600d" testName="ApartmentManagement.Tests.L1.Handlers.BulkImportApartmentsCommandHandlerTests.Handle_WithAllNewApartments_SucceedsForAll" computerName="runnervm35a4x" duration="00:00:00.0226558" startTime="2026-04-15T15:21:48.2613011+00:00" endTime="2026-04-15T15:21:48.2613012+00:00" testType="13cdc9d9-ddb5-4fa4-a97d-d965ccfc6d4b" outcome="Passed" testListId="8c84fa94-04c1-424b-9868-57a2d4851a1d" relativeResultsDirectory="f4d2b058-7f6c-4c87-ba4f-8788176e5e56" />
    <UnitTestResult executionId="656a4509-7ff4-449d-98aa-6f602c4b3364" testId="18ac7c5d-611e-3356-e9a3-574e4880fd33" testName="ApartmentManagement.Tests.L1.Handlers.VerifyOtpCommandHandlerTests.Handle_WithValidOtp_VerifiesUserAndReturnsSuccess" computerName="runnervm35a4x" duration="00:00:00.2680309" startTime="2026-04-15T15:21:47.9220246+00:00" endTime="2026-04-15T15:21:47.9220469+00:00" testType="13cdc9d9-ddb5-4fa4-a97d-d965ccfc6d4b" outcome="Passed" testListId="8c84fa94-04c1-424b-9868-57a2d4851a1d" relativeResultsDirectory="656a4509-7ff4-449d-98aa-6f602c4b3364" />
    <UnitTestResult executionId="2662e105-c7ce-4845-917e-206b72b00d80" testId="99d42df6-c90f-4a61-f557-a9df19ab69d5" testName="ApartmentManagement.Tests.L1.Handlers.AcceptServiceRequestCommandHandlerTests.Handle_WithUnapprovedProvider_ReturnsFailure" computerName="runnervm35a4x" duration="00:00:00.0028103" startTime="2026-04-15T15:21:48.2932808+00:00" endTime="2026-04-15T15:21:48.2932809+00:00" testType="13cdc9d9-ddb5-4fa4-a97d-d965ccfc6d4b" outcome="Failed" testListId="8c84fa94-04c1-424b-9868-57a2d4851a1d" relativeResultsDirectory="2662e105-c7ce-4845-917e-206b72b00d80">
      <Output>
        <ErrorInfo>
          <Message>Expected result.ErrorCode to be "SERVICE_PROVIDER_NOT_APPROVED" with a length of 29, but "SERVICE_PROVIDER_NOT_FOUND" has a length of 26, differs near "FOU" (index 21).</Message>
          <StackTrace>   at FluentAssertions.Execution.XUnit2TestFramework.Throw(String message)
   at FluentAssertions.Execution.TestFrameworkProvider.Throw(String message)
   at FluentAssertions.Execution.DefaultAssertionStrategy.HandleFailure(String message)
   at FluentAssertions.Execution.AssertionScope.FailWith(Func`1 failReasonFunc)
   at FluentAssertions.Execution.AssertionScope.FailWith(Func`1 failReasonFunc)
   at FluentAssertions.Primitives.StringEqualityValidator.ValidateAgainstLengthDifferences()
   at FluentAssertions.Primitives.StringValidator.Validate()
   at FluentAssertions.Primitives.StringAssertions`1.Be(String expected, String because, Object[] becauseArgs)
   at ApartmentManagement.Tests.L1.Handlers.AcceptServiceRequestCommandHandlerTests.Handle_WithUnapprovedProvider_ReturnsFailure() in /home/runner/work/ourhome/ourhome/backend_unittest/ApartmentManagement.Tests.L1/CompetitionAndServiceHandlerTests.cs:line 235
--- End of stack trace from previous location ---</StackTrace>
        </ErrorInfo>
      </Output>
    </UnitTestResult>
    <UnitTestResult executionId="687ea756-4c63-4838-9e0f-e5c3a7cdf2e6" testId="1dceeb71-a9ee-6c2e-10e1-f745866b334a" testName="ApartmentManagement.Tests.L1.Handlers.ArchiveNoticeCommandHandlerTests.Handle_WhenNoticeExists_ArchivesAndReturnsSuccess" computerName="runnervm35a4x" duration="00:00:00.0068482" startTime="2026-04-15T15:21:48.0808554+00:00" endTime="2026-04-15T15:21:48.0808555+00:00" testType="13cdc9d9-ddb5-4fa4-a97d-d965ccfc6d4b" outcome="Passed" testListId="8c84fa94-04c1-424b-9868-57a2d4851a1d" relativeResultsDirectory="687ea756-4c63-4838-9e0f-e5c3a7cdf2e6" />
    <UnitTestResult executionId="590e89da-89ff-4222-b94a-0e778709642e" testId="51219842-7ac3-ff1a-0d82-4e2439dc1460" testName="ApartmentManagement.Tests.L1.Handlers.CreateNoticeCommandHandlerTests.Handle_WithValidCommand_CreatesNoticeAndReturnsSuccess" computerName="runnervm35a4x" duration="00:00:00.0609647" startTime="2026-04-15T15:21:48.0429521+00:00" endTime="2026-04-15T15:21:48.0429522+00:00" testType="13cdc9d9-ddb5-4fa4-a97d-d965ccfc6d4b" outcome="Passed" testListId="8c84fa94-04c1-424b-9868-57a2d4851a1d" relativeResultsDirectory="590e89da-89ff-4222-b94a-0e778709642e" />
    <UnitTestResult executionId="4f29d8f8-b50d-4bd2-ae70-2ea59a217568" testId="21f32053-4888-2c1e-01e1-fb0a75067840" testName="ApartmentManagement.Tests.L1.Handlers.RegisterVisitorCommandHandlerTests.Handle_WithValidCommand_CreatesVisitorLogAndReturnsSuccess" computerName="runnervm35a4x" duration="00:00:00.0387814" startTime="2026-04-15T15:21:48.1775408+00:00" endTime="2026-04-15T15:21:48.1775408+00:00" testType="13cdc9d9-ddb5-4fa4-a97d-d965ccfc6d4b" outcome="Passed" testListId="8c84fa94-04c1-424b-9868-57a2d4851a1d" relativeResultsDirectory="4f29d8f8-b50d-4bd2-ae70-2ea59a217568" />
    <UnitTestResult executionId="6114c8b0-eec4-4902-849a-25793f866cd1" testId="af4f1bc8-b6ba-daf9-ebc0-9480d7da5ba5" testName="ApartmentManagement.Tests.L1.Validators.CreateComplaintCommandValidatorTests.Validate_WithTitleTooLong_FailsValidation" computerName="runnervm35a4x" duration="00:00:00.0307609" startTime="2026-04-15T15:21:48.2380677+00:00" endTime="2026-04-15T15:21:48.2380678+00:00" testType="13cdc9d9-ddb5-4fa4-a97d-d965ccfc6d4b" outcome="Passed" testListId="8c84fa94-04c1-424b-9868-57a2d4851a1d" relativeResultsDirectory="6114c8b0-eec4-4902-849a-25793f866cd1" />
    <UnitTestResult executionId="67cca9d1-f411-4da6-b874-1296d493485a" testId="eedafc73-617d-52db-5acb-faacf2704d20" testName="ApartmentManagement.Tests.L1.Handlers.CreateComplaintCommandHandlerTests.Handle_WithValidCommand_CreatesComplaintAndReturnsSuccess" computerName="runnervm35a4x" duration="00:00:00.0168140" startTime="2026-04-15T15:21:48.1979622+00:00" endTime="2026-04-15T15:21:48.1979623+00:00" testType="13cdc9d9-ddb5-4fa4-a97d-d965ccfc6d4b" outcome="Passed" testListId="8c84fa94-04c1-424b-9868-57a2d4851a1d" relativeResultsDirectory="67cca9d1-f411-4da6-b874-1296d493485a" />
    <UnitTestResult executionId="a444f227-9743-4a1c-afa5-7094ac74782f" testId="7cc85749-6b44-f816-e910-2bea9a4cfe6c" testName="ApartmentManagement.Tests.L1.Validators.BookAmenityCommandValidatorTests.Validate_WhenStartTimeInPast_FailsValidation" computerName="runnervm35a4x" duration="00:00:00.0007223" startTime="2026-04-15T15:21:48.1818156+00:00" endTime="2026-04-15T15:21:48.1818157+00:00" testType="13cdc9d9-ddb5-4fa4-a97d-d965ccfc6d4b" outcome="Passed" testListId="8c84fa94-04c1-424b-9868-57a2d4851a1d" relativeResultsDirectory="a444f227-9743-4a1c-afa5-7094ac74782f" />
    <UnitTestResult executionId="677371f6-bf04-4f1b-aaca-c4390af4951a" testId="33fcdba3-d0ab-c2cc-578b-bdc30df21bfa" testName="ApartmentManagement.Tests.L1.Handlers.CreateUserCommandHandlerTests.Handle_WhenEmailAlreadyExists_ReturnsFailure" computerName="runnervm35a4x" duration="00:00:00.0090186" startTime="2026-04-15T15:21:47.9427855+00:00" endTime="2026-04-15T15:21:47.9427856+00:00" testType="13cdc9d9-ddb5-4fa4-a97d-d965ccfc6d4b" outcome="Passed" testListId="8c84fa94-04c1-424b-9868-57a2d4851a1d" relativeResultsDirectory="677371f6-bf04-4f1b-aaca-c4390af4951a" />
    <UnitTestResult executionId="630f506b-613a-43de-aae9-47db6c9fe027" testId="221c328a-bd2e-c248-2c22-1314c2ec0f8c" testName="ApartmentManagement.Tests.L1.Handlers.RegisterForCompetitionCommandHandlerTests.Handle_WhenCompetitionNotActive_ReturnsFailure" computerName="runnervm35a4x" duration="00:00:00.0066735" startTime="2026-04-15T15:21:48.0373995+00:00" endTime="2026-04-15T15:21:48.0373995+00:00" testType="13cdc9d9-ddb5-4fa4-a97d-d965ccfc6d4b" outcome="Passed" testListId="8c84fa94-04c1-424b-9868-57a2d4851a1d" relativeResultsDirectory="630f506b-613a-43de-aae9-47db6c9fe027" />
    <UnitTestResult executionId="f9ca07e0-f1e8-4919-b5f8-ed7dcbfcc809" testId="7df13f65-25f2-2131-c694-955c1f591e0e" testName="ApartmentManagement.Tests.L1.Validators.CreateSocietyCommandValidatorTests.Validate_WithInvalidEmail_FailsValidation" computerName="runnervm35a4x" duration="00:00:00.1705229" startTime="2026-04-15T15:21:48.1225103+00:00" endTime="2026-04-15T15:21:48.1225104+00:00" testType="13cdc9d9-ddb5-4fa4-a97d-d965ccfc6d4b" outcome="Passed" testListId="8c84fa94-04c1-424b-9868-57a2d4851a1d" relativeResultsDirectory="f9ca07e0-f1e8-4919-b5f8-ed7dcbfcc809" />
    <UnitTestResult executionId="659095d0-7b15-408d-a034-5e59f1fd8126" testId="0ed19de7-c4ca-7224-4aec-3cce53a2f67e" testName="ApartmentManagement.Tests.L1.Handlers.CreateSocietyCommandHandlerTests.Handle_WhenRepositoryThrows_ReturnsFailureResult" computerName="runnervm35a4x" duration="00:00:00.0681202" startTime="2026-04-15T15:21:48.0375330+00:00" endTime="2026-04-15T15:21:48.0375331+00:00" testType="13cdc9d9-ddb5-4fa4-a97d-d965ccfc6d4b" outcome="Passed" testListId="8c84fa94-04c1-424b-9868-57a2d4851a1d" relativeResultsDirectory="659095d0-7b15-408d-a034-5e59f1fd8126" />
    <UnitTestResult executionId="9779868f-575c-4495-b394-d88346099c08" testId="9ade1f9a-4588-4a27-f328-e388544a5046" testName="ApartmentManagement.Tests.L1.Validators.CreateComplaintCommandValidatorTests.Validate_WithEmptyTitle_FailsValidation" computerName="runnervm35a4x" duration="00:00:00.0007362" startTime="2026-04-15T15:21:48.2407849+00:00" endTime="2026-04-15T15:21:48.2407849+00:00" testType="13cdc9d9-ddb5-4fa4-a97d-d965ccfc6d4b" outcome="Passed" testListId="8c84fa94-04c1-424b-9868-57a2d4851a1d" relativeResultsDirectory="9779868f-575c-4495-b394-d88346099c08" />
    <UnitTestResult executionId="78b1bebb-4394-4e3f-8f90-f9b6e3214c03" testId="ed9c41e5-2819-2725-8a22-e77b4faa4aa0" testName="ApartmentManagement.Tests.L1.Handlers.VerifyOtpCommandHandlerTests.Handle_WithInvalidOtp_ReturnsFailure" computerName="runnervm35a4x" duration="00:00:00.0042579" startTime="2026-04-15T15:21:48.0368727+00:00" endTime="2026-04-15T15:21:48.0368729+00:00" testType="13cdc9d9-ddb5-4fa4-a97d-d965ccfc6d4b" outcome="Passed" testListId="8c84fa94-04c1-424b-9868-57a2d4851a1d" relativeResultsDirectory="78b1bebb-4394-4e3f-8f90-f9b6e3214c03" />
    <UnitTestResult executionId="b1727de8-2bf0-4c4e-819d-e0a36b4e95d6" testId="43123789-c74c-60a4-2319-ec841749fabe" testName="ApartmentManagement.Tests.L1.Handlers.AcceptServiceRequestCommandHandlerTests.Handle_WithApprovedProvider_AcceptsRequestAndReturnsSuccess" computerName="runnervm35a4x" duration="00:00:00.2428737" startTime="2026-04-15T15:21:48.2848296+00:00" endTime="2026-04-15T15:21:48.2848297+00:00" testType="13cdc9d9-ddb5-4fa4-a97d-d965ccfc6d4b" outcome="Failed" testListId="8c84fa94-04c1-424b-9868-57a2d4851a1d" relativeResultsDirectory="b1727de8-2bf0-4c4e-819d-e0a36b4e95d6">
      <Output>
        <ErrorInfo>
          <Message>Expected result.IsSuccess to be true, but found False.</Message>
          <StackTrace>   at FluentAssertions.Execution.XUnit2TestFramework.Throw(String message)
   at FluentAssertions.Execution.TestFrameworkProvider.Throw(String message)
   at FluentAssertions.Execution.DefaultAssertionStrategy.HandleFailure(String message)
   at FluentAssertions.Execution.AssertionScope.FailWith(Func`1 failReasonFunc)
   at FluentAssertions.Execution.AssertionScope.FailWith(Func`1 failReasonFunc)
   at FluentAssertions.Execution.AssertionScope.FailWith(String message, Object[] args)
   at FluentAssertions.Primitives.BooleanAssertions`1.BeTrue(String because, Object[] becauseArgs)
   at ApartmentManagement.Tests.L1.Handlers.AcceptServiceRequestCommandHandlerTests.Handle_WithApprovedProvider_AcceptsRequestAndReturnsSuccess() in /home/runner/work/ourhome/ourhome/backend_unittest/ApartmentManagement.Tests.L1/CompetitionAndServiceHandlerTests.cs:line 208
--- End of stack trace from previous location ---</StackTrace>
        </ErrorInfo>
      </Output>
    </UnitTestResult>
    <UnitTestResult executionId="9e6a94bb-031a-43c7-92f0-93510a5cbbfb" testId="1254b6da-03ec-c0ae-c3a2-3ab70d294927" testName="ApartmentManagement.Tests.L1.Validators.CreateComplaintCommandValidatorTests.Validate_WithEmptyDescription_FailsValidation" computerName="runnervm35a4x" duration="00:00:00.0059044" startTime="2026-04-15T15:21:48.2487045+00:00" endTime="2026-04-15T15:21:48.2487047+00:00" testType="13cdc9d9-ddb5-4fa4-a97d-d965ccfc6d4b" outcome="Passed" testListId="8c84fa94-04c1-424b-9868-57a2d4851a1d" relativeResultsDirectory="9e6a94bb-031a-43c7-92f0-93510a5cbbfb" />
    <UnitTestResult executionId="abf150f7-89ab-43a0-8a3c-b9bdc1bda70b" testId="acace17c-e642-17d5-537c-9933596345de" testName="ApartmentManagement.Tests.L1.Handlers.CreateFeeScheduleCommandHandlerTests.Handle_WithValidCommand_CreatesFeeScheduleAndReturnsSuccess" computerName="runnervm35a4x" duration="00:00:00.0205556" startTime="2026-04-15T15:21:48.1980351+00:00" endTime="2026-04-15T15:21:48.1980352+00:00" testType="13cdc9d9-ddb5-4fa4-a97d-d965ccfc6d4b" outcome="Passed" testListId="8c84fa94-04c1-424b-9868-57a2d4851a1d" relativeResultsDirectory="abf150f7-89ab-43a0-8a3c-b9bdc1bda70b" />
    <UnitTestResult executionId="c21b0e30-f5a7-4b70-bf92-06d6bfc2ddc4" testId="099e1d46-af82-1a0f-c1a9-00011f01b944" testName="ApartmentManagement.Tests.L1.Validators.CreateComplaintCommandValidatorTests.Validate_WithEmptySocietyId_FailsValidation" computerName="runnervm35a4x" duration="00:00:00.0007984" startTime="2026-04-15T15:21:48.2408344+00:00" endTime="2026-04-15T15:21:48.2408344+00:00" testType="13cdc9d9-ddb5-4fa4-a97d-d965ccfc6d4b" outcome="Passed" testListId="8c84fa94-04c1-424b-9868-57a2d4851a1d" relativeResultsDirectory="c21b0e30-f5a7-4b70-bf92-06d6bfc2ddc4" />
    <UnitTestResult executionId="b393f80f-0e79-4699-8fe2-7405264e970c" testId="bf3c90f0-9697-c131-1907-89f795de3808" testName="ApartmentManagement.Tests.L1.Handlers.ApproveBookingCommandHandlerTests.Handle_WhenBookingNotFound_ReturnsFailure" computerName="runnervm35a4x" duration="00:00:00.0159239" startTime="2026-04-15T15:21:48.2417286+00:00" endTime="2026-04-15T15:21:48.2417286+00:00" testType="13cdc9d9-ddb5-4fa4-a97d-d965ccfc6d4b" outcome="Passed" testListId="8c84fa94-04c1-424b-9868-57a2d4851a1d" relativeResultsDirectory="b393f80f-0e79-4699-8fe2-7405264e970c" />
    <UnitTestResult executionId="f551e5b4-7567-4d62-add6-383d4d7ec108" testId="52db8d6d-ce04-7ba1-fcee-cfe4f0df7f70" testName="ApartmentManagement.Tests.L1.Handlers.GetApartmentsBySocietyQueryHandlerTests.Handle_WithStatusFilter_UsesStatusRepositoryAndReturnsFilteredApartments" computerName="runnervm35a4x" duration="00:00:00.0089660" startTime="2026-04-15T15:21:48.2245412+00:00" endTime="2026-04-15T15:21:48.2245414+00:00" testType="13cdc9d9-ddb5-4fa4-a97d-d965ccfc6d4b" outcome="Passed" testListId="8c84fa94-04c1-424b-9868-57a2d4851a1d" relativeResultsDirectory="f551e5b4-7567-4d62-add6-383d4d7ec108" />
    <UnitTestResult executionId="a5e8a44f-a294-4cdc-b21a-e37045e215ac" testId="efe7647d-383a-b837-0548-c61db8d5dd37" testName="ApartmentManagement.Tests.L1.Handlers.BookAmenityCommandHandlerTests.Handle_WhenAmenityNotFound_ReturnsFailure" computerName="runnervm35a4x" duration="00:00:00.0014361" startTime="2026-04-15T15:21:48.2064274+00:00" endTime="2026-04-15T15:21:48.2064275+00:00" testType="13cdc9d9-ddb5-4fa4-a97d-d965ccfc6d4b" outcome="Passed" testListId="8c84fa94-04c1-424b-9868-57a2d4851a1d" relativeResultsDirectory="a5e8a44f-a294-4cdc-b21a-e37045e215ac" />
    <UnitTestResult executionId="b6f399fd-06a5-49ea-a5d1-fb478e25a578" testId="ed1fd498-b949-57ba-e656-8e50e63eacbd" testName="ApartmentManagement.Tests.L1.Handlers.PublishSocietyCommandHandlerTests.Handle_WhenSocietyExists_ActivatesAndReturnsSuccess" computerName="runnervm35a4x" duration="00:00:00.0090478" startTime="2026-04-15T15:21:48.2702491+00:00" endTime="2026-04-15T15:21:48.2702491+00:00" testType="13cdc9d9-ddb5-4fa4-a97d-d965ccfc6d4b" outcome="Passed" testListId="8c84fa94-04c1-424b-9868-57a2d4851a1d" relativeResultsDirectory="b6f399fd-06a5-49ea-a5d1-fb478e25a578" />
    <UnitTestResult executionId="9daf8f6c-fc36-4f08-beaf-28e702ab53d8" testId="d3bacbc8-7fbb-3dd3-3c66-6c84684c3077" testName="ApartmentManagement.Tests.L1.Handlers.CreateApartmentCommandHandlerTests.Handle_WithValidCommand_CreatesApartmentAndReturnsSuccess" computerName="runnervm35a4x" duration="00:00:00.0534503" startTime="2026-04-15T15:21:48.0909243+00:00" endTime="2026-04-15T15:21:48.0909244+00:00" testType="13cdc9d9-ddb5-4fa4-a97d-d965ccfc6d4b" outcome="Passed" testListId="8c84fa94-04c1-424b-9868-57a2d4851a1d" relativeResultsDirectory="9daf8f6c-fc36-4f08-beaf-28e702ab53d8" />
    <UnitTestResult executionId="8ae8ad35-5754-4f3e-9e82-7394e504f69b" testId="72b67363-e90c-e642-9957-ef9b24d959a9" testName="ApartmentManagement.Tests.L1.Validators.BookAmenityCommandValidatorTests.Validate_WhenEndBeforeStart_FailsValidation" computerName="runnervm35a4x" duration="00:00:00.0411321" startTime="2026-04-15T15:21:48.1768479+00:00" endTime="2026-04-15T15:21:48.1768481+00:00" testType="13cdc9d9-ddb5-4fa4-a97d-d965ccfc6d4b" outcome="Passed" testListId="8c84fa94-04c1-424b-9868-57a2d4851a1d" relativeResultsDirectory="8ae8ad35-5754-4f3e-9e82-7394e504f69b" />
    <UnitTestResult executionId="03deddd7-2052-4a2a-a135-7544804b0622" testId="2d968d21-d7ef-5964-5cdc-f1938943d3ed" testName="ApartmentManagement.Tests.L1.Handlers.DeleteApartmentCommandHandlerTests.Handle_WhenApartmentExistsAndVacant_DeletesAndReturnsSuccess" computerName="runnervm35a4x" duration="00:00:00.0178893" startTime="2026-04-15T15:21:48.1027137+00:00" endTime="2026-04-15T15:21:48.1027138+00:00" testType="13cdc9d9-ddb5-4fa4-a97d-d965ccfc6d4b" outcome="Passed" testListId="8c84fa94-04c1-424b-9868-57a2d4851a1d" relativeResultsDirectory="03deddd7-2052-4a2a-a135-7544804b0622" />
    <UnitTestResult executionId="31b62aee-d517-4bcf-8655-83e248d57027" testId="e1263aae-1ab2-87d5-cbb5-3f4556eee9dd" testName="ApartmentManagement.Tests.L1.Handlers.CreateComplaintCommandHandlerTests.Handle_WhenRepositoryThrows_ReturnsInternalError" computerName="runnervm35a4x" duration="00:00:00.0029023" startTime="2026-04-15T15:21:48.2038244+00:00" endTime="2026-04-15T15:21:48.2038245+00:00" testType="13cdc9d9-ddb5-4fa4-a97d-d965ccfc6d4b" outcome="Passed" testListId="8c84fa94-04c1-424b-9868-57a2d4851a1d" relativeResultsDirectory="31b62aee-d517-4bcf-8655-83e248d57027" />
    <UnitTestResult executionId="812a0248-7b4a-49bb-8f04-4058e3e7078f" testId="b011ea83-9fce-ee77-d970-d65c8d1f3861" testName="ApartmentManagement.Tests.L1.Handlers.AssignComplaintCommandHandlerTests.Handle_WhenComplaintNotFound_ReturnsFailure" computerName="runnervm35a4x" duration="00:00:00.0119308" startTime="2026-04-15T15:21:48.1221879+00:00" endTime="2026-04-15T15:21:48.1221880+00:00" testType="13cdc9d9-ddb5-4fa4-a97d-d965ccfc6d4b" outcome="Passed" testListId="8c84fa94-04c1-424b-9868-57a2d4851a1d" relativeResultsDirectory="812a0248-7b4a-49bb-8f04-4058e3e7078f" />
    <UnitTestResult executionId="9b65e7da-7ce4-4341-bfab-e789d870dd36" testId="22ee91f5-1cb8-ea72-c7be-a4c9c69dac4d" testName="ApartmentManagement.Tests.L1.Handlers.BookAmenityCommandHandlerTests.Handle_WhenBookingConflicts_ReturnsFailure" computerName="runnervm35a4x" duration="00:00:00.0064073" startTime="2026-04-15T15:21:48.2125528+00:00" endTime="2026-04-15T15:21:48.2125529+00:00" testType="13cdc9d9-ddb5-4fa4-a97d-d965ccfc6d4b" outcome="Passed" testListId="8c84fa94-04c1-424b-9868-57a2d4851a1d" relativeResultsDirectory="9b65e7da-7ce4-4341-bfab-e789d870dd36" />
    <UnitTestResult executionId="7283f606-230b-4653-b324-d438f35bffb6" testId="7b4c81c1-9c17-f0d0-a46c-f1c3995e8b1d" testName="ApartmentManagement.Tests.L1.Handlers.SendOtpCommandHandlerTests.Handle_WhenUserExists_GeneratesOtpAndSendsSms" computerName="runnervm35a4x" duration="00:00:00.2780452" startTime="2026-04-15T15:21:47.9305211+00:00" endTime="2026-04-15T15:21:47.9305212+00:00" testType="13cdc9d9-ddb5-4fa4-a97d-d965ccfc6d4b" outcome="Passed" testListId="8c84fa94-04c1-424b-9868-57a2d4851a1d" relativeResultsDirectory="7283f606-230b-4653-b324-d438f35bffb6" />
    <UnitTestResult executionId="b5b79eca-da43-454b-8227-423502cb72d7" testId="b82bf7e3-e970-c2e7-4064-74591fe28146" testName="ApartmentManagement.Tests.L1.Validators.CreateSocietyCommandValidatorTests.Validate_WithValidCommand_PassesValidation" computerName="runnervm35a4x" duration="00:00:00.0003301" startTime="2026-04-15T15:21:48.1334595+00:00" endTime="2026-04-15T15:21:48.1334595+00:00" testType="13cdc9d9-ddb5-4fa4-a97d-d965ccfc6d4b" outcome="Passed" testListId="8c84fa94-04c1-424b-9868-57a2d4851a1d" relativeResultsDirectory="b5b79eca-da43-454b-8227-423502cb72d7" />
    <UnitTestResult executionId="42efe022-ddab-4d46-982e-daa14c7b6f10" testId="5ac9de8a-69d0-5e5b-3a7a-3bd3706cf49f" testName="ApartmentManagement.Tests.L1.Validators.CreateSocietyCommandValidatorTests.Validate_WithZeroTotalBlocks_FailsValidation" computerName="runnervm35a4x" duration="00:00:00.0071802" startTime="2026-04-15T15:21:48.1333354+00:00" endTime="2026-04-15T15:21:48.1333355+00:00" testType="13cdc9d9-ddb5-4fa4-a97d-d965ccfc6d4b" outcome="Passed" testListId="8c84fa94-04c1-424b-9868-57a2d4851a1d" relativeResultsDirectory="42efe022-ddab-4d46-982e-daa14c7b6f10" />
    <UnitTestResult executionId="6ac0581b-e562-4992-9154-e8e21cf7381f" testId="9c5ab397-948e-927a-c2f7-b34bd1446f8e" testName="ApartmentManagement.Tests.L1.Handlers.RecordFeePaymentCommandHandlerTests.Handle_WhenPaymentExists_MarksAsPaidAndReturnsSuccess" computerName="runnervm35a4x" duration="00:00:00.0262566" startTime="2026-04-15T15:21:48.0431049+00:00" endTime="2026-04-15T15:21:48.0431050+00:00" testType="13cdc9d9-ddb5-4fa4-a97d-d965ccfc6d4b" outcome="Passed" testListId="8c84fa94-04c1-424b-9868-57a2d4851a1d" relativeResultsDirectory="6ac0581b-e562-4992-9154-e8e21cf7381f" />
    <UnitTestResult executionId="b5bdc175-4475-4a79-be9a-31ad7c26bbf0" testId="35d5090b-c257-3f12-aca0-5bceff7e1d5c" testName="ApartmentManagement.Tests.L1.Handlers.CheckInVisitorCommandHandlerTests.Handle_WithPendingVisitor_ReturnsFailure" computerName="runnervm35a4x" duration="00:00:00.0019316" startTime="2026-04-15T15:21:48.2702200+00:00" endTime="2026-04-15T15:21:48.2702201+00:00" testType="13cdc9d9-ddb5-4fa4-a97d-d965ccfc6d4b" outcome="Passed" testListId="8c84fa94-04c1-424b-9868-57a2d4851a1d" relativeResultsDirectory="b5bdc175-4475-4a79-be9a-31ad7c26bbf0" />
    <UnitTestResult executionId="82d8f343-e018-4d6e-9756-ec2c293a40f2" testId="3d16b9fb-b3ff-2db3-7672-9ef623bbdfc9" testName="ApartmentManagement.Tests.L1.Handlers.BulkImportApartmentsCommandHandlerTests.Handle_WithDuplicateApartmentNumbersAcrossBlocks_ReturnsFailures" computerName="runnervm35a4x" duration="00:00:00.0107057" startTime="2026-04-15T15:21:48.2720891+00:00" endTime="2026-04-15T15:21:48.2720892+00:00" testType="13cdc9d9-ddb5-4fa4-a97d-d965ccfc6d4b" outcome="Passed" testListId="8c84fa94-04c1-424b-9868-57a2d4851a1d" relativeResultsDirectory="82d8f343-e018-4d6e-9756-ec2c293a40f2" />
    <UnitTestResult executionId="33b43b31-3024-4015-8c60-e1bc6e76fdfe" testId="43285dc8-eb40-51f9-e048-ec43fae6dde6" testName="ApartmentManagement.Tests.L1.Handlers.GetApartmentsBySocietyQueryHandlerTests.Handle_WithoutFilters_ReturnsAllApartments" computerName="runnervm35a4x" duration="00:00:00.0172576" startTime="2026-04-15T15:21:48.2179109+00:00" endTime="2026-04-15T15:21:48.2179110+00:00" testType="13cdc9d9-ddb5-4fa4-a97d-d965ccfc6d4b" outcome="Passed" testListId="8c84fa94-04c1-424b-9868-57a2d4851a1d" relativeResultsDirectory="33b43b31-3024-4015-8c60-e1bc6e76fdfe" />
    <UnitTestResult executionId="ef361d09-6741-4cf7-9ada-a1eac032a37c" testId="3a1652f3-ebc4-69d8-b325-a88c85f72427" testName="ApartmentManagement.Tests.L1.Handlers.CreateApartmentCommandHandlerTests.Handle_WhenApartmentCountExceedsSocietyTotal_UpdatesSocietyCapacity" computerName="runnervm35a4x" duration="00:00:00.0165516" startTime="2026-04-15T15:21:48.1493818+00:00" endTime="2026-04-15T15:21:48.1493819+00:00" testType="13cdc9d9-ddb5-4fa4-a97d-d965ccfc6d4b" outcome="Passed" testListId="8c84fa94-04c1-424b-9868-57a2d4851a1d" relativeResultsDirectory="ef361d09-6741-4cf7-9ada-a1eac032a37c" />
    <UnitTestResult executionId="6ee3c80c-285f-41b3-98e5-8d5ed501a71f" testId="e0deec4b-f814-53b2-0c20-00b20cfc484c" testName="ApartmentManagement.Tests.L1.Handlers.BookAmenityCommandHandlerTests.Handle_WhenAmenityInactive_ReturnsFailure" computerName="runnervm35a4x" duration="00:00:00.0079711" startTime="2026-04-15T15:21:48.2063639+00:00" endTime="2026-04-15T15:21:48.2063640+00:00" testType="13cdc9d9-ddb5-4fa4-a97d-d965ccfc6d4b" outcome="Passed" testListId="8c84fa94-04c1-424b-9868-57a2d4851a1d" relativeResultsDirectory="6ee3c80c-285f-41b3-98e5-8d5ed501a71f" />
    <UnitTestResult executionId="bd0cf6d7-f121-4b8a-8c17-35b5ccaa0001" testId="4a1f07a1-a237-e510-83bb-f7d381d6d8d7" testName="ApartmentManagement.Tests.L1.Handlers.RecordFeePaymentCommandHandlerTests.Handle_WhenPaymentNotFound_ReturnsFailure" computerName="runnervm35a4x" duration="00:00:00.0618540" startTime="2026-04-15T15:21:48.0374806+00:00" endTime="2026-04-15T15:21:48.0374807+00:00" testType="13cdc9d9-ddb5-4fa4-a97d-d965ccfc6d4b" outcome="Passed" testListId="8c84fa94-04c1-424b-9868-57a2d4851a1d" relativeResultsDirectory="bd0cf6d7-f121-4b8a-8c17-35b5ccaa0001" />
    <UnitTestResult executionId="c28834d5-dff8-4127-b197-e14cf836748b" testId="37287a6b-cfe5-980d-3bbe-74a18706b75a" testName="ApartmentManagement.Tests.L1.Handlers.CreateApartmentCommandHandlerTests.Handle_WhenOwnerAndInitialResidentBothProvided_ReturnsValidationFailure" computerName="runnervm35a4x" duration="00:00:00.0042331" startTime="2026-04-15T15:21:48.0954896+00:00" endTime="2026-04-15T15:21:48.0954897+00:00" testType="13cdc9d9-ddb5-4fa4-a97d-d965ccfc6d4b" outcome="Passed" testListId="8c84fa94-04c1-424b-9868-57a2d4851a1d" relativeResultsDirectory="c28834d5-dff8-4127-b197-e14cf836748b" />
    <UnitTestResult executionId="9c841350-6b52-44cd-ba9c-e269017059f9" testId="f38a7ed9-ee88-0086-3e09-42efcacac090" testName="ApartmentManagement.Tests.L1.Handlers.CreateUserCommandHandlerTests.Handle_WithNewUser_CreatesUserAndSendsOtp" computerName="runnervm35a4x" duration="00:00:00.2892525" startTime="2026-04-15T15:21:47.9339338+00:00" endTime="2026-04-15T15:21:47.9339339+00:00" testType="13cdc9d9-ddb5-4fa4-a97d-d965ccfc6d4b" outcome="Passed" testListId="8c84fa94-04c1-424b-9868-57a2d4851a1d" relativeResultsDirectory="9c841350-6b52-44cd-ba9c-e269017059f9" />
    <UnitTestResult executionId="6833c10c-2a98-4cfa-b2c6-c46f710d0ac0" testId="84f369ee-e115-85a4-0141-2103430eed78" testName="ApartmentManagement.Tests.L1.Validators.CreateComplaintCommandValidatorTests.Validate_WithValidData_PassesValidation" computerName="runnervm35a4x" duration="00:00:00.0006260" startTime="2026-04-15T15:21:48.2407173+00:00" endTime="2026-04-15T15:21:48.2407173+00:00" testType="13cdc9d9-ddb5-4fa4-a97d-d965ccfc6d4b" outcome="Passed" testListId="8c84fa94-04c1-424b-9868-57a2d4851a1d" relativeResultsDirectory="6833c10c-2a98-4cfa-b2c6-c46f710d0ac0" />
    <UnitTestResult executionId="5b8e5b55-bef3-45a7-9980-5f0bc9f4fa0c" testId="d4da20f0-3bde-7e3c-7f2c-d2d371255df3" testName="ApartmentManagement.Tests.L1.Handlers.RegisterForCompetitionCommandHandlerTests.Handle_WhenCompetitionFull_ReturnsFailure" computerName="runnervm35a4x" duration="00:00:00.0175038" startTime="2026-04-15T15:21:47.9460495+00:00" endTime="2026-04-15T15:21:47.9460496+00:00" testType="13cdc9d9-ddb5-4fa4-a97d-d965ccfc6d4b" outcome="Passed" testListId="8c84fa94-04c1-424b-9868-57a2d4851a1d" relativeResultsDirectory="5b8e5b55-bef3-45a7-9980-5f0bc9f4fa0c" />
    <UnitTestResult executionId="7892656a-5f73-4a71-8ef7-e9eec3e9e92f" testId="948341b9-2339-78b1-5e3b-c4a9b1ec3461" testName="ApartmentManagement.Tests.L1.Handlers.CreateApartmentCommandHandlerTests.Handle_WithInitialTenantDetails_CreatesResidentAndReturnsOccupiedApartment" computerName="runnervm35a4x" duration="00:00:00.0299226" startTime="2026-04-15T15:21:48.1333566+00:00" endTime="2026-04-15T15:21:48.1333566+00:00" testType="13cdc9d9-ddb5-4fa4-a97d-d965ccfc6d4b" outcome="Passed" testListId="8c84fa94-04c1-424b-9868-57a2d4851a1d" relativeResultsDirectory="7892656a-5f73-4a71-8ef7-e9eec3e9e92f" />
    <UnitTestResult executionId="5a74e1b2-86d9-45d7-bec8-79b221dba4da" testId="20005051-b3e3-d807-8a3d-43dabe833db8" testName="ApartmentManagement.Tests.L1.Handlers.AssignComplaintCommandHandlerTests.Handle_WhenComplaintExists_AssignsAndReturnsSuccess" computerName="runnervm35a4x" duration="00:00:00.0122469" startTime="2026-04-15T15:21:48.1344751+00:00" endTime="2026-04-15T15:21:48.1344752+00:00" testType="13cdc9d9-ddb5-4fa4-a97d-d965ccfc6d4b" outcome="Passed" testListId="8c84fa94-04c1-424b-9868-57a2d4851a1d" relativeResultsDirectory="5a74e1b2-86d9-45d7-bec8-79b221dba4da" />
    <UnitTestResult executionId="e82efe41-3ae5-4f57-b75a-32ea9456a90a" testId="96c307f0-83cc-b83f-0835-d493c298b41c" testName="ApartmentManagement.Tests.L1.Handlers.ArchiveNoticeCommandHandlerTests.Handle_WhenNoticeNotFound_ReturnsFailure" computerName="runnervm35a4x" duration="00:00:00.0173219" startTime="2026-04-15T15:21:48.0777271+00:00" endTime="2026-04-15T15:21:48.0777273+00:00" testType="13cdc9d9-ddb5-4fa4-a97d-d965ccfc6d4b" outcome="Passed" testListId="8c84fa94-04c1-424b-9868-57a2d4851a1d" relativeResultsDirectory="e82efe41-3ae5-4f57-b75a-32ea9456a90a" />
    <UnitTestResult executionId="665fd53a-4b50-493f-9539-27ea3bbab4fc" testId="286282f1-322f-369c-b4f0-ce5671e272d9" testName="ApartmentManagement.Tests.L1.Validators.BookAmenityCommandValidatorTests.Validate_WithEmptyAmenityId_FailsValidation" computerName="runnervm35a4x" duration="00:00:00.0007747" startTime="2026-04-15T15:21:48.1817652+00:00" endTime="2026-04-15T15:21:48.1817652+00:00" testType="13cdc9d9-ddb5-4fa4-a97d-d965ccfc6d4b" outcome="Passed" testListId="8c84fa94-04c1-424b-9868-57a2d4851a1d" relativeResultsDirectory="665fd53a-4b50-493f-9539-27ea3bbab4fc" />
    <UnitTestResult executionId="c1922d29-055f-43d5-a042-b25486f2f926" testId="60967bb8-6414-1d99-5fca-77d793469863" testName="ApartmentManagement.Tests.L1.Handlers.BookAmenityCommandHandlerTests.Handle_WithValidSlot_CreatesBookingAndReturnsSuccess" computerName="runnervm35a4x" duration="00:00:00.0370160" startTime="2026-04-15T15:21:48.1965551+00:00" endTime="2026-04-15T15:21:48.1965552+00:00" testType="13cdc9d9-ddb5-4fa4-a97d-d965ccfc6d4b" outcome="Passed" testListId="8c84fa94-04c1-424b-9868-57a2d4851a1d" relativeResultsDirectory="c1922d29-055f-43d5-a042-b25486f2f926" />
    <UnitTestResult executionId="adf3ee4e-7f6a-4baa-beef-7c75ddb603f3" testId="ba772bc3-908f-13bc-8a62-0c470ee35dd2" testName="ApartmentManagement.Tests.L1.Handlers.RegisterForCompetitionCommandHandlerTests.Handle_WhenCompetitionNotFound_ReturnsFailure" computerName="runnervm35a4x" duration="00:00:00.0014099" startTime="2026-04-15T15:21:48.0373349+00:00" endTime="2026-04-15T15:21:48.0373350+00:00" testType="13cdc9d9-ddb5-4fa4-a97d-d965ccfc6d4b" outcome="Passed" testListId="8c84fa94-04c1-424b-9868-57a2d4851a1d" relativeResultsDirectory="adf3ee4e-7f6a-4baa-beef-7c75ddb603f3" />
    <UnitTestResult executionId="9ff0115d-8dd9-433a-b9b4-c6c73e9e398f" testId="c7892507-9ed5-90ff-1f0e-d91bec52666e" testName="ApartmentManagement.Tests.L1.Handlers.SendOtpCommandHandlerTests.Handle_WhenUserNotFound_ReturnsFailure" computerName="runnervm35a4x" duration="00:00:00.0166863" startTime="2026-04-15T15:21:47.9434798+00:00" endTime="2026-04-15T15:21:47.9434800+00:00" testType="13cdc9d9-ddb5-4fa4-a97d-d965ccfc6d4b" outcome="Passed" testListId="8c84fa94-04c1-424b-9868-57a2d4851a1d" relativeResultsDirectory="9ff0115d-8dd9-433a-b9b4-c6c73e9e398f" />
    <UnitTestResult executionId="40c10d37-74d8-46e4-b131-6972b4953be6" testId="c4592998-bb56-e07b-2410-e3e63260b537" testName="ApartmentManagement.Tests.L1.Handlers.RegisterForCompetitionCommandHandlerTests.Handle_WhenAlreadyRegistered_ReturnsFailure" computerName="runnervm35a4x" duration="00:00:00.0098289" startTime="2026-04-15T15:21:48.0372696+00:00" endTime="2026-04-15T15:21:48.0372697+00:00" testType="13cdc9d9-ddb5-4fa4-a97d-d965ccfc6d4b" outcome="Passed" testListId="8c84fa94-04c1-424b-9868-57a2d4851a1d" relativeResultsDirectory="40c10d37-74d8-46e4-b131-6972b4953be6" />
    <UnitTestResult executionId="82661af0-5370-40c1-bfae-72fa8ee86bd3" testId="61e174aa-42cf-9ddb-6abe-ae8b61ebab00" testName="ApartmentManagement.Tests.L1.Handlers.RegisterForCompetitionCommandHandlerTests.Handle_WithValidRegistration_RegistersAndReturnsSuccess" computerName="runnervm35a4x" duration="00:00:00.2765391" startTime="2026-04-15T15:21:47.9314124+00:00" endTime="2026-04-15T15:21:47.9314124+00:00" testType="13cdc9d9-ddb5-4fa4-a97d-d965ccfc6d4b" outcome="Passed" testListId="8c84fa94-04c1-424b-9868-57a2d4851a1d" relativeResultsDirectory="82661af0-5370-40c1-bfae-72fa8ee86bd3" />
    <UnitTestResult executionId="0e019c24-73a2-4461-8758-8c7b53b5d871" testId="4d5f05d3-8c22-9f6b-da87-85bbbc704626" testName="ApartmentManagement.Tests.L1.Validators.BookAmenityCommandValidatorTests.Validate_WhenDurationExceeds8Hours_FailsValidation" computerName="runnervm35a4x" duration="00:00:00.0016544" startTime="2026-04-15T15:21:48.1817030+00:00" endTime="2026-04-15T15:21:48.1817031+00:00" testType="13cdc9d9-ddb5-4fa4-a97d-d965ccfc6d4b" outcome="Passed" testListId="8c84fa94-04c1-424b-9868-57a2d4851a1d" relativeResultsDirectory="0e019c24-73a2-4461-8758-8c7b53b5d871" />
  </Results>
  <TestDefinitions>
    <UnitTest name="ApartmentManagement.Tests.L1.Handlers.CreateApartmentCommandHandlerTests.Handle_WhenOwnerAndInitialResidentBothProvided_ReturnsValidationFailure" storage="/home/runner/work/ourhome/ourhome/backend_unittest/apartmentmanagement.tests.l1/bin/debug/net8.0/apartmentmanagement.tests.l1.dll" id="37287a6b-cfe5-980d-3bbe-74a18706b75a">
      <Execution id="c28834d5-dff8-4127-b197-e14cf836748b" />
      <TestMethod codeBase="/home/runner/work/ourhome/ourhome/backend_unittest/ApartmentManagement.Tests.L1/bin/Debug/net8.0/ApartmentManagement.Tests.L1.dll" adapterTypeName="executor://xunit/VsTestRunner2/netcoreapp" className="ApartmentManagement.Tests.L1.Handlers.CreateApartmentCommandHandlerTests" name="Handle_WhenOwnerAndInitialResidentBothProvided_ReturnsValidationFailure" />
    </UnitTest>
    <UnitTest name="ApartmentManagement.Tests.L1.Handlers.RegisterForCompetitionCommandHandlerTests.Handle_WhenCompetitionNotActive_ReturnsFailure" storage="/home/runner/work/ourhome/ourhome/backend_unittest/apartmentmanagement.tests.l1/bin/debug/net8.0/apartmentmanagement.tests.l1.dll" id="221c328a-bd2e-c248-2c22-1314c2ec0f8c">
      <Execution id="630f506b-613a-43de-aae9-47db6c9fe027" />
      <TestMethod codeBase="/home/runner/work/ourhome/ourhome/backend_unittest/ApartmentManagement.Tests.L1/bin/Debug/net8.0/ApartmentManagement.Tests.L1.dll" adapterTypeName="executor://xunit/VsTestRunner2/netcoreapp" className="ApartmentManagement.Tests.L1.Handlers.RegisterForCompetitionCommandHandlerTests" name="Handle_WhenCompetitionNotActive_ReturnsFailure" />
    </UnitTest>
    <UnitTest name="ApartmentManagement.Tests.L1.Handlers.AcceptServiceRequestCommandHandlerTests.Handle_WhenRequestNotFound_ReturnsFailure" storage="/home/runner/work/ourhome/ourhome/backend_unittest/apartmentmanagement.tests.l1/bin/debug/net8.0/apartmentmanagement.tests.l1.dll" id="77ec10d2-c70d-e756-00d8-5b9b97bffea6">
      <Execution id="836f9d82-c090-43d9-b1fe-709cce4ac295" />
      <TestMethod codeBase="/home/runner/work/ourhome/ourhome/backend_unittest/ApartmentManagement.Tests.L1/bin/Debug/net8.0/ApartmentManagement.Tests.L1.dll" adapterTypeName="executor://xunit/VsTestRunner2/netcoreapp" className="ApartmentManagement.Tests.L1.Handlers.AcceptServiceRequestCommandHandlerTests" name="Handle_WhenRequestNotFound_ReturnsFailure" />
    </UnitTest>
    <UnitTest name="ApartmentManagement.Tests.L1.Handlers.PublishSocietyCommandHandlerTests.Handle_WhenSocietyNotFound_ReturnsFailure" storage="/home/runner/work/ourhome/ourhome/backend_unittest/apartmentmanagement.tests.l1/bin/debug/net8.0/apartmentmanagement.tests.l1.dll" id="4dfee124-9e0f-88ae-1a70-6e94856b4760">
      <Execution id="d719f753-1bd6-4c60-bf0d-bd7edec82973" />
      <TestMethod codeBase="/home/runner/work/ourhome/ourhome/backend_unittest/ApartmentManagement.Tests.L1/bin/Debug/net8.0/ApartmentManagement.Tests.L1.dll" adapterTypeName="executor://xunit/VsTestRunner2/netcoreapp" className="ApartmentManagement.Tests.L1.Handlers.PublishSocietyCommandHandlerTests" name="Handle_WhenSocietyNotFound_ReturnsFailure" />
    </UnitTest>
    <UnitTest name="ApartmentManagement.Tests.L1.Handlers.GetApartmentsBySocietyQueryHandlerTests.Handle_WithBlockFilter_ReturnsOnlyMatchingApartments" storage="/home/runner/work/ourhome/ourhome/backend_unittest/apartmentmanagement.tests.l1/bin/debug/net8.0/apartmentmanagement.tests.l1.dll" id="33478ef9-d06e-783c-ec42-c7c15dc8a3f7">
      <Execution id="0ce6e02b-4b34-4636-8df0-df0d0afe91a0" />
      <TestMethod codeBase="/home/runner/work/ourhome/ourhome/backend_unittest/ApartmentManagement.Tests.L1/bin/Debug/net8.0/ApartmentManagement.Tests.L1.dll" adapterTypeName="executor://xunit/VsTestRunner2/netcoreapp" className="ApartmentManagement.Tests.L1.Handlers.GetApartmentsBySocietyQueryHandlerTests" name="Handle_WithBlockFilter_ReturnsOnlyMatchingApartments" />
    </UnitTest>
    <UnitTest name="ApartmentManagement.Tests.L1.Handlers.RegisterForCompetitionCommandHandlerTests.Handle_WhenAlreadyRegistered_ReturnsFailure" storage="/home/runner/work/ourhome/ourhome/backend_unittest/apartmentmanagement.tests.l1/bin/debug/net8.0/apartmentmanagement.tests.l1.dll" id="c4592998-bb56-e07b-2410-e3e63260b537">
      <Execution id="40c10d37-74d8-46e4-b131-6972b4953be6" />
      <TestMethod codeBase="/home/runner/work/ourhome/ourhome/backend_unittest/ApartmentManagement.Tests.L1/bin/Debug/net8.0/ApartmentManagement.Tests.L1.dll" adapterTypeName="executor://xunit/VsTestRunner2/netcoreapp" className="ApartmentManagement.Tests.L1.Handlers.RegisterForCompetitionCommandHandlerTests" name="Handle_WhenAlreadyRegistered_ReturnsFailure" />
    </UnitTest>
    <UnitTest name="ApartmentManagement.Tests.L1.Handlers.CreateSocietyCommandHandlerTests.Handle_WhenRepositoryThrows_ReturnsFailureResult" storage="/home/runner/work/ourhome/ourhome/backend_unittest/apartmentmanagement.tests.l1/bin/debug/net8.0/apartmentmanagement.tests.l1.dll" id="0ed19de7-c4ca-7224-4aec-3cce53a2f67e">
      <Execution id="659095d0-7b15-408d-a034-5e59f1fd8126" />
      <TestMethod codeBase="/home/runner/work/ourhome/ourhome/backend_unittest/ApartmentManagement.Tests.L1/bin/Debug/net8.0/ApartmentManagement.Tests.L1.dll" adapterTypeName="executor://xunit/VsTestRunner2/netcoreapp" className="ApartmentManagement.Tests.L1.Handlers.CreateSocietyCommandHandlerTests" name="Handle_WhenRepositoryThrows_ReturnsFailureResult" />
    </UnitTest>
    <UnitTest name="ApartmentManagement.Tests.L1.Validators.BookAmenityCommandValidatorTests.Validate_WhenDurationExceeds8Hours_FailsValidation" storage="/home/runner/work/ourhome/ourhome/backend_unittest/apartmentmanagement.tests.l1/bin/debug/net8.0/apartmentmanagement.tests.l1.dll" id="4d5f05d3-8c22-9f6b-da87-85bbbc704626">
      <Execution id="0e019c24-73a2-4461-8758-8c7b53b5d871" />
      <TestMethod codeBase="/home/runner/work/ourhome/ourhome/backend_unittest/ApartmentManagement.Tests.L1/bin/Debug/net8.0/ApartmentManagement.Tests.L1.dll" adapterTypeName="executor://xunit/VsTestRunner2/netcoreapp" className="ApartmentManagement.Tests.L1.Validators.BookAmenityCommandValidatorTests" name="Validate_WhenDurationExceeds8Hours_FailsValidation" />
    </UnitTest>
    <UnitTest name="ApartmentManagement.Tests.L1.Handlers.VerifyOtpCommandHandlerTests.Handle_WithInvalidOtp_ReturnsFailure" storage="/home/runner/work/ourhome/ourhome/backend_unittest/apartmentmanagement.tests.l1/bin/debug/net8.0/apartmentmanagement.tests.l1.dll" id="ed9c41e5-2819-2725-8a22-e77b4faa4aa0">
      <Execution id="78b1bebb-4394-4e3f-8f90-f9b6e3214c03" />
      <TestMethod codeBase="/home/runner/work/ourhome/ourhome/backend_unittest/ApartmentManagement.Tests.L1/bin/Debug/net8.0/ApartmentManagement.Tests.L1.dll" adapterTypeName="executor://xunit/VsTestRunner2/netcoreapp" className="ApartmentManagement.Tests.L1.Handlers.VerifyOtpCommandHandlerTests" name="Handle_WithInvalidOtp_ReturnsFailure" />
    </UnitTest>
    <UnitTest name="ApartmentManagement.Tests.L1.Handlers.SendOtpCommandHandlerTests.Handle_WhenUserNotFound_ReturnsFailure" storage="/home/runner/work/ourhome/ourhome/backend_unittest/apartmentmanagement.tests.l1/bin/debug/net8.0/apartmentmanagement.tests.l1.dll" id="c7892507-9ed5-90ff-1f0e-d91bec52666e">
      <Execution id="9ff0115d-8dd9-433a-b9b4-c6c73e9e398f" />
      <TestMethod codeBase="/home/runner/work/ourhome/ourhome/backend_unittest/ApartmentManagement.Tests.L1/bin/Debug/net8.0/ApartmentManagement.Tests.L1.dll" adapterTypeName="executor://xunit/VsTestRunner2/netcoreapp" className="ApartmentManagement.Tests.L1.Handlers.SendOtpCommandHandlerTests" name="Handle_WhenUserNotFound_ReturnsFailure" />
    </UnitTest>
    <UnitTest name="ApartmentManagement.Tests.L1.Handlers.VerifyOtpCommandHandlerTests.Handle_WithValidOtp_VerifiesUserAndReturnsSuccess" storage="/home/runner/work/ourhome/ourhome/backend_unittest/apartmentmanagement.tests.l1/bin/debug/net8.0/apartmentmanagement.tests.l1.dll" id="18ac7c5d-611e-3356-e9a3-574e4880fd33">
      <Execution id="656a4509-7ff4-449d-98aa-6f602c4b3364" />
      <TestMethod codeBase="/home/runner/work/ourhome/ourhome/backend_unittest/ApartmentManagement.Tests.L1/bin/Debug/net8.0/ApartmentManagement.Tests.L1.dll" adapterTypeName="executor://xunit/VsTestRunner2/netcoreapp" className="ApartmentManagement.Tests.L1.Handlers.VerifyOtpCommandHandlerTests" name="Handle_WithValidOtp_VerifiesUserAndReturnsSuccess" />
    </UnitTest>
    <UnitTest name="ApartmentManagement.Tests.L1.Validators.BookAmenityCommandValidatorTests.Validate_WithEmptyAmenityId_FailsValidation" storage="/home/runner/work/ourhome/ourhome/backend_unittest/apartmentmanagement.tests.l1/bin/debug/net8.0/apartmentmanagement.tests.l1.dll" id="286282f1-322f-369c-b4f0-ce5671e272d9">
      <Execution id="665fd53a-4b50-493f-9539-27ea3bbab4fc" />
      <TestMethod codeBase="/home/runner/work/ourhome/ourhome/backend_unittest/ApartmentManagement.Tests.L1/bin/Debug/net8.0/ApartmentManagement.Tests.L1.dll" adapterTypeName="executor://xunit/VsTestRunner2/netcoreapp" className="ApartmentManagement.Tests.L1.Validators.BookAmenityCommandValidatorTests" name="Validate_WithEmptyAmenityId_FailsValidation" />
    </UnitTest>
    <UnitTest name="ApartmentManagement.Tests.L1.Handlers.BookAmenityCommandHandlerTests.Handle_WhenBookingConflicts_ReturnsFailure" storage="/home/runner/work/ourhome/ourhome/backend_unittest/apartmentmanagement.tests.l1/bin/debug/net8.0/apartmentmanagement.tests.l1.dll" id="22ee91f5-1cb8-ea72-c7be-a4c9c69dac4d">
      <Execution id="9b65e7da-7ce4-4341-bfab-e789d870dd36" />
      <TestMethod codeBase="/home/runner/work/ourhome/ourhome/backend_unittest/ApartmentManagement.Tests.L1/bin/Debug/net8.0/ApartmentManagement.Tests.L1.dll" adapterTypeName="executor://xunit/VsTestRunner2/netcoreapp" className="ApartmentManagement.Tests.L1.Handlers.BookAmenityCommandHandlerTests" name="Handle_WhenBookingConflicts_ReturnsFailure" />
    </UnitTest>
    <UnitTest name="ApartmentManagement.Tests.L1.Handlers.ApproveBookingCommandHandlerTests.Handle_WhenBookingPending_ApprovesAndReturnsSuccess" storage="/home/runner/work/ourhome/ourhome/backend_unittest/apartmentmanagement.tests.l1/bin/debug/net8.0/apartmentmanagement.tests.l1.dll" id="48daaee8-e497-8f7e-a049-680d3dfe499b">
      <Execution id="0b8347c9-f3d8-43f2-acff-76a7894a24f1" />
      <TestMethod codeBase="/home/runner/work/ourhome/ourhome/backend_unittest/ApartmentManagement.Tests.L1/bin/Debug/net8.0/ApartmentManagement.Tests.L1.dll" adapterTypeName="executor://xunit/VsTestRunner2/netcoreapp" className="ApartmentManagement.Tests.L1.Handlers.ApproveBookingCommandHandlerTests" name="Handle_WhenBookingPending_ApprovesAndReturnsSuccess" />
    </UnitTest>
    <UnitTest name="ApartmentManagement.Tests.L1.Handlers.ArchiveNoticeCommandHandlerTests.Handle_WhenNoticeExists_ArchivesAndReturnsSuccess" storage="/home/runner/work/ourhome/ourhome/backend_unittest/apartmentmanagement.tests.l1/bin/debug/net8.0/apartmentmanagement.tests.l1.dll" id="1dceeb71-a9ee-6c2e-10e1-f745866b334a">
      <Execution id="687ea756-4c63-4838-9e0f-e5c3a7cdf2e6" />
      <TestMethod codeBase="/home/runner/work/ourhome/ourhome/backend_unittest/ApartmentManagement.Tests.L1/bin/Debug/net8.0/ApartmentManagement.Tests.L1.dll" adapterTypeName="executor://xunit/VsTestRunner2/netcoreapp" className="ApartmentManagement.Tests.L1.Handlers.ArchiveNoticeCommandHandlerTests" name="Handle_WhenNoticeExists_ArchivesAndReturnsSuccess" />
    </UnitTest>
    <UnitTest name="ApartmentManagement.Tests.L1.Handlers.RecordFeePaymentCommandHandlerTests.Handle_WhenPaymentNotFound_ReturnsFailure" storage="/home/runner/work/ourhome/ourhome/backend_unittest/apartmentmanagement.tests.l1/bin/debug/net8.0/apartmentmanagement.tests.l1.dll" id="4a1f07a1-a237-e510-83bb-f7d381d6d8d7">
      <Execution id="bd0cf6d7-f121-4b8a-8c17-35b5ccaa0001" />
      <TestMethod codeBase="/home/runner/work/ourhome/ourhome/backend_unittest/ApartmentManagement.Tests.L1/bin/Debug/net8.0/ApartmentManagement.Tests.L1.dll" adapterTypeName="executor://xunit/VsTestRunner2/netcoreapp" className="ApartmentManagement.Tests.L1.Handlers.RecordFeePaymentCommandHandlerTests" name="Handle_WhenPaymentNotFound_ReturnsFailure" />
    </UnitTest>
    <UnitTest name="ApartmentManagement.Tests.L1.Validators.CreateComplaintCommandValidatorTests.Validate_WithEmptyTitle_FailsValidation" storage="/home/runner/work/ourhome/ourhome/backend_unittest/apartmentmanagement.tests.l1/bin/debug/net8.0/apartmentmanagement.tests.l1.dll" id="9ade1f9a-4588-4a27-f328-e388544a5046">
      <Execution id="9779868f-575c-4495-b394-d88346099c08" />
      <TestMethod codeBase="/home/runner/work/ourhome/ourhome/backend_unittest/ApartmentManagement.Tests.L1/bin/Debug/net8.0/ApartmentManagement.Tests.L1.dll" adapterTypeName="executor://xunit/VsTestRunner2/netcoreapp" className="ApartmentManagement.Tests.L1.Validators.CreateComplaintCommandValidatorTests" name="Validate_WithEmptyTitle_FailsValidation" />
    </UnitTest>
    <UnitTest name="ApartmentManagement.Tests.L1.Handlers.RegisterVisitorCommandHandlerTests.Handle_WithValidCommand_CreatesVisitorLogAndReturnsSuccess" storage="/home/runner/work/ourhome/ourhome/backend_unittest/apartmentmanagement.tests.l1/bin/debug/net8.0/apartmentmanagement.tests.l1.dll" id="21f32053-4888-2c1e-01e1-fb0a75067840">
      <Execution id="4f29d8f8-b50d-4bd2-ae70-2ea59a217568" />
      <TestMethod codeBase="/home/runner/work/ourhome/ourhome/backend_unittest/ApartmentManagement.Tests.L1/bin/Debug/net8.0/ApartmentManagement.Tests.L1.dll" adapterTypeName="executor://xunit/VsTestRunner2/netcoreapp" className="ApartmentManagement.Tests.L1.Handlers.RegisterVisitorCommandHandlerTests" name="Handle_WithValidCommand_CreatesVisitorLogAndReturnsSuccess" />
    </UnitTest>
    <UnitTest name="ApartmentManagement.Tests.L1.Handlers.CreateSocietyCommandHandlerTests.Handle_WithValidCommand_CreatesSocietyAndReturnsSuccess" storage="/home/runner/work/ourhome/ourhome/backend_unittest/apartmentmanagement.tests.l1/bin/debug/net8.0/apartmentmanagement.tests.l1.dll" id="55d5f12a-e33d-a7ee-442f-dfc4191071ba">
      <Execution id="eb0d5336-12f3-4deb-b9b4-79a87961b562" />
      <TestMethod codeBase="/home/runner/work/ourhome/ourhome/backend_unittest/ApartmentManagement.Tests.L1/bin/Debug/net8.0/ApartmentManagement.Tests.L1.dll" adapterTypeName="executor://xunit/VsTestRunner2/netcoreapp" className="ApartmentManagement.Tests.L1.Handlers.CreateSocietyCommandHandlerTests" name="Handle_WithValidCommand_CreatesSocietyAndReturnsSuccess" />
    </UnitTest>
    <UnitTest name="ApartmentManagement.Tests.L1.Validators.BookAmenityCommandValidatorTests.Validate_WithValidCommand_PassesValidation" storage="/home/runner/work/ourhome/ourhome/backend_unittest/apartmentmanagement.tests.l1/bin/debug/net8.0/apartmentmanagement.tests.l1.dll" id="ed76aac9-f111-92de-ad2b-91b3c64b562c">
      <Execution id="e495ca2f-7846-4ecd-b172-b0fbc4bc6e53" />
      <TestMethod codeBase="/home/runner/work/ourhome/ourhome/backend_unittest/ApartmentManagement.Tests.L1/bin/Debug/net8.0/ApartmentManagement.Tests.L1.dll" adapterTypeName="executor://xunit/VsTestRunner2/netcoreapp" className="ApartmentManagement.Tests.L1.Validators.BookAmenityCommandValidatorTests" name="Validate_WithValidCommand_PassesValidation" />
    </UnitTest>
    <UnitTest name="ApartmentManagement.Tests.L1.Handlers.AcceptServiceRequestCommandHandlerTests.Handle_WithUnapprovedProvider_ReturnsFailure" storage="/home/runner/work/ourhome/ourhome/backend_unittest/apartmentmanagement.tests.l1/bin/debug/net8.0/apartmentmanagement.tests.l1.dll" id="99d42df6-c90f-4a61-f557-a9df19ab69d5">
      <Execution id="2662e105-c7ce-4845-917e-206b72b00d80" />
      <TestMethod codeBase="/home/runner/work/ourhome/ourhome/backend_unittest/ApartmentManagement.Tests.L1/bin/Debug/net8.0/ApartmentManagement.Tests.L1.dll" adapterTypeName="executor://xunit/VsTestRunner2/netcoreapp" className="ApartmentManagement.Tests.L1.Handlers.AcceptServiceRequestCommandHandlerTests" name="Handle_WithUnapprovedProvider_ReturnsFailure" />
    </UnitTest>
    <UnitTest name="ApartmentManagement.Tests.L1.Handlers.PublishSocietyCommandHandlerTests.Handle_WhenSocietyExists_ActivatesAndReturnsSuccess" storage="/home/runner/work/ourhome/ourhome/backend_unittest/apartmentmanagement.tests.l1/bin/debug/net8.0/apartmentmanagement.tests.l1.dll" id="ed1fd498-b949-57ba-e656-8e50e63eacbd">
      <Execution id="b6f399fd-06a5-49ea-a5d1-fb478e25a578" />
      <TestMethod codeBase="/home/runner/work/ourhome/ourhome/backend_unittest/ApartmentManagement.Tests.L1/bin/Debug/net8.0/ApartmentManagement.Tests.L1.dll" adapterTypeName="executor://xunit/VsTestRunner2/netcoreapp" className="ApartmentManagement.Tests.L1.Handlers.PublishSocietyCommandHandlerTests" name="Handle_WhenSocietyExists_ActivatesAndReturnsSuccess" />
    </UnitTest>
    <UnitTest name="ApartmentManagement.Tests.L1.Validators.CreateSocietyCommandValidatorTests.Validate_WithZeroTotalApartments_FailsValidation" storage="/home/runner/work/ourhome/ourhome/backend_unittest/apartmentmanagement.tests.l1/bin/debug/net8.0/apartmentmanagement.tests.l1.dll" id="78d9b9d3-cbe6-1c7e-da8d-5be1789f8912">
      <Execution id="f961b45f-93f2-46ea-af24-804f8a360b78" />
      <TestMethod codeBase="/home/runner/work/ourhome/ourhome/backend_unittest/ApartmentManagement.Tests.L1/bin/Debug/net8.0/ApartmentManagement.Tests.L1.dll" adapterTypeName="executor://xunit/VsTestRunner2/netcoreapp" className="ApartmentManagement.Tests.L1.Validators.CreateSocietyCommandValidatorTests" name="Validate_WithZeroTotalApartments_FailsValidation" />
    </UnitTest>
    <UnitTest name="ApartmentManagement.Tests.L1.Validators.CreateComplaintCommandValidatorTests.Validate_WithValidData_PassesValidation" storage="/home/runner/work/ourhome/ourhome/backend_unittest/apartmentmanagement.tests.l1/bin/debug/net8.0/apartmentmanagement.tests.l1.dll" id="84f369ee-e115-85a4-0141-2103430eed78">
      <Execution id="6833c10c-2a98-4cfa-b2c6-c46f710d0ac0" />
      <TestMethod codeBase="/home/runner/work/ourhome/ourhome/backend_unittest/ApartmentManagement.Tests.L1/bin/Debug/net8.0/ApartmentManagement.Tests.L1.dll" adapterTypeName="executor://xunit/VsTestRunner2/netcoreapp" className="ApartmentManagement.Tests.L1.Validators.CreateComplaintCommandValidatorTests" name="Validate_WithValidData_PassesValidation" />
    </UnitTest>
    <UnitTest name="ApartmentManagement.Tests.L1.Handlers.RecordFeePaymentCommandHandlerTests.Handle_WhenPaymentExists_MarksAsPaidAndReturnsSuccess" storage="/home/runner/work/ourhome/ourhome/backend_unittest/apartmentmanagement.tests.l1/bin/debug/net8.0/apartmentmanagement.tests.l1.dll" id="9c5ab397-948e-927a-c2f7-b34bd1446f8e">
      <Execution id="6ac0581b-e562-4992-9154-e8e21cf7381f" />
      <TestMethod codeBase="/home/runner/work/ourhome/ourhome/backend_unittest/ApartmentManagement.Tests.L1/bin/Debug/net8.0/ApartmentManagement.Tests.L1.dll" adapterTypeName="executor://xunit/VsTestRunner2/netcoreapp" className="ApartmentManagement.Tests.L1.Handlers.RecordFeePaymentCommandHandlerTests" name="Handle_WhenPaymentExists_MarksAsPaidAndReturnsSuccess" />
    </UnitTest>
    <UnitTest name="ApartmentManagement.Tests.L1.Handlers.CreateApartmentCommandHandlerTests.Handle_WhenApartmentCountExceedsSocietyTotal_UpdatesSocietyCapacity" storage="/home/runner/work/ourhome/ourhome/backend_unittest/apartmentmanagement.tests.l1/bin/debug/net8.0/apartmentmanagement.tests.l1.dll" id="3a1652f3-ebc4-69d8-b325-a88c85f72427">
      <Execution id="ef361d09-6741-4cf7-9ada-a1eac032a37c" />
      <TestMethod codeBase="/home/runner/work/ourhome/ourhome/backend_unittest/ApartmentManagement.Tests.L1/bin/Debug/net8.0/ApartmentManagement.Tests.L1.dll" adapterTypeName="executor://xunit/VsTestRunner2/netcoreapp" className="ApartmentManagement.Tests.L1.Handlers.CreateApartmentCommandHandlerTests" name="Handle_WhenApartmentCountExceedsSocietyTotal_UpdatesSocietyCapacity" />
    </UnitTest>
    <UnitTest name="ApartmentManagement.Tests.L1.Handlers.CreateUserCommandHandlerTests.Handle_WithNewUser_CreatesUserAndSendsOtp" storage="/home/runner/work/ourhome/ourhome/backend_unittest/apartmentmanagement.tests.l1/bin/debug/net8.0/apartmentmanagement.tests.l1.dll" id="f38a7ed9-ee88-0086-3e09-42efcacac090">
      <Execution id="9c841350-6b52-44cd-ba9c-e269017059f9" />
      <TestMethod codeBase="/home/runner/work/ourhome/ourhome/backend_unittest/ApartmentManagement.Tests.L1/bin/Debug/net8.0/ApartmentManagement.Tests.L1.dll" adapterTypeName="executor://xunit/VsTestRunner2/netcoreapp" className="ApartmentManagement.Tests.L1.Handlers.CreateUserCommandHandlerTests" name="Handle_WithNewUser_CreatesUserAndSendsOtp" />
    </UnitTest>
    <UnitTest name="ApartmentManagement.Tests.L1.Handlers.RegisterForCompetitionCommandHandlerTests.Handle_WhenCompetitionFull_ReturnsFailure" storage="/home/runner/work/ourhome/ourhome/backend_unittest/apartmentmanagement.tests.l1/bin/debug/net8.0/apartmentmanagement.tests.l1.dll" id="d4da20f0-3bde-7e3c-7f2c-d2d371255df3">
      <Execution id="5b8e5b55-bef3-45a7-9980-5f0bc9f4fa0c" />
      <TestMethod codeBase="/home/runner/work/ourhome/ourhome/backend_unittest/ApartmentManagement.Tests.L1/bin/Debug/net8.0/ApartmentManagement.Tests.L1.dll" adapterTypeName="executor://xunit/VsTestRunner2/netcoreapp" className="ApartmentManagement.Tests.L1.Handlers.RegisterForCompetitionCommandHandlerTests" name="Handle_WhenCompetitionFull_ReturnsFailure" />
    </UnitTest>
    <UnitTest name="ApartmentManagement.Tests.L1.Handlers.CreateApartmentCommandHandlerTests.Handle_WithValidCommand_CreatesApartmentAndReturnsSuccess" storage="/home/runner/work/ourhome/ourhome/backend_unittest/apartmentmanagement.tests.l1/bin/debug/net8.0/apartmentmanagement.tests.l1.dll" id="d3bacbc8-7fbb-3dd3-3c66-6c84684c3077">
      <Execution id="9daf8f6c-fc36-4f08-beaf-28e702ab53d8" />
      <TestMethod codeBase="/home/runner/work/ourhome/ourhome/backend_unittest/ApartmentManagement.Tests.L1/bin/Debug/net8.0/ApartmentManagement.Tests.L1.dll" adapterTypeName="executor://xunit/VsTestRunner2/netcoreapp" className="ApartmentManagement.Tests.L1.Handlers.CreateApartmentCommandHandlerTests" name="Handle_WithValidCommand_CreatesApartmentAndReturnsSuccess" />
    </UnitTest>
    <UnitTest name="ApartmentManagement.Tests.L1.Validators.CreateSocietyCommandValidatorTests.Validate_WithInvalidEmail_FailsValidation" storage="/home/runner/work/ourhome/ourhome/backend_unittest/apartmentmanagement.tests.l1/bin/debug/net8.0/apartmentmanagement.tests.l1.dll" id="7df13f65-25f2-2131-c694-955c1f591e0e">
      <Execution id="f9ca07e0-f1e8-4919-b5f8-ed7dcbfcc809" />
      <TestMethod codeBase="/home/runner/work/ourhome/ourhome/backend_unittest/ApartmentManagement.Tests.L1/bin/Debug/net8.0/ApartmentManagement.Tests.L1.dll" adapterTypeName="executor://xunit/VsTestRunner2/netcoreapp" className="ApartmentManagement.Tests.L1.Validators.CreateSocietyCommandValidatorTests" name="Validate_WithInvalidEmail_FailsValidation" />
    </UnitTest>
    <UnitTest name="ApartmentManagement.Tests.L1.Handlers.BookAmenityCommandHandlerTests.Handle_WhenAmenityInactive_ReturnsFailure" storage="/home/runner/work/ourhome/ourhome/backend_unittest/apartmentmanagement.tests.l1/bin/debug/net8.0/apartmentmanagement.tests.l1.dll" id="e0deec4b-f814-53b2-0c20-00b20cfc484c">
      <Execution id="6ee3c80c-285f-41b3-98e5-8d5ed501a71f" />
      <TestMethod codeBase="/home/runner/work/ourhome/ourhome/backend_unittest/ApartmentManagement.Tests.L1/bin/Debug/net8.0/ApartmentManagement.Tests.L1.dll" adapterTypeName="executor://xunit/VsTestRunner2/netcoreapp" className="ApartmentManagement.Tests.L1.Handlers.BookAmenityCommandHandlerTests" name="Handle_WhenAmenityInactive_ReturnsFailure" />
    </UnitTest>
    <UnitTest name="ApartmentManagement.Tests.L1.Handlers.RegisterForCompetitionCommandHandlerTests.Handle_WhenCompetitionNotFound_ReturnsFailure" storage="/home/runner/work/ourhome/ourhome/backend_unittest/apartmentmanagement.tests.l1/bin/debug/net8.0/apartmentmanagement.tests.l1.dll" id="ba772bc3-908f-13bc-8a62-0c470ee35dd2">
      <Execution id="adf3ee4e-7f6a-4baa-beef-7c75ddb603f3" />
      <TestMethod codeBase="/home/runner/work/ourhome/ourhome/backend_unittest/ApartmentManagement.Tests.L1/bin/Debug/net8.0/ApartmentManagement.Tests.L1.dll" adapterTypeName="executor://xunit/VsTestRunner2/netcoreapp" className="ApartmentManagement.Tests.L1.Handlers.RegisterForCompetitionCommandHandlerTests" name="Handle_WhenCompetitionNotFound_ReturnsFailure" />
    </UnitTest>
    <UnitTest name="ApartmentManagement.Tests.L1.Handlers.GetApartmentsBySocietyQueryHandlerTests.Handle_WithoutFilters_ReturnsAllApartments" storage="/home/runner/work/ourhome/ourhome/backend_unittest/apartmentmanagement.tests.l1/bin/debug/net8.0/apartmentmanagement.tests.l1.dll" id="43285dc8-eb40-51f9-e048-ec43fae6dde6">
      <Execution id="33b43b31-3024-4015-8c60-e1bc6e76fdfe" />
      <TestMethod codeBase="/home/runner/work/ourhome/ourhome/backend_unittest/ApartmentManagement.Tests.L1/bin/Debug/net8.0/ApartmentManagement.Tests.L1.dll" adapterTypeName="executor://xunit/VsTestRunner2/netcoreapp" className="ApartmentManagement.Tests.L1.Handlers.GetApartmentsBySocietyQueryHandlerTests" name="Handle_WithoutFilters_ReturnsAllApartments" />
    </UnitTest>
    <UnitTest name="ApartmentManagement.Tests.L1.Validators.CreateComplaintCommandValidatorTests.Validate_WithEmptySocietyId_FailsValidation" storage="/home/runner/work/ourhome/ourhome/backend_unittest/apartmentmanagement.tests.l1/bin/debug/net8.0/apartmentmanagement.tests.l1.dll" id="099e1d46-af82-1a0f-c1a9-00011f01b944">
      <Execution id="c21b0e30-f5a7-4b70-bf92-06d6bfc2ddc4" />
      <TestMethod codeBase="/home/runner/work/ourhome/ourhome/backend_unittest/ApartmentManagement.Tests.L1/bin/Debug/net8.0/ApartmentManagement.Tests.L1.dll" adapterTypeName="executor://xunit/VsTestRunner2/netcoreapp" className="ApartmentManagement.Tests.L1.Validators.CreateComplaintCommandValidatorTests" name="Validate_WithEmptySocietyId_FailsValidation" />
    </UnitTest>
    <UnitTest name="ApartmentManagement.Tests.L1.Validators.CreateSocietyCommandValidatorTests.Validate_WithValidCommand_PassesValidation" storage="/home/runner/work/ourhome/ourhome/backend_unittest/apartmentmanagement.tests.l1/bin/debug/net8.0/apartmentmanagement.tests.l1.dll" id="b82bf7e3-e970-c2e7-4064-74591fe28146">
      <Execution id="b5b79eca-da43-454b-8227-423502cb72d7" />
      <TestMethod codeBase="/home/runner/work/ourhome/ourhome/backend_unittest/ApartmentManagement.Tests.L1/bin/Debug/net8.0/ApartmentManagement.Tests.L1.dll" adapterTypeName="executor://xunit/VsTestRunner2/netcoreapp" className="ApartmentManagement.Tests.L1.Validators.CreateSocietyCommandValidatorTests" name="Validate_WithValidCommand_PassesValidation" />
    </UnitTest>
    <UnitTest name="ApartmentManagement.Tests.L1.Handlers.DeleteApartmentCommandHandlerTests.Handle_WhenApartmentOccupied_ReturnsFailure" storage="/home/runner/work/ourhome/ourhome/backend_unittest/apartmentmanagement.tests.l1/bin/debug/net8.0/apartmentmanagement.tests.l1.dll" id="3fa567e4-9909-5e7f-b2e0-5a0f8ef095e1">
      <Execution id="db7ff109-f999-4107-915d-1666c24ed9d2" />
      <TestMethod codeBase="/home/runner/work/ourhome/ourhome/backend_unittest/ApartmentManagement.Tests.L1/bin/Debug/net8.0/ApartmentManagement.Tests.L1.dll" adapterTypeName="executor://xunit/VsTestRunner2/netcoreapp" className="ApartmentManagement.Tests.L1.Handlers.DeleteApartmentCommandHandlerTests" name="Handle_WhenApartmentOccupied_ReturnsFailure" />
    </UnitTest>
    <UnitTest name="ApartmentManagement.Tests.L1.Handlers.BulkImportApartmentsCommandHandlerTests.Handle_WithDuplicateApartmentNumbersAcrossBlocks_ReturnsFailures" storage="/home/runner/work/ourhome/ourhome/backend_unittest/apartmentmanagement.tests.l1/bin/debug/net8.0/apartmentmanagement.tests.l1.dll" id="3d16b9fb-b3ff-2db3-7672-9ef623bbdfc9">
      <Execution id="82d8f343-e018-4d6e-9756-ec2c293a40f2" />
      <TestMethod codeBase="/home/runner/work/ourhome/ourhome/backend_unittest/ApartmentManagement.Tests.L1/bin/Debug/net8.0/ApartmentManagement.Tests.L1.dll" adapterTypeName="executor://xunit/VsTestRunner2/netcoreapp" className="ApartmentManagement.Tests.L1.Handlers.BulkImportApartmentsCommandHandlerTests" name="Handle_WithDuplicateApartmentNumbersAcrossBlocks_ReturnsFailures" />
    </UnitTest>
    <UnitTest name="ApartmentManagement.Tests.L1.Handlers.CreateComplaintCommandHandlerTests.Handle_WhenRepositoryThrows_ReturnsInternalError" storage="/home/runner/work/ourhome/ourhome/backend_unittest/apartmentmanagement.tests.l1/bin/debug/net8.0/apartmentmanagement.tests.l1.dll" id="e1263aae-1ab2-87d5-cbb5-3f4556eee9dd">
      <Execution id="31b62aee-d517-4bcf-8655-83e248d57027" />
      <TestMethod codeBase="/home/runner/work/ourhome/ourhome/backend_unittest/ApartmentManagement.Tests.L1/bin/Debug/net8.0/ApartmentManagement.Tests.L1.dll" adapterTypeName="executor://xunit/VsTestRunner2/netcoreapp" className="ApartmentManagement.Tests.L1.Handlers.CreateComplaintCommandHandlerTests" name="Handle_WhenRepositoryThrows_ReturnsInternalError" />
    </UnitTest>
    <UnitTest name="ApartmentManagement.Tests.L1.Handlers.CreateUserCommandHandlerTests.Handle_WhenEmailAlreadyExists_ReturnsFailure" storage="/home/runner/work/ourhome/ourhome/backend_unittest/apartmentmanagement.tests.l1/bin/debug/net8.0/apartmentmanagement.tests.l1.dll" id="33fcdba3-d0ab-c2cc-578b-bdc30df21bfa">
      <Execution id="677371f6-bf04-4f1b-aaca-c4390af4951a" />
      <TestMethod codeBase="/home/runner/work/ourhome/ourhome/backend_unittest/ApartmentManagement.Tests.L1/bin/Debug/net8.0/ApartmentManagement.Tests.L1.dll" adapterTypeName="executor://xunit/VsTestRunner2/netcoreapp" className="ApartmentManagement.Tests.L1.Handlers.CreateUserCommandHandlerTests" name="Handle_WhenEmailAlreadyExists_ReturnsFailure" />
    </UnitTest>
    <UnitTest name="ApartmentManagement.Tests.L1.Handlers.AcceptServiceRequestCommandHandlerTests.Handle_WithApprovedProvider_AcceptsRequestAndReturnsSuccess" storage="/home/runner/work/ourhome/ourhome/backend_unittest/apartmentmanagement.tests.l1/bin/debug/net8.0/apartmentmanagement.tests.l1.dll" id="43123789-c74c-60a4-2319-ec841749fabe">
      <Execution id="b1727de8-2bf0-4c4e-819d-e0a36b4e95d6" />
      <TestMethod codeBase="/home/runner/work/ourhome/ourhome/backend_unittest/ApartmentManagement.Tests.L1/bin/Debug/net8.0/ApartmentManagement.Tests.L1.dll" adapterTypeName="executor://xunit/VsTestRunner2/netcoreapp" className="ApartmentManagement.Tests.L1.Handlers.AcceptServiceRequestCommandHandlerTests" name="Handle_WithApprovedProvider_AcceptsRequestAndReturnsSuccess" />
    </UnitTest>
    <UnitTest name="ApartmentManagement.Tests.L1.Handlers.SendOtpCommandHandlerTests.Handle_WhenUserExists_GeneratesOtpAndSendsSms" storage="/home/runner/work/ourhome/ourhome/backend_unittest/apartmentmanagement.tests.l1/bin/debug/net8.0/apartmentmanagement.tests.l1.dll" id="7b4c81c1-9c17-f0d0-a46c-f1c3995e8b1d">
      <Execution id="7283f606-230b-4653-b324-d438f35bffb6" />
      <TestMethod codeBase="/home/runner/work/ourhome/ourhome/backend_unittest/ApartmentManagement.Tests.L1/bin/Debug/net8.0/ApartmentManagement.Tests.L1.dll" adapterTypeName="executor://xunit/VsTestRunner2/netcoreapp" className="ApartmentManagement.Tests.L1.Handlers.SendOtpCommandHandlerTests" name="Handle_WhenUserExists_GeneratesOtpAndSendsSms" />
    </UnitTest>
    <UnitTest name="ApartmentManagement.Tests.L1.Handlers.AssignComplaintCommandHandlerTests.Handle_WhenComplaintExists_AssignsAndReturnsSuccess" storage="/home/runner/work/ourhome/ourhome/backend_unittest/apartmentmanagement.tests.l1/bin/debug/net8.0/apartmentmanagement.tests.l1.dll" id="20005051-b3e3-d807-8a3d-43dabe833db8">
      <Execution id="5a74e1b2-86d9-45d7-bec8-79b221dba4da" />
      <TestMethod codeBase="/home/runner/work/ourhome/ourhome/backend_unittest/ApartmentManagement.Tests.L1/bin/Debug/net8.0/ApartmentManagement.Tests.L1.dll" adapterTypeName="executor://xunit/VsTestRunner2/netcoreapp" className="ApartmentManagement.Tests.L1.Handlers.AssignComplaintCommandHandlerTests" name="Handle_WhenComplaintExists_AssignsAndReturnsSuccess" />
    </UnitTest>
    <UnitTest name="ApartmentManagement.Tests.L1.Handlers.ApproveBookingCommandHandlerTests.Handle_WhenBookingNotFound_ReturnsFailure" storage="/home/runner/work/ourhome/ourhome/backend_unittest/apartmentmanagement.tests.l1/bin/debug/net8.0/apartmentmanagement.tests.l1.dll" id="bf3c90f0-9697-c131-1907-89f795de3808">
      <Execution id="b393f80f-0e79-4699-8fe2-7405264e970c" />
      <TestMethod codeBase="/home/runner/work/ourhome/ourhome/backend_unittest/ApartmentManagement.Tests.L1/bin/Debug/net8.0/ApartmentManagement.Tests.L1.dll" adapterTypeName="executor://xunit/VsTestRunner2/netcoreapp" className="ApartmentManagement.Tests.L1.Handlers.ApproveBookingCommandHandlerTests" name="Handle_WhenBookingNotFound_ReturnsFailure" />
    </UnitTest>
    <UnitTest name="ApartmentManagement.Tests.L1.Handlers.BookAmenityCommandHandlerTests.Handle_WhenAmenityNotFound_ReturnsFailure" storage="/home/runner/work/ourhome/ourhome/backend_unittest/apartmentmanagement.tests.l1/bin/debug/net8.0/apartmentmanagement.tests.l1.dll" id="efe7647d-383a-b837-0548-c61db8d5dd37">
      <Execution id="a5e8a44f-a294-4cdc-b21a-e37045e215ac" />
      <TestMethod codeBase="/home/runner/work/ourhome/ourhome/backend_unittest/ApartmentManagement.Tests.L1/bin/Debug/net8.0/ApartmentManagement.Tests.L1.dll" adapterTypeName="executor://xunit/VsTestRunner2/netcoreapp" className="ApartmentManagement.Tests.L1.Handlers.BookAmenityCommandHandlerTests" name="Handle_WhenAmenityNotFound_ReturnsFailure" />
    </UnitTest>
    <UnitTest name="ApartmentManagement.Tests.L1.Handlers.BookAmenityCommandHandlerTests.Handle_WithValidSlot_CreatesBookingAndReturnsSuccess" storage="/home/runner/work/ourhome/ourhome/backend_unittest/apartmentmanagement.tests.l1/bin/debug/net8.0/apartmentmanagement.tests.l1.dll" id="60967bb8-6414-1d99-5fca-77d793469863">
      <Execution id="c1922d29-055f-43d5-a042-b25486f2f926" />
      <TestMethod codeBase="/home/runner/work/ourhome/ourhome/backend_unittest/ApartmentManagement.Tests.L1/bin/Debug/net8.0/ApartmentManagement.Tests.L1.dll" adapterTypeName="executor://xunit/VsTestRunner2/netcoreapp" className="ApartmentManagement.Tests.L1.Handlers.BookAmenityCommandHandlerTests" name="Handle_WithValidSlot_CreatesBookingAndReturnsSuccess" />
    </UnitTest>
    <UnitTest name="ApartmentManagement.Tests.L1.Handlers.GetApartmentsBySocietyQueryHandlerTests.Handle_WithStatusFilter_UsesStatusRepositoryAndReturnsFilteredApartments" storage="/home/runner/work/ourhome/ourhome/backend_unittest/apartmentmanagement.tests.l1/bin/debug/net8.0/apartmentmanagement.tests.l1.dll" id="52db8d6d-ce04-7ba1-fcee-cfe4f0df7f70">
      <Execution id="f551e5b4-7567-4d62-add6-383d4d7ec108" />
      <TestMethod codeBase="/home/runner/work/ourhome/ourhome/backend_unittest/ApartmentManagement.Tests.L1/bin/Debug/net8.0/ApartmentManagement.Tests.L1.dll" adapterTypeName="executor://xunit/VsTestRunner2/netcoreapp" className="ApartmentManagement.Tests.L1.Handlers.GetApartmentsBySocietyQueryHandlerTests" name="Handle_WithStatusFilter_UsesStatusRepositoryAndReturnsFilteredApartments" />
    </UnitTest>
    <UnitTest name="ApartmentManagement.Tests.L1.Handlers.CreateComplaintCommandHandlerTests.Handle_WithValidCommand_CreatesComplaintAndReturnsSuccess" storage="/home/runner/work/ourhome/ourhome/backend_unittest/apartmentmanagement.tests.l1/bin/debug/net8.0/apartmentmanagement.tests.l1.dll" id="eedafc73-617d-52db-5acb-faacf2704d20">
      <Execution id="67cca9d1-f411-4da6-b874-1296d493485a" />
      <TestMethod codeBase="/home/runner/work/ourhome/ourhome/backend_unittest/ApartmentManagement.Tests.L1/bin/Debug/net8.0/ApartmentManagement.Tests.L1.dll" adapterTypeName="executor://xunit/VsTestRunner2/netcoreapp" className="ApartmentManagement.Tests.L1.Handlers.CreateComplaintCommandHandlerTests" name="Handle_WithValidCommand_CreatesComplaintAndReturnsSuccess" />
    </UnitTest>
[...]
    </UnitTest>
    <UnitTest name="ApartmentManagement.Tests.L1.Handlers.CreateApartmentCommandHandlerTests.Handle_WithInitialTenantDetails_CreatesResidentAndReturnsOccupiedApartment" storage="/home/runner/work/ourhome/ourhome/backend_unittest/apartmentmanagement.tests.l1/bin/debug/net8.0/apartmentmanagement.tests.l1.dll" id="948341b9-2339-78b1-5e3b-c4a9b1ec3461">
      <Execution id="7892656a-5f73-4a71-8ef7-e9eec3e9e92f" />
      <TestMethod codeBase="/home/runner/work/ourhome/ourhome/backend_unittest/ApartmentManagement.Tests.L1/bin/Debug/net8.0/ApartmentManagement.Tests.L1.dll" adapterTypeName="executor://xunit/VsTestRunner2/netcoreapp" className="ApartmentManagement.Tests.L1.Handlers.CreateApartmentCommandHandlerTests" name="Handle_WithInitialTenantDetails_CreatesResidentAndReturnsOccupiedApartment" />
    </UnitTest>
    <UnitTest name="ApartmentManagement.Tests.L1.Handlers.VerifyOtpCommandHandlerTests.Handle_WhenUserNotFound_ReturnsFailure" storage="/home/runner/work/ourhome/ourhome/backend_unittest/apartmentmanagement.tests.l1/bin/debug/net8.0/apartmentmanagement.tests.l1.dll" id="8841eaf8-b6c5-835a-2fa6-00f5841ce391">
      <Execution id="8fff4147-d4d7-4b10-a576-34f24344cb8d" />
      <TestMethod codeBase="/home/runner/work/ourhome/ourhome/backend_unittest/ApartmentManagement.Tests.L1/bin/Debug/net8.0/ApartmentManagement.Tests.L1.dll" adapterTypeName="executor://xunit/VsTestRunner2/netcoreapp" className="ApartmentManagement.Tests.L1.Handlers.VerifyOtpCommandHandlerTests" name="Handle_WhenUserNotFound_ReturnsFailure" />
    </UnitTest>
    <UnitTest name="ApartmentManagement.Tests.L1.Validators.CreateSocietyCommandValidatorTests.Validate_WithZeroTotalBlocks_FailsValidation" storage="/home/runner/work/ourhome/ourhome/backend_unittest/apartmentmanagement.tests.l1/bin/debug/net8.0/apartmentmanagement.tests.l1.dll" id="5ac9de8a-69d0-5e5b-3a7a-3bd3706cf49f">
      <Execution id="42efe022-ddab-4d46-982e-daa14c7b6f10" />
      <TestMethod codeBase="/home/runner/work/ourhome/ourhome/backend_unittest/ApartmentManagement.Tests.L1/bin/Debug/net8.0/ApartmentManagement.Tests.L1.dll" adapterTypeName="executor://xunit/VsTestRunner2/netcoreapp" className="ApartmentManagement.Tests.L1.Validators.CreateSocietyCommandValidatorTests" name="Validate_WithZeroTotalBlocks_FailsValidation" />
    </UnitTest>
  </TestDefinitions>
  <TestEntries>
    <TestEntry testId="8841eaf8-b6c5-835a-2fa6-00f5841ce391" executionId="8fff4147-d4d7-4b10-a576-34f24344cb8d" testListId="8c84fa94-04c1-424b-9868-57a2d4851a1d" />
    <TestEntry testId="48daaee8-e497-8f7e-a049-680d3dfe499b" executionId="0b8347c9-f3d8-43f2-acff-76a7894a24f1" testListId="8c84fa94-04c1-424b-9868-57a2d4851a1d" />
    <TestEntry testId="3c0d1290-61d8-4874-31d1-cc244cf7b283" executionId="8646ccd9-0fbf-407b-80bc-dd243a645076" testListId="8c84fa94-04c1-424b-9868-57a2d4851a1d" />
    <TestEntry testId="c7558584-0e3a-2849-6c5f-abb6396a3774" executionId="77fc9a00-0207-4508-a035-3646c2b3d0c1" testListId="8c84fa94-04c1-424b-9868-57a2d4851a1d" />
    <TestEntry testId="78d9b9d3-cbe6-1c7e-da8d-5be1789f8912" executionId="f961b45f-93f2-46ea-af24-804f8a360b78" testListId="8c84fa94-04c1-424b-9868-57a2d4851a1d" />
    <TestEntry testId="55d5f12a-e33d-a7ee-442f-dfc4191071ba" executionId="eb0d5336-12f3-4deb-b9b4-79a87961b562" testListId="8c84fa94-04c1-424b-9868-57a2d4851a1d" />
    <TestEntry testId="a9c4f4c0-6eb0-6184-e179-5e30d3519f88" executionId="6fe43ba5-47b9-4d99-9e82-027bfde24d58" testListId="8c84fa94-04c1-424b-9868-57a2d4851a1d" />
    <TestEntry testId="6fea925b-2d97-315d-990a-6a80d6d26222" executionId="93b80b6a-968c-4dee-a0e6-043a57af4b87" testListId="8c84fa94-04c1-424b-9868-57a2d4851a1d" />
    <TestEntry testId="ed76aac9-f111-92de-ad2b-91b3c64b562c" executionId="e495ca2f-7846-4ecd-b172-b0fbc4bc6e53" testListId="8c84fa94-04c1-424b-9868-57a2d4851a1d" />
    <TestEntry testId="a27cc117-9d99-f3cc-a2bf-c1d86dbca763" executionId="705da9ff-1451-4f0f-bf7a-c5176c1d6f16" testListId="8c84fa94-04c1-424b-9868-57a2d4851a1d" />
    <TestEntry testId="77ec10d2-c70d-e756-00d8-5b9b97bffea6" executionId="836f9d82-c090-43d9-b1fe-709cce4ac295" testListId="8c84fa94-04c1-424b-9868-57a2d4851a1d" />
    <TestEntry testId="33478ef9-d06e-783c-ec42-c7c15dc8a3f7" executionId="0ce6e02b-4b34-4636-8df0-df0d0afe91a0" testListId="8c84fa94-04c1-424b-9868-57a2d4851a1d" />
    <TestEntry testId="4dfee124-9e0f-88ae-1a70-6e94856b4760" executionId="d719f753-1bd6-4c60-bf0d-bd7edec82973" testListId="8c84fa94-04c1-424b-9868-57a2d4851a1d" />
    <TestEntry testId="3fa567e4-9909-5e7f-b2e0-5a0f8ef095e1" executionId="db7ff109-f999-4107-915d-1666c24ed9d2" testListId="8c84fa94-04c1-424b-9868-57a2d4851a1d" />
    <TestEntry testId="20b7fcd7-0354-8cbb-bcc6-ed6e5e199152" executionId="849ceed7-6af4-4b2a-8152-92171d5e5323" testListId="8c84fa94-04c1-424b-9868-57a2d4851a1d" />
    <TestEntry testId="e0d96062-4fc9-be07-cdcf-173bd35c600d" executionId="f4d2b058-7f6c-4c87-ba4f-8788176e5e56" testListId="8c84fa94-04c1-424b-9868-57a2d4851a1d" />
    <TestEntry testId="18ac7c5d-611e-3356-e9a3-574e4880fd33" executionId="656a4509-7ff4-449d-98aa-6f602c4b3364" testListId="8c84fa94-04c1-424b-9868-57a2d4851a1d" />
    <TestEntry testId="99d42df6-c90f-4a61-f557-a9df19ab69d5" executionId="2662e105-c7ce-4845-917e-206b72b00d80" testListId="8c84fa94-04c1-424b-9868-57a2d4851a1d" />
    <TestEntry testId="1dceeb71-a9ee-6c2e-10e1-f745866b334a" executionId="687ea756-4c63-4838-9e0f-e5c3a7cdf2e6" testListId="8c84fa94-04c1-424b-9868-57a2d4851a1d" />
    <TestEntry testId="51219842-7ac3-ff1a-0d82-4e2439dc1460" executionId="590e89da-89ff-4222-b94a-0e778709642e" testListId="8c84fa94-04c1-424b-9868-57a2d4851a1d" />
    <TestEntry testId="21f32053-4888-2c1e-01e1-fb0a75067840" executionId="4f29d8f8-b50d-4bd2-ae70-2ea59a217568" testListId="8c84fa94-04c1-424b-9868-57a2d4851a1d" />
    <TestEntry testId="af4f1bc8-b6ba-daf9-ebc0-9480d7da5ba5" executionId="6114c8b0-eec4-4902-849a-25793f866cd1" testListId="8c84fa94-04c1-424b-9868-57a2d4851a1d" />
    <TestEntry testId="eedafc73-617d-52db-5acb-faacf2704d20" executionId="67cca9d1-f411-4da6-b874-1296d493485a" testListId="8c84fa94-04c1-424b-9868-57a2d4851a1d" />
    <TestEntry testId="7cc85749-6b44-f816-e910-2bea9a4cfe6c" executionId="a444f227-9743-4a1c-afa5-7094ac74782f" testListId="8c84fa94-04c1-424b-9868-57a2d4851a1d" />
    <TestEntry testId="33fcdba3-d0ab-c2cc-578b-bdc30df21bfa" executionId="677371f6-bf04-4f1b-aaca-c4390af4951a" testListId="8c84fa94-04c1-424b-9868-57a2d4851a1d" />
    <TestEntry testId="221c328a-bd2e-c248-2c22-1314c2ec0f8c" executionId="630f506b-613a-43de-aae9-47db6c9fe027" testListId="8c84fa94-04c1-424b-9868-57a2d4851a1d" />
    <TestEntry testId="7df13f65-25f2-2131-c694-955c1f591e0e" executionId="f9ca07e0-f1e8-4919-b5f8-ed7dcbfcc809" testListId="8c84fa94-04c1-424b-9868-57a2d4851a1d" />
    <TestEntry testId="0ed19de7-c4ca-7224-4aec-3cce53a2f67e" executionId="659095d0-7b15-408d-a034-5e59f1fd8126" testListId="8c84fa94-04c1-424b-9868-57a2d4851a1d" />
    <TestEntry testId="9ade1f9a-4588-4a27-f328-e388544a5046" executionId="9779868f-575c-4495-b394-d88346099c08" testListId="8c84fa94-04c1-424b-9868-57a2d4851a1d" />
    <TestEntry testId="ed9c41e5-2819-2725-8a22-e77b4faa4aa0" executionId="78b1bebb-4394-4e3f-8f90-f9b6e3214c03" testListId="8c84fa94-04c1-424b-9868-57a2d4851a1d" />
    <TestEntry testId="43123789-c74c-60a4-2319-ec841749fabe" executionId="b1727de8-2bf0-4c4e-819d-e0a36b4e95d6" testListId="8c84fa94-04c1-424b-9868-57a2d4851a1d" />
    <TestEntry testId="1254b6da-03ec-c0ae-c3a2-3ab70d294927" executionId="9e6a94bb-031a-43c7-92f0-93510a5cbbfb" testListId="8c84fa94-04c1-424b-9868-57a2d4851a1d" />
    <TestEntry testId="acace17c-e642-17d5-537c-9933596345de" executionId="abf150f7-89ab-43a0-8a3c-b9bdc1bda70b" testListId="8c84fa94-04c1-424b-9868-57a2d4851a1d" />
    <TestEntry testId="099e1d46-af82-1a0f-c1a9-00011f01b944" executionId="c21b0e30-f5a7-4b70-bf92-06d6bfc2ddc4" testListId="8c84fa94-04c1-424b-9868-57a2d4851a1d" />
    <TestEntry testId="bf3c90f0-9697-c131-1907-89f795de3808" executionId="b393f80f-0e79-4699-8fe2-7405264e970c" testListId="8c84fa94-04c1-424b-9868-57a2d4851a1d" />
    <TestEntry testId="52db8d6d-ce04-7ba1-fcee-cfe4f0df7f70" executionId="f551e5b4-7567-4d62-add6-383d4d7ec108" testListId="8c84fa94-04c1-424b-9868-57a2d4851a1d" />
    <TestEntry testId="efe7647d-383a-b837-0548-c61db8d5dd37" executionId="a5e8a44f-a294-4cdc-b21a-e37045e215ac" testListId="8c84fa94-04c1-424b-9868-57a2d4851a1d" />
    <TestEntry testId="ed1fd498-b949-57ba-e656-8e50e63eacbd" executionId="b6f399fd-06a5-49ea-a5d1-fb478e25a578" testListId="8c84fa94-04c1-424b-9868-57a2d4851a1d" />
    <TestEntry testId="d3bacbc8-7fbb-3dd3-3c66-6c84684c3077" executionId="9daf8f6c-fc36-4f08-beaf-28e702ab53d8" testListId="8c84fa94-04c1-424b-9868-57a2d4851a1d" />
    <TestEntry testId="72b67363-e90c-e642-9957-ef9b24d959a9" executionId="8ae8ad35-5754-4f3e-9e82-7394e504f69b" testListId="8c84fa94-04c1-424b-9868-57a2d4851a1d" />
    <TestEntry testId="2d968d21-d7ef-5964-5cdc-f1938943d3ed" executionId="03deddd7-2052-4a2a-a135-7544804b0622" testListId="8c84fa94-04c1-424b-9868-57a2d4851a1d" />
    <TestEntry testId="e1263aae-1ab2-87d5-cbb5-3f4556eee9dd" executionId="31b62aee-d517-4bcf-8655-83e248d57027" testListId="8c84fa94-04c1-424b-9868-57a2d4851a1d" />
    <TestEntry testId="b011ea83-9fce-ee77-d970-d65c8d1f3861" executionId="812a0248-7b4a-49bb-8f04-4058e3e7078f" testListId="8c84fa94-04c1-424b-9868-57a2d4851a1d" />
    <TestEntry testId="22ee91f5-1cb8-ea72-c7be-a4c9c69dac4d" executionId="9b65e7da-7ce4-4341-bfab-e789d870dd36" testListId="8c84fa94-04c1-424b-9868-57a2d4851a1d" />
    <TestEntry testId="7b4c81c1-9c17-f0d0-a46c-f1c3995e8b1d" executionId="7283f606-230b-4653-b324-d438f35bffb6" testListId="8c84fa94-04c1-424b-9868-57a2d4851a1d" />
    <TestEntry testId="b82bf7e3-e970-c2e7-4064-74591fe28146" executionId="b5b79eca-da43-454b-8227-423502cb72d7" testListId="8c84fa94-04c1-424b-9868-57a2d4851a1d" />
    <TestEntry testId="5ac9de8a-69d0-5e5b-3a7a-3bd3706cf49f" executionId="42efe022-ddab-4d46-982e-daa14c7b6f10" testListId="8c84fa94-04c1-424b-9868-57a2d4851a1d" />
    <TestEntry testId="9c5ab397-948e-927a-c2f7-b34bd1446f8e" executionId="6ac0581b-e562-4992-9154-e8e21cf7381f" testListId="8c84fa94-04c1-424b-9868-57a2d4851a1d" />
    <TestEntry testId="35d5090b-c257-3f12-aca0-5bceff7e1d5c" executionId="b5bdc175-4475-4a79-be9a-31ad7c26bbf0" testListId="8c84fa94-04c1-424b-9868-57a2d4851a1d" />
    <TestEntry testId="3d16b9fb-b3ff-2db3-7672-9ef623bbdfc9" executionId="82d8f343-e018-4d6e-9756-ec2c293a40f2" testListId="8c84fa94-04c1-424b-9868-57a2d4851a1d" />
    <TestEntry testId="43285dc8-eb40-51f9-e048-ec43fae6dde6" executionId="33b43b31-3024-4015-8c60-e1bc6e76fdfe" testListId="8c84fa94-04c1-424b-9868-57a2d4851a1d" />
    <TestEntry testId="3a1652f3-ebc4-69d8-b325-a88c85f72427" executionId="ef361d09-6741-4cf7-9ada-a1eac032a37c" testListId="8c84fa94-04c1-424b-9868-57a2d4851a1d" />
    <TestEntry testId="e0deec4b-f814-53b2-0c20-00b20cfc484c" executionId="6ee3c80c-285f-41b3-98e5-8d5ed501a71f" testListId="8c84fa94-04c1-424b-9868-57a2d4851a1d" />
    <TestEntry testId="4a1f07a1-a237-e510-83bb-f7d381d6d8d7" executionId="bd0cf6d7-f121-4b8a-8c17-35b5ccaa0001" testListId="8c84fa94-04c1-424b-9868-57a2d4851a1d" />
    <TestEntry testId="37287a6b-cfe5-980d-3bbe-74a18706b75a" executionId="c28834d5-dff8-4127-b197-e14cf836748b" testListId="8c84fa94-04c1-424b-9868-57a2d4851a1d" />
    <TestEntry testId="f38a7ed9-ee88-0086-3e09-42efcacac090" executionId="9c841350-6b52-44cd-ba9c-e269017059f9" testListId="8c84fa94-04c1-424b-9868-57a2d4851a1d" />
    <TestEntry testId="84f369ee-e115-85a4-0141-2103430eed78" executionId="6833c10c-2a98-4cfa-b2c6-c46f710d0ac0" testListId="8c84fa94-04c1-424b-9868-57a2d4851a1d" />
    <TestEntry testId="d4da20f0-3bde-7e3c-7f2c-d2d371255df3" executionId="5b8e5b55-bef3-45a7-9980-5f0bc9f4fa0c" testListId="8c84fa94-04c1-424b-9868-57a2d4851a1d" />
    <TestEntry testId="948341b9-2339-78b1-5e3b-c4a9b1ec3461" executionId="7892656a-5f73-4a71-8ef7-e9eec3e9e92f" testListId="8c84fa94-04c1-424b-9868-57a2d4851a1d" />
    <TestEntry testId="20005051-b3e3-d807-8a3d-43dabe833db8" executionId="5a74e1b2-86d9-45d7-bec8-79b221dba4da" testListId="8c84fa94-04c1-424b-9868-57a2d4851a1d" />
    <TestEntry testId="96c307f0-83cc-b83f-0835-d493c298b41c" executionId="e82efe41-3ae5-4f57-b75a-32ea9456a90a" testListId="8c84fa94-04c1-424b-9868-57a2d4851a1d" />
    <TestEntry testId="286282f1-322f-369c-b4f0-ce5671e272d9" executionId="665fd53a-4b50-493f-9539-27ea3bbab4fc" testListId="8c84fa94-04c1-424b-9868-57a2d4851a1d" />
    <TestEntry testId="60967bb8-6414-1d99-5fca-77d793469863" executionId="c1922d29-055f-43d5-a042-b25486f2f926" testListId="8c84fa94-04c1-424b-9868-57a2d4851a1d" />
    <TestEntry testId="ba772bc3-908f-13bc-8a62-0c470ee35dd2" executionId="adf3ee4e-7f6a-4baa-beef-7c75ddb603f3" testListId="8c84fa94-04c1-424b-9868-57a2d4851a1d" />
    <TestEntry testId="c7892507-9ed5-90ff-1f0e-d91bec52666e" executionId="9ff0115d-8dd9-433a-b9b4-c6c73e9e398f" testListId="8c84fa94-04c1-424b-9868-57a2d4851a1d" />
    <TestEntry testId="c4592998-bb56-e07b-2410-e3e63260b537" executionId="40c10d37-74d8-46e4-b131-6972b4953be6" testListId="8c84fa94-04c1-424b-9868-57a2d4851a1d" />
    <TestEntry testId="61e174aa-42cf-9ddb-6abe-ae8b61ebab00" executionId="82661af0-5370-40c1-bfae-72fa8ee86bd3" testListId="8c84fa94-04c1-424b-9868-57a2d4851a1d" />
    <TestEntry testId="4d5f05d3-8c22-9f6b-da87-85bbbc704626" executionId="0e019c24-73a2-4461-8758-8c7b53b5d871" testListId="8c84fa94-04c1-424b-9868-57a2d4851a1d" />
  </TestEntries>
  <TestLists>
    <TestList name="Results Not in a List" id="8c84fa94-04c1-424b-9868-57a2d4851a1d" />
    <TestList name="All Loaded Results" id="19431567-8539-422a-85d7-44ee4e166bda" />
  </TestLists>
  <ResultSummary outcome="Failed">
    <Counters total="68" executed="68" passed="65" failed="3" error="0" timeout="0" aborted="0" inconclusive="0" passedButRunAborted="0" notRunnable="0" notExecuted="0" disconnected="0" warning="0" completed="0" inProgress="0" pending="0" />
    <Output>
      <StdOut>[xUnit.net 00:00:00.00] xUnit.net VSTest Adapter v2.5.3.1+6b60a9e56a (64-bit .NET 8.0.25)
[xUnit.net 00:00:00.16]   Discovering: ApartmentManagement.Tests.L1
[xUnit.net 00:00:00.28]   Discovered:  ApartmentManagement.Tests.L1
[xUnit.net 00:00:00.29]   Starting:    ApartmentManagement.Tests.L1
[xUnit.net 00:00:01.05]       Expected result.IsSuccess to be true, but found False.
[xUnit.net 00:00:01.05]       Stack Trace:
[xUnit.net 00:00:01.05]            at FluentAssertions.Execution.XUnit2TestFramework.Throw(String message)
[xUnit.net 00:00:01.05]            at FluentAssertions.Execution.TestFrameworkProvider.Throw(String message)
[xUnit.net 00:00:01.05]            at FluentAssertions.Execution.DefaultAssertionStrategy.HandleFailure(String message)
[xUnit.net 00:00:01.05]            at FluentAssertions.Execution.AssertionScope.FailWith(Func`1 failReasonFunc)
[xUnit.net 00:00:01.05]            at FluentAssertions.Execution.AssertionScope.FailWith(Func`1 failReasonFunc)
[xUnit.net 00:00:01.05]            at FluentAssertions.Execution.AssertionScope.FailWith(String message, Object[] args)
[xUnit.net 00:00:01.05]            at FluentAssertions.Primitives.BooleanAssertions`1.BeTrue(String because, Object[] becauseArgs)
[xUnit.net 00:00:01.05]         /home/runner/work/ourhome/ourhome/backend_unittest/ApartmentManagement.Tests.L1/CompetitionAndServiceHandlerTests.cs(208,0): at ApartmentManagement.Tests.L1.Handlers.AcceptServiceRequestCommandHandlerTests.Handle_WithApprovedProvider_AcceptsRequestAndReturnsSuccess()
[xUnit.net 00:00:01.05]         --- End of stack trace from previous location ---
[xUnit.net 00:00:01.05]       Expected result.ErrorCode to be "NOT_FOUND" with a length of 9, but "SERVICE_PROVIDER_NOT_FOUND" has a length of 26, differs near "SER" (index 0).
[xUnit.net 00:00:01.05]       Stack Trace:
[xUnit.net 00:00:01.05]            at FluentAssertions.Execution.XUnit2TestFramework.Throw(String message)
[xUnit.net 00:00:01.06]            at FluentAssertions.Execution.TestFrameworkProvider.Throw(String message)
[xUnit.net 00:00:01.06]            at FluentAssertions.Execution.DefaultAssertionStrategy.HandleFailure(String message)
[xUnit.net 00:00:01.06]            at FluentAssertions.Execution.AssertionScope.FailWith(Func`1 failReasonFunc)
[xUnit.net 00:00:01.06]            at FluentAssertions.Execution.AssertionScope.FailWith(Func`1 failReasonFunc)
[xUnit.net 00:00:01.06]            at FluentAssertions.Primitives.StringEqualityValidator.ValidateAgainstLengthDifferences()
[xUnit.net 00:00:01.06]            at FluentAssertions.Primitives.StringValidator.Validate()
[xUnit.net 00:00:01.06]            at FluentAssertions.Primitives.StringAssertions`1.Be(String expected, String because, Object[] becauseArgs)
[xUnit.net 00:00:01.06]         /home/runner/work/ourhome/ourhome/backend_unittest/ApartmentManagement.Tests.L1/CompetitionAndServiceHandlerTests.cs(263,0): at ApartmentManagement.Tests.L1.Handlers.AcceptServiceRequestCommandHandlerTests.Handle_WhenRequestNotFound_ReturnsFailure()
[xUnit.net 00:00:01.06]         --- End of stack trace from previous location ---
[xUnit.net 00:00:01.06]       Expected result.ErrorCode to be "SERVICE_PROVIDER_NOT_APPROVED" with a length of 29, but "SERVICE_PROVIDER_NOT_FOUND" has a length of 26, differs near "FOU" (index 21).
[xUnit.net 00:00:01.06]       Stack Trace:
[xUnit.net 00:00:01.06]            at FluentAssertions.Execution.XUnit2TestFramework.Throw(String message)
[xUnit.net 00:00:01.06]            at FluentAssertions.Execution.TestFrameworkProvider.Throw(String message)
[xUnit.net 00:00:01.06]            at FluentAssertions.Execution.DefaultAssertionStrategy.HandleFailure(String message)
[xUnit.net 00:00:01.06]            at FluentAssertions.Execution.AssertionScope.FailWith(Func`1 failReasonFunc)
[xUnit.net 00:00:01.06]            at FluentAssertions.Execution.AssertionScope.FailWith(Func`1 failReasonFunc)
[xUnit.net 00:00:01.06]            at FluentAssertions.Primitives.StringEqualityValidator.ValidateAgainstLengthDifferences()
[xUnit.net 00:00:01.06]            at FluentAssertions.Primitives.StringValidator.Validate()
[xUnit.net 00:00:01.06]            at FluentAssertions.Primitives.StringAssertions`1.Be(String expected, String because, Object[] becauseArgs)
[xUnit.net 00:00:01.06]         /home/runner/work/ourhome/ourhome/backend_unittest/ApartmentManagement.Tests.L1/CompetitionAndServiceHandlerTests.cs(235,0): at ApartmentManagement.Tests.L1.Handlers.AcceptServiceRequestCommandHandlerTests.Handle_WithUnapprovedProvider_ReturnsFailure()
[xUnit.net 00:00:01.06]         --- End of stack trace from previous location ---
[xUnit.net 00:00:01.06]   Finished:    ApartmentManagement.Tests.L1
</StdOut>
    </Output>
    <RunInfos>
      <RunInfo computerName="runnervm35a4x" outcome="Error" timestamp="2026-04-15T15:21:48.2845936+00:00">
        <Text>[xUnit.net 00:00:01.05]     ApartmentManagement.Tests.L1.Handlers.AcceptServiceRequestCommandHandlerTests.Handle_WithApprovedProvider_AcceptsRequestAndReturnsSuccess [FAIL]</Text>
      </RunInfo>
      <RunInfo computerName="runnervm35a4x" outcome="Error" timestamp="2026-04-15T15:21:48.2880553+00:00">
        <Text>[xUnit.net 00:00:01.05]     ApartmentManagement.Tests.L1.Handlers.AcceptServiceRequestCommandHandlerTests.Handle_WhenRequestNotFound_ReturnsFailure [FAIL]</Text>
      </RunInfo>
      <RunInfo computerName="runnervm35a4x" outcome="Error" timestamp="2026-04-15T15:21:48.2946493+00:00">
        <Text>[xUnit.net 00:00:01.06]     ApartmentManagement.Tests.L1.Handlers.AcceptServiceRequestCommandHandlerTests.Handle_WithUnapprovedProvider_ReturnsFailure [FAIL]</Text>
      </RunInfo>
    </RunInfos>
  </ResultSummary>
</TestRun>