{"E:\\projects\\DeftIdea\\Codes\\ourhome\\mobile\\src\\api\\client.ts": {"path":"E:\\projects\\DeftIdea\\Codes\\ourhome\\mobile\\src\\api\\client.ts","statementMap":{"0":{"start":{"line":4,"column":17},"end":{"line":4,"column":77}},"1":{"start":{"line":5,"column":45},"end":{"line":5,"column":49}},"2":{"start":{"line":8,"column":2},"end":{"line":8,"column":31}},"3":{"start":{"line":11,"column":12},"end":{"line":15,"column":2}},"4":{"start":{"line":17,"column":0},"end":{"line":23,"column":3}},"5":{"start":{"line":18,"column":16},"end":{"line":18,"column":43}},"6":{"start":{"line":19,"column":2},"end":{"line":21,"column":3}},"7":{"start":{"line":20,"column":4},"end":{"line":20,"column":56}},"8":{"start":{"line":22,"column":2},"end":{"line":22,"column":16}},"9":{"start":{"line":25,"column":0},"end":{"line":38,"column":2}},"10":{"start":{"line":26,"column":16},"end":{"line":26,"column":24}},"11":{"start":{"line":28,"column":22},"end":{"line":28,"column":93}},"12":{"start":{"line":32,"column":4},"end":{"line":35,"column":5}},"13":{"start":{"line":33,"column":6},"end":{"line":33,"column":37}},"14":{"start":{"line":34,"column":6},"end":{"line":34,"column":28}},"15":{"start":{"line":36,"column":4},"end":{"line":36,"column":33}}},"fnMap":{"0":{"name":"setAuthEventListener","decl":{"start":{"line":7,"column":16},"end":{"line":7,"column":36}},"loc":{"start":{"line":7,"column":65},"end":{"line":9,"column":1}},"line":7},"1":{"name":"(anonymous_1)","decl":{"start":{"line":17,"column":29},"end":{"line":17,"column":30}},"loc":{"start":{"line":17,"column":75},"end":{"line":23,"column":1}},"line":17},"2":{"name":"(anonymous_2)","decl":{"start":{"line":26,"column":2},"end":{"line":26,"column":3}},"loc":{"start":{"line":26,"column":16},"end":{"line":26,"column":24}},"line":26},"3":{"name":"(anonymous_3)","decl":{"start":{"line":27,"column":2},"end":{"line":27,"column":3}},"loc":{"start":{"line":27,"column":31},"end":{"line":37,"column":3}},"line":27}},"branchMap":{"0":{"loc":{"start":{"line":4,"column":17},"end":{"line":4,"column":77}},"type":"binary-expr","locations":[{"start":{"line":4,"column":17},"end":{"line":4,"column":44}},{"start":{"line":4,"column":48},"end":{"line":4,"column":77}}],"line":4},"1":{"loc":{"start":{"line":19,"column":2},"end":{"line":21,"column":3}},"type":"if","locations":[{"start":{"line":19,"column":2},"end":{"line":21,"column":3}},{"start":{},"end":{}}],"line":19},"2":{"loc":{"start":{"line":19,"column":6},"end":{"line":19,"column":29}},"type":"binary-expr","locations":[{"start":{"line":19,"column":6},"end":{"line":19,"column":11}},{"start":{"line":19,"column":15},"end":{"line":19,"column":29}}],"line":19},"3":{"loc":{"start":{"line":32,"column":4},"end":{"line":35,"column":5}},"type":"if","locations":[{"start":{"line":32,"column":4},"end":{"line":35,"column":5}},{"start":{},"end":{}}],"line":32},"4":{"loc":{"start":{"line":32,"column":8},"end":{"line":32,"column":76}},"type":"binary-expr","locations":[{"start":{"line":32,"column":8},"end":{"line":32,"column":38}},{"start":{"line":32,"column":42},"end":{"line":32,"column":76}}],"line":32}},"s":{"0":25,"1":25,"2":3,"3":25,"4":25,"5":0,"6":0,"7":0,"8":0,"9":25,"10":0,"11":3,"12":3,"13":2,"14":2,"15":3},"f":{"0":3,"1":0,"2":0,"3":3},"b":{"0":[25,25],"1":[0,0],"2":[0,0],"3":[2,1],"4":[3,2]},"_coverageSchema":"1a1c01bbd47fc00a2c39e90264f33305004495a9","hash":"07080045de0431300d3890b85a9acf9e63ef922c"}
,"E:\\projects\\DeftIdea\\Codes\\ourhome\\mobile\\src\\api\\endpoints\\agmSession.ts": {"path":"E:\\projects\\DeftIdea\\Codes\\ourhome\\mobile\\src\\api\\endpoints\\agmSession.ts","statementMap":{"0":{"start":{"line":10,"column":29},"end":{"line":19,"column":1}},"1":{"start":{"line":12,"column":4},"end":{"line":12,"column":97}},"2":{"start":{"line":12,"column":90},"end":{"line":12,"column":96}},"3":{"start":{"line":15,"column":4},"end":{"line":15,"column":121}},"4":{"start":{"line":15,"column":114},"end":{"line":15,"column":120}},"5":{"start":{"line":18,"column":4},"end":{"line":18,"column":95}},"6":{"start":{"line":18,"column":88},"end":{"line":18,"column":94}}},"fnMap":{"0":{"name":"(anonymous_0)","decl":{"start":{"line":11,"column":10},"end":{"line":11,"column":11}},"loc":{"start":{"line":12,"column":4},"end":{"line":12,"column":97}},"line":12},"1":{"name":"(anonymous_1)","decl":{"start":{"line":12,"column":83},"end":{"line":12,"column":84}},"loc":{"start":{"line":12,"column":90},"end":{"line":12,"column":96}},"line":12},"2":{"name":"(anonymous_2)","decl":{"start":{"line":14,"column":15},"end":{"line":14,"column":16}},"loc":{"start":{"line":15,"column":4},"end":{"line":15,"column":121}},"line":15},"3":{"name":"(anonymous_3)","decl":{"start":{"line":15,"column":107},"end":{"line":15,"column":108}},"loc":{"start":{"line":15,"column":114},"end":{"line":15,"column":120}},"line":15},"4":{"name":"(anonymous_4)","decl":{"start":{"line":17,"column":14},"end":{"line":17,"column":15}},"loc":{"start":{"line":18,"column":4},"end":{"line":18,"column":95}},"line":18},"5":{"name":"(anonymous_5)","decl":{"start":{"line":18,"column":81},"end":{"line":18,"column":82}},"loc":{"start":{"line":18,"column":88},"end":{"line":18,"column":94}},"line":18}},"branchMap":{},"s":{"0":0,"1":0,"2":0,"3":0,"4":0,"5":0,"6":0},"f":{"0":0,"1":0,"2":0,"3":0,"4":0,"5":0},"b":{}}
,"E:\\projects\\DeftIdea\\Codes\\ourhome\\mobile\\src\\api\\endpoints\\amenities.ts": {"path":"E:\\projects\\DeftIdea\\Codes\\ourhome\\mobile\\src\\api\\endpoints\\amenities.ts","statementMap":{"0":{"start":{"line":11,"column":28},"end":{"line":31,"column":1}},"1":{"start":{"line":13,"column":4},"end":{"line":15,"column":26}},"2":{"start":{"line":15,"column":19},"end":{"line":15,"column":25}},"3":{"start":{"line":19,"column":4},"end":{"line":24,"column":26}},"4":{"start":{"line":24,"column":19},"end":{"line":24,"column":25}},"5":{"start":{"line":28,"column":4},"end":{"line":30,"column":26}},"6":{"start":{"line":30,"column":19},"end":{"line":30,"column":25}}},"fnMap":{"0":{"name":"(anonymous_0)","decl":{"start":{"line":12,"column":16},"end":{"line":12,"column":17}},"loc":{"start":{"line":13,"column":4},"end":{"line":15,"column":26}},"line":13},"1":{"name":"(anonymous_1)","decl":{"start":{"line":15,"column":12},"end":{"line":15,"column":13}},"loc":{"start":{"line":15,"column":19},"end":{"line":15,"column":25}},"line":15},"2":{"name":"(anonymous_2)","decl":{"start":{"line":18,"column":19},"end":{"line":18,"column":20}},"loc":{"start":{"line":19,"column":4},"end":{"line":24,"column":26}},"line":19},"3":{"name":"(anonymous_3)","decl":{"start":{"line":24,"column":12},"end":{"line":24,"column":13}},"loc":{"start":{"line":24,"column":19},"end":{"line":24,"column":25}},"line":24},"4":{"name":"(anonymous_4)","decl":{"start":{"line":27,"column":17},"end":{"line":27,"column":18}},"loc":{"start":{"line":28,"column":4},"end":{"line":30,"column":26}},"line":28},"5":{"name":"(anonymous_5)","decl":{"start":{"line":30,"column":12},"end":{"line":30,"column":13}},"loc":{"start":{"line":30,"column":19},"end":{"line":30,"column":25}},"line":30}},"branchMap":{},"s":{"0":0,"1":0,"2":0,"3":0,"4":0,"5":0,"6":0},"f":{"0":0,"1":0,"2":0,"3":0,"4":0,"5":0},"b":{}}
,"E:\\projects\\DeftIdea\\Codes\\ourhome\\mobile\\src\\api\\endpoints\\apartments.ts": {"path":"E:\\projects\\DeftIdea\\Codes\\ourhome\\mobile\\src\\api\\endpoints\\apartments.ts","statementMap":{"0":{"start":{"line":4,"column":29},"end":{"line":17,"column":1}},"1":{"start":{"line":9,"column":4},"end":{"line":11,"column":26}},"2":{"start":{"line":11,"column":19},"end":{"line":11,"column":25}},"3":{"start":{"line":14,"column":4},"end":{"line":16,"column":26}},"4":{"start":{"line":16,"column":19},"end":{"line":16,"column":25}}},"fnMap":{"0":{"name":"(anonymous_0)","decl":{"start":{"line":5,"column":17},"end":{"line":5,"column":18}},"loc":{"start":{"line":9,"column":4},"end":{"line":11,"column":26}},"line":9},"1":{"name":"(anonymous_1)","decl":{"start":{"line":11,"column":12},"end":{"line":11,"column":13}},"loc":{"start":{"line":11,"column":19},"end":{"line":11,"column":25}},"line":11},"2":{"name":"(anonymous_2)","decl":{"start":{"line":13,"column":16},"end":{"line":13,"column":17}},"loc":{"start":{"line":14,"column":4},"end":{"line":16,"column":26}},"line":14},"3":{"name":"(anonymous_3)","decl":{"start":{"line":16,"column":12},"end":{"line":16,"column":13}},"loc":{"start":{"line":16,"column":19},"end":{"line":16,"column":25}},"line":16}},"branchMap":{},"s":{"0":0,"1":0,"2":0,"3":0,"4":0},"f":{"0":0,"1":0,"2":0,"3":0},"b":{}}
,"E:\\projects\\DeftIdea\\Codes\\ourhome\\mobile\\src\\api\\endpoints\\auth.ts": {"path":"E:\\projects\\DeftIdea\\Codes\\ourhome\\mobile\\src\\api\\endpoints\\auth.ts","statementMap":{"0":{"start":{"line":43,"column":23},"end":{"line":64,"column":1}},"1":{"start":{"line":45,"column":4},"end":{"line":45,"column":68}},"2":{"start":{"line":45,"column":61},"end":{"line":45,"column":67}},"3":{"start":{"line":48,"column":4},"end":{"line":48,"column":109}},"4":{"start":{"line":48,"column":102},"end":{"line":48,"column":108}},"5":{"start":{"line":51,"column":4},"end":{"line":51,"column":123}},"6":{"start":{"line":51,"column":116},"end":{"line":51,"column":122}},"7":{"start":{"line":54,"column":4},"end":{"line":54,"column":105}},"8":{"start":{"line":54,"column":98},"end":{"line":54,"column":104}},"9":{"start":{"line":57,"column":4},"end":{"line":57,"column":70}},"10":{"start":{"line":57,"column":63},"end":{"line":57,"column":69}},"11":{"start":{"line":60,"column":4},"end":{"line":60,"column":56}},"12":{"start":{"line":60,"column":49},"end":{"line":60,"column":55}},"13":{"start":{"line":63,"column":4},"end":{"line":63,"column":114}},"14":{"start":{"line":63,"column":107},"end":{"line":63,"column":113}}},"fnMap":{"0":{"name":"(anonymous_0)","decl":{"start":{"line":44,"column":9},"end":{"line":44,"column":10}},"loc":{"start":{"line":45,"column":4},"end":{"line":45,"column":68}},"line":45},"1":{"name":"(anonymous_1)","decl":{"start":{"line":45,"column":54},"end":{"line":45,"column":55}},"loc":{"start":{"line":45,"column":61},"end":{"line":45,"column":67}},"line":45},"2":{"name":"(anonymous_2)","decl":{"start":{"line":47,"column":19},"end":{"line":47,"column":20}},"loc":{"start":{"line":48,"column":4},"end":{"line":48,"column":109}},"line":48},"3":{"name":"(anonymous_3)","decl":{"start":{"line":48,"column":95},"end":{"line":48,"column":96}},"loc":{"start":{"line":48,"column":102},"end":{"line":48,"column":108}},"line":48},"4":{"name":"(anonymous_4)","decl":{"start":{"line":50,"column":18},"end":{"line":50,"column":19}},"loc":{"start":{"line":51,"column":4},"end":{"line":51,"column":123}},"line":51},"5":{"name":"(anonymous_5)","decl":{"start":{"line":51,"column":109},"end":{"line":51,"column":110}},"loc":{"start":{"line":51,"column":116},"end":{"line":51,"column":122}},"line":51},"6":{"name":"(anonymous_6)","decl":{"start":{"line":53,"column":24},"end":{"line":53,"column":25}},"loc":{"start":{"line":54,"column":4},"end":{"line":54,"column":105}},"line":54},"7":{"name":"(anonymous_7)","decl":{"start":{"line":54,"column":91},"end":{"line":54,"column":92}},"loc":{"start":{"line":54,"column":98},"end":{"line":54,"column":104}},"line":54},"8":{"name":"(anonymous_8)","decl":{"start":{"line":56,"column":24},"end":{"line":56,"column":25}},"loc":{"start":{"line":57,"column":4},"end":{"line":57,"column":70}},"line":57},"9":{"name":"(anonymous_9)","decl":{"start":{"line":57,"column":56},"end":{"line":57,"column":57}},"loc":{"start":{"line":57,"column":63},"end":{"line":57,"column":69}},"line":57},"10":{"name":"(anonymous_10)","decl":{"start":{"line":59,"column":16},"end":{"line":59,"column":17}},"loc":{"start":{"line":60,"column":4},"end":{"line":60,"column":56}},"line":60},"11":{"name":"(anonymous_11)","decl":{"start":{"line":60,"column":42},"end":{"line":60,"column":43}},"loc":{"start":{"line":60,"column":49},"end":{"line":60,"column":55}},"line":60},"12":{"name":"(anonymous_12)","decl":{"start":{"line":62,"column":18},"end":{"line":62,"column":19}},"loc":{"start":{"line":63,"column":4},"end":{"line":63,"column":114}},"line":63},"13":{"name":"(anonymous_13)","decl":{"start":{"line":63,"column":100},"end":{"line":63,"column":101}},"loc":{"start":{"line":63,"column":107},"end":{"line":63,"column":113}},"line":63}},"branchMap":{},"s":{"0":0,"1":0,"2":0,"3":0,"4":0,"5":0,"6":0,"7":0,"8":0,"9":0,"10":0,"11":0,"12":0,"13":0,"14":0},"f":{"0":0,"1":0,"2":0,"3":0,"4":0,"5":0,"6":0,"7":0,"8":0,"9":0,"10":0,"11":0,"12":0,"13":0},"b":{}}
,"E:\\projects\\DeftIdea\\Codes\\ourhome\\mobile\\src\\api\\endpoints\\complaints.ts": {"path":"E:\\projects\\DeftIdea\\Codes\\ourhome\\mobile\\src\\api\\endpoints\\complaints.ts","statementMap":{"0":{"start":{"line":17,"column":29},"end":{"line":41,"column":1}},"1":{"start":{"line":22,"column":4},"end":{"line":24,"column":26}},"2":{"start":{"line":24,"column":19},"end":{"line":24,"column":25}},"3":{"start":{"line":27,"column":4},"end":{"line":29,"column":26}},"4":{"start":{"line":29,"column":19},"end":{"line":29,"column":25}},"5":{"start":{"line":32,"column":4},"end":{"line":34,"column":26}},"6":{"start":{"line":34,"column":19},"end":{"line":34,"column":25}},"7":{"start":{"line":38,"column":4},"end":{"line":40,"column":26}},"8":{"start":{"line":40,"column":19},"end":{"line":40,"column":25}}},"fnMap":{"0":{"name":"(anonymous_0)","decl":{"start":{"line":18,"column":17},"end":{"line":18,"column":18}},"loc":{"start":{"line":22,"column":4},"end":{"line":24,"column":26}},"line":22},"1":{"name":"(anonymous_1)","decl":{"start":{"line":24,"column":12},"end":{"line":24,"column":13}},"loc":{"start":{"line":24,"column":19},"end":{"line":24,"column":25}},"line":24},"2":{"name":"(anonymous_2)","decl":{"start":{"line":26,"column":16},"end":{"line":26,"column":17}},"loc":{"start":{"line":27,"column":4},"end":{"line":29,"column":26}},"line":27},"3":{"name":"(anonymous_3)","decl":{"start":{"line":29,"column":12},"end":{"line":29,"column":13}},"loc":{"start":{"line":29,"column":19},"end":{"line":29,"column":25}},"line":29},"4":{"name":"(anonymous_4)","decl":{"start":{"line":31,"column":19},"end":{"line":31,"column":20}},"loc":{"start":{"line":32,"column":4},"end":{"line":34,"column":26}},"line":32},"5":{"name":"(anonymous_5)","decl":{"start":{"line":34,"column":12},"end":{"line":34,"column":13}},"loc":{"start":{"line":34,"column":19},"end":{"line":34,"column":25}},"line":34},"6":{"name":"(anonymous_6)","decl":{"start":{"line":37,"column":20},"end":{"line":37,"column":21}},"loc":{"start":{"line":38,"column":4},"end":{"line":40,"column":26}},"line":38},"7":{"name":"(anonymous_7)","decl":{"start":{"line":40,"column":12},"end":{"line":40,"column":13}},"loc":{"start":{"line":40,"column":19},"end":{"line":40,"column":25}},"line":40}},"branchMap":{},"s":{"0":0,"1":0,"2":0,"3":0,"4":0,"5":0,"6":0,"7":0,"8":0},"f":{"0":0,"1":0,"2":0,"3":0,"4":0,"5":0,"6":0,"7":0},"b":{}}
,"E:\\projects\\DeftIdea\\Codes\\ourhome\\mobile\\src\\api\\endpoints\\financial-report.ts": {"path":"E:\\projects\\DeftIdea\\Codes\\ourhome\\mobile\\src\\api\\endpoints\\financial-report.ts","statementMap":{"0":{"start":{"line":93,"column":34},"end":{"line":123,"column":1}},"1":{"start":{"line":96,"column":4},"end":{"line":98,"column":26}},"2":{"start":{"line":98,"column":19},"end":{"line":98,"column":25}},"3":{"start":{"line":102,"column":4},"end":{"line":104,"column":26}},"4":{"start":{"line":104,"column":19},"end":{"line":104,"column":25}},"5":{"start":{"line":108,"column":4},"end":{"line":113,"column":26}},"6":{"start":{"line":113,"column":19},"end":{"line":113,"column":25}},"7":{"start":{"line":117,"column":4},"end":{"line":122,"column":26}},"8":{"start":{"line":122,"column":19},"end":{"line":122,"column":25}}},"fnMap":{"0":{"name":"(anonymous_0)","decl":{"start":{"line":95,"column":21},"end":{"line":95,"column":22}},"loc":{"start":{"line":96,"column":4},"end":{"line":98,"column":26}},"line":96},"1":{"name":"(anonymous_1)","decl":{"start":{"line":98,"column":12},"end":{"line":98,"column":13}},"loc":{"start":{"line":98,"column":19},"end":{"line":98,"column":25}},"line":98},"2":{"name":"(anonymous_2)","decl":{"start":{"line":101,"column":16},"end":{"line":101,"column":17}},"loc":{"start":{"line":102,"column":4},"end":{"line":104,"column":26}},"line":102},"3":{"name":"(anonymous_3)","decl":{"start":{"line":104,"column":12},"end":{"line":104,"column":13}},"loc":{"start":{"line":104,"column":19},"end":{"line":104,"column":25}},"line":104},"4":{"name":"(anonymous_4)","decl":{"start":{"line":107,"column":24},"end":{"line":107,"column":25}},"loc":{"start":{"line":108,"column":4},"end":{"line":113,"column":26}},"line":108},"5":{"name":"(anonymous_5)","decl":{"start":{"line":113,"column":12},"end":{"line":113,"column":13}},"loc":{"start":{"line":113,"column":19},"end":{"line":113,"column":25}},"line":113},"6":{"name":"(anonymous_6)","decl":{"start":{"line":116,"column":20},"end":{"line":116,"column":21}},"loc":{"start":{"line":117,"column":4},"end":{"line":122,"column":26}},"line":117},"7":{"name":"(anonymous_7)","decl":{"start":{"line":122,"column":12},"end":{"line":122,"column":13}},"loc":{"start":{"line":122,"column":19},"end":{"line":122,"column":25}},"line":122}},"branchMap":{"0":{"loc":{"start":{"line":111,"column":18},"end":{"line":111,"column":45}},"type":"cond-expr","locations":[{"start":{"line":111,"column":25},"end":{"line":111,"column":33}},{"start":{"line":111,"column":36},"end":{"line":111,"column":45}}],"line":111},"1":{"loc":{"start":{"line":120,"column":24},"end":{"line":120,"column":44}},"type":"cond-expr","locations":[{"start":{"line":120,"column":31},"end":{"line":120,"column":39}},{"start":{"line":120,"column":42},"end":{"line":120,"column":44}}],"line":120},"2":{"loc":{"start":{"line":120,"column":51},"end":{"line":120,"column":67}},"type":"cond-expr","locations":[{"start":{"line":120,"column":56},"end":{"line":120,"column":62}},{"start":{"line":120,"column":65},"end":{"line":120,"column":67}}],"line":120}},"s":{"0":0,"1":0,"2":0,"3":0,"4":0,"5":0,"6":0,"7":0,"8":0},"f":{"0":0,"1":0,"2":0,"3":0,"4":0,"5":0,"6":0,"7":0},"b":{"0":[0,0],"1":[0,0],"2":[0,0]}}
,"E:\\projects\\DeftIdea\\Codes\\ourhome\\mobile\\src\\api\\endpoints\\hqUser.ts": {"path":"E:\\projects\\DeftIdea\\Codes\\ourhome\\mobile\\src\\api\\endpoints\\hqUser.ts","statementMap":{"0":{"start":{"line":11,"column":25},"end":{"line":26,"column":1}},"1":{"start":{"line":13,"column":4},"end":{"line":13,"column":81}},"2":{"start":{"line":13,"column":74},"end":{"line":13,"column":80}},"3":{"start":{"line":16,"column":4},"end":{"line":16,"column":56}},"4":{"start":{"line":16,"column":49},"end":{"line":16,"column":55}},"5":{"start":{"line":19,"column":4},"end":{"line":19,"column":57}},"6":{"start":{"line":19,"column":50},"end":{"line":19,"column":56}},"7":{"start":{"line":22,"column":4},"end":{"line":22,"column":69}},"8":{"start":{"line":22,"column":62},"end":{"line":22,"column":68}},"9":{"start":{"line":25,"column":4},"end":{"line":25,"column":71}},"10":{"start":{"line":25,"column":64},"end":{"line":25,"column":70}}},"fnMap":{"0":{"name":"(anonymous_0)","decl":{"start":{"line":12,"column":15},"end":{"line":12,"column":16}},"loc":{"start":{"line":13,"column":4},"end":{"line":13,"column":81}},"line":13},"1":{"name":"(anonymous_1)","decl":{"start":{"line":13,"column":67},"end":{"line":13,"column":68}},"loc":{"start":{"line":13,"column":74},"end":{"line":13,"column":80}},"line":13},"2":{"name":"(anonymous_2)","decl":{"start":{"line":15,"column":13},"end":{"line":15,"column":14}},"loc":{"start":{"line":16,"column":4},"end":{"line":16,"column":56}},"line":16},"3":{"name":"(anonymous_3)","decl":{"start":{"line":16,"column":42},"end":{"line":16,"column":43}},"loc":{"start":{"line":16,"column":49},"end":{"line":16,"column":55}},"line":16},"4":{"name":"(anonymous_4)","decl":{"start":{"line":18,"column":16},"end":{"line":18,"column":17}},"loc":{"start":{"line":19,"column":4},"end":{"line":19,"column":57}},"line":19},"5":{"name":"(anonymous_5)","decl":{"start":{"line":19,"column":43},"end":{"line":19,"column":44}},"loc":{"start":{"line":19,"column":50},"end":{"line":19,"column":56}},"line":19},"6":{"name":"(anonymous_6)","decl":{"start":{"line":21,"column":18},"end":{"line":21,"column":19}},"loc":{"start":{"line":22,"column":4},"end":{"line":22,"column":69}},"line":22},"7":{"name":"(anonymous_7)","decl":{"start":{"line":22,"column":55},"end":{"line":22,"column":56}},"loc":{"start":{"line":22,"column":62},"end":{"line":22,"column":68}},"line":22},"8":{"name":"(anonymous_8)","decl":{"start":{"line":24,"column":20},"end":{"line":24,"column":21}},"loc":{"start":{"line":25,"column":4},"end":{"line":25,"column":71}},"line":25},"9":{"name":"(anonymous_9)","decl":{"start":{"line":25,"column":57},"end":{"line":25,"column":58}},"loc":{"start":{"line":25,"column":64},"end":{"line":25,"column":70}},"line":25}},"branchMap":{},"s":{"0":0,"1":0,"2":0,"3":0,"4":0,"5":0,"6":0,"7":0,"8":0,"9":0,"10":0},"f":{"0":0,"1":0,"2":0,"3":0,"4":0,"5":0,"6":0,"7":0,"8":0,"9":0},"b":{}}
,"E:\\projects\\DeftIdea\\Codes\\ourhome\\mobile\\src\\api\\endpoints\\maintenance.ts": {"path":"E:\\projects\\DeftIdea\\Codes\\ourhome\\mobile\\src\\api\\endpoints\\maintenance.ts","statementMap":{"0":{"start":{"line":6,"column":17},"end":{"line":6,"column":77}},"1":{"start":{"line":13,"column":30},"end":{"line":60,"column":1}},"2":{"start":{"line":18,"column":4},"end":{"line":23,"column":26}},"3":{"start":{"line":23,"column":19},"end":{"line":23,"column":25}},"4":{"start":{"line":31,"column":18},"end":{"line":31,"column":34}},"5":{"start":{"line":32,"column":17},"end":{"line":32,"column":31}},"6":{"start":{"line":33,"column":4},"end":{"line":37,"column":26}},"7":{"start":{"line":39,"column":21},"end":{"line":43,"column":6}},"8":{"start":{"line":45,"column":4},"end":{"line":47,"column":5}},"9":{"start":{"line":46,"column":6},"end":{"line":46,"column":70}},"10":{"start":{"line":49,"column":4},"end":{"line":49,"column":67}},"11":{"start":{"line":54,"column":4},"end":{"line":59,"column":26}},"12":{"start":{"line":59,"column":19},"end":{"line":59,"column":25}}},"fnMap":{"0":{"name":"(anonymous_0)","decl":{"start":{"line":14,"column":25},"end":{"line":14,"column":26}},"loc":{"start":{"line":18,"column":4},"end":{"line":23,"column":26}},"line":18},"1":{"name":"(anonymous_1)","decl":{"start":{"line":23,"column":12},"end":{"line":23,"column":13}},"loc":{"start":{"line":23,"column":19},"end":{"line":23,"column":25}},"line":23},"2":{"name":"(anonymous_2)","decl":{"start":{"line":30,"column":22},"end":{"line":30,"column":23}},"loc":{"start":{"line":30,"column":108},"end":{"line":50,"column":3}},"line":30},"3":{"name":"(anonymous_3)","decl":{"start":{"line":53,"column":22},"end":{"line":53,"column":23}},"loc":{"start":{"line":54,"column":4},"end":{"line":59,"column":26}},"line":54},"4":{"name":"(anonymous_4)","decl":{"start":{"line":59,"column":12},"end":{"line":59,"column":13}},"loc":{"start":{"line":59,"column":19},"end":{"line":59,"column":25}},"line":59}},"branchMap":{"0":{"loc":{"start":{"line":6,"column":17},"end":{"line":6,"column":77}},"type":"binary-expr","locations":[{"start":{"line":6,"column":17},"end":{"line":6,"column":44}},{"start":{"line":6,"column":48},"end":{"line":6,"column":77}}],"line":6},"1":{"loc":{"start":{"line":41,"column":15},"end":{"line":41,"column":71}},"type":"cond-expr","locations":[{"start":{"line":41,"column":23},"end":{"line":41,"column":59}},{"start":{"line":41,"column":62},"end":{"line":41,"column":71}}],"line":41},"2":{"loc":{"start":{"line":45,"column":4},"end":{"line":47,"column":5}},"type":"if","locations":[{"start":{"line":45,"column":4},"end":{"line":47,"column":5}},{"start":{},"end":{}}],"line":45}},"s":{"0":0,"1":0,"2":0,"3":0,"4":0,"5":0,"6":0,"7":0,"8":0,"9":0,"10":0,"11":0,"12":0},"f":{"0":0,"1":0,"2":0,"3":0,"4":0},"b":{"0":[0,0],"1":[0,0],"2":[0,0]}}
,"E:\\projects\\DeftIdea\\Codes\\ourhome\\mobile\\src\\api\\endpoints\\notices.ts": {"path":"E:\\projects\\DeftIdea\\Codes\\ourhome\\mobile\\src\\api\\endpoints\\notices.ts","statementMap":{"0":{"start":{"line":28,"column":26},"end":{"line":62,"column":1}},"1":{"start":{"line":33,"column":4},"end":{"line":35,"column":26}},"2":{"start":{"line":35,"column":19},"end":{"line":35,"column":25}},"3":{"start":{"line":38,"column":4},"end":{"line":40,"column":26}},"4":{"start":{"line":40,"column":19},"end":{"line":40,"column":25}},"5":{"start":{"line":44,"column":4},"end":{"line":46,"column":26}},"6":{"start":{"line":46,"column":19},"end":{"line":46,"column":25}},"7":{"start":{"line":49,"column":4},"end":{"line":51,"column":26}},"8":{"start":{"line":51,"column":19},"end":{"line":51,"column":25}},"9":{"start":{"line":54,"column":4},"end":{"line":56,"column":26}},"10":{"start":{"line":56,"column":19},"end":{"line":56,"column":25}},"11":{"start":{"line":59,"column":4},"end":{"line":61,"column":26}},"12":{"start":{"line":61,"column":19},"end":{"line":61,"column":25}}},"fnMap":{"0":{"name":"(anonymous_0)","decl":{"start":{"line":29,"column":14},"end":{"line":29,"column":15}},"loc":{"start":{"line":33,"column":4},"end":{"line":35,"column":26}},"line":33},"1":{"name":"(anonymous_1)","decl":{"start":{"line":35,"column":12},"end":{"line":35,"column":13}},"loc":{"start":{"line":35,"column":19},"end":{"line":35,"column":25}},"line":35},"2":{"name":"(anonymous_2)","decl":{"start":{"line":37,"column":13},"end":{"line":37,"column":14}},"loc":{"start":{"line":38,"column":4},"end":{"line":40,"column":26}},"line":38},"3":{"name":"(anonymous_3)","decl":{"start":{"line":40,"column":12},"end":{"line":40,"column":13}},"loc":{"start":{"line":40,"column":19},"end":{"line":40,"column":25}},"line":40},"4":{"name":"(anonymous_4)","decl":{"start":{"line":43,"column":18},"end":{"line":43,"column":19}},"loc":{"start":{"line":44,"column":4},"end":{"line":46,"column":26}},"line":44},"5":{"name":"(anonymous_5)","decl":{"start":{"line":46,"column":12},"end":{"line":46,"column":13}},"loc":{"start":{"line":46,"column":19},"end":{"line":46,"column":25}},"line":46},"6":{"name":"(anonymous_6)","decl":{"start":{"line":48,"column":16},"end":{"line":48,"column":17}},"loc":{"start":{"line":49,"column":4},"end":{"line":51,"column":26}},"line":49},"7":{"name":"(anonymous_7)","decl":{"start":{"line":51,"column":12},"end":{"line":51,"column":13}},"loc":{"start":{"line":51,"column":19},"end":{"line":51,"column":25}},"line":51},"8":{"name":"(anonymous_8)","decl":{"start":{"line":53,"column":16},"end":{"line":53,"column":17}},"loc":{"start":{"line":54,"column":4},"end":{"line":56,"column":26}},"line":54},"9":{"name":"(anonymous_9)","decl":{"start":{"line":56,"column":12},"end":{"line":56,"column":13}},"loc":{"start":{"line":56,"column":19},"end":{"line":56,"column":25}},"line":56},"10":{"name":"(anonymous_10)","decl":{"start":{"line":58,"column":19},"end":{"line":58,"column":20}},"loc":{"start":{"line":59,"column":4},"end":{"line":61,"column":26}},"line":59},"11":{"name":"(anonymous_11)","decl":{"start":{"line":61,"column":12},"end":{"line":61,"column":13}},"loc":{"start":{"line":61,"column":19},"end":{"line":61,"column":25}},"line":61}},"branchMap":{},"s":{"0":0,"1":0,"2":0,"3":0,"4":0,"5":0,"6":0,"7":0,"8":0,"9":0,"10":0,"11":0,"12":0},"f":{"0":0,"1":0,"2":0,"3":0,"4":0,"5":0,"6":0,"7":0,"8":0,"9":0,"10":0,"11":0},"b":{}}
,"E:\\projects\\DeftIdea\\Codes\\ourhome\\mobile\\src\\api\\endpoints\\poll.ts": {"path":"E:\\projects\\DeftIdea\\Codes\\ourhome\\mobile\\src\\api\\endpoints\\poll.ts","statementMap":{"0":{"start":{"line":37,"column":23},"end":{"line":55,"column":1}},"1":{"start":{"line":39,"column":4},"end":{"line":39,"column":77}},"2":{"start":{"line":39,"column":70},"end":{"line":39,"column":76}},"3":{"start":{"line":42,"column":4},"end":{"line":42,"column":108}},"4":{"start":{"line":42,"column":101},"end":{"line":42,"column":107}},"5":{"start":{"line":45,"column":4},"end":{"line":45,"column":76}},"6":{"start":{"line":45,"column":69},"end":{"line":45,"column":75}},"7":{"start":{"line":48,"column":4},"end":{"line":48,"column":98}},"8":{"start":{"line":48,"column":91},"end":{"line":48,"column":97}},"9":{"start":{"line":51,"column":4},"end":{"line":51,"column":83}},"10":{"start":{"line":51,"column":76},"end":{"line":51,"column":82}},"11":{"start":{"line":54,"column":4},"end":{"line":54,"column":93}},"12":{"start":{"line":54,"column":86},"end":{"line":54,"column":92}}},"fnMap":{"0":{"name":"(anonymous_0)","decl":{"start":{"line":38,"column":10},"end":{"line":38,"column":11}},"loc":{"start":{"line":39,"column":4},"end":{"line":39,"column":77}},"line":39},"1":{"name":"(anonymous_1)","decl":{"start":{"line":39,"column":63},"end":{"line":39,"column":64}},"loc":{"start":{"line":39,"column":70},"end":{"line":39,"column":76}},"line":39},"2":{"name":"(anonymous_2)","decl":{"start":{"line":41,"column":12},"end":{"line":41,"column":13}},"loc":{"start":{"line":42,"column":4},"end":{"line":42,"column":108}},"line":42},"3":{"name":"(anonymous_3)","decl":{"start":{"line":42,"column":94},"end":{"line":42,"column":95}},"loc":{"start":{"line":42,"column":101},"end":{"line":42,"column":107}},"line":42},"4":{"name":"(anonymous_4)","decl":{"start":{"line":44,"column":11},"end":{"line":44,"column":12}},"loc":{"start":{"line":45,"column":4},"end":{"line":45,"column":76}},"line":45},"5":{"name":"(anonymous_5)","decl":{"start":{"line":45,"column":62},"end":{"line":45,"column":63}},"loc":{"start":{"line":45,"column":69},"end":{"line":45,"column":75}},"line":45},"6":{"name":"(anonymous_6)","decl":{"start":{"line":47,"column":8},"end":{"line":47,"column":9}},"loc":{"start":{"line":48,"column":4},"end":{"line":48,"column":98}},"line":48},"7":{"name":"(anonymous_7)","decl":{"start":{"line":48,"column":84},"end":{"line":48,"column":85}},"loc":{"start":{"line":48,"column":91},"end":{"line":48,"column":97}},"line":48},"8":{"name":"(anonymous_8)","decl":{"start":{"line":50,"column":9},"end":{"line":50,"column":10}},"loc":{"start":{"line":51,"column":4},"end":{"line":51,"column":83}},"line":51},"9":{"name":"(anonymous_9)","decl":{"start":{"line":51,"column":69},"end":{"line":51,"column":70}},"loc":{"start":{"line":51,"column":76},"end":{"line":51,"column":82}},"line":51},"10":{"name":"(anonymous_10)","decl":{"start":{"line":53,"column":18},"end":{"line":53,"column":19}},"loc":{"start":{"line":54,"column":4},"end":{"line":54,"column":93}},"line":54},"11":{"name":"(anonymous_11)","decl":{"start":{"line":54,"column":79},"end":{"line":54,"column":80}},"loc":{"start":{"line":54,"column":86},"end":{"line":54,"column":92}},"line":54}},"branchMap":{},"s":{"0":0,"1":0,"2":0,"3":0,"4":0,"5":0,"6":0,"7":0,"8":0,"9":0,"10":0,"11":0,"12":0},"f":{"0":0,"1":0,"2":0,"3":0,"4":0,"5":0,"6":0,"7":0,"8":0,"9":0,"10":0,"11":0},"b":{}}
,"E:\\projects\\DeftIdea\\Codes\\ourhome\\mobile\\src\\api\\endpoints\\profile.ts": {"path":"E:\\projects\\DeftIdea\\Codes\\ourhome\\mobile\\src\\api\\endpoints\\profile.ts","statementMap":{"0":{"start":{"line":4,"column":26},"end":{"line":52,"column":1}},"1":{"start":{"line":7,"column":4},"end":{"line":9,"column":26}},"2":{"start":{"line":9,"column":19},"end":{"line":9,"column":25}},"3":{"start":{"line":13,"column":4},"end":{"line":15,"column":26}},"4":{"start":{"line":15,"column":19},"end":{"line":15,"column":25}},"5":{"start":{"line":23,"column":4},"end":{"line":25,"column":26}},"6":{"start":{"line":25,"column":19},"end":{"line":25,"column":25}},"7":{"start":{"line":29,"column":4},"end":{"line":31,"column":26}},"8":{"start":{"line":31,"column":19},"end":{"line":31,"column":25}},"9":{"start":{"line":34,"column":4},"end":{"line":36,"column":26}},"10":{"start":{"line":36,"column":19},"end":{"line":36,"column":25}},"11":{"start":{"line":45,"column":4},"end":{"line":51,"column":26}},"12":{"start":{"line":51,"column":19},"end":{"line":51,"column":25}}},"fnMap":{"0":{"name":"(anonymous_0)","decl":{"start":{"line":6,"column":14},"end":{"line":6,"column":15}},"loc":{"start":{"line":7,"column":4},"end":{"line":9,"column":26}},"line":7},"1":{"name":"(anonymous_1)","decl":{"start":{"line":9,"column":12},"end":{"line":9,"column":13}},"loc":{"start":{"line":9,"column":19},"end":{"line":9,"column":25}},"line":9},"2":{"name":"(anonymous_2)","decl":{"start":{"line":12,"column":17},"end":{"line":12,"column":18}},"loc":{"start":{"line":13,"column":4},"end":{"line":15,"column":26}},"line":13},"3":{"name":"(anonymous_3)","decl":{"start":{"line":15,"column":12},"end":{"line":15,"column":13}},"loc":{"start":{"line":15,"column":19},"end":{"line":15,"column":25}},"line":15},"4":{"name":"(anonymous_4)","decl":{"start":{"line":18,"column":18},"end":{"line":18,"column":19}},"loc":{"start":{"line":23,"column":4},"end":{"line":25,"column":26}},"line":23},"5":{"name":"(anonymous_5)","decl":{"start":{"line":25,"column":12},"end":{"line":25,"column":13}},"loc":{"start":{"line":25,"column":19},"end":{"line":25,"column":25}},"line":25},"6":{"name":"(anonymous_6)","decl":{"start":{"line":28,"column":29},"end":{"line":28,"column":30}},"loc":{"start":{"line":29,"column":4},"end":{"line":31,"column":26}},"line":29},"7":{"name":"(anonymous_7)","decl":{"start":{"line":31,"column":12},"end":{"line":31,"column":13}},"loc":{"start":{"line":31,"column":19},"end":{"line":31,"column":25}},"line":31},"8":{"name":"(anonymous_8)","decl":{"start":{"line":33,"column":30},"end":{"line":33,"column":31}},"loc":{"start":{"line":34,"column":4},"end":{"line":36,"column":26}},"line":34},"9":{"name":"(anonymous_9)","decl":{"start":{"line":36,"column":12},"end":{"line":36,"column":13}},"loc":{"start":{"line":36,"column":19},"end":{"line":36,"column":25}},"line":36},"10":{"name":"(anonymous_10)","decl":{"start":{"line":38,"column":27},"end":{"line":38,"column":28}},"loc":{"start":{"line":45,"column":4},"end":{"line":51,"column":26}},"line":45},"11":{"name":"(anonymous_11)","decl":{"start":{"line":51,"column":12},"end":{"line":51,"column":13}},"loc":{"start":{"line":51,"column":19},"end":{"line":51,"column":25}},"line":51}},"branchMap":{},"s":{"0":0,"1":0,"2":0,"3":0,"4":0,"5":0,"6":0,"7":0,"8":0,"9":0,"10":0,"11":0,"12":0},"f":{"0":0,"1":0,"2":0,"3":0,"4":0,"5":0,"6":0,"7":0,"8":0,"9":0,"10":0,"11":0},"b":{}}
,"E:\\projects\\DeftIdea\\Codes\\ourhome\\mobile\\src\\api\\endpoints\\residents.ts": {"path":"E:\\projects\\DeftIdea\\Codes\\ourhome\\mobile\\src\\api\\endpoints\\residents.ts","statementMap":{"0":{"start":{"line":4,"column":28},"end":{"line":20,"column":1}},"1":{"start":{"line":9,"column":4},"end":{"line":11,"column":26}},"2":{"start":{"line":11,"column":19},"end":{"line":11,"column":25}},"3":{"start":{"line":14,"column":4},"end":{"line":16,"column":26}},"4":{"start":{"line":16,"column":19},"end":{"line":16,"column":25}},"5":{"start":{"line":19,"column":4},"end":{"line":19,"column":79}},"6":{"start":{"line":19,"column":72},"end":{"line":19,"column":78}}},"fnMap":{"0":{"name":"(anonymous_0)","decl":{"start":{"line":5,"column":16},"end":{"line":5,"column":17}},"loc":{"start":{"line":9,"column":4},"end":{"line":11,"column":26}},"line":9},"1":{"name":"(anonymous_1)","decl":{"start":{"line":11,"column":12},"end":{"line":11,"column":13}},"loc":{"start":{"line":11,"column":19},"end":{"line":11,"column":25}},"line":11},"2":{"name":"(anonymous_2)","decl":{"start":{"line":13,"column":15},"end":{"line":13,"column":16}},"loc":{"start":{"line":14,"column":4},"end":{"line":16,"column":26}},"line":14},"3":{"name":"(anonymous_3)","decl":{"start":{"line":16,"column":12},"end":{"line":16,"column":13}},"loc":{"start":{"line":16,"column":19},"end":{"line":16,"column":25}},"line":16},"4":{"name":"(anonymous_4)","decl":{"start":{"line":18,"column":18},"end":{"line":18,"column":19}},"loc":{"start":{"line":19,"column":4},"end":{"line":19,"column":79}},"line":19},"5":{"name":"(anonymous_5)","decl":{"start":{"line":19,"column":65},"end":{"line":19,"column":66}},"loc":{"start":{"line":19,"column":72},"end":{"line":19,"column":78}},"line":19}},"branchMap":{},"s":{"0":0,"1":0,"2":0,"3":0,"4":0,"5":0,"6":0},"f":{"0":0,"1":0,"2":0,"3":0,"4":0,"5":0},"b":{}}
,"E:\\projects\\DeftIdea\\Codes\\ourhome\\mobile\\src\\api\\endpoints\\society.ts": {"path":"E:\\projects\\DeftIdea\\Codes\\ourhome\\mobile\\src\\api\\endpoints\\society.ts","statementMap":{"0":{"start":{"line":93,"column":26},"end":{"line":114,"column":1}},"1":{"start":{"line":95,"column":4},"end":{"line":95,"column":67}},"2":{"start":{"line":95,"column":60},"end":{"line":95,"column":66}},"3":{"start":{"line":98,"column":4},"end":{"line":98,"column":73}},"4":{"start":{"line":98,"column":66},"end":{"line":98,"column":72}},"5":{"start":{"line":101,"column":4},"end":{"line":101,"column":85}},"6":{"start":{"line":101,"column":78},"end":{"line":101,"column":84}},"7":{"start":{"line":104,"column":4},"end":{"line":104,"column":75}},"8":{"start":{"line":104,"column":68},"end":{"line":104,"column":74}},"9":{"start":{"line":107,"column":4},"end":{"line":107,"column":77}},"10":{"start":{"line":107,"column":70},"end":{"line":107,"column":76}},"11":{"start":{"line":110,"column":4},"end":{"line":110,"column":79}},"12":{"start":{"line":110,"column":72},"end":{"line":110,"column":78}},"13":{"start":{"line":113,"column":4},"end":{"line":113,"column":87}},"14":{"start":{"line":113,"column":80},"end":{"line":113,"column":86}}},"fnMap":{"0":{"name":"(anonymous_0)","decl":{"start":{"line":94,"column":14},"end":{"line":94,"column":15}},"loc":{"start":{"line":95,"column":4},"end":{"line":95,"column":67}},"line":95},"1":{"name":"(anonymous_1)","decl":{"start":{"line":95,"column":53},"end":{"line":95,"column":54}},"loc":{"start":{"line":95,"column":60},"end":{"line":95,"column":66}},"line":95},"2":{"name":"(anonymous_2)","decl":{"start":{"line":97,"column":17},"end":{"line":97,"column":18}},"loc":{"start":{"line":98,"column":4},"end":{"line":98,"column":73}},"line":98},"3":{"name":"(anonymous_3)","decl":{"start":{"line":98,"column":59},"end":{"line":98,"column":60}},"loc":{"start":{"line":98,"column":66},"end":{"line":98,"column":72}},"line":98},"4":{"name":"(anonymous_4)","decl":{"start":{"line":100,"column":17},"end":{"line":100,"column":18}},"loc":{"start":{"line":101,"column":4},"end":{"line":101,"column":85}},"line":101},"5":{"name":"(anonymous_5)","decl":{"start":{"line":101,"column":71},"end":{"line":101,"column":72}},"loc":{"start":{"line":101,"column":78},"end":{"line":101,"column":84}},"line":101},"6":{"name":"(anonymous_6)","decl":{"start":{"line":103,"column":17},"end":{"line":103,"column":18}},"loc":{"start":{"line":104,"column":4},"end":{"line":104,"column":75}},"line":104},"7":{"name":"(anonymous_7)","decl":{"start":{"line":104,"column":61},"end":{"line":104,"column":62}},"loc":{"start":{"line":104,"column":68},"end":{"line":104,"column":74}},"line":104},"8":{"name":"(anonymous_8)","decl":{"start":{"line":106,"column":19},"end":{"line":106,"column":20}},"loc":{"start":{"line":107,"column":4},"end":{"line":107,"column":77}},"line":107},"9":{"name":"(anonymous_9)","decl":{"start":{"line":107,"column":63},"end":{"line":107,"column":64}},"loc":{"start":{"line":107,"column":70},"end":{"line":107,"column":76}},"line":107},"10":{"name":"(anonymous_10)","decl":{"start":{"line":109,"column":21},"end":{"line":109,"column":22}},"loc":{"start":{"line":110,"column":4},"end":{"line":110,"column":79}},"line":110},"11":{"name":"(anonymous_11)","decl":{"start":{"line":110,"column":65},"end":{"line":110,"column":66}},"loc":{"start":{"line":110,"column":72},"end":{"line":110,"column":78}},"line":110},"12":{"name":"(anonymous_12)","decl":{"start":{"line":112,"column":20},"end":{"line":112,"column":21}},"loc":{"start":{"line":113,"column":4},"end":{"line":113,"column":87}},"line":113},"13":{"name":"(anonymous_13)","decl":{"start":{"line":113,"column":73},"end":{"line":113,"column":74}},"loc":{"start":{"line":113,"column":80},"end":{"line":113,"column":86}},"line":113}},"branchMap":{},"s":{"0":24,"1":0,"2":0,"3":0,"4":0,"5":0,"6":0,"7":0,"8":0,"9":0,"10":0,"11":0,"12":0,"13":0,"14":0},"f":{"0":0,"1":0,"2":0,"3":0,"4":0,"5":0,"6":0,"7":0,"8":0,"9":0,"10":0,"11":0,"12":0,"13":0},"b":{},"_coverageSchema":"1a1c01bbd47fc00a2c39e90264f33305004495a9","hash":"7cdecb5d9f4f1c6cf4d9e978d169763cc5f12593"}
,"E:\\projects\\DeftIdea\\Codes\\ourhome\\mobile\\src\\api\\endpoints\\sos.ts": {"path":"E:\\projects\\DeftIdea\\Codes\\ourhome\\mobile\\src\\api\\endpoints\\sos.ts","statementMap":{"0":{"start":{"line":15,"column":22},"end":{"line":41,"column":1}},"1":{"start":{"line":17,"column":4},"end":{"line":17,"column":86}},"2":{"start":{"line":17,"column":79},"end":{"line":17,"column":85}},"3":{"start":{"line":23,"column":4},"end":{"line":23,"column":110}},"4":{"start":{"line":23,"column":103},"end":{"line":23,"column":109}},"5":{"start":{"line":26,"column":4},"end":{"line":26,"column":85}},"6":{"start":{"line":26,"column":78},"end":{"line":26,"column":84}},"7":{"start":{"line":29,"column":4},"end":{"line":29,"column":98}},"8":{"start":{"line":29,"column":91},"end":{"line":29,"column":97}},"9":{"start":{"line":32,"column":4},"end":{"line":32,"column":94}},"10":{"start":{"line":32,"column":87},"end":{"line":32,"column":93}},"11":{"start":{"line":35,"column":4},"end":{"line":35,"column":98}},"12":{"start":{"line":35,"column":91},"end":{"line":35,"column":97}},"13":{"start":{"line":38,"column":4},"end":{"line":40,"column":26}},"14":{"start":{"line":40,"column":19},"end":{"line":40,"column":25}}},"fnMap":{"0":{"name":"(anonymous_0)","decl":{"start":{"line":16,"column":11},"end":{"line":16,"column":12}},"loc":{"start":{"line":17,"column":4},"end":{"line":17,"column":86}},"line":17},"1":{"name":"(anonymous_1)","decl":{"start":{"line":17,"column":72},"end":{"line":17,"column":73}},"loc":{"start":{"line":17,"column":79},"end":{"line":17,"column":85}},"line":17},"2":{"name":"(anonymous_2)","decl":{"start":{"line":19,"column":13},"end":{"line":19,"column":14}},"loc":{"start":{"line":23,"column":4},"end":{"line":23,"column":110}},"line":23},"3":{"name":"(anonymous_3)","decl":{"start":{"line":23,"column":96},"end":{"line":23,"column":97}},"loc":{"start":{"line":23,"column":103},"end":{"line":23,"column":109}},"line":23},"4":{"name":"(anonymous_4)","decl":{"start":{"line":25,"column":12},"end":{"line":25,"column":13}},"loc":{"start":{"line":26,"column":4},"end":{"line":26,"column":85}},"line":26},"5":{"name":"(anonymous_5)","decl":{"start":{"line":26,"column":71},"end":{"line":26,"column":72}},"loc":{"start":{"line":26,"column":78},"end":{"line":26,"column":84}},"line":26},"6":{"name":"(anonymous_6)","decl":{"start":{"line":28,"column":15},"end":{"line":28,"column":16}},"loc":{"start":{"line":29,"column":4},"end":{"line":29,"column":98}},"line":29},"7":{"name":"(anonymous_7)","decl":{"start":{"line":29,"column":84},"end":{"line":29,"column":85}},"loc":{"start":{"line":29,"column":91},"end":{"line":29,"column":97}},"line":29},"8":{"name":"(anonymous_8)","decl":{"start":{"line":31,"column":11},"end":{"line":31,"column":12}},"loc":{"start":{"line":32,"column":4},"end":{"line":32,"column":94}},"line":32},"9":{"name":"(anonymous_9)","decl":{"start":{"line":32,"column":80},"end":{"line":32,"column":81}},"loc":{"start":{"line":32,"column":87},"end":{"line":32,"column":93}},"line":32},"10":{"name":"(anonymous_10)","decl":{"start":{"line":34,"column":18},"end":{"line":34,"column":19}},"loc":{"start":{"line":35,"column":4},"end":{"line":35,"column":98}},"line":35},"11":{"name":"(anonymous_11)","decl":{"start":{"line":35,"column":84},"end":{"line":35,"column":85}},"loc":{"start":{"line":35,"column":91},"end":{"line":35,"column":97}},"line":35},"12":{"name":"(anonymous_12)","decl":{"start":{"line":37,"column":13},"end":{"line":37,"column":14}},"loc":{"start":{"line":38,"column":4},"end":{"line":40,"column":26}},"line":38},"13":{"name":"(anonymous_13)","decl":{"start":{"line":40,"column":12},"end":{"line":40,"column":13}},"loc":{"start":{"line":40,"column":19},"end":{"line":40,"column":25}},"line":40}},"branchMap":{},"s":{"0":0,"1":0,"2":0,"3":0,"4":0,"5":0,"6":0,"7":0,"8":0,"9":0,"10":0,"11":0,"12":0,"13":0,"14":0},"f":{"0":0,"1":0,"2":0,"3":0,"4":0,"5":0,"6":0,"7":0,"8":0,"9":0,"10":0,"11":0,"12":0,"13":0},"b":{}}
,"E:\\projects\\DeftIdea\\Codes\\ourhome\\mobile\\src\\api\\endpoints\\staff.ts": {"path":"E:\\projects\\DeftIdea\\Codes\\ourhome\\mobile\\src\\api\\endpoints\\staff.ts","statementMap":{"0":{"start":{"line":36,"column":24},"end":{"line":73,"column":1}},"1":{"start":{"line":38,"column":4},"end":{"line":38,"column":102}},"2":{"start":{"line":38,"column":95},"end":{"line":38,"column":101}},"3":{"start":{"line":41,"column":4},"end":{"line":41,"column":77}},"4":{"start":{"line":41,"column":70},"end":{"line":41,"column":76}},"5":{"start":{"line":44,"column":4},"end":{"line":44,"column":78}},"6":{"start":{"line":44,"column":71},"end":{"line":44,"column":77}},"7":{"start":{"line":47,"column":4},"end":{"line":47,"column":83}},"8":{"start":{"line":47,"column":76},"end":{"line":47,"column":82}},"9":{"start":{"line":50,"column":4},"end":{"line":50,"column":91}},"10":{"start":{"line":50,"column":84},"end":{"line":50,"column":90}},"11":{"start":{"line":53,"column":4},"end":{"line":53,"column":97}},"12":{"start":{"line":53,"column":90},"end":{"line":53,"column":96}},"13":{"start":{"line":56,"column":4},"end":{"line":56,"column":98}},"14":{"start":{"line":56,"column":91},"end":{"line":56,"column":97}},"15":{"start":{"line":59,"column":4},"end":{"line":59,"column":91}},"16":{"start":{"line":59,"column":84},"end":{"line":59,"column":90}},"17":{"start":{"line":62,"column":4},"end":{"line":62,"column":74}},"18":{"start":{"line":62,"column":67},"end":{"line":62,"column":73}},"19":{"start":{"line":65,"column":4},"end":{"line":65,"column":79}},"20":{"start":{"line":65,"column":72},"end":{"line":65,"column":78}},"21":{"start":{"line":68,"column":4},"end":{"line":72,"column":26}},"22":{"start":{"line":72,"column":19},"end":{"line":72,"column":25}}},"fnMap":{"0":{"name":"(anonymous_0)","decl":{"start":{"line":37,"column":12},"end":{"line":37,"column":13}},"loc":{"start":{"line":38,"column":4},"end":{"line":38,"column":102}},"line":38},"1":{"name":"(anonymous_1)","decl":{"start":{"line":38,"column":88},"end":{"line":38,"column":89}},"loc":{"start":{"line":38,"column":95},"end":{"line":38,"column":101}},"line":38},"2":{"name":"(anonymous_2)","decl":{"start":{"line":40,"column":18},"end":{"line":40,"column":19}},"loc":{"start":{"line":41,"column":4},"end":{"line":41,"column":77}},"line":41},"3":{"name":"(anonymous_3)","decl":{"start":{"line":41,"column":63},"end":{"line":41,"column":64}},"loc":{"start":{"line":41,"column":70},"end":{"line":41,"column":76}},"line":41},"4":{"name":"(anonymous_4)","decl":{"start":{"line":43,"column":15},"end":{"line":43,"column":16}},"loc":{"start":{"line":44,"column":4},"end":{"line":44,"column":78}},"line":44},"5":{"name":"(anonymous_5)","decl":{"start":{"line":44,"column":64},"end":{"line":44,"column":65}},"loc":{"start":{"line":44,"column":71},"end":{"line":44,"column":77}},"line":44},"6":{"name":"(anonymous_6)","decl":{"start":{"line":46,"column":15},"end":{"line":46,"column":16}},"loc":{"start":{"line":47,"column":4},"end":{"line":47,"column":83}},"line":47},"7":{"name":"(anonymous_7)","decl":{"start":{"line":47,"column":69},"end":{"line":47,"column":70}},"loc":{"start":{"line":47,"column":76},"end":{"line":47,"column":82}},"line":47},"8":{"name":"(anonymous_8)","decl":{"start":{"line":49,"column":19},"end":{"line":49,"column":20}},"loc":{"start":{"line":50,"column":4},"end":{"line":50,"column":91}},"line":50},"9":{"name":"(anonymous_9)","decl":{"start":{"line":50,"column":77},"end":{"line":50,"column":78}},"loc":{"start":{"line":50,"column":84},"end":{"line":50,"column":90}},"line":50},"10":{"name":"(anonymous_10)","decl":{"start":{"line":52,"column":11},"end":{"line":52,"column":12}},"loc":{"start":{"line":53,"column":4},"end":{"line":53,"column":97}},"line":53},"11":{"name":"(anonymous_11)","decl":{"start":{"line":53,"column":83},"end":{"line":53,"column":84}},"loc":{"start":{"line":53,"column":90},"end":{"line":53,"column":96}},"line":53},"12":{"name":"(anonymous_12)","decl":{"start":{"line":55,"column":12},"end":{"line":55,"column":13}},"loc":{"start":{"line":56,"column":4},"end":{"line":56,"column":98}},"line":56},"13":{"name":"(anonymous_13)","decl":{"start":{"line":56,"column":84},"end":{"line":56,"column":85}},"loc":{"start":{"line":56,"column":91},"end":{"line":56,"column":97}},"line":56},"14":{"name":"(anonymous_14)","decl":{"start":{"line":58,"column":13},"end":{"line":58,"column":14}},"loc":{"start":{"line":59,"column":4},"end":{"line":59,"column":91}},"line":59},"15":{"name":"(anonymous_15)","decl":{"start":{"line":59,"column":77},"end":{"line":59,"column":78}},"loc":{"start":{"line":59,"column":84},"end":{"line":59,"column":90}},"line":59},"16":{"name":"(anonymous_16)","decl":{"start":{"line":61,"column":13},"end":{"line":61,"column":14}},"loc":{"start":{"line":62,"column":4},"end":{"line":62,"column":74}},"line":62},"17":{"name":"(anonymous_17)","decl":{"start":{"line":62,"column":60},"end":{"line":62,"column":61}},"loc":{"start":{"line":62,"column":67},"end":{"line":62,"column":73}},"line":62},"18":{"name":"(anonymous_18)","decl":{"start":{"line":64,"column":15},"end":{"line":64,"column":16}},"loc":{"start":{"line":65,"column":4},"end":{"line":65,"column":79}},"line":65},"19":{"name":"(anonymous_19)","decl":{"start":{"line":65,"column":65},"end":{"line":65,"column":66}},"loc":{"start":{"line":65,"column":72},"end":{"line":65,"column":78}},"line":65},"20":{"name":"(anonymous_20)","decl":{"start":{"line":67,"column":23},"end":{"line":67,"column":24}},"loc":{"start":{"line":68,"column":4},"end":{"line":72,"column":26}},"line":68},"21":{"name":"(anonymous_21)","decl":{"start":{"line":72,"column":12},"end":{"line":72,"column":13}},"loc":{"start":{"line":72,"column":19},"end":{"line":72,"column":25}},"line":72}},"branchMap":{"0":{"loc":{"start":{"line":70,"column":40},"end":{"line":70,"column":68}},"type":"cond-expr","locations":[{"start":{"line":70,"column":51},"end":{"line":70,"column":63}},{"start":{"line":70,"column":66},"end":{"line":70,"column":68}}],"line":70}},"s":{"0":0,"1":0,"2":0,"3":0,"4":0,"5":0,"6":0,"7":0,"8":0,"9":0,"10":0,"11":0,"12":0,"13":0,"14":0,"15":0,"16":0,"17":0,"18":0,"19":0,"20":0,"21":0,"22":0},"f":{"0":0,"1":0,"2":0,"3":0,"4":0,"5":0,"6":0,"7":0,"8":0,"9":0,"10":0,"11":0,"12":0,"13":0,"14":0,"15":0,"16":0,"17":0,"18":0,"19":0,"20":0,"21":0},"b":{"0":[0,0]}}
,"E:\\projects\\DeftIdea\\Codes\\ourhome\\mobile\\src\\api\\endpoints\\vendor-payments.ts": {"path":"E:\\projects\\DeftIdea\\Codes\\ourhome\\mobile\\src\\api\\endpoints\\vendor-payments.ts","statementMap":{"0":{"start":{"line":30,"column":33},"end":{"line":42,"column":1}},"1":{"start":{"line":36,"column":4},"end":{"line":41,"column":26}},"2":{"start":{"line":41,"column":19},"end":{"line":41,"column":25}}},"fnMap":{"0":{"name":"(anonymous_0)","decl":{"start":{"line":32,"column":20},"end":{"line":32,"column":21}},"loc":{"start":{"line":36,"column":4},"end":{"line":41,"column":26}},"line":36},"1":{"name":"(anonymous_1)","decl":{"start":{"line":41,"column":12},"end":{"line":41,"column":13}},"loc":{"start":{"line":41,"column":19},"end":{"line":41,"column":25}},"line":41}},"branchMap":{},"s":{"0":0,"1":0,"2":0},"f":{"0":0,"1":0},"b":{}}
,"E:\\projects\\DeftIdea\\Codes\\ourhome\\mobile\\src\\api\\endpoints\\visitors.ts": {"path":"E:\\projects\\DeftIdea\\Codes\\ourhome\\mobile\\src\\api\\endpoints\\visitors.ts","statementMap":{"0":{"start":{"line":18,"column":27},"end":{"line":63,"column":1}},"1":{"start":{"line":23,"column":4},"end":{"line":25,"column":26}},"2":{"start":{"line":25,"column":19},"end":{"line":25,"column":25}},"3":{"start":{"line":28,"column":4},"end":{"line":30,"column":26}},"4":{"start":{"line":30,"column":19},"end":{"line":30,"column":25}},"5":{"start":{"line":33,"column":4},"end":{"line":35,"column":26}},"6":{"start":{"line":35,"column":19},"end":{"line":35,"column":25}},"7":{"start":{"line":38,"column":4},"end":{"line":40,"column":26}},"8":{"start":{"line":40,"column":19},"end":{"line":40,"column":25}},"9":{"start":{"line":43,"column":4},"end":{"line":45,"column":26}},"10":{"start":{"line":45,"column":19},"end":{"line":45,"column":25}},"11":{"start":{"line":48,"column":4},"end":{"line":50,"column":26}},"12":{"start":{"line":50,"column":19},"end":{"line":50,"column":25}},"13":{"start":{"line":55,"column":4},"end":{"line":57,"column":26}},"14":{"start":{"line":57,"column":19},"end":{"line":57,"column":25}},"15":{"start":{"line":60,"column":4},"end":{"line":62,"column":26}},"16":{"start":{"line":62,"column":19},"end":{"line":62,"column":25}}},"fnMap":{"0":{"name":"(anonymous_0)","decl":{"start":{"line":19,"column":15},"end":{"line":19,"column":16}},"loc":{"start":{"line":23,"column":4},"end":{"line":25,"column":26}},"line":23},"1":{"name":"(anonymous_1)","decl":{"start":{"line":25,"column":12},"end":{"line":25,"column":13}},"loc":{"start":{"line":25,"column":19},"end":{"line":25,"column":25}},"line":25},"2":{"name":"(anonymous_2)","decl":{"start":{"line":27,"column":14},"end":{"line":27,"column":15}},"loc":{"start":{"line":28,"column":4},"end":{"line":30,"column":26}},"line":28},"3":{"name":"(anonymous_3)","decl":{"start":{"line":30,"column":12},"end":{"line":30,"column":13}},"loc":{"start":{"line":30,"column":19},"end":{"line":30,"column":25}},"line":30},"4":{"name":"(anonymous_4)","decl":{"start":{"line":32,"column":19},"end":{"line":32,"column":20}},"loc":{"start":{"line":33,"column":4},"end":{"line":35,"column":26}},"line":33},"5":{"name":"(anonymous_5)","decl":{"start":{"line":35,"column":12},"end":{"line":35,"column":13}},"loc":{"start":{"line":35,"column":19},"end":{"line":35,"column":25}},"line":35},"6":{"name":"(anonymous_6)","decl":{"start":{"line":37,"column":18},"end":{"line":37,"column":19}},"loc":{"start":{"line":38,"column":4},"end":{"line":40,"column":26}},"line":38},"7":{"name":"(anonymous_7)","decl":{"start":{"line":40,"column":12},"end":{"line":40,"column":13}},"loc":{"start":{"line":40,"column":19},"end":{"line":40,"column":25}},"line":40},"8":{"name":"(anonymous_8)","decl":{"start":{"line":42,"column":15},"end":{"line":42,"column":16}},"loc":{"start":{"line":43,"column":4},"end":{"line":45,"column":26}},"line":43},"9":{"name":"(anonymous_9)","decl":{"start":{"line":45,"column":12},"end":{"line":45,"column":13}},"loc":{"start":{"line":45,"column":19},"end":{"line":45,"column":25}},"line":45},"10":{"name":"(anonymous_10)","decl":{"start":{"line":47,"column":19},"end":{"line":47,"column":20}},"loc":{"start":{"line":48,"column":4},"end":{"line":50,"column":26}},"line":48},"11":{"name":"(anonymous_11)","decl":{"start":{"line":50,"column":12},"end":{"line":50,"column":13}},"loc":{"start":{"line":50,"column":19},"end":{"line":50,"column":25}},"line":50},"12":{"name":"(anonymous_12)","decl":{"start":{"line":54,"column":24},"end":{"line":54,"column":25}},"loc":{"start":{"line":55,"column":4},"end":{"line":57,"column":26}},"line":55},"13":{"name":"(anonymous_13)","decl":{"start":{"line":57,"column":12},"end":{"line":57,"column":13}},"loc":{"start":{"line":57,"column":19},"end":{"line":57,"column":25}},"line":57},"14":{"name":"(anonymous_14)","decl":{"start":{"line":59,"column":14},"end":{"line":59,"column":15}},"loc":{"start":{"line":60,"column":4},"end":{"line":62,"column":26}},"line":60},"15":{"name":"(anonymous_15)","decl":{"start":{"line":62,"column":12},"end":{"line":62,"column":13}},"loc":{"start":{"line":62,"column":19},"end":{"line":62,"column":25}},"line":62}},"branchMap":{},"s":{"0":0,"1":0,"2":0,"3":0,"4":0,"5":0,"6":0,"7":0,"8":0,"9":0,"10":0,"11":0,"12":0,"13":0,"14":0,"15":0,"16":0},"f":{"0":0,"1":0,"2":0,"3":0,"4":0,"5":0,"6":0,"7":0,"8":0,"9":0,"10":0,"11":0,"12":0,"13":0,"14":0,"15":0},"b":{}}
,"E:\\projects\\DeftIdea\\Codes\\ourhome\\mobile\\src\\auth\\AuthProvider.tsx": {"path":"E:\\projects\\DeftIdea\\Codes\\ourhome\\mobile\\src\\auth\\AuthProvider.tsx","statementMap":{"0":{"start":{"line":22,"column":2},"end":{"line":42,"column":3}},"1":{"start":{"line":23,"column":18},"end":{"line":23,"column":34}},"2":{"start":{"line":24,"column":23},"end":{"line":24,"column":31}},"3":{"start":{"line":25,"column":4},"end":{"line":25,"column":31}},"4":{"start":{"line":25,"column":21},"end":{"line":25,"column":31}},"5":{"start":{"line":27,"column":19},"end":{"line":30,"column":5}},"6":{"start":{"line":31,"column":19},"end":{"line":31,"column":63}},"7":{"start":{"line":33,"column":24},"end":{"line":38,"column":5}},"8":{"start":{"line":36,"column":20},"end":{"line":36,"column":73}},"9":{"start":{"line":39,"column":4},"end":{"line":39,"column":49}},"10":{"start":{"line":41,"column":4},"end":{"line":41,"column":14}},"11":{"start":{"line":53,"column":20},"end":{"line":53,"column":92}},"12":{"start":{"line":56,"column":32},"end":{"line":56,"column":47}},"13":{"start":{"line":57,"column":33},"end":{"line":57,"column":47}},"14":{"start":{"line":58,"column":22},"end":{"line":58,"column":52}},"15":{"start":{"line":58,"column":43},"end":{"line":58,"column":51}},"16":{"start":{"line":59,"column":23},"end":{"line":59,"column":59}},"17":{"start":{"line":59,"column":44},"end":{"line":59,"column":58}},"18":{"start":{"line":60,"column":26},"end":{"line":60,"column":64}},"19":{"start":{"line":60,"column":46},"end":{"line":60,"column":63}},"20":{"start":{"line":61,"column":20},"end":{"line":61,"column":58}},"21":{"start":{"line":61,"column":40},"end":{"line":61,"column":57}},"22":{"start":{"line":63,"column":2},"end":{"line":113,"column":27}},"23":{"start":{"line":65,"column":6},"end":{"line":105,"column":7}},"24":{"start":{"line":66,"column":28},"end":{"line":66,"column":55}},"25":{"start":{"line":67,"column":8},"end":{"line":99,"column":9}},"26":{"start":{"line":68,"column":26},"end":{"line":68,"column":55}},"27":{"start":{"line":69,"column":22},"end":{"line":69,"column":33}},"28":{"start":{"line":70,"column":26},"end":{"line":70,"column":63}},"29":{"start":{"line":72,"column":10},"end":{"line":98,"column":11}},"30":{"start":{"line":73,"column":36},"end":{"line":73,"column":69}},"31":{"start":{"line":74,"column":12},"end":{"line":94,"column":13}},"32":{"start":{"line":76,"column":16},"end":{"line":78,"column":24}},"33":{"start":{"line":79,"column":33},"end":{"line":89,"column":15}},"34":{"start":{"line":90,"column":14},"end":{"line":90,"column":41}},"35":{"start":{"line":92,"column":14},"end":{"line":92,"column":45}},"36":{"start":{"line":93,"column":14},"end":{"line":93,"column":26}},"37":{"start":{"line":96,"column":12},"end":{"line":96,"column":43}},"38":{"start":{"line":97,"column":12},"end":{"line":97,"column":24}},"39":{"start":{"line":101,"column":8},"end":{"line":101,"column":39}},"40":{"start":{"line":102,"column":8},"end":{"line":102,"column":20}},"41":{"start":{"line":104,"column":8},"end":{"line":104,"column":25}},"42":{"start":{"line":108,"column":4},"end":{"line":108,"column":26}},"43":{"start":{"line":110,"column":4},"end":{"line":112,"column":7}},"44":{"start":{"line":111,"column":6},"end":{"line":111,"column":18}},"45":{"start":{"line":117,"column":2},"end":{"line":121,"column":49}},"46":{"start":{"line":118,"column":4},"end":{"line":120,"column":5}},"47":{"start":{"line":119,"column":6},"end":{"line":119,"column":35}},"48":{"start":{"line":123,"column":23},"end":{"line":123,"column":69}},"49":{"start":{"line":125,"column":2},"end":{"line":125,"column":28}},"50":{"start":{"line":125,"column":16},"end":{"line":125,"column":28}},"51":{"start":{"line":127,"column":2},"end":{"line":131,"column":4}},"52":{"start":{"line":135,"column":2},"end":{"line":135,"column":33}}},"fnMap":{"0":{"name":"decodeJwtPayload","decl":{"start":{"line":21,"column":9},"end":{"line":21,"column":25}},"loc":{"start":{"line":21,"column":53},"end":{"line":43,"column":1}},"line":21},"1":{"name":"(anonymous_1)","decl":{"start":{"line":36,"column":13},"end":{"line":36,"column":14}},"loc":{"start":{"line":36,"column":20},"end":{"line":36,"column":73}},"line":36},"2":{"name":"AuthProvider","decl":{"start":{"line":55,"column":16},"end":{"line":55,"column":28}},"loc":{"start":{"line":55,"column":74},"end":{"line":132,"column":1}},"line":55},"3":{"name":"(anonymous_3)","decl":{"start":{"line":58,"column":36},"end":{"line":58,"column":37}},"loc":{"start":{"line":58,"column":43},"end":{"line":58,"column":51}},"line":58},"4":{"name":"(anonymous_4)","decl":{"start":{"line":59,"column":37},"end":{"line":59,"column":38}},"loc":{"start":{"line":59,"column":44},"end":{"line":59,"column":58}},"line":59},"5":{"name":"(anonymous_5)","decl":{"start":{"line":60,"column":39},"end":{"line":60,"column":40}},"loc":{"start":{"line":60,"column":46},"end":{"line":60,"column":63}},"line":60},"6":{"name":"(anonymous_6)","decl":{"start":{"line":61,"column":33},"end":{"line":61,"column":34}},"loc":{"start":{"line":61,"column":40},"end":{"line":61,"column":57}},"line":61},"7":{"name":"(anonymous_7)","decl":{"start":{"line":63,"column":12},"end":{"line":63,"column":13}},"loc":{"start":{"line":63,"column":18},"end":{"line":113,"column":3}},"line":63},"8":{"name":"restoreSession","decl":{"start":{"line":64,"column":19},"end":{"line":64,"column":33}},"loc":{"start":{"line":64,"column":51},"end":{"line":106,"column":5}},"line":64},"9":{"name":"(anonymous_9)","decl":{"start":{"line":110,"column":25},"end":{"line":110,"column":26}},"loc":{"start":{"line":110,"column":31},"end":{"line":112,"column":5}},"line":110},"10":{"name":"(anonymous_10)","decl":{"start":{"line":117,"column":12},"end":{"line":117,"column":13}},"loc":{"start":{"line":117,"column":18},"end":{"line":121,"column":3}},"line":117},"11":{"name":"useAuthContext","decl":{"start":{"line":134,"column":16},"end":{"line":134,"column":30}},"loc":{"start":{"line":134,"column":51},"end":{"line":136,"column":1}},"line":134}},"branchMap":{"0":{"loc":{"start":{"line":25,"column":4},"end":{"line":25,"column":31}},"type":"if","locations":[{"start":{"line":25,"column":4},"end":{"line":25,"column":31}},{"start":{},"end":{}}],"line":25},"1":{"loc":{"start":{"line":67,"column":8},"end":{"line":99,"column":9}},"type":"if","locations":[{"start":{"line":67,"column":8},"end":{"line":99,"column":9}},{"start":{},"end":{}}],"line":67},"2":{"loc":{"start":{"line":70,"column":26},"end":{"line":70,"column":63}},"type":"cond-expr","locations":[{"start":{"line":70,"column":32},"end":{"line":70,"column":55}},{"start":{"line":70,"column":58},"end":{"line":70,"column":63}}],"line":70},"3":{"loc":{"start":{"line":72,"column":10},"end":{"line":98,"column":11}},"type":"if","locations":[{"start":{"line":72,"column":10},"end":{"line":98,"column":11}},{"start":{"line":95,"column":17},"end":{"line":98,"column":11}}],"line":72},"4":{"loc":{"start":{"line":74,"column":12},"end":{"line":94,"column":13}},"type":"if","locations":[{"start":{"line":74,"column":12},"end":{"line":94,"column":13}},{"start":{"line":91,"column":19},"end":{"line":94,"column":13}}],"line":74},"5":{"loc":{"start":{"line":76,"column":16},"end":{"line":78,"column":24}},"type":"binary-expr","locations":[{"start":{"line":76,"column":16},"end":{"line":76,"column":28}},{"start":{"line":77,"column":16},"end":{"line":77,"column":87}},{"start":{"line":78,"column":16},"end":{"line":78,"column":24}}],"line":76},"6":{"loc":{"start":{"line":80,"column":20},"end":{"line":80,"column":55}},"type":"binary-expr","locations":[{"start":{"line":80,"column":20},"end":{"line":80,"column":31}},{"start":{"line":80,"column":35},"end":{"line":80,"column":49}},{"start":{"line":80,"column":53},"end":{"line":80,"column":55}}],"line":80},"7":{"loc":{"start":{"line":81,"column":27},"end":{"line":81,"column":50}},"type":"binary-expr","locations":[{"start":{"line":81,"column":27},"end":{"line":81,"column":44}},{"start":{"line":81,"column":48},"end":{"line":81,"column":50}}],"line":81},"8":{"loc":{"start":{"line":82,"column":26},"end":{"line":82,"column":45}},"type":"binary-expr","locations":[{"start":{"line":82,"column":26},"end":{"line":82,"column":39}},{"start":{"line":82,"column":43},"end":{"line":82,"column":45}}],"line":82},"9":{"loc":{"start":{"line":83,"column":23},"end":{"line":83,"column":42}},"type":"binary-expr","locations":[{"start":{"line":83,"column":23},"end":{"line":83,"column":36}},{"start":{"line":83,"column":40},"end":{"line":83,"column":42}}],"line":83},"10":{"loc":{"start":{"line":118,"column":4},"end":{"line":120,"column":5}},"type":"if","locations":[{"start":{"line":118,"column":4},"end":{"line":120,"column":5}},{"start":{},"end":{}}],"line":118},"11":{"loc":{"start":{"line":118,"column":8},"end":{"line":118,"column":36}},"type":"binary-expr","locations":[{"start":{"line":118,"column":8},"end":{"line":118,"column":23}},{"start":{"line":118,"column":27},"end":{"line":118,"column":36}}],"line":118},"12":{"loc":{"start":{"line":123,"column":23},"end":{"line":123,"column":69}},"type":"binary-expr","locations":[{"start":{"line":123,"column":23},"end":{"line":123,"column":39}},{"start":{"line":123,"column":43},"end":{"line":123,"column":69}}],"line":123},"13":{"loc":{"start":{"line":125,"column":2},"end":{"line":125,"column":28}},"type":"if","locations":[{"start":{"line":125,"column":2},"end":{"line":125,"column":28}},{"start":{},"end":{}}],"line":125}},"s":{"0":0,"1":0,"2":0,"3":0,"4":0,"5":0,"6":0,"7":0,"8":0,"9":0,"10":0,"11":0,"12":0,"13":0,"14":0,"15":0,"16":0,"17":0,"18":0,"19":0,"20":0,"21":0,"22":0,"23":0,"24":0,"25":0,"26":0,"27":0,"28":0,"29":0,"30":0,"31":0,"32":0,"33":0,"34":0,"35":0,"36":0,"37":0,"38":0,"39":0,"40":0,"41":0,"42":0,"43":0,"44":0,"45":0,"46":0,"47":0,"48":0,"49":0,"50":0,"51":0,"52":0},"f":{"0":0,"1":0,"2":0,"3":0,"4":0,"5":0,"6":0,"7":0,"8":0,"9":0,"10":0,"11":0},"b":{"0":[0,0],"1":[0,0],"2":[0,0],"3":[0,0],"4":[0,0],"5":[0,0,0],"6":[0,0,0],"7":[0,0],"8":[0,0],"9":[0,0],"10":[0,0],"11":[0,0],"12":[0,0],"13":[0,0]}}
,"E:\\projects\\DeftIdea\\Codes\\ourhome\\mobile\\src\\auth\\biometric.ts": {"path":"E:\\projects\\DeftIdea\\Codes\\ourhome\\mobile\\src\\auth\\biometric.ts","statementMap":{"0":{"start":{"line":4,"column":22},"end":{"line":4,"column":66}},"1":{"start":{"line":5,"column":2},"end":{"line":5,"column":33}},"2":{"start":{"line":5,"column":20},"end":{"line":5,"column":33}},"3":{"start":{"line":7,"column":21},"end":{"line":7,"column":64}},"4":{"start":{"line":8,"column":2},"end":{"line":8,"column":32}},"5":{"start":{"line":8,"column":19},"end":{"line":8,"column":32}},"6":{"start":{"line":10,"column":17},"end":{"line":14,"column":4}},"7":{"start":{"line":16,"column":2},"end":{"line":16,"column":24}},"8":{"start":{"line":20,"column":22},"end":{"line":20,"column":66}},"9":{"start":{"line":21,"column":21},"end":{"line":21,"column":64}},"10":{"start":{"line":22,"column":2},"end":{"line":22,"column":35}}},"fnMap":{"0":{"name":"authenticateWithBiometric","decl":{"start":{"line":3,"column":22},"end":{"line":3,"column":47}},"loc":{"start":{"line":3,"column":68},"end":{"line":17,"column":1}},"line":3},"1":{"name":"isBiometricAvailable","decl":{"start":{"line":19,"column":22},"end":{"line":19,"column":42}},"loc":{"start":{"line":19,"column":63},"end":{"line":23,"column":1}},"line":19}},"branchMap":{"0":{"loc":{"start":{"line":5,"column":2},"end":{"line":5,"column":33}},"type":"if","locations":[{"start":{"line":5,"column":2},"end":{"line":5,"column":33}},{"start":{},"end":{}}],"line":5},"1":{"loc":{"start":{"line":8,"column":2},"end":{"line":8,"column":32}},"type":"if","locations":[{"start":{"line":8,"column":2},"end":{"line":8,"column":32}},{"start":{},"end":{}}],"line":8},"2":{"loc":{"start":{"line":22,"column":9},"end":{"line":22,"column":34}},"type":"binary-expr","locations":[{"start":{"line":22,"column":9},"end":{"line":22,"column":20}},{"start":{"line":22,"column":24},"end":{"line":22,"column":34}}],"line":22}},"s":{"0":4,"1":4,"2":1,"3":3,"4":3,"5":1,"6":2,"7":2,"8":2,"9":2,"10":2},"f":{"0":4,"1":2},"b":{"0":[1,3],"1":[1,2],"2":[2,1]},"_coverageSchema":"1a1c01bbd47fc00a2c39e90264f33305004495a9","hash":"10a53b2eb0cbdfe0062f02980562e7bd3b6ec8d3"}
,"E:\\projects\\DeftIdea\\Codes\\ourhome\\mobile\\src\\auth\\loginPreference.ts": {"path":"E:\\projects\\DeftIdea\\Codes\\ourhome\\mobile\\src\\auth\\loginPreference.ts","statementMap":{"0":{"start":{"line":5,"column":25},"end":{"line":5,"column":47}},"1":{"start":{"line":8,"column":17},"end":{"line":8,"column":65}},"2":{"start":{"line":9,"column":2},"end":{"line":9,"column":48}},"3":{"start":{"line":13,"column":2},"end":{"line":13,"column":59}}},"fnMap":{"0":{"name":"getLoginMethod","decl":{"start":{"line":7,"column":22},"end":{"line":7,"column":36}},"loc":{"start":{"line":7,"column":61},"end":{"line":10,"column":1}},"line":7},"1":{"name":"setLoginMethod","decl":{"start":{"line":12,"column":22},"end":{"line":12,"column":36}},"loc":{"start":{"line":12,"column":73},"end":{"line":14,"column":1}},"line":12}},"branchMap":{"0":{"loc":{"start":{"line":9,"column":9},"end":{"line":9,"column":47}},"type":"cond-expr","locations":[{"start":{"line":9,"column":30},"end":{"line":9,"column":37}},{"start":{"line":9,"column":40},"end":{"line":9,"column":47}}],"line":9}},"s":{"0":1,"1":2,"2":2,"3":1},"f":{"0":2,"1":1},"b":{"0":[1,1]},"_coverageSchema":"1a1c01bbd47fc00a2c39e90264f33305004495a9","hash":"d08f4294b2ddb256006e613239647c0e5fe0eb43"}
,"E:\\projects\\DeftIdea\\Codes\\ourhome\\mobile\\src\\auth\\tokenStore.ts": {"path":"E:\\projects\\DeftIdea\\Codes\\ourhome\\mobile\\src\\auth\\tokenStore.ts","statementMap":{"0":{"start":{"line":3,"column":16},"end":{"line":3,"column":29}},"1":{"start":{"line":4,"column":24},"end":{"line":4,"column":45}},"2":{"start":{"line":7,"column":2},"end":{"line":7,"column":43}},"3":{"start":{"line":11,"column":2},"end":{"line":11,"column":49}},"4":{"start":{"line":15,"column":2},"end":{"line":15,"column":51}},"5":{"start":{"line":19,"column":2},"end":{"line":19,"column":57}},"6":{"start":{"line":23,"column":2},"end":{"line":26,"column":5}}},"fnMap":{"0":{"name":"getToken","decl":{"start":{"line":6,"column":22},"end":{"line":6,"column":30}},"loc":{"start":{"line":6,"column":57},"end":{"line":8,"column":1}},"line":6},"1":{"name":"setToken","decl":{"start":{"line":10,"column":22},"end":{"line":10,"column":30}},"loc":{"start":{"line":10,"column":61},"end":{"line":12,"column":1}},"line":10},"2":{"name":"getRefreshToken","decl":{"start":{"line":14,"column":22},"end":{"line":14,"column":37}},"loc":{"start":{"line":14,"column":64},"end":{"line":16,"column":1}},"line":14},"3":{"name":"setRefreshToken","decl":{"start":{"line":18,"column":22},"end":{"line":18,"column":37}},"loc":{"start":{"line":18,"column":68},"end":{"line":20,"column":1}},"line":18},"4":{"name":"clearTokens","decl":{"start":{"line":22,"column":22},"end":{"line":22,"column":33}},"loc":{"start":{"line":22,"column":51},"end":{"line":27,"column":1}},"line":22}},"branchMap":{},"s":{"0":27,"1":27,"2":4,"3":1,"4":0,"5":0,"6":1},"f":{"0":4,"1":1,"2":0,"3":0,"4":1},"b":{},"_coverageSchema":"1a1c01bbd47fc00a2c39e90264f33305004495a9","hash":"dd6a2d7b05ab0dba1429b7ec39891f4be69efda5"}
,"E:\\projects\\DeftIdea\\Codes\\ourhome\\mobile\\src\\auth\\useAuth.ts": {"path":"E:\\projects\\DeftIdea\\Codes\\ourhome\\mobile\\src\\auth\\useAuth.ts","statementMap":{"0":{"start":{"line":16,"column":2},"end":{"line":27,"column":4}},"1":{"start":{"line":31,"column":63},"end":{"line":31,"column":77}},"2":{"start":{"line":34,"column":21},"end":{"line":34,"column":77}},"3":{"start":{"line":36,"column":4},"end":{"line":41,"column":5}},"4":{"start":{"line":38,"column":18},"end":{"line":38,"column":49}},"5":{"start":{"line":39,"column":6},"end":{"line":39,"column":87}},"6":{"start":{"line":40,"column":6},"end":{"line":40,"column":16}},"7":{"start":{"line":43,"column":4},"end":{"line":43,"column":46}},"8":{"start":{"line":44,"column":4},"end":{"line":44,"column":51}},"9":{"start":{"line":48,"column":21},"end":{"line":48,"column":77}},"10":{"start":{"line":49,"column":4},"end":{"line":49,"column":52}},"11":{"start":{"line":50,"column":4},"end":{"line":50,"column":57}},"12":{"start":{"line":54,"column":4},"end":{"line":54,"column":35}},"13":{"start":{"line":55,"column":4},"end":{"line":55,"column":16}},"14":{"start":{"line":58,"column":2},"end":{"line":58,"column":71}}},"fnMap":{"0":{"name":"toUser","decl":{"start":{"line":15,"column":9},"end":{"line":15,"column":15}},"loc":{"start":{"line":15,"column":40},"end":{"line":28,"column":1}},"line":15},"1":{"name":"useAuth","decl":{"start":{"line":30,"column":16},"end":{"line":30,"column":23}},"loc":{"start":{"line":30,"column":41},"end":{"line":59,"column":1}},"line":30},"2":{"name":"login","decl":{"start":{"line":33,"column":17},"end":{"line":33,"column":22}},"loc":{"start":{"line":33,"column":96},"end":{"line":45,"column":3}},"line":33},"3":{"name":"loginWithOtp","decl":{"start":{"line":47,"column":17},"end":{"line":47,"column":29}},"loc":{"start":{"line":47,"column":97},"end":{"line":51,"column":3}},"line":47},"4":{"name":"logout","decl":{"start":{"line":53,"column":17},"end":{"line":53,"column":23}},"loc":{"start":{"line":53,"column":41},"end":{"line":56,"column":3}},"line":53}},"branchMap":{"0":{"loc":{"start":{"line":21,"column":11},"end":{"line":21,"column":26}},"type":"binary-expr","locations":[{"start":{"line":21,"column":11},"end":{"line":21,"column":20}},{"start":{"line":21,"column":24},"end":{"line":21,"column":26}}],"line":21},"1":{"loc":{"start":{"line":23,"column":18},"end":{"line":23,"column":63}},"type":"binary-expr","locations":[{"start":{"line":23,"column":19},"end":{"line":23,"column":51}},{"start":{"line":23,"column":56},"end":{"line":23,"column":63}}],"line":23},"2":{"loc":{"start":{"line":24,"column":17},"end":{"line":24,"column":45}},"type":"binary-expr","locations":[{"start":{"line":24,"column":17},"end":{"line":24,"column":32}},{"start":{"line":24,"column":36},"end":{"line":24,"column":45}}],"line":24},"3":{"loc":{"start":{"line":36,"column":4},"end":{"line":41,"column":5}},"type":"if","locations":[{"start":{"line":36,"column":4},"end":{"line":41,"column":5}},{"start":{},"end":{}}],"line":36},"4":{"loc":{"start":{"line":36,"column":8},"end":{"line":36,"column":71}},"type":"binary-expr","locations":[{"start":{"line":36,"column":8},"end":{"line":36,"column":34}},{"start":{"line":36,"column":38},"end":{"line":36,"column":53}},{"start":{"line":36,"column":57},"end":{"line":36,"column":71}}],"line":36}},"s":{"0":1,"1":3,"2":0,"3":0,"4":0,"5":0,"6":0,"7":0,"8":0,"9":2,"10":1,"11":1,"12":0,"13":0,"14":3},"f":{"0":1,"1":3,"2":0,"3":2,"4":0},"b":{"0":[1,0],"1":[1,0],"2":[1,0],"3":[0,0],"4":[0,0,0]},"_coverageSchema":"1a1c01bbd47fc00a2c39e90264f33305004495a9","hash":"45c23381510ca952c60687ef17b81ca683011ca2"}
,"E:\\projects\\DeftIdea\\Codes\\ourhome\\mobile\\src\\camera\\CameraCapture.tsx": {"path":"E:\\projects\\DeftIdea\\Codes\\ourhome\\mobile\\src\\camera\\CameraCapture.tsx","statementMap":{"0":{"start":{"line":25,"column":24},"end":{"line":25,"column":47}},"1":{"start":{"line":26,"column":42},"end":{"line":26,"column":64}},"2":{"start":{"line":27,"column":20},"end":{"line":27,"column":44}},"3":{"start":{"line":30,"column":4},"end":{"line":30,"column":35}},"4":{"start":{"line":30,"column":28},"end":{"line":30,"column":35}},"5":{"start":{"line":31,"column":4},"end":{"line":38,"column":5}},"6":{"start":{"line":32,"column":20},"end":{"line":32,"column":78}},"7":{"start":{"line":33,"column":6},"end":{"line":35,"column":7}},"8":{"start":{"line":34,"column":8},"end":{"line":34,"column":29}},"9":{"start":{"line":37,"column":6},"end":{"line":37,"column":70}},"10":{"start":{"line":42,"column":16},"end":{"line":42,"column":33}},"11":{"start":{"line":43,"column":4},"end":{"line":45,"column":5}},"12":{"start":{"line":44,"column":6},"end":{"line":44,"column":21}},"13":{"start":{"line":49,"column":4},"end":{"line":49,"column":30}},"14":{"start":{"line":52,"column":2},"end":{"line":118,"column":4}},"15":{"start":{"line":58,"column":27},"end":{"line":58,"column":43}},"16":{"start":{"line":66,"column":27},"end":{"line":66,"column":44}},"17":{"start":{"line":82,"column":35},"end":{"line":82,"column":55}},"18":{"start":{"line":95,"column":33},"end":{"line":95,"column":63}},"19":{"start":{"line":106,"column":29},"end":{"line":106,"column":49}},"20":{"start":{"line":121,"column":15},"end":{"line":192,"column":2}}},"fnMap":{"0":{"name":"CameraCapture","decl":{"start":{"line":24,"column":16},"end":{"line":24,"column":29}},"loc":{"start":{"line":24,"column":83},"end":{"line":119,"column":1}},"line":24},"1":{"name":"handleCapture","decl":{"start":{"line":29,"column":17},"end":{"line":29,"column":30}},"loc":{"start":{"line":29,"column":48},"end":{"line":39,"column":3}},"line":29},"2":{"name":"handleGallery","decl":{"start":{"line":41,"column":17},"end":{"line":41,"column":30}},"loc":{"start":{"line":41,"column":48},"end":{"line":46,"column":3}},"line":41},"3":{"name":"handleRequestPermission","decl":{"start":{"line":48,"column":17},"end":{"line":48,"column":40}},"loc":{"start":{"line":48,"column":58},"end":{"line":50,"column":3}},"line":48},"4":{"name":"(anonymous_4)","decl":{"start":{"line":58,"column":21},"end":{"line":58,"column":22}},"loc":{"start":{"line":58,"column":27},"end":{"line":58,"column":43}},"line":58},"5":{"name":"(anonymous_5)","decl":{"start":{"line":66,"column":21},"end":{"line":66,"column":22}},"loc":{"start":{"line":66,"column":27},"end":{"line":66,"column":44}},"line":66},"6":{"name":"(anonymous_6)","decl":{"start":{"line":82,"column":29},"end":{"line":82,"column":30}},"loc":{"start":{"line":82,"column":35},"end":{"line":82,"column":55}},"line":82},"7":{"name":"(anonymous_7)","decl":{"start":{"line":95,"column":27},"end":{"line":95,"column":28}},"loc":{"start":{"line":95,"column":33},"end":{"line":95,"column":63}},"line":95},"8":{"name":"(anonymous_8)","decl":{"start":{"line":106,"column":23},"end":{"line":106,"column":24}},"loc":{"start":{"line":106,"column":29},"end":{"line":106,"column":49}},"line":106}},"branchMap":{"0":{"loc":{"start":{"line":30,"column":4},"end":{"line":30,"column":35}},"type":"if","locations":[{"start":{"line":30,"column":4},"end":{"line":30,"column":35}},{"start":{},"end":{}}],"line":30},"1":{"loc":{"start":{"line":33,"column":6},"end":{"line":35,"column":7}},"type":"if","locations":[{"start":{"line":33,"column":6},"end":{"line":35,"column":7}},{"start":{},"end":{}}],"line":33},"2":{"loc":{"start":{"line":43,"column":4},"end":{"line":45,"column":5}},"type":"if","locations":[{"start":{"line":43,"column":4},"end":{"line":45,"column":5}},{"start":{},"end":{}}],"line":43},"3":{"loc":{"start":{"line":57,"column":32},"end":{"line":57,"column":68}},"type":"binary-expr","locations":[{"start":{"line":57,"column":32},"end":{"line":57,"column":48}},{"start":{"line":57,"column":52},"end":{"line":57,"column":68}}],"line":57},"4":{"loc":{"start":{"line":60,"column":42},"end":{"line":60,"column":82}},"type":"binary-expr","locations":[{"start":{"line":60,"column":42},"end":{"line":60,"column":58}},{"start":{"line":60,"column":62},"end":{"line":60,"column":82}}],"line":60},"5":{"loc":{"start":{"line":65,"column":32},"end":{"line":65,"column":69}},"type":"binary-expr","locations":[{"start":{"line":65,"column":32},"end":{"line":65,"column":49}},{"start":{"line":65,"column":53},"end":{"line":65,"column":69}}],"line":65},"6":{"loc":{"start":{"line":68,"column":42},"end":{"line":68,"column":83}},"type":"binary-expr","locations":[{"start":{"line":68,"column":42},"end":{"line":68,"column":59}},{"start":{"line":68,"column":63},"end":{"line":68,"column":83}}],"line":68},"7":{"loc":{"start":{"line":74,"column":9},"end":{"line":111,"column":9}},"type":"cond-expr","locations":[{"start":{"line":75,"column":10},"end":{"line":101,"column":17}},{"start":{"line":103,"column":10},"end":{"line":110,"column":17}}],"line":74},"8":{"loc":{"start":{"line":76,"column":13},"end":{"line":100,"column":13}},"type":"cond-expr","locations":[{"start":{"line":77,"column":14},"end":{"line":87,"column":17}},{"start":{"line":89,"column":14},"end":{"line":99,"column":21}}],"line":76}},"s":{"0":0,"1":0,"2":0,"3":0,"4":0,"5":0,"6":0,"7":0,"8":0,"9":0,"10":0,"11":0,"12":0,"1
[...]
,"E:\\projects\\DeftIdea\\Codes\\ourhome\\mobile\\src\\shared\\utils\\currency.ts": {"path":"E:\\projects\\DeftIdea\\Codes\\ourhome\\mobile\\src\\shared\\utils\\currency.ts","statementMap":{"0":{"start":{"line":2,"column":2},"end":{"line":6,"column":20}}},"fnMap":{"0":{"name":"formatCurrency","decl":{"start":{"line":1,"column":16},"end":{"line":1,"column":30}},"loc":{"start":{"line":1,"column":55},"end":{"line":7,"column":1}},"line":1}},"branchMap":{},"s":{"0":19},"f":{"0":19},"b":{},"_coverageSchema":"1a1c01bbd47fc00a2c39e90264f33305004495a9","hash":"0c6aa0b579b7b549e4014fd588fa6c3efee9783d"}
,"E:\\projects\\DeftIdea\\Codes\\ourhome\\mobile\\src\\shared\\utils\\date.ts": {"path":"E:\\projects\\DeftIdea\\Codes\\ourhome\\mobile\\src\\shared\\utils\\date.ts","statementMap":{"0":{"start":{"line":1,"column":17},"end":{"line":5,"column":2}},"1":{"start":{"line":7,"column":21},"end":{"line":13,"column":2}},"2":{"start":{"line":16,"column":2},"end":{"line":16,"column":26}},"3":{"start":{"line":16,"column":14},"end":{"line":16,"column":26}},"4":{"start":{"line":17,"column":12},"end":{"line":17,"column":27}},"5":{"start":{"line":18,"column":2},"end":{"line":18,"column":39}},"6":{"start":{"line":22,"column":12},"end":{"line":22,"column":28}},"7":{"start":{"line":23,"column":2},"end":{"line":23,"column":38}},"8":{"start":{"line":27,"column":12},"end":{"line":27,"column":28}},"9":{"start":{"line":28,"column":2},"end":{"line":28,"column":42}},"10":{"start":{"line":32,"column":12},"end":{"line":32,"column":28}},"11":{"start":{"line":33,"column":2},"end":{"line":33,"column":38}}},"fnMap":{"0":{"name":"parseDate","decl":{"start":{"line":15,"column":9},"end":{"line":15,"column":18}},"loc":{"start":{"line":15,"column":66},"end":{"line":19,"column":1}},"line":15},"1":{"name":"formatDate","decl":{"start":{"line":21,"column":16},"end":{"line":21,"column":26}},"loc":{"start":{"line":21,"column":69},"end":{"line":24,"column":1}},"line":21},"2":{"name":"formatDateTime","decl":{"start":{"line":26,"column":16},"end":{"line":26,"column":30}},"loc":{"start":{"line":26,"column":73},"end":{"line":29,"column":1}},"line":26},"3":{"name":"isOverdue","decl":{"start":{"line":31,"column":16},"end":{"line":31,"column":25}},"loc":{"start":{"line":31,"column":69},"end":{"line":34,"column":1}},"line":31}},"branchMap":{"0":{"loc":{"start":{"line":16,"column":2},"end":{"line":16,"column":26}},"type":"if","locations":[{"start":{"line":16,"column":2},"end":{"line":16,"column":26}},{"start":{},"end":{}}],"line":16},"1":{"loc":{"start":{"line":18,"column":9},"end":{"line":18,"column":38}},"type":"cond-expr","locations":[{"start":{"line":18,"column":30},"end":{"line":18,"column":34}},{"start":{"line":18,"column":37},"end":{"line":18,"column":38}}],"line":18},"2":{"loc":{"start":{"line":23,"column":9},"end":{"line":23,"column":37}},"type":"cond-expr","locations":[{"start":{"line":23,"column":13},"end":{"line":23,"column":31}},{"start":{"line":23,"column":34},"end":{"line":23,"column":37}}],"line":23},"3":{"loc":{"start":{"line":28,"column":9},"end":{"line":28,"column":41}},"type":"cond-expr","locations":[{"start":{"line":28,"column":13},"end":{"line":28,"column":35}},{"start":{"line":28,"column":38},"end":{"line":28,"column":41}}],"line":28},"4":{"loc":{"start":{"line":33,"column":9},"end":{"line":33,"column":37}},"type":"binary-expr","locations":[{"start":{"line":33,"column":9},"end":{"line":33,"column":19}},{"start":{"line":33,"column":23},"end":{"line":33,"column":37}}],"line":33}},"s":{"0":6,"1":6,"2":37,"3":0,"4":37,"5":37,"6":23,"7":23,"8":11,"9":11,"10":3,"11":3},"f":{"0":37,"1":23,"2":11,"3":3},"b":{"0":[0,37],"1":[0,37],"2":[23,0],"3":[11,0],"4":[3,3]},"_coverageSchema":"1a1c01bbd47fc00a2c39e90264f33305004495a9","hash":"72361f376b19e5d7aec1b598c0226c279b0d5dd0"}
,"E:\\projects\\DeftIdea\\Codes\\ourhome\\mobile\\src\\shared\\utils\\errors.ts": {"path":"E:\\projects\\DeftIdea\\Codes\\ourhome\\mobile\\src\\shared\\utils\\errors.ts","statementMap":{"0":{"start":{"line":5,"column":2},"end":{"line":9,"column":3}},"1":{"start":{"line":6,"column":17},"end":{"line":6,"column":57}},"2":{"start":{"line":7,"column":4},"end":{"line":7,"column":39}},"3":{"start":{"line":7,"column":21},"end":{"line":7,"column":39}},"4":{"start":{"line":8,"column":4},"end":{"line":8,"column":36}},"5":{"start":{"line":8,"column":19},"end":{"line":8,"column":36}},"6":{"start":{"line":10,"column":2},"end":{"line":10,"column":43}},"7":{"start":{"line":10,"column":26},"end":{"line":10,"column":43}},"8":{"start":{"line":11,"column":2},"end":{"line":11,"column":37}}},"fnMap":{"0":{"name":"normalizeError","decl":{"start":{"line":4,"column":16},"end":{"line":4,"column":30}},"loc":{"start":{"line":4,"column":51},"end":{"line":12,"column":1}},"line":4}},"branchMap":{"0":{"loc":{"start":{"line":5,"column":2},"end":{"line":9,"column":3}},"type":"if","locations":[{"start":{"line":5,"column":2},"end":{"line":9,"column":3}},{"start":{},"end":{}}],"line":5},"1":{"loc":{"start":{"line":7,"column":4},"end":{"line":7,"column":39}},"type":"if","locations":[{"start":{"line":7,"column":4},"end":{"line":7,"column":39}},{"start":{},"end":{}}],"line":7},"2":{"loc":{"start":{"line":8,"column":4},"end":{"line":8,"column":36}},"type":"if","locations":[{"start":{"line":8,"column":4},"end":{"line":8,"column":36}},{"start":{},"end":{}}],"line":8},"3":{"loc":{"start":{"line":10,"column":2},"end":{"line":10,"column":43}},"type":"if","locations":[{"start":{"line":10,"column":2},"end":{"line":10,"column":43}},{"start":{},"end":{}}],"line":10}},"s":{"0":4,"1":0,"2":0,"3":0,"4":0,"5":0,"6":4,"7":4,"8":0},"f":{"0":4},"b":{"0":[0,4],"1":[0,0],"2":[0,0],"3":[4,0]},"_coverageSchema":"1a1c01bbd47fc00a2c39e90264f33305004495a9","hash":"b93a74065532cb5b2192cd25186c9c58dc8e2a00"}
,"E:\\projects\\DeftIdea\\Codes\\ourhome\\mobile\\src\\shared\\utils\\fileType.ts": {"path":"E:\\projects\\DeftIdea\\Codes\\ourhome\\mobile\\src\\shared\\utils\\fileType.ts","statementMap":{"0":{"start":{"line":1,"column":25},"end":{"line":1,"column":86}},"1":{"start":{"line":4,"column":16},"end":{"line":4,"column":47}},"2":{"start":{"line":5,"column":16},"end":{"line":5,"column":45}},"3":{"start":{"line":6,"column":2},"end":{"line":6,"column":45}},"4":{"start":{"line":10,"column":2},"end":{"line":10,"column":48}},"5":{"start":{"line":15,"column":14},"end":{"line":15,"column":30}},"6":{"start":{"line":16,"column":2},"end":{"line":16,"column":34}},"7":{"start":{"line":16,"column":21},"end":{"line":16,"column":34}},"8":{"start":{"line":17,"column":2},"end":{"line":17,"column":52}},"9":{"start":{"line":17,"column":39},"end":{"line":17,"column":52}},"10":{"start":{"line":18,"column":2},"end":{"line":18,"column":52}},"11":{"start":{"line":18,"column":39},"end":{"line":18,"column":52}},"12":{"start":{"line":19,"column":2},"end":{"line":19,"column":42}}},"fnMap":{"0":{"name":"extensionOf","decl":{"start":{"line":3,"column":16},"end":{"line":3,"column":27}},"loc":{"start":{"line":3,"column":49},"end":{"line":7,"column":1}},"line":3},"1":{"name":"isImageUrl","decl":{"start":{"line":9,"column":16},"end":{"line":9,"column":26}},"loc":{"start":{"line":9,"column":49},"end":{"line":11,"column":1}},"line":9},"2":{"name":"fileKindLabel","decl":{"start":{"line":14,"column":16},"end":{"line":14,"column":29}},"loc":{"start":{"line":14,"column":51},"end":{"line":20,"column":1}},"line":14}},"branchMap":{"0":{"loc":{"start":{"line":6,"column":9},"end":{"line":6,"column":44}},"type":"cond-expr","locations":[{"start":{"line":6,"column":17},"end":{"line":6,"column":39}},{"start":{"line":6,"column":42},"end":{"line":6,"column":44}}],"line":6},"1":{"loc":{"start":{"line":16,"column":2},"end":{"line":16,"column":34}},"type":"if","locations":[{"start":{"line":16,"column":2},"end":{"line":16,"column":34}},{"start":{},"end":{}}],"line":16},"2":{"loc":{"start":{"line":17,"column":2},"end":{"line":17,"column":52}},"type":"if","locations":[{"start":{"line":17,"column":2},"end":{"line":17,"column":52}},{"start":{},"end":{}}],"line":17},"3":{"loc":{"start":{"line":17,"column":6},"end":{"line":17,"column":37}},"type":"binary-expr","locations":[{"start":{"line":17,"column":6},"end":{"line":17,"column":19}},{"start":{"line":17,"column":23},"end":{"line":17,"column":37}}],"line":17},"4":{"loc":{"start":{"line":18,"column":2},"end":{"line":18,"column":52}},"type":"if","locations":[{"start":{"line":18,"column":2},"end":{"line":18,"column":52}},{"start":{},"end":{}}],"line":18},"5":{"loc":{"start":{"line":18,"column":6},"end":{"line":18,"column":37}},"type":"binary-expr","locations":[{"start":{"line":18,"column":6},"end":{"line":18,"column":19}},{"start":{"line":18,"column":23},"end":{"line":18,"column":37}}],"line":18},"6":{"loc":{"start":{"line":19,"column":9},"end":{"line":19,"column":41}},"type":"cond-expr","locations":[{"start":{"line":19,"column":15},"end":{"line":19,"column":32}},{"start":{"line":19,"column":35},"end":{"line":19,"column":41}}],"line":19}},"s":{"0":1,"1":17,"2":17,"3":17,"4":10,"5":5,"6":5,"7":5,"8":0,"9":0,"10":0,"11":0,"12":0},"f":{"0":17,"1":10,"2":5},"b":{"0":[17,0],"1":[5,0],"2":[0,0],"3":[0,0],"4":[0,0],"5":[0,0],"6":[0,0]},"_coverageSchema":"1a1c01bbd47fc00a2c39e90264f33305004495a9","hash":"dc94c01a4c61f7d4520a94534fe1da75ba30edf8"}
,"E:\\projects\\DeftIdea\\Codes\\ourhome\\mobile\\src\\shared\\utils\\password.ts": {"path":"E:\\projects\\DeftIdea\\Codes\\ourhome\\mobile\\src\\shared\\utils\\password.ts","statementMap":{"0":{"start":{"line":2,"column":2},"end":{"line":2,"column":76}},"1":{"start":{"line":2,"column":27},"end":{"line":2,"column":76}},"2":{"start":{"line":3,"column":2},"end":{"line":3,"column":69}},"3":{"start":{"line":3,"column":36},"end":{"line":3,"column":69}},"4":{"start":{"line":4,"column":2},"end":{"line":4,"column":14}}},"fnMap":{"0":{"name":"validatePassword","decl":{"start":{"line":1,"column":16},"end":{"line":1,"column":32}},"loc":{"start":{"line":1,"column":91},"end":{"line":5,"column":1}},"line":1}},"branchMap":{"0":{"loc":{"start":{"line":2,"column":2},"end":{"line":2,"column":76}},"type":"if","locations":[{"start":{"line":2,"column":2},"end":{"line":2,"column":76}},{"start":{},"end":{}}],"line":2},"1":{"loc":{"start":{"line":3,"column":2},"end":{"line":3,"column":69}},"type":"if","locations":[{"start":{"line":3,"column":2},"end":{"line":3,"column":69}},{"start":{},"end":{}}],"line":3}},"s":{"0":0,"1":0,"2":0,"3":0,"4":0},"f":{"0":0},"b":{"0":[0,0],"1":[0,0]}}
,"E:\\projects\\DeftIdea\\Codes\\ourhome\\mobile\\src\\store\\authStore.ts": {"path":"E:\\projects\\DeftIdea\\Codes\\ourhome\\mobile\\src\\store\\authStore.ts","statementMap":{"0":{"start":{"line":22,"column":28},"end":{"line":30,"column":3}},"1":{"start":{"line":22,"column":70},"end":{"line":30,"column":1}},"2":{"start":{"line":27,"column":28},"end":{"line":27,"column":71}},"3":{"start":{"line":28,"column":41},"end":{"line":28,"column":82}},"4":{"start":{"line":29,"column":19},"end":{"line":29,"column":102}}},"fnMap":{"0":{"name":"(anonymous_0)","decl":{"start":{"line":22,"column":60},"end":{"line":22,"column":61}},"loc":{"start":{"line":22,"column":70},"end":{"line":30,"column":1}},"line":22},"1":{"name":"(anonymous_1)","decl":{"start":{"line":27,"column":11},"end":{"line":27,"column":12}},"loc":{"start":{"line":27,"column":28},"end":{"line":27,"column":71}},"line":27},"2":{"name":"(anonymous_2)","decl":{"start":{"line":28,"column":24},"end":{"line":28,"column":25}},"loc":{"start":{"line":28,"column":41},"end":{"line":28,"column":82}},"line":28},"3":{"name":"(anonymous_3)","decl":{"start":{"line":29,"column":13},"end":{"line":29,"column":14}},"loc":{"start":{"line":29,"column":19},"end":{"line":29,"column":102}},"line":29}},"branchMap":{},"s":{"0":25,"1":25,"2":1,"3":0,"4":4},"f":{"0":25,"1":1,"2":0,"3":4},"b":{},"_coverageSchema":"1a1c01bbd47fc00a2c39e90264f33305004495a9","hash":"21c96d617e74eccc429dc6021e5451402c2fc3b9"}
,"E:\\projects\\DeftIdea\\Codes\\ourhome\\mobile\\src\\store\\networkStore.ts": {"path":"E:\\projects\\DeftIdea\\Codes\\ourhome\\mobile\\src\\store\\networkStore.ts","statementMap":{"0":{"start":{"line":11,"column":31},"end":{"line":14,"column":3}},"1":{"start":{"line":11,"column":79},"end":{"line":14,"column":1}},"2":{"start":{"line":13,"column":20},"end":{"line":13,"column":40}}},"fnMap":{"0":{"name":"(anonymous_0)","decl":{"start":{"line":11,"column":69},"end":{"line":11,"column":70}},"loc":{"start":{"line":11,"column":79},"end":{"line":14,"column":1}},"line":11},"1":{"name":"(anonymous_1)","decl":{"start":{"line":13,"column":13},"end":{"line":13,"column":14}},"loc":{"start":{"line":13,"column":20},"end":{"line":13,"column":40}},"line":13}},"branchMap":{},"s":{"0":0,"1":0,"2":0},"f":{"0":0,"1":0},"b":{}}
,"E:\\projects\\DeftIdea\\Codes\\ourhome\\mobile\\src\\store\\notificationStore.ts": {"path":"E:\\projects\\DeftIdea\\Codes\\ourhome\\mobile\\src\\store\\notificationStore.ts","statementMap":{"0":{"start":{"line":14,"column":36},"end":{"line":20,"column":3}},"1":{"start":{"line":14,"column":94},"end":{"line":20,"column":1}},"2":{"start":{"line":17,"column":25},"end":{"line":17,"column":48}},"3":{"start":{"line":18,"column":25},"end":{"line":18,"column":81}},"4":{"start":{"line":18,"column":41},"end":{"line":18,"column":79}},"5":{"start":{"line":19,"column":27},"end":{"line":19,"column":56}}},"fnMap":{"0":{"name":"(anonymous_0)","decl":{"start":{"line":14,"column":84},"end":{"line":14,"column":85}},"loc":{"start":{"line":14,"column":94},"end":{"line":20,"column":1}},"line":14},"1":{"name":"(anonymous_1)","decl":{"start":{"line":17,"column":18},"end":{"line":17,"column":19}},"loc":{"start":{"line":17,"column":25},"end":{"line":17,"column":48}},"line":17},"2":{"name":"(anonymous_2)","decl":{"start":{"line":18,"column":19},"end":{"line":18,"column":20}},"loc":{"start":{"line":18,"column":25},"end":{"line":18,"column":81}},"line":18},"3":{"name":"(anonymous_3)","decl":{"start":{"line":18,"column":29},"end":{"line":18,"column":30}},"loc":{"start":{"line":18,"column":41},"end":{"line":18,"column":79}},"line":18},"4":{"name":"(anonymous_4)","decl":{"start":{"line":19,"column":16},"end":{"line":19,"column":17}},"loc":{"start":{"line":19,"column":27},"end":{"line":19,"column":56}},"line":19}},"branchMap":{},"s":{"0":0,"1":0,"2":0,"3":0,"4":0,"5":0},"f":{"0":0,"1":0,"2":0,"3":0,"4":0},"b":{}}
,"E:\\projects\\DeftIdea\\Codes\\ourhome\\mobile\\src\\store\\themeStore.ts": {"path":"E:\\projects\\DeftIdea\\Codes\\ourhome\\mobile\\src\\store\\themeStore.ts","statementMap":{"0":{"start":{"line":19,"column":29},"end":{"line":32,"column":3}},"1":{"start":{"line":19,"column":73},"end":{"line":32,"column":1}},"2":{"start":{"line":22,"column":25},"end":{"line":22,"column":86}},"3":{"start":{"line":24,"column":4},"end":{"line":24,"column":33}},"4":{"start":{"line":25,"column":4},"end":{"line":30,"column":5}},"5":{"start":{"line":26,"column":22},"end":{"line":26,"column":60}},"6":{"start":{"line":27,"column":6},"end":{"line":27,"column":76}},"7":{"start":{"line":29,"column":6},"end":{"line":29,"column":61}}},"fnMap":{"0":{"name":"(anonymous_0)","decl":{"start":{"line":19,"column":63},"end":{"line":19,"column":64}},"loc":{"start":{"line":19,"column":73},"end":{"line":32,"column":1}},"line":19},"1":{"name":"(anonymous_1)","decl":{"start":{"line":22,"column":12},"end":{"line":22,"column":13}},"loc":{"start":{"line":22,"column":25},"end":{"line":22,"column":86}},"line":22},"2":{"name":"(anonymous_2)","decl":{"start":{"line":23,"column":16},"end":{"line":23,"column":17}},"loc":{"start":{"line":23,"column":37},"end":{"line":31,"column":3}},"line":23}},"branchMap":{},"s":{"0":27,"1":27,"2":2,"3":3,"4":3,"5":3,"6":2,"7":1},"f":{"0":27,"1":2,"2":3},"b":{},"_coverageSchema":"1a1c01bbd47fc00a2c39e90264f33305004495a9","hash":"319f269d12d0afa191385b458f29d618f8947d73"}
,"E:\\projects\\DeftIdea\\Codes\\ourhome\\mobile\\src\\theme\\colors.ts": {"path":"E:\\projects\\DeftIdea\\Codes\\ourhome\\mobile\\src\\theme\\colors.ts","statementMap":{"0":{"start":{"line":10,"column":22},"end":{"line":10,"column":78}}},"fnMap":{},"branchMap":{"0":{"loc":{"start":{"line":10,"column":22},"end":{"line":10,"column":78}},"type":"binary-expr","locations":[{"start":{"line":10,"column":22},"end":{"line":10,"column":62}},{"start":{"line":10,"column":66},"end":{"line":10,"column":78}}],"line":10}},"s":{"0":26},"f":{},"b":{"0":[26,0]},"_coverageSchema":"1a1c01bbd47fc00a2c39e90264f33305004495a9","hash":"25f9a692cada0bdfce1ee4460eb408b3b60034f2"}
,"E:\\projects\\DeftIdea\\Codes\\ourhome\\mobile\\src\\theme\\spacing.ts": {"path":"E:\\projects\\DeftIdea\\Codes\\ourhome\\mobile\\src\\theme\\spacing.ts","statementMap":{"0":{"start":{"line":1,"column":23},"end":{"line":8,"column":10}}},"fnMap":{},"branchMap":{},"s":{"0":27},"f":{},"b":{},"_coverageSchema":"1a1c01bbd47fc00a2c39e90264f33305004495a9","hash":"4a3e31d299b1def7fdd0b832f111368d02d38e98"}
,"E:\\projects\\DeftIdea\\Codes\\ourhome\\mobile\\src\\theme\\themes.ts": {"path":"E:\\projects\\DeftIdea\\Codes\\ourhome\\mobile\\src\\theme\\themes.ts","statementMap":{"0":{"start":{"line":33,"column":41},"end":{"line":33,"column":48}},"1":{"start":{"line":35,"column":53},"end":{"line":42,"column":1}},"2":{"start":{"line":44,"column":52},"end":{"line":147,"column":1}},"3":{"start":{"line":149,"column":24},"end":{"line":149,"column":60}},"4":{"start":{"line":153,"column":2},"end":{"line":153,"column":91}}},"fnMap":{"0":{"name":"resolveThemeId","decl":{"start":{"line":152,"column":16},"end":{"line":152,"column":30}},"loc":{"start":{"line":152,"column":76},"end":{"line":154,"column":1}},"line":152}},"branchMap":{"0":{"loc":{"start":{"line":153,"column":9},"end":{"line":153,"column":90}},"type":"cond-expr","locations":[{"start":{"line":153,"column":52},"end":{"line":153,"column":70}},{"start":{"line":153,"column":74},"end":{"line":153,"column":90}}],"line":153},"1":{"loc":{"start":{"line":153,"column":9},"end":{"line":153,"column":48}},"type":"binary-expr","locations":[{"start":{"line":153,"column":9},"end":{"line":153,"column":16}},{"start":{"line":153,"column":20},"end":{"line":153,"column":48}}],"line":153}},"s":{"0":28,"1":28,"2":28,"3":28,"4":15},"f":{"0":15},"b":{"0":[9,6],"1":[15,13]},"_coverageSchema":"1a1c01bbd47fc00a2c39e90264f33305004495a9","hash":"9ce8fa56a9b7b8866bbe3f9710e90a9676535ee8"}
,"E:\\projects\\DeftIdea\\Codes\\ourhome\\mobile\\src\\theme\\typography.ts": {"path":"E:\\projects\\DeftIdea\\Codes\\ourhome\\mobile\\src\\theme\\typography.ts","statementMap":{"0":{"start":{"line":1,"column":26},"end":{"line":17,"column":10}}},"fnMap":{},"branchMap":{},"s":{"0":27},"f":{},"b":{},"_coverageSchema":"1a1c01bbd47fc00a2c39e90264f33305004495a9","hash":"9270b323e89d490ffaa902f1553e6f5026e4f64d"}
}
