{"E:\\projects\\DeftIdea\\Codes\\ourhome\\mobile\\src\\api\\client.ts": {"path":"E:\\projects\\DeftIdea\\Codes\\ourhome\\mobile\\src\\api\\client.ts","statementMap":{"0":{"start":{"line":4,"column":17},"end":{"line":4,"column":75}},"1":{"start":{"line":6,"column":45},"end":{"line":6,"column":49}},"2":{"start":{"line":9,"column":2},"end":{"line":9,"column":31}},"3":{"start":{"line":12,"column":12},"end":{"line":16,"column":2}},"4":{"start":{"line":18,"column":0},"end":{"line":24,"column":3}},"5":{"start":{"line":19,"column":16},"end":{"line":19,"column":43}},"6":{"start":{"line":20,"column":2},"end":{"line":22,"column":3}},"7":{"start":{"line":21,"column":4},"end":{"line":21,"column":56}},"8":{"start":{"line":23,"column":2},"end":{"line":23,"column":16}},"9":{"start":{"line":28,"column":19},"end":{"line":28,"column":24}},"10":{"start":{"line":32,"column":5},"end":{"line":32,"column":7}},"11":{"start":{"line":35,"column":2},"end":{"line":41,"column":5}},"12":{"start":{"line":36,"column":4},"end":{"line":40,"column":5}},"13":{"start":{"line":37,"column":6},"end":{"line":37,"column":20}},"14":{"start":{"line":38,"column":11},"end":{"line":40,"column":5}},"15":{"start":{"line":39,"column":6},"end":{"line":39,"column":21}},"16":{"start":{"line":42,"column":2},"end":{"line":42,"column":19}},"17":{"start":{"line":45,"column":0},"end":{"line":101,"column":2}},"18":{"start":{"line":46,"column":16},"end":{"line":46,"column":24}},"19":{"start":{"line":48,"column":28},"end":{"line":48,"column":72}},"20":{"start":{"line":50,"column":4},"end":{"line":97,"column":5}},"21":{"start":{"line":55,"column":6},"end":{"line":67,"column":7}},"22":{"start":{"line":56,"column":8},"end":{"line":66,"column":11}},"23":{"start":{"line":57,"column":10},"end":{"line":65,"column":13}},"24":{"start":{"line":59,"column":14},"end":{"line":61,"column":15}},"25":{"start":{"line":60,"column":16},"end":{"line":60,"column":77}},"26":{"start":{"line":62,"column":14},"end":{"line":62,"column":44}},"27":{"start":{"line":69,"column":6},"end":{"line":69,"column":36}},"28":{"start":{"line":70,"column":6},"end":{"line":70,"column":26}},"29":{"start":{"line":72,"column":6},"end":{"line":96,"column":7}},"30":{"start":{"line":73,"column":29},"end":{"line":73,"column":63}},"31":{"start":{"line":74,"column":8},"end":{"line":74,"column":73}},"32":{"start":{"line":74,"column":27},"end":{"line":74,"column":73}},"33":{"start":{"line":76,"column":25},"end":{"line":79,"column":9}},"34":{"start":{"line":80,"column":25},"end":{"line":80,"column":44}},"35":{"start":{"line":82,"column":8},"end":{"line":82,"column":44}},"36":{"start":{"line":83,"column":8},"end":{"line":83,"column":37}},"37":{"start":{"line":85,"column":8},"end":{"line":87,"column":9}},"38":{"start":{"line":86,"column":10},"end":{"line":86,"column":74}},"39":{"start":{"line":88,"column":8},"end":{"line":88,"column":36}},"40":{"start":{"line":90,"column":8},"end":{"line":90,"column":41}},"41":{"start":{"line":91,"column":8},"end":{"line":91,"column":39}},"42":{"start":{"line":92,"column":8},"end":{"line":92,"column":30}},"43":{"start":{"line":93,"column":8},"end":{"line":93,"column":44}},"44":{"start":{"line":95,"column":8},"end":{"line":95,"column":29}},"45":{"start":{"line":99,"column":4},"end":{"line":99,"column":33}}},"fnMap":{"0":{"name":"setAuthEventListener","decl":{"start":{"line":8,"column":16},"end":{"line":8,"column":36}},"loc":{"start":{"line":8,"column":65},"end":{"line":10,"column":1}},"line":8},"1":{"name":"(anonymous_1)","decl":{"start":{"line":18,"column":29},"end":{"line":18,"column":30}},"loc":{"start":{"line":18,"column":75},"end":{"line":24,"column":1}},"line":18},"2":{"name":"processQueue","decl":{"start":{"line":34,"column":9},"end":{"line":34,"column":21}},"loc":{"start":{"line":34,"column":66},"end":{"line":43,"column":1}},"line":34},"3":{"name":"(anonymous_3)","decl":{"start":{"line":35,"column":22},"end":{"line":35,"column":23}},"loc":{"start":{"line":35,"column":47},"end":{"line":41,"column":3}},"line":35},"4":{"name":"(anonymous_4)","decl":{"start":{"line":46,"column":2},"end":{"line":46,"column":3}},"loc":{"start":{"line":46,"column":16},"end":{"line":46,"column":24}},"line":46},"5":{"name":"(anonymous_5)","decl":{"start":{"line":47,"column":2},"end":{"line":47,"column":3}},"loc":{"start":{"line":47,"column":31},"end":{"line":100,"column":3}},"line":47},"6":{"name":"(anonymous_6)","decl":{"start":{"line":56,"column":27},"end":{"line":56,"column":28}},"loc":{"start":{"line":56,"column":48},"end":{"line":66,"column":9}},"line":56},"7":{"name":"(anonymous_7)","decl":{"start":{"line":58,"column":21},"end":{"line":58,"column":22}},"loc":{"start":{"line":58,"column":40},"end":{"line":63,"column":13}},"line":58}},"branchMap":{"0":{"loc":{"start":{"line":4,"column":17},"end":{"line":4,"column":75}},"type":"binary-expr","locations":[{"start":{"line":4,"column":17},"end":{"line":4,"column":44}},{"start":{"line":4,"column":48},"end":{"line":4,"column":75}}],"line":4},"1":{"loc":{"start":{"line":20,"column":2},"end":{"line":22,"column":3}},"type":"if","locations":[{"start":{"line":20,"column":2},"end":{"line":22,"column":3}},{"start":{},"end":{}}],"line":20},"2":{"loc":{"start":{"line":20,"column":6},"end":{"line":20,"column":29}},"type":"binary-expr","locations":[{"start":{"line":20,"column":6},"end":{"line":20,"column":11}},{"start":{"line":20,"column":15},"end":{"line":20,"column":29}}],"line":20},"3":{"loc":{"start":{"line":36,"column":4},"end":{"line":40,"column":5}},"type":"if","locations":[{"start":{"line":36,"column":4},"end":{"line":40,"column":5}},{"start":{"line":38,"column":11},"end":{"line":40,"column":5}}],"line":36},"4":{"loc":{"start":{"line":38,"column":11},"end":{"line":40,"column":5}},"type":"if","locations":[{"start":{"line":38,"column":11},"end":{"line":40,"column":5}},{"start":{},"end":{}}],"line":38},"5":{"loc":{"start":{"line":50,"column":4},"end":{"line":97,"column":5}},"type":"if","locations":[{"start":{"line":50,"column":4},"end":{"line":97,"column":5}},{"start":{},"end":{}}],"line":50},"6":{"loc":{"start":{"line":51,"column":6},"end":{"line":53,"column":29}},"type":"binary-expr","locations":[{"start":{"line":51,"column":6},"end":{"line":51,"column":36}},{"start":{"line":52,"column":6},"end":{"line":52,"column":21}},{"start":{"line":53,"column":6},"end":{"line":53,"column":29}}],"line":51},"7":{"loc":{"start":{"line":55,"column":6},"end":{"line":67,"column":7}},"type":"if","locations":[{"start":{"line":55,"column":6},"end":{"line":67,"column":7}},{"start":{},"end":{}}],"line":55},"8":{"loc":{"start":{"line":59,"column":14},"end":{"line":61,"column":15}},"type":"if","locations":[{"start":{"line":59,"column":14},"end":{"line":61,"column":15}},{"start":{},"end":{}}],"line":59},"9":{"loc":{"start":{"line":74,"column":8},"end":{"line":74,"column":73}},"type":"if","locations":[{"start":{"line":74,"column":8},"end":{"line":74,"column":73}},{"start":{},"end":{}}],"line":74},"10":{"loc":{"start":{"line":85,"column":8},"end":{"line":87,"column":9}},"type":"if","locations":[{"start":{"line":85,"column":8},"end":{"line":87,"column":9}},{"start":{},"end":{}}],"line":85}},"s":{"0":0,"1":0,"2":0,"3":0,"4":0,"5":0,"6":0,"7":0,"8":0,"9":0,"10":0,"11":0,"12":0,"13":0,"14":0,"15":0,"16":0,"17":0,"18":0,"19":0,"20":0,"21":0,"22":0,"23":0,"24":0,"25":0,"26":0,"27":0,"28":0,"29":0,"30":0,"31":0,"32":0,"33":0,"34":0,"35":0,"36":0,"37":0,"38":0,"39":0,"40":0,"41":0,"42":0,"43":0,"44":0,"45":0},"f":{"0":0,"1":0,"2":0,"3":0,"4":0,"5":0,"6":0,"7":0},"b":{"0":[0,0],"1":[0,0],"2":[0,0],"3":[0,0],"4":[0,0],"5":[0,0],"6":[0,0,0],"7":[0,0],"8":[0,0],"9":[0,0],"10":[0,0]}}
,"E:\\projects\\DeftIdea\\Codes\\ourhome\\mobile\\src\\api\\endpoints\\amenities.ts": {"path":"E:\\projects\\DeftIdea\\Codes\\ourhome\\mobile\\src\\api\\endpoints\\amenities.ts","statementMap":{"0":{"start":{"line":4,"column":28},"end":{"line":25,"column":1}},"1":{"start":{"line":6,"column":4},"end":{"line":8,"column":26}},"2":{"start":{"line":8,"column":19},"end":{"line":8,"column":25}},"3":{"start":{"line":14,"column":4},"end":{"line":19,"column":26}},"4":{"start":{"line":19,"column":19},"end":{"line":19,"column":25}},"5":{"start":{"line":22,"column":4},"end":{"line":24,"column":26}},"6":{"start":{"line":24,"column":19},"end":{"line":24,"column":25}}},"fnMap":{"0":{"name":"(anonymous_0)","decl":{"start":{"line":5,"column":16},"end":{"line":5,"column":17}},"loc":{"start":{"line":6,"column":4},"end":{"line":8,"column":26}},"line":6},"1":{"name":"(anonymous_1)","decl":{"start":{"line":8,"column":12},"end":{"line":8,"column":13}},"loc":{"start":{"line":8,"column":19},"end":{"line":8,"column":25}},"line":8},"2":{"name":"(anonymous_2)","decl":{"start":{"line":10,"column":15},"end":{"line":10,"column":16}},"loc":{"start":{"line":14,"column":4},"end":{"line":19,"column":26}},"line":14},"3":{"name":"(anonymous_3)","decl":{"start":{"line":19,"column":12},"end":{"line":19,"column":13}},"loc":{"start":{"line":19,"column":19},"end":{"line":19,"column":25}},"line":19},"4":{"name":"(anonymous_4)","decl":{"start":{"line":21,"column":17},"end":{"line":21,"column":18}},"loc":{"start":{"line":22,"column":4},"end":{"line":24,"column":26}},"line":22},"5":{"name":"(anonymous_5)","decl":{"start":{"line":24,"column":12},"end":{"line":24,"column":13}},"loc":{"start":{"line":24,"column":19},"end":{"line":24,"column":25}},"line":24}},"branchMap":{},"s":{"0":0,"1":0,"2":0,"3":0,"4":0,"5":0,"6":0},"f":{"0":0,"1":0,"2":0,"3":0,"4":0,"5":0},"b":{}}
,"E:\\projects\\DeftIdea\\Codes\\ourhome\\mobile\\src\\api\\endpoints\\apartments.ts": {"path":"E:\\projects\\DeftIdea\\Codes\\ourhome\\mobile\\src\\api\\endpoints\\apartments.ts","statementMap":{"0":{"start":{"line":4,"column":29},"end":{"line":17,"column":1}},"1":{"start":{"line":9,"column":4},"end":{"line":11,"column":26}},"2":{"start":{"line":11,"column":19},"end":{"line":11,"column":25}},"3":{"start":{"line":14,"column":4},"end":{"line":16,"column":26}},"4":{"start":{"line":16,"column":19},"end":{"line":16,"column":25}}},"fnMap":{"0":{"name":"(anonymous_0)","decl":{"start":{"line":5,"column":17},"end":{"line":5,"column":18}},"loc":{"start":{"line":9,"column":4},"end":{"line":11,"column":26}},"line":9},"1":{"name":"(anonymous_1)","decl":{"start":{"line":11,"column":12},"end":{"line":11,"column":13}},"loc":{"start":{"line":11,"column":19},"end":{"line":11,"column":25}},"line":11},"2":{"name":"(anonymous_2)","decl":{"start":{"line":13,"column":16},"end":{"line":13,"column":17}},"loc":{"start":{"line":14,"column":4},"end":{"line":16,"column":26}},"line":14},"3":{"name":"(anonymous_3)","decl":{"start":{"line":16,"column":12},"end":{"line":16,"column":13}},"loc":{"start":{"line":16,"column":19},"end":{"line":16,"column":25}},"line":16}},"branchMap":{},"s":{"0":0,"1":0,"2":0,"3":0,"4":0},"f":{"0":0,"1":0,"2":0,"3":0},"b":{}}
,"E:\\projects\\DeftIdea\\Codes\\ourhome\\mobile\\src\\api\\endpoints\\auth.ts": {"path":"E:\\projects\\DeftIdea\\Codes\\ourhome\\mobile\\src\\api\\endpoints\\auth.ts","statementMap":{"0":{"start":{"line":4,"column":23},"end":{"line":15,"column":1}},"1":{"start":{"line":6,"column":4},"end":{"line":6,"column":68}},"2":{"start":{"line":6,"column":61},"end":{"line":6,"column":67}},"3":{"start":{"line":9,"column":4},"end":{"line":11,"column":26}},"4":{"start":{"line":11,"column":19},"end":{"line":11,"column":25}},"5":{"start":{"line":14,"column":4},"end":{"line":14,"column":55}}},"fnMap":{"0":{"name":"(anonymous_0)","decl":{"start":{"line":5,"column":9},"end":{"line":5,"column":10}},"loc":{"start":{"line":6,"column":4},"end":{"line":6,"column":68}},"line":6},"1":{"name":"(anonymous_1)","decl":{"start":{"line":6,"column":54},"end":{"line":6,"column":55}},"loc":{"start":{"line":6,"column":61},"end":{"line":6,"column":67}},"line":6},"2":{"name":"(anonymous_2)","decl":{"start":{"line":8,"column":16},"end":{"line":8,"column":17}},"loc":{"start":{"line":9,"column":4},"end":{"line":11,"column":26}},"line":9},"3":{"name":"(anonymous_3)","decl":{"start":{"line":11,"column":12},"end":{"line":11,"column":13}},"loc":{"start":{"line":11,"column":19},"end":{"line":11,"column":25}},"line":11},"4":{"name":"(anonymous_4)","decl":{"start":{"line":13,"column":24},"end":{"line":13,"column":25}},"loc":{"start":{"line":14,"column":4},"end":{"line":14,"column":55}},"line":14}},"branchMap":{},"s":{"0":0,"1":0,"2":0,"3":0,"4":0,"5":0},"f":{"0":0,"1":0,"2":0,"3":0,"4":0},"b":{}}
,"E:\\projects\\DeftIdea\\Codes\\ourhome\\mobile\\src\\api\\endpoints\\complaints.ts": {"path":"E:\\projects\\DeftIdea\\Codes\\ourhome\\mobile\\src\\api\\endpoints\\complaints.ts","statementMap":{"0":{"start":{"line":4,"column":29},"end":{"line":22,"column":1}},"1":{"start":{"line":9,"column":4},"end":{"line":11,"column":26}},"2":{"start":{"line":11,"column":19},"end":{"line":11,"column":25}},"3":{"start":{"line":14,"column":4},"end":{"line":16,"column":26}},"4":{"start":{"line":16,"column":19},"end":{"line":16,"column":25}},"5":{"start":{"line":19,"column":4},"end":{"line":21,"column":26}},"6":{"start":{"line":21,"column":19},"end":{"line":21,"column":25}}},"fnMap":{"0":{"name":"(anonymous_0)","decl":{"start":{"line":5,"column":17},"end":{"line":5,"column":18}},"loc":{"start":{"line":9,"column":4},"end":{"line":11,"column":26}},"line":9},"1":{"name":"(anonymous_1)","decl":{"start":{"line":11,"column":12},"end":{"line":11,"column":13}},"loc":{"start":{"line":11,"column":19},"end":{"line":11,"column":25}},"line":11},"2":{"name":"(anonymous_2)","decl":{"start":{"line":13,"column":19},"end":{"line":13,"column":20}},"loc":{"start":{"line":14,"column":4},"end":{"line":16,"column":26}},"line":14},"3":{"name":"(anonymous_3)","decl":{"start":{"line":16,"column":12},"end":{"line":16,"column":13}},"loc":{"start":{"line":16,"column":19},"end":{"line":16,"column":25}},"line":16},"4":{"name":"(anonymous_4)","decl":{"start":{"line":18,"column":25},"end":{"line":18,"column":26}},"loc":{"start":{"line":19,"column":4},"end":{"line":21,"column":26}},"line":19},"5":{"name":"(anonymous_5)","decl":{"start":{"line":21,"column":12},"end":{"line":21,"column":13}},"loc":{"start":{"line":21,"column":19},"end":{"line":21,"column":25}},"line":21}},"branchMap":{},"s":{"0":0,"1":0,"2":0,"3":0,"4":0,"5":0,"6":0},"f":{"0":0,"1":0,"2":0,"3":0,"4":0,"5":0},"b":{}}
,"E:\\projects\\DeftIdea\\Codes\\ourhome\\mobile\\src\\api\\endpoints\\financial-report.ts": {"path":"E:\\projects\\DeftIdea\\Codes\\ourhome\\mobile\\src\\api\\endpoints\\financial-report.ts","statementMap":{"0":{"start":{"line":16,"column":34},"end":{"line":32,"column":1}},"1":{"start":{"line":18,"column":4},"end":{"line":23,"column":26}},"2":{"start":{"line":23,"column":19},"end":{"line":23,"column":25}},"3":{"start":{"line":26,"column":4},"end":{"line":31,"column":26}},"4":{"start":{"line":31,"column":19},"end":{"line":31,"column":25}}},"fnMap":{"0":{"name":"(anonymous_0)","decl":{"start":{"line":17,"column":23},"end":{"line":17,"column":24}},"loc":{"start":{"line":18,"column":4},"end":{"line":23,"column":26}},"line":18},"1":{"name":"(anonymous_1)","decl":{"start":{"line":23,"column":12},"end":{"line":23,"column":13}},"loc":{"start":{"line":23,"column":19},"end":{"line":23,"column":25}},"line":23},"2":{"name":"(anonymous_2)","decl":{"start":{"line":25,"column":22},"end":{"line":25,"column":23}},"loc":{"start":{"line":26,"column":4},"end":{"line":31,"column":26}},"line":26},"3":{"name":"(anonymous_3)","decl":{"start":{"line":31,"column":12},"end":{"line":31,"column":13}},"loc":{"start":{"line":31,"column":19},"end":{"line":31,"column":25}},"line":31}},"branchMap":{},"s":{"0":0,"1":0,"2":0,"3":0,"4":0},"f":{"0":0,"1":0,"2":0,"3":0},"b":{}}
,"E:\\projects\\DeftIdea\\Codes\\ourhome\\mobile\\src\\api\\endpoints\\maintenance.ts": {"path":"E:\\projects\\DeftIdea\\Codes\\ourhome\\mobile\\src\\api\\endpoints\\maintenance.ts","statementMap":{"0":{"start":{"line":4,"column":30},"end":{"line":28,"column":1}},"1":{"start":{"line":9,"column":4},"end":{"line":14,"column":26}},"2":{"start":{"line":14,"column":19},"end":{"line":14,"column":25}},"3":{"start":{"line":17,"column":4},"end":{"line":19,"column":26}},"4":{"start":{"line":19,"column":19},"end":{"line":19,"column":25}},"5":{"start":{"line":22,"column":4},"end":{"line":27,"column":26}},"6":{"start":{"line":27,"column":19},"end":{"line":27,"column":25}}},"fnMap":{"0":{"name":"(anonymous_0)","decl":{"start":{"line":5,"column":25},"end":{"line":5,"column":26}},"loc":{"start":{"line":9,"column":4},"end":{"line":14,"column":26}},"line":9},"1":{"name":"(anonymous_1)","decl":{"start":{"line":14,"column":12},"end":{"line":14,"column":13}},"loc":{"start":{"line":14,"column":19},"end":{"line":14,"column":25}},"line":14},"2":{"name":"(anonymous_2)","decl":{"start":{"line":16,"column":13},"end":{"line":16,"column":14}},"loc":{"start":{"line":17,"column":4},"end":{"line":19,"column":26}},"line":17},"3":{"name":"(anonymous_3)","decl":{"start":{"line":19,"column":12},"end":{"line":19,"column":13}},"loc":{"start":{"line":19,"column":19},"end":{"line":19,"column":25}},"line":19},"4":{"name":"(anonymous_4)","decl":{"start":{"line":21,"column":22},"end":{"line":21,"column":23}},"loc":{"start":{"line":22,"column":4},"end":{"line":27,"column":26}},"line":22},"5":{"name":"(anonymous_5)","decl":{"start":{"line":27,"column":12},"end":{"line":27,"column":13}},"loc":{"start":{"line":27,"column":19},"end":{"line":27,"column":25}},"line":27}},"branchMap":{},"s":{"0":0,"1":0,"2":0,"3":0,"4":0,"5":0,"6":0},"f":{"0":0,"1":0,"2":0,"3":0,"4":0,"5":0},"b":{}}
,"E:\\projects\\DeftIdea\\Codes\\ourhome\\mobile\\src\\api\\endpoints\\notices.ts": {"path":"E:\\projects\\DeftIdea\\Codes\\ourhome\\mobile\\src\\api\\endpoints\\notices.ts","statementMap":{"0":{"start":{"line":4,"column":26},"end":{"line":22,"column":1}},"1":{"start":{"line":9,"column":4},"end":{"line":11,"column":26}},"2":{"start":{"line":11,"column":19},"end":{"line":11,"column":25}},"3":{"start":{"line":14,"column":4},"end":{"line":16,"column":26}},"4":{"start":{"line":16,"column":19},"end":{"line":16,"column":25}},"5":{"start":{"line":19,"column":4},"end":{"line":21,"column":26}},"6":{"start":{"line":21,"column":19},"end":{"line":21,"column":25}}},"fnMap":{"0":{"name":"(anonymous_0)","decl":{"start":{"line":5,"column":14},"end":{"line":5,"column":15}},"loc":{"start":{"line":9,"column":4},"end":{"line":11,"column":26}},"line":9},"1":{"name":"(anonymous_1)","decl":{"start":{"line":11,"column":12},"end":{"line":11,"column":13}},"loc":{"start":{"line":11,"column":19},"end":{"line":11,"column":25}},"line":11},"2":{"name":"(anonymous_2)","decl":{"start":{"line":13,"column":13},"end":{"line":13,"column":14}},"loc":{"start":{"line":14,"column":4},"end":{"line":16,"column":26}},"line":14},"3":{"name":"(anonymous_3)","decl":{"start":{"line":16,"column":12},"end":{"line":16,"column":13}},"loc":{"start":{"line":16,"column":19},"end":{"line":16,"column":25}},"line":16},"4":{"name":"(anonymous_4)","decl":{"start":{"line":18,"column":18},"end":{"line":18,"column":19}},"loc":{"start":{"line":19,"column":4},"end":{"line":21,"column":26}},"line":19},"5":{"name":"(anonymous_5)","decl":{"start":{"line":21,"column":12},"end":{"line":21,"column":13}},"loc":{"start":{"line":21,"column":19},"end":{"line":21,"column":25}},"line":21}},"branchMap":{},"s":{"0":0,"1":0,"2":0,"3":0,"4":0,"5":0,"6":0},"f":{"0":0,"1":0,"2":0,"3":0,"4":0,"5":0},"b":{}}
,"E:\\projects\\DeftIdea\\Codes\\ourhome\\mobile\\src\\api\\endpoints\\profile.ts": {"path":"E:\\projects\\DeftIdea\\Codes\\ourhome\\mobile\\src\\api\\endpoints\\profile.ts","statementMap":{"0":{"start":{"line":4,"column":26},"end":{"line":38,"column":1}},"1":{"start":{"line":6,"column":4},"end":{"line":8,"column":26}},"2":{"start":{"line":8,"column":19},"end":{"line":8,"column":25}},"3":{"start":{"line":11,"column":4},"end":{"line":13,"column":26}},"4":{"start":{"line":13,"column":19},"end":{"line":13,"column":25}},"5":{"start":{"line":20,"column":4},"end":{"line":22,"column":26}},"6":{"start":{"line":22,"column":19},"end":{"line":22,"column":25}},"7":{"start":{"line":31,"column":4},"end":{"line":37,"column":26}},"8":{"start":{"line":37,"column":19},"end":{"line":37,"column":25}}},"fnMap":{"0":{"name":"(anonymous_0)","decl":{"start":{"line":5,"column":14},"end":{"line":5,"column":15}},"loc":{"start":{"line":6,"column":4},"end":{"line":8,"column":26}},"line":6},"1":{"name":"(anonymous_1)","decl":{"start":{"line":8,"column":12},"end":{"line":8,"column":13}},"loc":{"start":{"line":8,"column":19},"end":{"line":8,"column":25}},"line":8},"2":{"name":"(anonymous_2)","decl":{"start":{"line":10,"column":17},"end":{"line":10,"column":18}},"loc":{"start":{"line":11,"column":4},"end":{"line":13,"column":26}},"line":11},"3":{"name":"(anonymous_3)","decl":{"start":{"line":13,"column":12},"end":{"line":13,"column":13}},"loc":{"start":{"line":13,"column":19},"end":{"line":13,"column":25}},"line":13},"4":{"name":"(anonymous_4)","decl":{"start":{"line":15,"column":18},"end":{"line":15,"column":19}},"loc":{"start":{"line":20,"column":4},"end":{"line":22,"column":26}},"line":20},"5":{"name":"(anonymous_5)","decl":{"start":{"line":22,"column":12},"end":{"line":22,"column":13}},"loc":{"start":{"line":22,"column":19},"end":{"line":22,"column":25}},"line":22},"6":{"name":"(anonymous_6)","decl":{"start":{"line":24,"column":27},"end":{"line":24,"column":28}},"loc":{"start":{"line":31,"column":4},"end":{"line":37,"column":26}},"line":31},"7":{"name":"(anonymous_7)","decl":{"start":{"line":37,"column":12},"end":{"line":37,"column":13}},"loc":{"start":{"line":37,"column":19},"end":{"line":37,"column":25}},"line":37}},"branchMap":{},"s":{"0":0,"1":0,"2":0,"3":0,"4":0,"5":0,"6":0,"7":0,"8":0},"f":{"0":0,"1":0,"2":0,"3":0,"4":0,"5":0,"6":0,"7":0},"b":{}}
,"E:\\projects\\DeftIdea\\Codes\\ourhome\\mobile\\src\\api\\endpoints\\residents.ts": {"path":"E:\\projects\\DeftIdea\\Codes\\ourhome\\mobile\\src\\api\\endpoints\\residents.ts","statementMap":{"0":{"start":{"line":4,"column":28},"end":{"line":17,"column":1}},"1":{"start":{"line":9,"column":4},"end":{"line":11,"column":26}},"2":{"start":{"line":11,"column":19},"end":{"line":11,"column":25}},"3":{"start":{"line":14,"column":4},"end":{"line":16,"column":26}},"4":{"start":{"line":16,"column":19},"end":{"line":16,"column":25}}},"fnMap":{"0":{"name":"(anonymous_0)","decl":{"start":{"line":5,"column":16},"end":{"line":5,"column":17}},"loc":{"start":{"line":9,"column":4},"end":{"line":11,"column":26}},"line":9},"1":{"name":"(anonymous_1)","decl":{"start":{"line":11,"column":12},"end":{"line":11,"column":13}},"loc":{"start":{"line":11,"column":19},"end":{"line":11,"column":25}},"line":11},"2":{"name":"(anonymous_2)","decl":{"start":{"line":13,"column":15},"end":{"line":13,"column":16}},"loc":{"start":{"line":14,"column":4},"end":{"line":16,"column":26}},"line":14},"3":{"name":"(anonymous_3)","decl":{"start":{"line":16,"column":12},"end":{"line":16,"column":13}},"loc":{"start":{"line":16,"column":19},"end":{"line":16,"column":25}},"line":16}},"branchMap":{},"s":{"0":0,"1":0,"2":0,"3":0,"4":0},"f":{"0":0,"1":0,"2":0,"3":0},"b":{}}
,"E:\\projects\\DeftIdea\\Codes\\ourhome\\mobile\\src\\api\\endpoints\\vendor-payments.ts": {"path":"E:\\projects\\DeftIdea\\Codes\\ourhome\\mobile\\src\\api\\endpoints\\vendor-payments.ts","statementMap":{"0":{"start":{"line":17,"column":33},"end":{"line":33,"column":1}},"1":{"start":{"line":22,"column":4},"end":{"line":27,"column":26}},"2":{"start":{"line":27,"column":19},"end":{"line":27,"column":25}},"3":{"start":{"line":30,"column":4},"end":{"line":32,"column":26}},"4":{"start":{"line":32,"column":19},"end":{"line":32,"column":25}}},"fnMap":{"0":{"name":"(anonymous_0)","decl":{"start":{"line":18,"column":21},"end":{"line":18,"column":22}},"loc":{"start":{"line":22,"column":4},"end":{"line":27,"column":26}},"line":22},"1":{"name":"(anonymous_1)","decl":{"start":{"line":27,"column":12},"end":{"line":27,"column":13}},"loc":{"start":{"line":27,"column":19},"end":{"line":27,"column":25}},"line":27},"2":{"name":"(anonymous_2)","decl":{"start":{"line":29,"column":20},"end":{"line":29,"column":21}},"loc":{"start":{"line":30,"column":4},"end":{"line":32,"column":26}},"line":30},"3":{"name":"(anonymous_3)","decl":{"start":{"line":32,"column":12},"end":{"line":32,"column":13}},"loc":{"start":{"line":32,"column":19},"end":{"line":32,"column":25}},"line":32}},"branchMap":{},"s":{"0":0,"1":0,"2":0,"3":0,"4":0},"f":{"0":0,"1":0,"2":0,"3":0},"b":{}}
,"E:\\projects\\DeftIdea\\Codes\\ourhome\\mobile\\src\\api\\endpoints\\visitors.ts": {"path":"E:\\projects\\DeftIdea\\Codes\\ourhome\\mobile\\src\\api\\endpoints\\visitors.ts","statementMap":{"0":{"start":{"line":4,"column":27},"end":{"line":37,"column":1}},"1":{"start":{"line":9,"column":4},"end":{"line":11,"column":26}},"2":{"start":{"line":11,"column":19},"end":{"line":11,"column":25}},"3":{"start":{"line":14,"column":4},"end":{"line":16,"column":26}},"4":{"start":{"line":16,"column":19},"end":{"line":16,"column":25}},"5":{"start":{"line":19,"column":4},"end":{"line":21,"column":26}},"6":{"start":{"line":21,"column":19},"end":{"line":21,"column":25}},"7":{"start":{"line":24,"column":4},"end":{"line":26,"column":26}},"8":{"start":{"line":26,"column":19},"end":{"line":26,"column":25}},"9":{"start":{"line":29,"column":4},"end":{"line":31,"column":26}},"10":{"start":{"line":31,"column":19},"end":{"line":31,"column":25}},"11":{"start":{"line":34,"column":4},"end":{"line":36,"column":26}},"12":{"start":{"line":36,"column":19},"end":{"line":36,"column":25}}},"fnMap":{"0":{"name":"(anonymous_0)","decl":{"start":{"line":5,"column":15},"end":{"line":5,"column":16}},"loc":{"start":{"line":9,"column":4},"end":{"line":11,"column":26}},"line":9},"1":{"name":"(anonymous_1)","decl":{"start":{"line":11,"column":12},"end":{"line":11,"column":13}},"loc":{"start":{"line":11,"column":19},"end":{"line":11,"column":25}},"line":11},"2":{"name":"(anonymous_2)","decl":{"start":{"line":13,"column":14},"end":{"line":13,"column":15}},"loc":{"start":{"line":14,"column":4},"end":{"line":16,"column":26}},"line":14},"3":{"name":"(anonymous_3)","decl":{"start":{"line":16,"column":12},"end":{"line":16,"column":13}},"loc":{"start":{"line":16,"column":19},"end":{"line":16,"column":25}},"line":16},"4":{"name":"(anonymous_4)","decl":{"start":{"line":18,"column":19},"end":{"line":18,"column":20}},"loc":{"start":{"line":19,"column":4},"end":{"line":21,"column":26}},"line":19},"5":{"name":"(anonymous_5)","decl":{"start":{"line":21,"column":12},"end":{"line":21,"column":13}},"loc":{"start":{"line":21,"column":19},"end":{"line":21,"column":25}},"line":21},"6":{"name":"(anonymous_6)","decl":{"start":{"line":23,"column":18},"end":{"line":23,"column":19}},"loc":{"start":{"line":24,"column":4},"end":{"line":26,"column":26}},"line":24},"7":{"name":"(anonymous_7)","decl":{"start":{"line":26,"column":12},"end":{"line":26,"column":13}},"loc":{"start":{"line":26,"column":19},"end":{"line":26,"column":25}},"line":26},"8":{"name":"(anonymous_8)","decl":{"start":{"line":28,"column":15},"end":{"line":28,"column":16}},"loc":{"start":{"line":29,"column":4},"end":{"line":31,"column":26}},"line":29},"9":{"name":"(anonymous_9)","decl":{"start":{"line":31,"column":12},"end":{"line":31,"column":13}},"loc":{"start":{"line":31,"column":19},"end":{"line":31,"column":25}},"line":31},"10":{"name":"(anonymous_10)","decl":{"start":{"line":33,"column":19},"end":{"line":33,"column":20}},"loc":{"start":{"line":34,"column":4},"end":{"line":36,"column":26}},"line":34},"11":{"name":"(anonymous_11)","decl":{"start":{"line":36,"column":12},"end":{"line":36,"column":13}},"loc":{"start":{"line":36,"column":19},"end":{"line":36,"column":25}},"line":36}},"branchMap":{},"s":{"0":0,"1":0,"2":0,"3":0,"4":0,"5":0,"6":0,"7":0,"8":0,"9":0,"10":0,"11":0,"12":0},"f":{"0":0,"1":0,"2":0,"3":0,"4":0,"5":0,"6":0,"7":0,"8":0,"9":0,"10":0,"11":0},"b":{}}
,"E:\\projects\\DeftIdea\\Codes\\ourhome\\mobile\\src\\auth\\AuthProvider.tsx": {"path":"E:\\projects\\DeftIdea\\Codes\\ourhome\\mobile\\src\\auth\\AuthProvider.tsx","statementMap":{"0":{"start":{"line":21,"column":2},"end":{"line":41,"column":3}},"1":{"start":{"line":22,"column":18},"end":{"line":22,"column":34}},"2":{"start":{"line":23,"column":23},"end":{"line":23,"column":31}},"3":{"start":{"line":24,"column":4},"end":{"line":24,"column":31}},"4":{"start":{"line":24,"column":21},"end":{"line":24,"column":31}},"5":{"start":{"line":26,"column":19},"end":{"line":29,"column":5}},"6":{"start":{"line":30,"column":19},"end":{"line":30,"column":63}},"7":{"start":{"line":32,"column":24},"end":{"line":37,"column":5}},"8":{"start":{"line":35,"column":20},"end":{"line":35,"column":73}},"9":{"start":{"line":38,"column":4},"end":{"line":38,"column":49}},"10":{"start":{"line":40,"column":4},"end":{"line":40,"column":14}},"11":{"start":{"line":48,"column":20},"end":{"line":48,"column":71}},"12":{"start":{"line":51,"column":32},"end":{"line":51,"column":47}},"13":{"start":{"line":52,"column":33},"end":{"line":52,"column":47}},"14":{"start":{"line":54,"column":2},"end":{"line":100,"column":27}},"15":{"start":{"line":56,"column":6},"end":{"line":92,"column":7}},"16":{"start":{"line":57,"column":28},"end":{"line":57,"column":55}},"17":{"start":{"line":58,"column":8},"end":{"line":86,"column":9}},"18":{"start":{"line":59,"column":26},"end":{"line":59,"column":55}},"19":{"start":{"line":60,"column":22},"end":{"line":60,"column":33}},"20":{"start":{"line":61,"column":26},"end":{"line":61,"column":63}},"21":{"start":{"line":63,"column":10},"end":{"line":85,"column":11}},"22":{"start":{"line":64,"column":36},"end":{"line":64,"column":69}},"23":{"start":{"line":65,"column":12},"end":{"line":81,"column":13}},"24":{"start":{"line":66,"column":33},"end":{"line":76,"column":15}},"25":{"start":{"line":77,"column":14},"end":{"line":77,"column":41}},"26":{"start":{"line":79,"column":14},"end":{"line":79,"column":45}},"27":{"start":{"line":80,"column":14},"end":{"line":80,"column":26}},"28":{"start":{"line":83,"column":12},"end":{"line":83,"column":43}},"29":{"start":{"line":84,"column":12},"end":{"line":84,"column":24}},"30":{"start":{"line":88,"column":8},"end":{"line":88,"column":39}},"31":{"start":{"line":89,"column":8},"end":{"line":89,"column":20}},"32":{"start":{"line":91,"column":8},"end":{"line":91,"column":25}},"33":{"start":{"line":95,"column":4},"end":{"line":95,"column":26}},"34":{"start":{"line":97,"column":4},"end":{"line":99,"column":7}},"35":{"start":{"line":98,"column":6},"end":{"line":98,"column":18}},"36":{"start":{"line":102,"column":2},"end":{"line":102,"column":28}},"37":{"start":{"line":102,"column":16},"end":{"line":102,"column":28}},"38":{"start":{"line":104,"column":2},"end":{"line":108,"column":4}},"39":{"start":{"line":112,"column":2},"end":{"line":112,"column":33}}},"fnMap":{"0":{"name":"decodeJwtPayload","decl":{"start":{"line":20,"column":9},"end":{"line":20,"column":25}},"loc":{"start":{"line":20,"column":53},"end":{"line":42,"column":1}},"line":20},"1":{"name":"(anonymous_1)","decl":{"start":{"line":35,"column":13},"end":{"line":35,"column":14}},"loc":{"start":{"line":35,"column":20},"end":{"line":35,"column":73}},"line":35},"2":{"name":"AuthProvider","decl":{"start":{"line":50,"column":16},"end":{"line":50,"column":28}},"loc":{"start":{"line":50,"column":74},"end":{"line":109,"column":1}},"line":50},"3":{"name":"(anonymous_3)","decl":{"start":{"line":54,"column":12},"end":{"line":54,"column":13}},"loc":{"start":{"line":54,"column":18},"end":{"line":100,"column":3}},"line":54},"4":{"name":"restoreSession","decl":{"start":{"line":55,"column":19},"end":{"line":55,"column":33}},"loc":{"start":{"line":55,"column":51},"end":{"line":93,"column":5}},"line":55},"5":{"name":"(anonymous_5)","decl":{"start":{"line":97,"column":25},"end":{"line":97,"column":26}},"loc":{"start":{"line":97,"column":31},"end":{"line":99,"column":5}},"line":97},"6":{"name":"useAuthContext","decl":{"start":{"line":111,"column":16},"end":{"line":111,"column":30}},"loc":{"start":{"line":111,"column":51},"end":{"line":113,"column":1}},"line":111}},"branchMap":{"0":{"loc":{"start":{"line":24,"column":4},"end":{"line":24,"column":31}},"type":"if","locations":[{"start":{"line":24,"column":4},"end":{"line":24,"column":31}},{"start":{},"end":{}}],"line":24},"1":{"loc":{"start":{"line":58,"column":8},"end":{"line":86,"column":9}},"type":"if","locations":[{"start":{"line":58,"column":8},"end":{"line":86,"column":9}},{"start":{},"end":{}}],"line":58},"2":{"loc":{"start":{"line":61,"column":26},"end":{"line":61,"column":63}},"type":"cond-expr","locations":[{"start":{"line":61,"column":32},"end":{"line":61,"column":55}},{"start":{"line":61,"column":58},"end":{"line":61,"column":63}}],"line":61},"3":{"loc":{"start":{"line":63,"column":10},"end":{"line":85,"column":11}},"type":"if","locations":[{"start":{"line":63,"column":10},"end":{"line":85,"column":11}},{"start":{"line":82,"column":17},"end":{"line":85,"column":11}}],"line":63},"4":{"loc":{"start":{"line":65,"column":12},"end":{"line":81,"column":13}},"type":"if","locations":[{"start":{"line":65,"column":12},"end":{"line":81,"column":13}},{"start":{"line":78,"column":19},"end":{"line":81,"column":13}}],"line":65},"5":{"loc":{"start":{"line":67,"column":20},"end":{"line":67,"column":55}},"type":"binary-expr","locations":[{"start":{"line":67,"column":20},"end":{"line":67,"column":31}},{"start":{"line":67,"column":35},"end":{"line":67,"column":49}},{"start":{"line":67,"column":53},"end":{"line":67,"column":55}}],"line":67},"6":{"loc":{"start":{"line":68,"column":27},"end":{"line":68,"column":50}},"type":"binary-expr","locations":[{"start":{"line":68,"column":27},"end":{"line":68,"column":44}},{"start":{"line":68,"column":48},"end":{"line":68,"column":50}}],"line":68},"7":{"loc":{"start":{"line":69,"column":26},"end":{"line":69,"column":48}},"type":"binary-expr","locations":[{"start":{"line":69,"column":26},"end":{"line":69,"column":42}},{"start":{"line":69,"column":46},"end":{"line":69,"column":48}}],"line":69},"8":{"loc":{"start":{"line":70,"column":23},"end":{"line":70,"column":42}},"type":"binary-expr","locations":[{"start":{"line":70,"column":23},"end":{"line":70,"column":36}},{"start":{"line":70,"column":40},"end":{"line":70,"column":42}}],"line":70},"9":{"loc":{"start":{"line":71,"column":23},"end":{"line":71,"column":42}},"type":"binary-expr","locations":[{"start":{"line":71,"column":23},"end":{"line":71,"column":36}},{"start":{"line":71,"column":40},"end":{"line":71,"column":42}}],"line":71},"10":{"loc":{"start":{"line":72,"column":22},"end":{"line":72,"column":46}},"type":"binary-expr","locations":[{"start":{"line":72,"column":22},"end":{"line":72,"column":34}},{"start":{"line":72,"column":38},"end":{"line":72,"column":46}}],"line":72},"11":{"loc":{"start":{"line":73,"column":30},"end":{"line":73,"column":61}},"type":"binary-expr","locations":[{"start":{"line":73,"column":30},"end":{"line":73,"column":50}},{"start":{"line":73,"column":54},"end":{"line":73,"column":61}}],"line":73},"12":{"loc":{"start":{"line":102,"column":2},"end":{"line":102,"column":28}},"type":"if","locations":[{"start":{"line":102,"column":2},"end":{"line":102,"column":28}},{"start":{},"end":{}}],"line":102}},"s":{"0":0,"1":0,"2":0,"3":0,"4":0,"5":0,"6":0,"7":0,"8":0,"9":0,"10":0,"11":0,"12":0,"13":0,"14":0,"15":0,"16":0,"17":0,"18":0,"19":0,"20":0,"21":0,"22":0,"23":0,"24":0,"25":0,"26":0,"27":0,"28":0,"29":0,"30":0,"31":0,"32":0,"33":0,"34":0,"35":0,"36":0,"37":0,"38":0,"39":0},"f":{"0":0,"1":0,"2":0,"3":0,"4":0,"5":0,"6":0},"b":{"0":[0,0],"1":[0,0],"2":[0,0],"3":[0,0],"4":[0,0],"5":[0,0,0],"6":[0,0],"7":[0,0],"8":[0,0],"9":[0,0],"10":[0,0],"11":[0,0],"12":[0,0]}}
,"E:\\projects\\DeftIdea\\Codes\\ourhome\\mobile\\src\\auth\\biometric.ts": {"path":"E:\\projects\\DeftIdea\\Codes\\ourhome\\mobile\\src\\auth\\biometric.ts","statementMap":{"0":{"start":{"line":4,"column":22},"end":{"line":4,"column":66}},"1":{"start":{"line":5,"column":2},"end":{"line":5,"column":33}},"2":{"start":{"line":5,"column":20},"end":{"line":5,"column":33}},"3":{"start":{"line":7,"column":21},"end":{"line":7,"column":64}},"4":{"start":{"line":8,"column":2},"end":{"line":8,"column":32}},"5":{"start":{"line":8,"column":19},"end":{"line":8,"column":32}},"6":{"start":{"line":10,"column":17},"end":{"line":14,"column":4}},"7":{"start":{"line":16,"column":2},"end":{"line":16,"column":24}},"8":{"start":{"line":20,"column":22},"end":{"line":20,"column":66}},"9":{"start":{"line":21,"column":21},"end":{"line":21,"column":64}},"10":{"start":{"line":22,"column":2},"end":{"line":22,"column":35}}},"fnMap":{"0":{"name":"authenticateWithBiometric","decl":{"start":{"line":3,"column":22},"end":{"line":3,"column":47}},"loc":{"start":{"line":3,"column":68},"end":{"line":17,"column":1}},"line":3},"1":{"name":"isBiometricAvailable","decl":{"start":{"line":19,"column":22},"end":{"line":19,"column":42}},"loc":{"start":{"line":19,"column":63},"end":{"line":23,"column":1}},"line":19}},"branchMap":{"0":{"loc":{"start":{"line":5,"column":2},"end":{"line":5,"column":33}},"type":"if","locations":[{"start":{"line":5,"column":2},"end":{"line":5,"column":33}},{"start":{},"end":{}}],"line":5},"1":{"loc":{"start":{"line":8,"column":2},"end":{"line":8,"column":32}},"type":"if","locations":[{"start":{"line":8,"column":2},"end":{"line":8,"column":32}},{"start":{},"end":{}}],"line":8},"2":{"loc":{"start":{"line":22,"column":9},"end":{"line":22,"column":34}},"type":"binary-expr","locations":[{"start":{"line":22,"column":9},"end":{"line":22,"column":20}},{"start":{"line":22,"column":24},"end":{"line":22,"column":34}}],"line":22}},"s":{"0":4,"1":4,"2":1,"3":3,"4":3,"5":1,"6":2,"7":2,"8":2,"9":2,"10":2},"f":{"0":4,"1":2},"b":{"0":[1,3],"1":[1,2],"2":[2,1]},"_coverageSchema":"1a1c01bbd47fc00a2c39e90264f33305004495a9","hash":"10a53b2eb0cbdfe0062f02980562e7bd3b6ec8d3"}
,"E:\\projects\\DeftIdea\\Codes\\ourhome\\mobile\\src\\auth\\tokenStore.ts": {"path":"E:\\projects\\DeftIdea\\Codes\\ourhome\\mobile\\src\\auth\\tokenStore.ts","statementMap":{"0":{"start":{"line":3,"column":16},"end":{"line":3,"column":29}},"1":{"start":{"line":4,"column":24},"end":{"line":4,"column":45}},"2":{"start":{"line":7,"column":2},"end":{"line":7,"column":43}},"3":{"start":{"line":11,"column":2},"end":{"line":11,"column":49}},"4":{"start":{"line":15,"column":2},"end":{"line":15,"column":51}},"5":{"start":{"line":19,"column":2},"end":{"line":19,"column":57}},"6":{"start":{"line":23,"column":2},"end":{"line":26,"column":5}}},"fnMap":{"0":{"name":"getToken","decl":{"start":{"line":6,"column":22},"end":{"line":6,"column":30}},"loc":{"start":{"line":6,"column":57},"end":{"line":8,"column":1}},"line":6},"1":{"name":"setToken","decl":{"start":{"line":10,"column":22},"end":{"line":10,"column":30}},"loc":{"start":{"line":10,"column":61},"end":{"line":12,"column":1}},"line":10},"2":{"name":"getRefreshToken","decl":{"start":{"line":14,"column":22},"end":{"line":14,"column":37}},"loc":{"start":{"line":14,"column":64},"end":{"line":16,"column":1}},"line":14},"3":{"name":"setRefreshToken","decl":{"start":{"line":18,"column":22},"end":{"line":18,"column":37}},"loc":{"start":{"line":18,"column":68},"end":{"line":20,"column":1}},"line":18},"4":{"name":"clearTokens","decl":{"start":{"line":22,"column":22},"end":{"line":22,"column":33}},"loc":{"start":{"line":22,"column":51},"end":{"line":27,"column":1}},"line":22}},"branchMap":{},"s":{"0":1,"1":1,"2":2,"3":1,"4":0,"5":0,"6":1},"f":{"0":2,"1":1,"2":0,"3":0,"4":1},"b":{},"_coverageSchema":"1a1c01bbd47fc00a2c39e90264f33305004495a9","hash":"dd6a2d7b05ab0dba1429b7ec39891f4be69efda5"}
,"E:\\projects\\DeftIdea\\Codes\\ourhome\\mobile\\src\\auth\\useAuth.ts": {"path":"E:\\projects\\DeftIdea\\Codes\\ourhome\\mobile\\src\\auth\\useAuth.ts","statementMap":{"0":{"start":{"line":15,"column":63},"end":{"line":15,"column":77}},"1":{"start":{"line":18,"column":21},"end":{"line":18,"column":61}},"2":{"start":{"line":19,"column":4},"end":{"line":19,"column":46}},"3":{"start":{"line":21,"column":26},"end":{"line":31,"column":5}},"4":{"start":{"line":32,"column":4},"end":{"line":32,"column":37}},"5":{"start":{"line":36,"column":4},"end":{"line":36,"column":35}},"6":{"start":{"line":37,"column":4},"end":{"line":37,"column":16}},"7":{"start":{"line":40,"column":2},"end":{"line":40,"column":57}}},"fnMap":{"0":{"name":"useAuth","decl":{"start":{"line":14,"column":16},"end":{"line":14,"column":23}},"loc":{"start":{"line":14,"column":41},"end":{"line":41,"column":1}},"line":14},"1":{"name":"login","decl":{"start":{"line":17,"column":17},"end":{"line":17,"column":22}},"loc":{"start":{"line":17,"column":71},"end":{"line":33,"column":3}},"line":17},"2":{"name":"logout","decl":{"start":{"line":35,"column":17},"end":{"line":35,"column":23}},"loc":{"start":{"line":35,"column":41},"end":{"line":38,"column":3}},"line":35}},"branchMap":{},"s":{"0":0,"1":0,"2":0,"3":0,"4":0,"5":0,"6":0,"7":0},"f":{"0":0,"1":0,"2":0},"b":{}}
,"E:\\projects\\DeftIdea\\Codes\\ourhome\\mobile\\src\\camera\\CameraCapture.tsx": {"path":"E:\\projects\\DeftIdea\\Codes\\ourhome\\mobile\\src\\camera\\CameraCapture.tsx","statementMap":{"0":{"start":{"line":25,"column":24},"end":{"line":25,"column":47}},"1":{"start":{"line":26,"column":42},"end":{"line":26,"column":64}},"2":{"start":{"line":27,"column":20},"end":{"line":27,"column":44}},"3":{"start":{"line":30,"column":4},"end":{"line":30,"column":35}},"4":{"start":{"line":30,"column":28},"end":{"line":30,"column":35}},"5":{"start":{"line":31,"column":4},"end":{"line":38,"column":5}},"6":{"start":{"line":32,"column":20},"end":{"line":32,"column":78}},"7":{"start":{"line":33,"column":6},"end":{"line":35,"column":7}},"8":{"start":{"line":34,"column":8},"end":{"line":34,"column":29}},"9":{"start":{"line":37,"column":6},"end":{"line":37,"column":70}},"10":{"start":{"line":42,"column":16},"end":{"line":42,"column":33}},"11":{"start":{"line":43,"column":4},"end":{"line":45,"column":5}},"12":{"start":{"line":44,"column":6},"end":{"line":44,"column":21}},"13":{"start":{"line":49,"column":4},"end":{"line":49,"column":30}},"14":{"start":{"line":52,"column":2},"end":{"line":118,"column":4}},"15":{"start":{"line":58,"column":27},"end":{"line":58,"column":43}},"16":{"start":{"line":66,"column":27},"end":{"line":66,"column":44}},"17":{"start":{"line":82,"column":35},"end":{"line":82,"column":55}},"18":{"start":{"line":95,"column":33},"end":{"line":95,"column":63}},"19":{"start":{"line":106,"column":29},"end":{"line":106,"column":49}},"20":{"start":{"line":121,"column":15},"end":{"line":192,"column":2}}},"fnMap":{"0":{"name":"CameraCapture","decl":{"start":{"line":24,"column":16},"end":{"line":24,"column":29}},"loc":{"start":{"line":24,"column":83},"end":{"line":119,"column":1}},"line":24},"1":{"name":"handleCapture","decl":{"start":{"line":29,"column":17},"end":{"line":29,"column":30}},"loc":{"start":{"line":29,"column":48},"end":{"line":39,"column":3}},"line":29},"2":{"name":"handleGallery","decl":{"start":{"line":41,"column":17},"end":{"line":41,"column":30}},"loc":{"start":{"line":41,"column":48},"end":{"line":46,"column":3}},"line":41},"3":{"name":"handleRequestPermission","decl":{"start":{"line":48,"column":17},"end":{"line":48,"column":40}},"loc":{"start":{"line":48,"column":58},"end":{"line":50,"column":3}},"line":48},"4":{"name":"(anonymous_4)","decl":{"start":{"line":58,"column":21},"end":{"line":58,"column":22}},"loc":{"start":{"line":58,"column":27},"end":{"line":58,"column":43}},"line":58},"5":{"name":"(anonymous_5)","decl":{"start":{"line":66,"column":21},"end":{"line":66,"column":22}},"loc":{"start":{"line":66,"column":27},"end":{"line":66,"column":44}},"line":66},"6":{"name":"(anonymous_6)","decl":{"start":{"line":82,"column":29},"end":{"line":82,"column":30}},"loc":{"start":{"line":82,"column":35},"end":{"line":82,"column":55}},"line":82},"7":{"name":"(anonymous_7)","decl":{"start":{"line":95,"column":27},"end":{"line":95,"column":28}},"loc":{"start":{"line":95,"column":33},"end":{"line":95,"column":63}},"line":95},"8":{"name":"(anonymous_8)","decl":{"start":{"line":106,"column":23},"end":{"line":106,"column":24}},"loc":{"start":{"line":106,"column":29},"end":{"line":106,"column":49}},"line":106}},"branchMap":{"0":{"loc":{"start":{"line":30,"column":4},"end":{"line":30,"column":35}},"type":"if","locations":[{"start":{"line":30,"column":4},"end":{"line":30,"column":35}},{"start":{},"end":{}}],"line":30},"1":{"loc":{"start":{"line":33,"column":6},"end":{"line":35,"column":7}},"type":"if","locations":[{"start":{"line":33,"column":6},"end":{"line":35,"column":7}},{"start":{},"end":{}}],"line":33},"2":{"loc":{"start":{"line":43,"column":4},"end":{"line":45,"column":5}},"type":"if","locations":[{"start":{"line":43,"column":4},"end":{"line":45,"column":5}},{"start":{},"end":{}}],"line":43},"3":{"loc":{"start":{"line":57,"column":32},"end":{"line":57,"column":68}},"type":"binary-expr","locations":[{"start":{"line":57,"column":32},"end":{"line":57,"column":48}},{"start":{"line":57,"column":52},"end":{"line":57,"column":68}}],"line":57},"4":{"loc":{"start":{"line":60,"column":42},"end":{"line":60,"column":82}},"type":"binary-expr","locations":[{"start":{"line":60,"column":42},"end":{"line":60,"column":58}},{"start":{"line":60,"column":62},"end":{"line":60,"column":82}}],"line":60},"5":{"loc":{"start":{"line":65,"column":32},"end":{"line":65,"column":69}},"type":"binary-expr","locations":[{"start":{"line":65,"column":32},"end":{"line":65,"column":49}},{"start":{"line":65,"column":53},"end":{"line":65,"column":69}}],"line":65},"6":{"loc":{"start":{"line":68,"column":42},"end":{"line":68,"column":83}},"type":"binary-expr","locations":[{"start":{"line":68,"column":42},"end":{"line":68,"column":59}},{"start":{"line":68,"column":63},"end":{"line":68,"column":83}}],"line":68},"7":{"loc":{"start":{"line":74,"column":9},"end":{"line":111,"column":9}},"type":"cond-expr","locations":[{"start":{"line":75,"column":10},"end":{"line":101,"column":17}},{"start":{"line":103,"column":10},"end":{"line":110,"column":17}}],"line":74},"8":{"loc":{"start":{"line":76,"column":13},"end":{"line":100,"column":13}},"type":"cond-expr","locations":[{"start":{"line":77,"column":14},"end":{"line":87,"column":17}},{"start":{"line":89,"column":14},"end":{"line":99,"column":21}}],"line":76}},"s":{"0":0,"1":0,"2":0,"3":0,"4":0,"5":0,"6":0,"7":0,"8":0,"9":0,"10":0,"11":0,"12":0,"13":0,"14":0,"15":0,"16":0,"17":0,"18":0,"19":0,"20":0},"f":{"0":0,"1":0,"2":0,"3":0,"4":0,"5":0,"6":0,"7":0,"8":0},"b":{"0":[0,0],"1":[0,0],"2":[0,0],"3":[0,0],"4":[0,0],"5":[0,0],"6":[0,0],"7":[0,0],"8":[0,0]}}
,"E:\\projects\\DeftIdea\\Codes\\ourhome\\mobile\\src\\camera\\ImagePicker.tsx": {"path":"E:\\projects\\DeftIdea\\Codes\\ourhome\\mobile\\src\\camera\\ImagePicker.tsx","statementMap":{"0":{"start":{"line":4,"column":21},"end":{"line":4,"column":80}},"1":{"start":{"line":5,"column":2},"end":{"line":5,"column":40}},"2":{"start":{"line":5,"column":28},"end":{"line":5,"column":40}},"3":{"start":{"line":7,"column":17},"end":{"line":12,"column":4}},"4":{"start":{"line":14,"column":2},"end":{"line":14,"column":35}},"5":{"start":{"line":14,"column":23},"end":{"line":14,"column":35}},"6":{"start":{"line":15,"column":2},"end":{"line":15,"column":39}}},"fnMap":{"0":{"name":"pickImage","decl":{"start":{"line":3,"column":22},"end":{"line":3,"column":31}},"loc":{"start":{"line":3,"column":58},"end":{"line":16,"column":1}},"line":3}},"branchMap":{"0":{"loc":{"start":{"line":5,"column":2},"end":{"line":5,"column":40}},"type":"if","locations":[{"start":{"line":5,"column":2},"end":{"line":5,"column":40}},{"start":{},"end":{}}],"line":5},"1":{"loc":{"start":{"line":14,"column":2},"end":{"line":14,"column":35}},"type":"if","locations":[{"start":{"line":14,"column":2},"end":{"line":14,"column":35}},{"start":{},"end":{}}],"line":14},"2":{"loc":{"start":{"line":15,"column":9},"end":{"line":15,"column":38}},"type":"binary-expr","locations":[{"start":{"line":15,"column":9},"end":{"line":15,"column":30}},{"start":{"line":15,"column":34},"end":{"line":15,"column":38}}],"line":15}},"s":{"0":0,"1":0,"2":0,"3":0,"4":0,"5":0,"6":0},"f":{"0":0},"b":{"0":[0,0],"1":[0,0],"2":[0,0]}}
,"E:\\projects\\DeftIdea\\Codes\\ourhome\\mobile\\src\\camera\\imageUpload.ts": {"path":"E:\\projects\\DeftIdea\\Codes\\ourhome\\mobile\\src\\camera\\imageUpload.ts","statementMap":{"0":{"start":{"line":4,"column":17},"end":{"line":4,"column":75}},"1":{"start":{"line":8,"column":22},"end":{"line":12,"column":3}},"2":{"start":{"line":14,"column":20},"end":{"line":14,"column":69}},"3":{"start":{"line":16,"column":19},"end":{"line":21,"column":4}},"4":{"start":{"line":23,"column":2},"end":{"line":25,"column":3}},"5":{"start":{"line":24,"column":4},"end":{"line":24,"column":68}},"6":{"start":{"line":27,"column":15},"end":{"line":27,"column":59}},"7":{"start":{"line":28,"column":2},"end":{"line":28,"column":18}}},"fnMap":{"0":{"name":"compressAndUpload","decl":{"start":{"line":6,"column":22},"end":{"line":6,"column":39}},"loc":{"start":{"line":6,"column":89},"end":{"line":29,"column":1}},"line":6}},"branchMap":{"0":{"loc":{"start":{"line":4,"column":17},"end":{"line":4,"column":75}},"type":"binary-expr","locations":[{"start":{"line":4,"column":17},"end":{"line":4,"column":44}},{"start":{"line":4,"column":48},"end":{"line":4,"column":75}}],"line":4},"1":{"loc":{"start":{"line":23,"column":2},"end":{"line":25,"column":3}},"type":"if","locations":[{"start":{"line":23,"column":2},"end":{"line":25,"column":3}},{"start":{},"end":{}}],"line":23},"2":{"loc":{"start":{"line":23,"column":6},"end":{"line":23,"column":53}},"type":"binary-expr","locations":[{"start":{"line":23,"column":6},"end":{"line":23,"column":27}},{"start":{"line":23,"column":31},"end":{"line":23,"column":53}}],"line":23}},"s":{"0":0,"1":0,"2":0,"3":0,"4":0,"5":0,"6":0,"7":0},"f":{"0":0},"b":{"0":[0,0],"1":[0,0],"2":[0,0]}}
,"E:\\projects\\DeftIdea\\Codes\\ourhome\\mobile\\src\\camera\\useCamera.ts": {"path":"E:\\projects\\DeftIdea\\Codes\\ourhome\\mobile\\src\\camera\\useCamera.ts","statementMap":{"0":{"start":{"line":12,"column":40},"end":{"line":12,"column":55}},"1":{"start":{"line":13,"column":28},"end":{"line":13,"column":57}},"2":{"start":{"line":16,"column":4},"end":{"line":16,"column":25}},"3":{"start":{"line":17,"column":4},"end":{"line":17,"column":19}},"4":{"start":{"line":18,"column":4},"end":{"line":27,"column":5}},"5":{"start":{"line":19,"column":18},"end":{"line":19,"column":57}},"6":{"start":{"line":20,"column":6},"end":{"line":20,"column":17}},"7":{"start":{"line":22,"column":18},"end":{"line":22,"column":35}},"8":{"start":{"line":23,"column":6},"end":{"line":23,"column":20}},"9":{"start":{"line":24,"column":6},"end":{"line":24,"column":18}},"10":{"start":{"line":26,"column":6},"end":{"line":26,"column":28}},"11":{"start":{"line":30,"column":2},"end":{"line":30,"column":40}}},"fnMap":{"0":{"name":"useCamera","decl":{"start":{"line":11,"column":16},"end":{"line":11,"column":25}},"loc":{"start":{"line":11,"column":45},"end":{"line":31,"column":1}},"line":11},"1":{"name":"upload","decl":{"start":{"line":15,"column":17},"end":{"line":15,"column":23}},"loc":{"start":{"line":15,"column":80},"end":{"line":28,"column":3}},"line":15}},"branchMap":{},"s":{"0":0,"1":0,"2":0,"3":0,"4":0,"5":0,"6":0,"7":0,"8":0,"9":0,"10":0,"11":0},"f":{"0":0,"1":0},"b":{}}
,"E:\\projects\\DeftIdea\\Codes\\ourhome\\mobile\\src\\features\\amenities\\AmenityListScreen.tsx": {"path":"E:\\projects\\DeftIdea\\Codes\\ourhome\\mobile\\src\\features\\amenities\\AmenityListScreen.tsx","statementMap":{"0":{"start":{"line":23,"column":20},"end":{"line":23,"column":34}},"1":{"start":{"line":24,"column":30},"end":{"line":24,"column":53}},"2":{"start":{"line":26,"column":4},"end":{"line":26,"column":29}},"3":{"start":{"line":29,"column":4},"end":{"line":40,"column":6}},"4":{"start":{"line":43,"column":2},"end":{"line":82,"column":4}},"5":{"start":{"line":49,"column":76},"end":{"line":49,"column":86}},"6":{"start":{"line":50,"column":12},"end":{"line":52,"column":31}},"7":{"start":{"line":60,"column":32},"end":{"line":60,"column":39}},"8":{"start":{"line":66,"column":29},"end":{"line":66,"column":43}},"9":{"start":{"line":71,"column":10},"end":{"line":71,"column":48}},"10":{"start":{"line":71,"column":27},"end":{"line":71,"column":48}},"11":{"start":{"line":79,"column":38},"end":{"line":79,"column":71}},"12":{"start":{"line":85,"column":15},"end":{"line":128,"column":2}}},"fnMap":{"0":{"name":"AmenityListScreen","decl":{"start":{"line":22,"column":16},"end":{"line":22,"column":33}},"loc":{"start":{"line":22,"column":36},"end":{"line":83,"column":1}},"line":22},"1":{"name":"renderBooking","decl":{"start":{"line":28,"column":11},"end":{"line":28,"column":24}},"loc":{"start":{"line":28,"column":61},"end":{"line":41,"column":3}},"line":28},"2":{"name":"(anonymous_2)","decl":{"start":{"line":49,"column":69},"end":{"line":49,"column":70}},"loc":{"start":{"line":49,"column":76},"end":{"line":49,"column":86}},"line":49},"3":{"name":"(anonymous_3)","decl":{"start":{"line":49,"column":92},"end":{"line":49,"column":93}},"loc":{"start":{"line":50,"column":12},"end":{"line":52,"column":31}},"line":50},"4":{"name":"(anonymous_4)","decl":{"start":{"line":60,"column":22},"end":{"line":60,"column":23}},"loc":{"start":{"line":60,"column":32},"end":{"line":60,"column":39}},"line":60},"5":{"name":"(anonymous_5)","decl":{"start":{"line":66,"column":23},"end":{"line":66,"column":24}},"loc":{"start":{"line":66,"column":29},"end":{"line":66,"column":43}},"line":66},"6":{"name":"(anonymous_6)","decl":{"start":{"line":70,"column":22},"end":{"line":70,"column":23}},"loc":{"start":{"line":70,"column":28},"end":{"line":72,"column":9}},"line":70},"7":{"name":"(anonymous_7)","decl":{"start":{"line":79,"column":32},"end":{"line":79,"column":33}},"loc":{"start":{"line":79,"column":38},"end":{"line":79,"column":71}},"line":79}},"branchMap":{"0":{"loc":{"start":{"line":47,"column":7},"end":{"line":55,"column":7}},"type":"binary-expr","locations":[{"start":{"line":47,"column":7},"end":{"line":47,"column":24}},{"start":{"line":47,"column":28},"end":{"line":47,"column":48}},{"start":{"line":48,"column":8},"end":{"line":54,"column":15}}],"line":47},"1":{"loc":{"start":{"line":62,"column":31},"end":{"line":62,"column":88}},"type":"cond-expr","locations":[{"start":{"line":62,"column":55},"end":{"line":62,"column":76}},{"start":{"line":62,"column":79},"end":{"line":62,"column":88}}],"line":62},"2":{"loc":{"start":{"line":71,"column":10},"end":{"line":71,"column":48}},"type":"if","locations":[{"start":{"line":71,"column":10},"end":{"line":71,"column":48}},{"start":{},"end":{}}],"line":71},"3":{"loc":{"start":{"line":75,"column":10},"end":{"line":77,"column":18}},"type":"cond-expr","locations":[{"start":{"line":76,"column":12},"end":{"line":76,"column":102}},{"start":{"line":77,"column":14},"end":{"line":77,"column":18}}],"line":75}},"s":{"0":0,"1":0,"2":0,"3":0,"4":0,"5":0,"6":0,"7":0,"8":0,"9":0,"10":0,"11":0,"12":0},"f":{"0":0,"1":0,"2":0,"3":0,"4":0,"5":0,"6":0,"7":0},"b":{"0":[0,0,0],"1":[0,0],"2":[0,0],"3":[0,0]}}
,"E:\\projects\\DeftIdea\\Codes\\ourhome\\mobile\\src\\features\\amenities\\hooks\\useAmenities.ts": {"path":"E:\\projects\\DeftIdea\\Codes\\ourhome\\mobile\\src\\features\\amenities\\hooks\\useAmenities.ts","statementMap":{"0":{"start":{"line":7,"column":2},"end":{"line":11,"column":5}},"1":{"start":{"line":9,"column":19},"end":{"line":9,"column":55}},"2":{"start":{"line":18,"column":2},"end":{"line":23,"column":5}},"3":{"start":{"line":21,"column":6},"end":{"line":21,"column":76}},"4":{"start":{"line":27,"column":22},"end":{"line":27,"column":38}},"5":{"start":{"line":28,"column":2},"end":{"line":34,"column":5}},"6":{"start":{"line":30,"column":6},"end":{"line":30,"column":49}},"7":{"start":{"line":32,"column":6},"end":{"line":32,"column":88}}},"fnMap":{"0":{"name":"useAmenities","decl":{"start":{"line":6,"column":16},"end":{"line":6,"column":28}},"loc":{"start":{"line":6,"column":48},"end":{"line":12,"column":1}},"line":6},"1":{"name":"(anonymous_1)","decl":{"start":{"line":9,"column":13},"end":{"line":9,"column":14}},"loc":{"start":{"line":9,"column":19},"end":{"line":9,"column":55}},"line":9},"2":{"name":"useBookingList","decl":{"start":{"line":14,"column":16},"end":{"line":14,"column":30}},"loc":{"start":{"line":17,"column":2},"end":{"line":24,"column":1}},"line":17},"3":{"name":"(anonymous_3)","decl":{"start":{"line":20,"column":15},"end":{"line":20,"column":16}},"loc":{"start":{"line":21,"column":6},"end":{"line":21,"column":76}},"line":21},"4":{"name":"useCreateBooking","decl":{"start":{"line":26,"column":16},"end":{"line":26,"column":32}},"loc":{"start":{"line":26,"column":52},"end":{"line":35,"column":1}},"line":26},"5":{"name":"(anonymous_5)","decl":{"start":{"line":29,"column":16},"end":{"line":29,"column":17}},"loc":{"start":{"line":30,"column":6},"end":{"line":30,"column":49}},"line":30},"6":{"name":"(anonymous_6)","decl":{"start":{"line":31,"column":15},"end":{"line":31,"column":16}},"loc":{"start":{"line":31,"column":21},"end":{"line":33,"column":5}},"line":31}},"branchMap":{},"s":{"0":0,"1":0,"2":0,"3":0,"4":0,"5":0,"6":0,"7":0},"f":{"0":0,"1":0,"2":0,"3":0,"4":0,"5":0,"6":0},"b":{}}
,"E:\\projects\\DeftIdea\\Codes\\ourhome\\mobile\\src\\features\\apartments\\ApartmentListScreen.tsx": {"path":"E:\\projects\\DeftIdea\\Codes\\ourhome\\mobile\\src\\features\\apartments\\ApartmentListScreen.tsx","statementMap":{"0":{"start":{"line":23,"column":20},"end":{"line":23,"column":34}},"1":{"start":{"line":24,"column":30},"end":{"line":24,"column":42}},"2":{"start":{"line":25,"column":26},"end":{"line":25,"column":45}},"3":{"start":{"line":28,"column":4},"end":{"line":28,"column":90}},"4":{"start":{"line":31,"column":4},"end":{"line":44,"column":6}},"5":{"start":{"line":47,"column":2},"end":{"line":83,"column":4}},"6":{"start":{"line":61,"column":32},"end":{"line":61,"column":39}},"7":{"start":{"line":67,"column":29},"end":{"line":67,"column":43}},"8":{"start":{"line":72,"column":10},"end":{"line":72,"column":48}},"9":{"start":{"line":72,"column":27},"end":{"line":72,"column":48}},"10":{"start":{"line":80,"column":38},"end":{"line":80,"column":71}},"11":{"start":{"line":86,"column":15},"end":{"line":113,"column":2}}},"fnMap":{"0":{"name":"ApartmentListScreen","decl":{"start":{"line":22,"column":16},"end":{"line":22,"column":35}},"loc":{"start":{"line":22,"column":38},"end":{"line":84,"column":1}},"line":22},"1":{"name":"renderItem","decl":{"start":{"line":30,"column":11},"end":{"line":30,"column":21}},"loc":{"start":{"line":30,"column":53},"end":{"line":45,"column":3}},"line":30},"2":{"name":"(anonymous_2)","decl":{"start":{"line":61,"column":22},"end":{"line":61,"column":23}},"loc":{"start":{"line":61,"column":32},"end":{"line":61,"column":39}},"line":61},"3":{"name":"(anonymous_3)","decl":{"start":{"line":67,"column":23},"end":{"line":67,"column":24}},"loc":{"start":{"line":67,"column":29},"end":{"line":67,"column":43}},"line":67},"4":{"name":"(anonymous_4)","decl":{"start":{"line":71,"column":22},"end":{"line":71,"column":23}},"loc":{"start":{"line":71,"column":28},"end":{"line":73,"column":9}},"line":71},"5":{"name":"(anonymous_5)","decl":{"start":{"line":80,"column":32},"end":{"line":80,"column":33}},"loc":{"start":{"line":80,"column":38},"end":{"line":80,"column":71}},"line":80}},"branchMap":{"0":{"loc":{"start":{"line":28,"column":32},"end":{"line":28,"column":89}},"type":"cond-expr","locations":[{"start":{"line":28,"column":50},"end":{"line":28,"column":77}},{"start":{"line":28,"column":80},"end":{"line":28,"column":89}}],"line":28},"1":{"loc":{"start":{"line":39,"column":45},"end":{"line":39,"column":83}},"type":"cond-expr","locations":[{"start":{"line":39,"column":75},"end":{"line":39,"column":78}},{"start":{"line":39,"column":81},"end":{"line":39,"column":83}}],"line":39},"2":{"loc":{"start":{"line":63,"column":31},"end":{"line":63,"column":84}},"type":"cond-expr","locations":[{"start":{"line":63,"column":51},"end":{"line":63,"column":72}},{"start":{"line":63,"column":75},"end":{"line":63,"column":84}}],"line":63},"3":{"loc":{"start":{"line":72,"column":10},"end":{"line":72,"column":48}},"type":"if","locations":[{"start":{"line":72,"column":10},"end":{"line":72,"column":48}},{"start":{},"end":{}}],"line":72},"4":{"loc":{"start":{"line":76,"column":10},"end":{"line":78,"column":18}},"type":"cond-expr","locations":[{"start":{"line":77,"column":12},"end":{"line":77,"column":64}},{"start":{"line":78,"column":14},"end":{"line":78,"column":18}}],"line":76}},"s":{"0":0,"1":0,"2":0,"3":0,"4":0,"5":0,"6":0,"7":0,"8":0,"9":0,"10":0,"11":0},"f":{"0":0,"1":0,"2":0,"3":0,"4":0,"5":0},"b":{"0":[0,0],"1":[0,0],"2":[0,0],"3":[0,0],"4":[0,0]}}
,"E:\\projects\\DeftIdea\\Codes\\ourhome\\mobile\\src\\features\\apartments\\hooks\\useApartments.ts": {"path":"E:\\projects\\DeftIdea\\Codes\\ourhome\\mobile\\src\\features\\apartments\\hooks\\useApartments.ts","statementMap":{"0":{"start":{"line":10,"column":2},"end":{"line":15,"column":5}},"1":{"start":{"line":13,"column":6},"end":{"line":13,"column":79}},"2":{"start":{"line":19,"column":2},"end":{"line":23,"column":5}},"3":{"start":{"line":21,"column":19},"end":{"line":21,"column":60}}},"fnMap":{"0":{"name":"useApartmentList","decl":{"start":{"line":6,"column":16},"end":{"line":6,"column":32}},"loc":{"start":{"line":9,"column":2},"end":{"line":16,"column":1}},"line":9},"1":{"name":"(anonymous_1)","decl":{"start":{"line":12,"column":15},"end":{"line":12,"column":16}},"loc":{"start":{"line":13,"column":6},"end":{"line":13,"column":79}},"line":13},"2":{"name":"useApartment","decl":{"start":{"line":18,"column":16},"end":{"line":18,"column":28}},"loc":{"start":{"line":18,"column":60},"end":{"line":24,"column":1}},"line":18},"3":{"name":"(anonymous_3)","decl":{"start":{"line":21,"column":13},"end":{"line":21,"column":14}},"loc":{"start":{"line":21,"column":19},"end":{"line":21,"column":60}},"line":21}},"branchMap":{"0":{"loc":{"start":{"line":22,"column":13},"end":{"line":22,"column":32}},"type":"binary-expr","locations":[{"start":{"line":22,"column":13},"end":{"line":22,"column":24}},{"start":{"line":22,"column":28},"end":{"line":22,"column":32}}],"line":22}},"s":{"0":0,"1":0,"2":0,"3":0},"f":{"0":0,"1":0,"2":0,"3":0},"b":{"0":[0,0]}}
,"E:\\projects\\DeftIdea\\Codes\\ourhome\\mobile\\src\\features\\complaints\\ComplaintCreateScreen.tsx": {"path":"E:\\projects\\DeftIdea\\Codes\\ourhome\\mobile\\src\\features\\complaints\\ComplaintCreateScreen.tsx","statementMap":{"0":{"start":{"line":22,"column":19},"end":{"line":29,"column":1}},"1":{"start":{"line":32,"column":20},"end":{"line":32,"column":34}},"2":{"start":{"line":33,"column":54},"end":{"line":33,"column":83}},"3":{"start":{"line":35,"column":34},"end":{"line":35,"column":46}},"4":{"start":{"line":36,"column":40},"end":{"line":36,"column":52}},"5":{"start":{"line":39,"column":4},"end":{"line":42,"column":5}},"6":{"start":{"line":40,"column":6},"end":{"line":40,"column":74}},"7":{"start":{"line":41,"column":6},"end":{"line":41,"column":13}},"8":{"start":{"line":43,"column":4},"end":{"line":50,"column":5}},"9":{"start":{"line":44,"column":6},"end":{"line":44,"column":55}},"10":{"start":{"line":45,"column":6},"end":{"line":45,"column":66}},"11":{"start":{"line":46,"column":6},"end":{"line":46,"column":22}},"12":{"start":{"line":47,"column":6},"end":{"line":47,"column":25}},"13":{"start":{"line":49,"column":6},"end":{"line":49,"column":46}},"14":{"start":{"line":53,"column":2},"end":{"line":86,"column":4}},"15":{"start":{"line":79,"column":25},"end":{"line":79,"column":44}},"16":{"start":{"line":89,"column":15},"end":{"line":121,"column":2}}},"fnMap":{"0":{"name":"ComplaintCreateScreen","decl":{"start":{"line":31,"column":16},"end":{"line":31,"column":37}},"loc":{"start":{"line":31,"column":40},"end":{"line":87,"column":1}},"line":31},"1":{"name":"handleSubmit","decl":{"start":{"line":38,"column":17},"end":{"line":38,"column":29}},"loc":{"start":{"line":38,"column":47},"end":{"line":51,"column":3}},"line":38},"2":{"name":"(anonymous_2)","decl":{"start":{"line":79,"column":19},"end":{"line":79,"column":20}},"loc":{"start":{"line":79,"column":25},"end":{"line":79,"column":44}},"line":79}},"branchMap":{"0":{"loc":{"start":{"line":39,"column":4},"end":{"line":42,"column":5}},"type":"if","locations":[{"start":{"line":39,"column":4},"end":{"line":42,"column":5}},{"start":{},"end":{}}],"line":39},"1":{"loc":{"start":{"line":39,"column":8},"end":{"line":39,"column":33}},"type":"binary-expr","locations":[{"start":{"line":39,"column":8},"end":{"line":39,"column":17}},{"start":{"line":39,"column":21},"end":{"line":39,"column":33}}],"line":39}},"s":{"0":0,"1":0,"2":0,"3":0,"4":0,"5":0,"6":0,"7":0,"8":0,"9":0,"10":0,"11":0,"12":0,"13":0,"14":0,"15":0,"16":0},"f":{"0":0,"1":0,"2":0},"b":{"0":[0,0],"1":[0,0]}}
,"E:\\projects\\DeftIdea\\Codes\\ourhome\\mobile\\src\\features\\complaints\\ComplaintListScreen.tsx": {"path":"E:\\projects\\DeftIdea\\Codes\\ourhome\\mobile\\src\\features\\complaints\\ComplaintListScreen.tsx","statementMap":{"0":{"start":{"line":22,"column":20},"end":{"line":22,"column":34}},"1":{"start":{"line":24,"column":4},"end":{"line":24,"column":31}},"2":{"start":{"line":27,"column":4},"end":{"line":40,"column":6}},"3":{"start":{"line":43,"column":2},"end":{"line":70,"column":4}},"4":{"start":{"line":48,"column":32},"end":{"line":48,"column":39}},"5":{"start":{"line":54,"column":29},"end":{"line":54,"column":43}},"6":{"start":{"line":59,"column":10},"end":{"line":59,"column":48}},"7":{"start":{"line":59,"column":27},"end":{"line":59,"column":48}},"8":{"start":{"line":67,"column":38},"end":{"line":67,"column":71}},"9":{"start":{"line":73,"column":15},"end":{"line":86,"column":2}}},"fnMap":{"0":{"name":"ComplaintListScreen","decl":{"start":{"line":21,"column":16},"end":{"line":21,"column":35}},"loc":{"start":{"line":21,"column":38},"end":{"line":71,"column":1}},"line":21},"1":{"name":"renderItem","decl":{"start":{"line":26,"column":11},"end":{"line":26,"column":21}},"loc":{"start":{"line":26,"column":53},"end":{"line":41,"column":3}},"line":26},"2":{"name":"(anonymous_2)","decl":{"start":{"line":48,"column":22},"end":{"line":48,"column":23}},"loc":{"start":{"line":48,"column":32},"end":{"line":48,"column":39}},"line":48},"3":{"name":"(anonymous_3)","decl":{"start":{"line":54,"column":23},"end":{"line":54,"column":24}},"loc":{"start":{"line":54,"column":29},"end":{"line":54,"column":43}},"line":54},"4":{"name":"(anonymous_4)","decl":{"start":{"line":58,"column":22},"end":{"line":58,"column":23}},"loc":{"start":{"line":58,"column":28},"end":{"line":60,"column":9}},"line":58},"5":{"name":"(anonymous_5)","decl":{"start":{"line":67,"column":32},"end":{"line":67,"column":33}},"loc":{"start":{"line":67,"column":38},"end":{"line":67,"column":71}},"line":67}},"branchMap":{"0":{"loc":{"start":{"line":50,"column":31},"end":{"line":50,"column":84}},"type":"cond-expr","locations":[{"start":{"line":50,"column":51},"end":{"line":50,"column":72}},{"start":{"line":50,"column":75},"end":{"line":50,"column":84}}],"line":50},"1":{"loc":{"start":{"line":59,"column":10},"end":{"line":59,"column":48}},"type":"if","locations":[{"start":{"line":59,"column":10},"end":{"line":59,"column":48}},{"start":{},"end":{}}],"line":59},"2":{"loc":{"start":{"line":63,"column":10},"end":{"line":65,"column":18}},"type":"cond-expr","locations":[{"start":{"line":64,"column":12},"end":{"line":64,"column":97}},{"start":{"line":65,"column":14},"end":{"line":65,"column":18}}],"line":63}},"s":{"0":0,"1":0,"2":0,"3":0,"4":0,"5":0,"6":0,"7":0,"8":0,"9":0},"f":{"0":0,"1":0,"2":0,"3":0,"4":0,"5":0},"b":{"0":[0,0],"1":[0,0],"2":[0,0]}}
,"E:\\projects\\DeftIdea\\Codes\\ourhome\\mobile\\src\\features\\complaints\\hooks\\useComplaints.ts": {"path":"E:\\projects\\DeftIdea\\Codes\\ourhome\\mobile\\src\\features\\complaints\\hooks\\useComplaints.ts","statementMap":{"0":{"start":{"line":10,"column":2},"end":{"line":15,"column":5}},"1":{"start":{"line":13,"column":6},"end":{"line":13,"column":79}},"2":{"start":{"line":19,"column":22},"end":{"line":19,"column":38}},"3":{"start":{"line":20,"column":2},"end":{"line":26,"column":5}},"4":{"start":{"line":22,"column":6},"end":{"line":22,"column":52}},"5":{"start":{"line":24,"column":6},"end":{"line":24,"column":82}},"6":{"start":{"line":30,"column":22},"end":{"line":30,"column":38}},"7":{"start":{"line":31,"column":2},"end":{"line":37,"column":5}},"8":{"start":{"line":33,"column":6},"end":{"line":33,"column":64}},"9":{"start":{"line":35,"column":6},"end":{"line":35,"column":82}}},"fnMap":{"0":{"name":"useComplaintList","decl":{"start":{"line":6,"column":16},"end":{"line":6,"column":32}},"loc":{"start":{"line":9,"column":2},"end":{"line":16,"column":1}},"line":9},"1":{"name":"(anonymous_1)","decl":{"start":{"line":12,"column":15},"end":{"line":12,"column":16}},"loc":{"start":{"line":13,"column":6},"end":{"line":13,"column":79}},"line":13},"2":{"name":"useCreateComplaint","decl":{"start":{"line":18,"column":16},"end":{"line":18,"column":34}},"loc":{"start":{"line":18,"column":54},"end":{"line":27,"column":1}},"line":18},"3":{"name":"(anonymous_3)","decl":{"start":{"line":21,"column":16},"end":{"line":21,"column":17}},"loc":{"start":{"line":22,"column":6},"end":{"line":22,"column":52}},"line":22},"4":{"name":"(anonymous_4)","decl":{"start":{"line":23,"column":15},"end":{"line":23,"column":16}},"loc":{"start":{"line":23,"column":21},"end":{"line":25,"column":5}},"line":23},"5":{"name":"useUpdateComplaintStatus","decl":{"start":{"line":29,"column":16},"end":{"line":29,"column":40}},"loc":{"start":{"line":29,"column":60},"end":{"line":38,"column":1}},"line":29},"6":{"name":"(anonymous_6)","decl":{"start":{"line":32,"column":16},"end":{"line":32,"column":17}},"loc":{"start":{"line":33,"column":6},"end":{"line":33,"column":64}},"line":33},"7":{"name":"(anonymous_7)","decl":{"start":{"line":34,"column":15},"end":{"line":34,"column":16}},"loc":{"start":{"line":34,"column":21},"end":{"line":36,"column":5}},"line":34}},"branchMap":{},"s":{"0":0,"1":0,"2":0,"3":0,"4":0,"5":0,"6":0,"7":0,"8":0,"9":0},"f":{"0":0,"1":0,"2":0,"3":0,"4":0,"5":0,"6":0,"7":0},"b":{}}
,"E:\\projects\\DeftIdea\\Codes\\ourhome\\mobile\\src\\features\\dashboard\\DashboardScreen.tsx": {"path":"E:\\projects\\DeftIdea\\Codes\\ourhome\\mobile\\src\\features\\dashboard\\DashboardScreen.tsx","statementMap":{"0":{"start":{"line":23,"column":2},"end":{"line":28,"column":4}},"1":{"start":{"line":32,"column":15},"end":{"line":32,"column":42}},"2":{"start":{"line":32,"column":35},"end":{"line":32,"column":41}},"3":{"start":{"line":33,"column":39},"end":{"line":33,"column":53}},"4":{"start":{"line":35,"column":19},"end":{"line":35,"column":32}},"5":{"start":{"line":37,"column":2},"end":{"line":74,"column":4}},"6":{"start":{"line":44,"column":29},"end":{"line":44,"column":43}},"7":{"start":{"line":78,"column":15},"end":{"line":78,"column":36}},"8":{"start":{"line":79,"column":2},"end":{"line":79,"column":39}},"9":{"start":{"line":79,"column":17},"end":{"line":79,"column":39}},"10":{"start":{"line":80,"column":2},"end":{"line":80,"column":41}},"11":{"start":{"line":80,"column":17},"end":{"line":80,"column":41}},"12":{"start":{"line":81,"column":2},"end":{"line":81,"column":24}},"13":{"start":{"line":84,"column":15},"end":{"line":126,"column":2}}},"fnMap":{"0":{"name":"SummaryCard","decl":{"start":{"line":22,"column":9},"end":{"line":22,"column":20}},"loc":{"start":{"line":22,"column":65},"end":{"line":29,"column":1}},"line":22},"1":{"name":"DashboardScreen","decl":{"start":{"line":31,"column":16},"end":{"line":31,"column":31}},"loc":{"start":{"line":31,"column":34},"end":{"line":75,"column":1}},"line":31},"2":{"name":"(anonymous_2)","decl":{"start":{"line":32,"column":28},"end":{"line":32,"column":29}},"loc":{"start":{"line":32,"column":35},"end":{"line":32,"column":41}},"line":32},"3":{"name":"(anonymous_3)","decl":{"start":{"line":44,"column":23},"end":{"line":44,"column":24}},"loc":{"start":{"line":44,"column":29},"end":{"line":44,"column":43}},"line":44},"4":{"name":"getGreeting","decl":{"start":{"line":77,"column":9},"end":{"line":77,"column":20}},"loc":{"start":{"line":77,"column":31},"end":{"line":82,"column":1}},"line":77}},"branchMap":{"0":{"loc":{"start":{"line":51,"column":37},"end":{"line":51,"column":61}},"type":"binary-expr","locations":[{"start":{"line":51,"column":37},"end":{"line":51,"column":51}},{"start":{"line":51,"column":55},"end":{"line":51,"column":61}}],"line":51},"1":{"loc":{"start":{"line":58,"column":19},"end":{"line":58,"column":43}},"type":"binary-expr","locations":[{"start":{"line":58,"column":19},"end":{"line":58,"column":38}},{"start":{"line":58,"column":42},"end":{"line":58,"column":43}}],"line":58},"2":{"loc":{"start":{"line":63,"column":19},"end":{"line":63,"column":43}},"type":"binary-expr","locations":[{"start":{"line":63,"column":19},"end":{"line":63,"column":38}},{"start":{"line":63,"column":42},"end":{"line":63,"column":43}}],"line":63},"3":{"loc":{"start":{"line":68,"column":19},"end":{"line":68,"column":47}},"type":"binary-expr","locations":[{"start":{"line":68,"column":19},"end":{"line":68,"column":42}},{"start":{"line":68,"column":46},"end":{"line":68,"column":47}}],"line":68},"4":{"loc":{"start":{"line":79,"column":2},"end":{"line":79,"column":39}},"type":"if","locations":[{"start":{"line":79,"column":2},"end":{"line":79,"column":39}},{"start":{},"end":{}}],"line":79},"5":{"loc":{"start":{"line":80,"column":2},"end":{"line":80,"column":41}},"type":"if","locations":[{"start":{"line":80,"column":2},"end":{"line":80,"column":41}},{"start":{},"end":{}}],"line":80}},"s":{"0":0,"1":0,"2":0,"3":0,"4":0,"5":0,"6":0,"7":0,"8":0,"9":0,"10":0,"11":0,"12":0,"13":0},"f":{"0":0,"1":0,"2":0,"3":0,"4":0},"b":{"0":[0,0],"1":[0,0],"2":[0,0],"3":[0,0],"4":[0,0],"5":[0,0]}}
,"E:\\projects\\DeftIdea\\Codes\\ourhome\\mobile\\src\\features\\dashboard\\useDashboard.ts": {"path":"E:\\projects\\DeftIdea\\Codes\\ourhome\\mobile\\src\\features\\dashboard\\useDashboard.ts","statementMap":{"0":{"start":{"line":14,"column":20},"end":{"line":14,"column":34}},"1":{"start":{"line":16,"column":2},"end":{"line":33,"column":5}},"2":{"start":{"line":19,"column":20},"end":{"line":19,"column":64}},"3":{"start":{"line":20,"column":46},"end":{"line":24,"column":8}},"4":{"start":{"line":25,"column":6},"end":{"line":29,"column":8}},"5":{"start":{"line":27,"column":51},"end":{"line":27,"column":60}}},"fnMap":{"0":{"name":"useDashboard","decl":{"start":{"line":13,"column":16},"end":{"line":13,"column":28}},"loc":{"start":{"line":13,"column":31},"end":{"line":34,"column":1}},"line":13},"1":{"name":"(anonymous_1)","decl":{"start":{"line":18,"column":13},"end":{"line":18,"column":14}},"loc":{"start":{"line":18,"column":52},"end":{"line":30,"column":5}},"line":18},"2":{"name":"(anonymous_2)","decl":{"start":{"line":27,"column":44},"end":{"line":27,"column":45}},"loc":{"start":{"line":27,"column":51},"end":{"line":27,"column":60}},"line":27}},"branchMap":{"0":{"loc":{"start":{"line":19,"column":20},"end":{"line":19,"column":64}},"type":"binary-expr","locations":[{"start":{"line":19,"column":20},"end":{"line":19,"column":58}},{"start":{"line":19,"column":62},"end":{"line":19,"column":64}}],"line":19}},"s":{"0":0,"1":0,"2":0,"3":0,"4":0,"5":0},"f":{"0":0,"1":0,"2":0},"b":{"0":[0,0]}}
,"E:\\projects\\DeftIdea\\Codes\\ourhome\\mobile\\src\\features\\financial-report\\FinancialReportScreen.tsx": {"path":"E:\\projects\\DeftIdea\\Codes\\ourhome\\mobile\\src\\features\\financial-report\\FinancialReportScreen.tsx","statementMap":{"0":{"start":{"line":20,"column":21},"end":{"line":20,"column":45}},"1":{"start":{"line":21,"column":21},"end":{"line":21,"column":71}},"2":{"start":{"line":24,"column":20},"end":{"line":24,"column":34}},"3":{"start":{"line":25,"column":26},"end":{"line":25,"column":48}},"4":{"start":{"line":28,"column":4},"end":{"line":28,"column":40}},"5":{"start":{"line":30,"column":4},"end":{"line":30,"column":39}},"6":{"start":{"line":32,"column":20},"end":{"line":32,"column":54}},"7":{"start":{"line":35,"column":4},"end":{"line":35,"column":26}},"8":{"start":{"line":36,"column":4},"end":{"line":36,"column":28}},"9":{"start":{"line":39,"column":2},"end":{"line":111,"column":4}},"10":{"start":{"line":53,"column":12},"end":{"line":63,"column":31}},"11":{"start":{"line":56,"column":29},"end":{"line":56,"column":39}},"12":{"start":{"line":99,"column":14},"end":{"line":105,"column":21}},"13":{"start":{"line":114,"column":15},"end":{"line":166,"column":2}}},"fnMap":{"0":{"name":"FinancialReportScreen","decl":{"start":{"line":23,"column":16},"end":{"line":23,"column":37}},"loc":{"start":{"line":23,"column":40},"end":{"line":112,"column":1}},"line":23},"1":{"name":"handleRefresh","decl":{"start":{"line":34,"column":11},"end":{"line":34,"column":24}},"loc":{"start":{"line":34,"column":33},"end":{"line":37,"column":3}},"line":34},"2":{"name":"(anonymous_2)","decl":{"start":{"line":52,"column":28},"end":{"line":52,"column":29}},"loc":{"start":{"line":53,"column":12},"end":{"line":63,"column":31}},"line":53},"3":{"name":"(anonymous_3)","decl":{"start":{"line":56,"column":23},"end":{"line":56,"column":24}},"loc":{"start":{"line":56,"column":29},"end":{"line":56,"column":39}},"line":56},"4":{"name":"(anonymous_4)","decl":{"start":{"line":98,"column":50},"end":{"line":98,"column":51}},"loc":{"start":{"line":99,"column":14},"end":{"line":105,"column":21}},"line":99}},"branchMap":{"0":{"loc":{"start":{"line":32,"column":20},"end":{"line":32,"column":54}},"type":"binary-expr","locations":[{"start":{"line":32,"column":20},"end":{"line":32,"column":34}},{"start":{"line":32,"column":38},"end":{"line":32,"column":54}}],"line":32},"1":{"loc":{"start":{"line":55,"column":39},"end":{"line":55,"column":74}},"type":"binary-expr","locations":[{"start":{"line":55,"column":39},"end":{"line":55,"column":49}},{"start":{"line":55,"column":53},"end":{"line":55,"column":74}}],"line":55},"2":{"loc":{"start":{"line":59,"column":41},"end":{"line":59,"column":76}},"type":"binary-expr","locations":[{"start":{"line":59,"column":41},"end":{"line":59,"column":51}},{"start":{"line":59,"column":55},"end":{"line":59,"column":76}}],"line":59},"3":{"loc":{"start":{"line":67,"column":9},"end":{"line":93,"column":9}},"type":"binary-expr","locations":[{"start":{"line":67,"column":9},"end":{"line":67,"column":24}},{"start":{"line":68,"column":10},"end":{"line":92,"column":17}}],"line":67},"4":{"loc":{"start":{"line":84,"column":22},"end":{"line":84,"column":77}},"type":"cond-expr","locations":[{"start":{"line":84,"column":48},"end":{"line":84,"column":62}},{"start":{"line":84,"column":65},"end":{"line":84,"column":77}}],"line":84},"5":{"loc":{"start":{"line":95,"column":9},"end":{"line":108,"column":9}},"type":"binary-expr","locations":[{"start":{"line":95,"column":9},"end":{"line":95,"column":26}},{"start":{"line":95,"column":30},"end":{"line":95,"column":50}},{"start":{"line":96,"column":10},"end":{"line":107,"column":17}}],"line":95}},"s":{"0":0,"1":0,"2":0,"3":0,"4":0,"5":0,"6":0,"7":0,"8":0,"9":0,"10":0,"11":0,"12":0,"13":0},"f":{"0":0,"1":0,"2":0,"3":0,"4":0},"b":{"0":[0,0],"1":[0,0],"2":[0,0],"3":[0,0],"4":[0,0],"5":[0,0,0]}}
[...]
,"end":{"line":49,"column":18}},"11":{"start":{"line":52,"column":2},"end":{"line":96,"column":4}},"12":{"start":{"line":56,"column":23},"end":{"line":56,"column":44}},"13":{"start":{"line":78,"column":38},"end":{"line":78,"column":48}},"14":{"start":{"line":80,"column":16},"end":{"line":85,"column":35}},"15":{"start":{"line":82,"column":33},"end":{"line":82,"column":57}},"16":{"start":{"line":99,"column":15},"end":{"line":142,"column":2}}},"fnMap":{"0":{"name":"SearchableSelect","decl":{"start":{"line":27,"column":16},"end":{"line":27,"column":32}},"loc":{"start":{"line":32,"column":26},"end":{"line":97,"column":1}},"line":32},"1":{"name":"(anonymous_1)","decl":{"start":{"line":36,"column":32},"end":{"line":36,"column":33}},"loc":{"start":{"line":36,"column":39},"end":{"line":36,"column":56}},"line":36},"2":{"name":"(anonymous_2)","decl":{"start":{"line":37,"column":34},"end":{"line":37,"column":35}},"loc":{"start":{"line":38,"column":4},"end":{"line":38,"column":56}},"line":38},"3":{"name":"handleSelect","decl":{"start":{"line":41,"column":11},"end":{"line":41,"column":23}},"loc":{"start":{"line":41,"column":51},"end":{"line":45,"column":3}},"line":41},"4":{"name":"handleClose","decl":{"start":{"line":47,"column":11},"end":{"line":47,"column":22}},"loc":{"start":{"line":47,"column":31},"end":{"line":50,"column":3}},"line":47},"5":{"name":"(anonymous_5)","decl":{"start":{"line":56,"column":17},"end":{"line":56,"column":18}},"loc":{"start":{"line":56,"column":23},"end":{"line":56,"column":44}},"line":56},"6":{"name":"(anonymous_6)","decl":{"start":{"line":78,"column":28},"end":{"line":78,"column":29}},"loc":{"start":{"line":78,"column":38},"end":{"line":78,"column":48}},"line":78},"7":{"name":"(anonymous_7)","decl":{"start":{"line":79,"column":26},"end":{"line":79,"column":27}},"loc":{"start":{"line":80,"column":16},"end":{"line":85,"column":35}},"line":80},"8":{"name":"(anonymous_8)","decl":{"start":{"line":82,"column":27},"end":{"line":82,"column":28}},"loc":{"start":{"line":82,"column":33},"end":{"line":82,"column":57}},"line":82}},"branchMap":{"0":{"loc":{"start":{"line":31,"column":2},"end":{"line":31,"column":27}},"type":"default-arg","locations":[{"start":{"line":31,"column":16},"end":{"line":31,"column":27}}],"line":31},"1":{"loc":{"start":{"line":59,"column":21},"end":{"line":59,"column":80}},"type":"cond-expr","locations":[{"start":{"line":59,"column":40},"end":{"line":59,"column":59}},{"start":{"line":59,"column":62},"end":{"line":59,"column":80}}],"line":59},"2":{"loc":{"start":{"line":60,"column":11},"end":{"line":60,"column":58}},"type":"cond-expr","locations":[{"start":{"line":60,"column":30},"end":{"line":60,"column":44}},{"start":{"line":60,"column":47},"end":{"line":60,"column":58}}],"line":60}},"s":{"0":0,"1":0,"2":0,"3":0,"4":0,"5":0,"6":0,"7":0,"8":0,"9":0,"10":0,"11":0,"12":0,"13":0,"14":0,"15":0,"16":0},"f":{"0":0,"1":0,"2":0,"3":0,"4":0,"5":0,"6":0,"7":0,"8":0},"b":{"0":[0],"1":[0,0],"2":[0,0]}}
,"E:\\projects\\DeftIdea\\Codes\\ourhome\\mobile\\src\\shared\\components\\StatusChip.tsx": {"path":"E:\\projects\\DeftIdea\\Codes\\ourhome\\mobile\\src\\shared\\components\\StatusChip.tsx","statementMap":{"0":{"start":{"line":17,"column":12},"end":{"line":17,"column":32}},"1":{"start":{"line":18,"column":2},"end":{"line":20,"column":3}},"2":{"start":{"line":19,"column":4},"end":{"line":19,"column":51}},"3":{"start":{"line":21,"column":2},"end":{"line":23,"column":3}},"4":{"start":{"line":22,"column":4},"end":{"line":22,"column":51}},"5":{"start":{"line":24,"column":2},"end":{"line":26,"column":3}},"6":{"start":{"line":25,"column":4},"end":{"line":25,"column":49}},"7":{"start":{"line":27,"column":2},"end":{"line":27,"column":56}},"8":{"start":{"line":31,"column":20},"end":{"line":31,"column":40}},"9":{"start":{"line":32,"column":2},"end":{"line":36,"column":4}},"10":{"start":{"line":39,"column":15},"end":{"line":50,"column":2}}},"fnMap":{"0":{"name":"getChipColor","decl":{"start":{"line":16,"column":9},"end":{"line":16,"column":21}},"loc":{"start":{"line":16,"column":49},"end":{"line":28,"column":1}},"line":16},"1":{"name":"StatusChip","decl":{"start":{"line":30,"column":16},"end":{"line":30,"column":26}},"loc":{"start":{"line":30,"column":56},"end":{"line":37,"column":1}},"line":30}},"branchMap":{"0":{"loc":{"start":{"line":18,"column":2},"end":{"line":20,"column":3}},"type":"if","locations":[{"start":{"line":18,"column":2},"end":{"line":20,"column":3}},{"start":{},"end":{}}],"line":18},"1":{"loc":{"start":{"line":21,"column":2},"end":{"line":23,"column":3}},"type":"if","locations":[{"start":{"line":21,"column":2},"end":{"line":23,"column":3}},{"start":{},"end":{}}],"line":21},"2":{"loc":{"start":{"line":24,"column":2},"end":{"line":26,"column":3}},"type":"if","locations":[{"start":{"line":24,"column":2},"end":{"line":26,"column":3}},{"start":{},"end":{}}],"line":24}},"s":{"0":4,"1":4,"2":1,"3":3,"4":1,"5":2,"6":1,"7":1,"8":4,"9":4,"10":1},"f":{"0":4,"1":4},"b":{"0":[1,3],"1":[1,2],"2":[1,1]},"_coverageSchema":"1a1c01bbd47fc00a2c39e90264f33305004495a9","hash":"ef335c1aef79d8d6b176dac239ac744357f5dc43"}
,"E:\\projects\\DeftIdea\\Codes\\ourhome\\mobile\\src\\shared\\hooks\\useDebounce.ts": {"path":"E:\\projects\\DeftIdea\\Codes\\ourhome\\mobile\\src\\shared\\hooks\\useDebounce.ts","statementMap":{"0":{"start":{"line":4,"column":46},"end":{"line":4,"column":64}},"1":{"start":{"line":6,"column":2},"end":{"line":12,"column":21}},"2":{"start":{"line":7,"column":18},"end":{"line":9,"column":13}},"3":{"start":{"line":8,"column":6},"end":{"line":8,"column":31}},"4":{"start":{"line":11,"column":4},"end":{"line":11,"column":37}},"5":{"start":{"line":11,"column":17},"end":{"line":11,"column":36}},"6":{"start":{"line":14,"column":2},"end":{"line":14,"column":24}}},"fnMap":{"0":{"name":"useDebounce","decl":{"start":{"line":3,"column":16},"end":{"line":3,"column":27}},"loc":{"start":{"line":3,"column":57},"end":{"line":15,"column":1}},"line":3},"1":{"name":"(anonymous_1)","decl":{"start":{"line":6,"column":12},"end":{"line":6,"column":13}},"loc":{"start":{"line":6,"column":18},"end":{"line":12,"column":3}},"line":6},"2":{"name":"(anonymous_2)","decl":{"start":{"line":7,"column":29},"end":{"line":7,"column":30}},"loc":{"start":{"line":7,"column":35},"end":{"line":9,"column":5}},"line":7},"3":{"name":"(anonymous_3)","decl":{"start":{"line":11,"column":11},"end":{"line":11,"column":12}},"loc":{"start":{"line":11,"column":17},"end":{"line":11,"column":36}},"line":11}},"branchMap":{"0":{"loc":{"start":{"line":3,"column":41},"end":{"line":3,"column":52}},"type":"default-arg","locations":[{"start":{"line":3,"column":49},"end":{"line":3,"column":52}}],"line":3}},"s":{"0":0,"1":0,"2":0,"3":0,"4":0,"5":0,"6":0},"f":{"0":0,"1":0,"2":0,"3":0},"b":{"0":[0]}}
,"E:\\projects\\DeftIdea\\Codes\\ourhome\\mobile\\src\\shared\\hooks\\useInfiniteList.ts": {"path":"E:\\projects\\DeftIdea\\Codes\\ourhome\\mobile\\src\\shared\\hooks\\useInfiniteList.ts","statementMap":{"0":{"start":{"line":26,"column":16},"end":{"line":37,"column":4}},"1":{"start":{"line":28,"column":32},"end":{"line":28,"column":62}},"2":{"start":{"line":30,"column":25},"end":{"line":30,"column":70}},"3":{"start":{"line":31,"column":6},"end":{"line":31,"column":63}},"4":{"start":{"line":31,"column":38},"end":{"line":31,"column":63}},"5":{"start":{"line":32,"column":6},"end":{"line":32,"column":23}},"6":{"start":{"line":39,"column":2},"end":{"line":46,"column":4}},"7":{"start":{"line":40,"column":43},"end":{"line":40,"column":50}}},"fnMap":{"0":{"name":"useInfiniteList","decl":{"start":{"line":20,"column":16},"end":{"line":20,"column":31}},"loc":{"start":{"line":25,"column":56},"end":{"line":47,"column":1}},"line":25},"1":{"name":"(anonymous_1)","decl":{"start":{"line":28,"column":13},"end":{"line":28,"column":14}},"loc":{"start":{"line":28,"column":32},"end":{"line":28,"column":62}},"line":28},"2":{"name":"(anonymous_2)","decl":{"start":{"line":29,"column":22},"end":{"line":29,"column":23}},"loc":{"start":{"line":29,"column":58},"end":{"line":33,"column":5}},"line":29},"3":{"name":"(anonymous_3)","decl":{"start":{"line":40,"column":36},"end":{"line":40,"column":37}},"loc":{"start":{"line":40,"column":43},"end":{"line":40,"column":50}},"line":40}},"branchMap":{"0":{"loc":{"start":{"line":24,"column":2},"end":{"line":24,"column":16}},"type":"default-arg","locations":[{"start":{"line":24,"column":12},"end":{"line":24,"column":16}}],"line":24},"1":{"loc":{"start":{"line":31,"column":6},"end":{"line":31,"column":63}},"type":"if","locations":[{"start":{"line":31,"column":6},"end":{"line":31,"column":63}},{"start":{},"end":{}}],"line":31},"2":{"loc":{"start":{"line":40,"column":10},"end":{"line":40,"column":57}},"type":"binary-expr","locations":[{"start":{"line":40,"column":10},"end":{"line":40,"column":51}},{"start":{"line":40,"column":55},"end":{"line":40,"column":57}}],"line":40},"3":{"loc":{"start":{"line":42,"column":17},"end":{"line":42,"column":43}},"type":"binary-expr","locations":[{"start":{"line":42,"column":17},"end":{"line":42,"column":34}},{"start":{"line":42,"column":38},"end":{"line":42,"column":43}}],"line":42}},"s":{"0":4,"1":2,"2":6,"3":6,"4":0,"5":6,"6":4,"7":2},"f":{"0":4,"1":2,"2":6,"3":2},"b":{"0":[0],"1":[0,6],"2":[4,2],"3":[4,0]},"_coverageSchema":"1a1c01bbd47fc00a2c39e90264f33305004495a9","hash":"f2e6bcb03812d94d05e8cfda98ba228e25f76290"}
,"E:\\projects\\DeftIdea\\Codes\\ourhome\\mobile\\src\\shared\\hooks\\useRequireRole.ts": {"path":"E:\\projects\\DeftIdea\\Codes\\ourhome\\mobile\\src\\shared\\hooks\\useRequireRole.ts","statementMap":{"0":{"start":{"line":5,"column":15},"end":{"line":5,"column":48}},"1":{"start":{"line":5,"column":35},"end":{"line":5,"column":47}},"2":{"start":{"line":6,"column":2},"end":{"line":8,"column":3}},"3":{"start":{"line":7,"column":4},"end":{"line":7,"column":71}}},"fnMap":{"0":{"name":"useRequireRole","decl":{"start":{"line":4,"column":16},"end":{"line":4,"column":30}},"loc":{"start":{"line":4,"column":61},"end":{"line":9,"column":1}},"line":4},"1":{"name":"(anonymous_1)","decl":{"start":{"line":5,"column":28},"end":{"line":5,"column":29}},"loc":{"start":{"line":5,"column":35},"end":{"line":5,"column":47}},"line":5}},"branchMap":{"0":{"loc":{"start":{"line":6,"column":2},"end":{"line":8,"column":3}},"type":"if","locations":[{"start":{"line":6,"column":2},"end":{"line":8,"column":3}},{"start":{},"end":{}}],"line":6},"1":{"loc":{"start":{"line":6,"column":6},"end":{"line":6,"column":37}},"type":"binary-expr","locations":[{"start":{"line":6,"column":6},"end":{"line":6,"column":10}},{"start":{"line":6,"column":14},"end":{"line":6,"column":37}}],"line":6}},"s":{"0":0,"1":0,"2":0,"3":0},"f":{"0":0,"1":0},"b":{"0":[0,0],"1":[0,0]}}
,"E:\\projects\\DeftIdea\\Codes\\ourhome\\mobile\\src\\shared\\hooks\\useSocietyId.ts": {"path":"E:\\projects\\DeftIdea\\Codes\\ourhome\\mobile\\src\\shared\\hooks\\useSocietyId.ts","statementMap":{"0":{"start":{"line":4,"column":2},"end":{"line":4,"column":54}},"1":{"start":{"line":4,"column":29},"end":{"line":4,"column":52}}},"fnMap":{"0":{"name":"useSocietyId","decl":{"start":{"line":3,"column":16},"end":{"line":3,"column":28}},"loc":{"start":{"line":3,"column":39},"end":{"line":5,"column":1}},"line":3},"1":{"name":"(anonymous_1)","decl":{"start":{"line":4,"column":22},"end":{"line":4,"column":23}},"loc":{"start":{"line":4,"column":29},"end":{"line":4,"column":52}},"line":4}},"branchMap":{"0":{"loc":{"start":{"line":4,"column":29},"end":{"line":4,"column":52}},"type":"binary-expr","locations":[{"start":{"line":4,"column":29},"end":{"line":4,"column":46}},{"start":{"line":4,"column":50},"end":{"line":4,"column":52}}],"line":4}},"s":{"0":0,"1":0},"f":{"0":0,"1":0},"b":{"0":[0,0]}}
,"E:\\projects\\DeftIdea\\Codes\\ourhome\\mobile\\src\\shared\\utils\\currency.ts": {"path":"E:\\projects\\DeftIdea\\Codes\\ourhome\\mobile\\src\\shared\\utils\\currency.ts","statementMap":{"0":{"start":{"line":2,"column":2},"end":{"line":6,"column":20}}},"fnMap":{"0":{"name":"formatCurrency","decl":{"start":{"line":1,"column":16},"end":{"line":1,"column":30}},"loc":{"start":{"line":1,"column":55},"end":{"line":7,"column":1}},"line":1}},"branchMap":{},"s":{"0":4},"f":{"0":4},"b":{},"_coverageSchema":"1a1c01bbd47fc00a2c39e90264f33305004495a9","hash":"0c6aa0b579b7b549e4014fd588fa6c3efee9783d"}
,"E:\\projects\\DeftIdea\\Codes\\ourhome\\mobile\\src\\shared\\utils\\date.ts": {"path":"E:\\projects\\DeftIdea\\Codes\\ourhome\\mobile\\src\\shared\\utils\\date.ts","statementMap":{"0":{"start":{"line":2,"column":2},"end":{"line":6,"column":31}},"1":{"start":{"line":10,"column":2},"end":{"line":16,"column":31}},"2":{"start":{"line":20,"column":2},"end":{"line":20,"column":40}}},"fnMap":{"0":{"name":"formatDate","decl":{"start":{"line":1,"column":16},"end":{"line":1,"column":26}},"loc":{"start":{"line":1,"column":52},"end":{"line":7,"column":1}},"line":1},"1":{"name":"formatDateTime","decl":{"start":{"line":9,"column":16},"end":{"line":9,"column":30}},"loc":{"start":{"line":9,"column":56},"end":{"line":17,"column":1}},"line":9},"2":{"name":"isOverdue","decl":{"start":{"line":19,"column":16},"end":{"line":19,"column":25}},"loc":{"start":{"line":19,"column":52},"end":{"line":21,"column":1}},"line":19}},"branchMap":{},"s":{"0":2,"1":1,"2":3},"f":{"0":2,"1":1,"2":3},"b":{},"_coverageSchema":"1a1c01bbd47fc00a2c39e90264f33305004495a9","hash":"9fc5b6d27287d98beb12306b714287f0c1090fc9"}
,"E:\\projects\\DeftIdea\\Codes\\ourhome\\mobile\\src\\shared\\utils\\errors.ts": {"path":"E:\\projects\\DeftIdea\\Codes\\ourhome\\mobile\\src\\shared\\utils\\errors.ts","statementMap":{"0":{"start":{"line":5,"column":2},"end":{"line":9,"column":3}},"1":{"start":{"line":6,"column":17},"end":{"line":6,"column":57}},"2":{"start":{"line":7,"column":4},"end":{"line":7,"column":39}},"3":{"start":{"line":7,"column":21},"end":{"line":7,"column":39}},"4":{"start":{"line":8,"column":4},"end":{"line":8,"column":36}},"5":{"start":{"line":8,"column":19},"end":{"line":8,"column":36}},"6":{"start":{"line":10,"column":2},"end":{"line":10,"column":43}},"7":{"start":{"line":10,"column":26},"end":{"line":10,"column":43}},"8":{"start":{"line":11,"column":2},"end":{"line":11,"column":37}}},"fnMap":{"0":{"name":"normalizeError","decl":{"start":{"line":4,"column":16},"end":{"line":4,"column":30}},"loc":{"start":{"line":4,"column":51},"end":{"line":12,"column":1}},"line":4}},"branchMap":{"0":{"loc":{"start":{"line":5,"column":2},"end":{"line":9,"column":3}},"type":"if","locations":[{"start":{"line":5,"column":2},"end":{"line":9,"column":3}},{"start":{},"end":{}}],"line":5},"1":{"loc":{"start":{"line":7,"column":4},"end":{"line":7,"column":39}},"type":"if","locations":[{"start":{"line":7,"column":4},"end":{"line":7,"column":39}},{"start":{},"end":{}}],"line":7},"2":{"loc":{"start":{"line":8,"column":4},"end":{"line":8,"column":36}},"type":"if","locations":[{"start":{"line":8,"column":4},"end":{"line":8,"column":36}},{"start":{},"end":{}}],"line":8},"3":{"loc":{"start":{"line":10,"column":2},"end":{"line":10,"column":43}},"type":"if","locations":[{"start":{"line":10,"column":2},"end":{"line":10,"column":43}},{"start":{},"end":{}}],"line":10}},"s":{"0":0,"1":0,"2":0,"3":0,"4":0,"5":0,"6":0,"7":0,"8":0},"f":{"0":0},"b":{"0":[0,0],"1":[0,0],"2":[0,0],"3":[0,0]}}
,"E:\\projects\\DeftIdea\\Codes\\ourhome\\mobile\\src\\store\\authStore.ts": {"path":"E:\\projects\\DeftIdea\\Codes\\ourhome\\mobile\\src\\store\\authStore.ts","statementMap":{"0":{"start":{"line":15,"column":28},"end":{"line":21,"column":3}},"1":{"start":{"line":15,"column":70},"end":{"line":21,"column":1}},"2":{"start":{"line":19,"column":28},"end":{"line":19,"column":71}},"3":{"start":{"line":20,"column":19},"end":{"line":20,"column":75}}},"fnMap":{"0":{"name":"(anonymous_0)","decl":{"start":{"line":15,"column":60},"end":{"line":15,"column":61}},"loc":{"start":{"line":15,"column":70},"end":{"line":21,"column":1}},"line":15},"1":{"name":"(anonymous_1)","decl":{"start":{"line":19,"column":11},"end":{"line":19,"column":12}},"loc":{"start":{"line":19,"column":28},"end":{"line":19,"column":71}},"line":19},"2":{"name":"(anonymous_2)","decl":{"start":{"line":20,"column":13},"end":{"line":20,"column":14}},"loc":{"start":{"line":20,"column":19},"end":{"line":20,"column":75}},"line":20}},"branchMap":{},"s":{"0":0,"1":0,"2":0,"3":0},"f":{"0":0,"1":0,"2":0},"b":{}}
,"E:\\projects\\DeftIdea\\Codes\\ourhome\\mobile\\src\\store\\networkStore.ts": {"path":"E:\\projects\\DeftIdea\\Codes\\ourhome\\mobile\\src\\store\\networkStore.ts","statementMap":{"0":{"start":{"line":11,"column":31},"end":{"line":14,"column":3}},"1":{"start":{"line":11,"column":79},"end":{"line":14,"column":1}},"2":{"start":{"line":13,"column":20},"end":{"line":13,"column":40}}},"fnMap":{"0":{"name":"(anonymous_0)","decl":{"start":{"line":11,"column":69},"end":{"line":11,"column":70}},"loc":{"start":{"line":11,"column":79},"end":{"line":14,"column":1}},"line":11},"1":{"name":"(anonymous_1)","decl":{"start":{"line":13,"column":13},"end":{"line":13,"column":14}},"loc":{"start":{"line":13,"column":20},"end":{"line":13,"column":40}},"line":13}},"branchMap":{},"s":{"0":0,"1":0,"2":0},"f":{"0":0,"1":0},"b":{}}
,"E:\\projects\\DeftIdea\\Codes\\ourhome\\mobile\\src\\store\\notificationStore.ts": {"path":"E:\\projects\\DeftIdea\\Codes\\ourhome\\mobile\\src\\store\\notificationStore.ts","statementMap":{"0":{"start":{"line":14,"column":36},"end":{"line":20,"column":3}},"1":{"start":{"line":14,"column":94},"end":{"line":20,"column":1}},"2":{"start":{"line":17,"column":25},"end":{"line":17,"column":48}},"3":{"start":{"line":18,"column":25},"end":{"line":18,"column":81}},"4":{"start":{"line":18,"column":41},"end":{"line":18,"column":79}},"5":{"start":{"line":19,"column":27},"end":{"line":19,"column":56}}},"fnMap":{"0":{"name":"(anonymous_0)","decl":{"start":{"line":14,"column":84},"end":{"line":14,"column":85}},"loc":{"start":{"line":14,"column":94},"end":{"line":20,"column":1}},"line":14},"1":{"name":"(anonymous_1)","decl":{"start":{"line":17,"column":18},"end":{"line":17,"column":19}},"loc":{"start":{"line":17,"column":25},"end":{"line":17,"column":48}},"line":17},"2":{"name":"(anonymous_2)","decl":{"start":{"line":18,"column":19},"end":{"line":18,"column":20}},"loc":{"start":{"line":18,"column":25},"end":{"line":18,"column":81}},"line":18},"3":{"name":"(anonymous_3)","decl":{"start":{"line":18,"column":29},"end":{"line":18,"column":30}},"loc":{"start":{"line":18,"column":41},"end":{"line":18,"column":79}},"line":18},"4":{"name":"(anonymous_4)","decl":{"start":{"line":19,"column":16},"end":{"line":19,"column":17}},"loc":{"start":{"line":19,"column":27},"end":{"line":19,"column":56}},"line":19}},"branchMap":{},"s":{"0":0,"1":0,"2":0,"3":0,"4":0,"5":0},"f":{"0":0,"1":0,"2":0,"3":0,"4":0},"b":{}}
,"E:\\projects\\DeftIdea\\Codes\\ourhome\\mobile\\src\\theme\\colors.ts": {"path":"E:\\projects\\DeftIdea\\Codes\\ourhome\\mobile\\src\\theme\\colors.ts","statementMap":{"0":{"start":{"line":1,"column":22},"end":{"line":15,"column":10}}},"fnMap":{},"branchMap":{},"s":{"0":1},"f":{},"b":{},"_coverageSchema":"1a1c01bbd47fc00a2c39e90264f33305004495a9","hash":"d6d7ee1afb7e2d9e5711a17038ab151681d38f32"}
,"E:\\projects\\DeftIdea\\Codes\\ourhome\\mobile\\src\\theme\\spacing.ts": {"path":"E:\\projects\\DeftIdea\\Codes\\ourhome\\mobile\\src\\theme\\spacing.ts","statementMap":{"0":{"start":{"line":1,"column":23},"end":{"line":8,"column":10}}},"fnMap":{},"branchMap":{},"s":{"0":1},"f":{},"b":{},"_coverageSchema":"1a1c01bbd47fc00a2c39e90264f33305004495a9","hash":"4a3e31d299b1def7fdd0b832f111368d02d38e98"}
,"E:\\projects\\DeftIdea\\Codes\\ourhome\\mobile\\src\\theme\\typography.ts": {"path":"E:\\projects\\DeftIdea\\Codes\\ourhome\\mobile\\src\\theme\\typography.ts","statementMap":{"0":{"start":{"line":1,"column":26},"end":{"line":17,"column":10}}},"fnMap":{},"branchMap":{},"s":{"0":1},"f":{},"b":{},"_coverageSchema":"1a1c01bbd47fc00a2c39e90264f33305004495a9","hash":"9270b323e89d490ffaa902f1553e6f5026e4f64d"}
}
