TN:
SF:src\api\client.ts
FN:8,setAuthEventListener
FN:18,(anonymous_1)
FN:34,processQueue
FN:35,(anonymous_3)
FN:46,(anonymous_4)
FN:47,(anonymous_5)
FN:56,(anonymous_6)
FN:58,(anonymous_7)
FNF:8
FNH:0
FNDA:0,setAuthEventListener
FNDA:0,(anonymous_1)
FNDA:0,processQueue
FNDA:0,(anonymous_3)
FNDA:0,(anonymous_4)
FNDA:0,(anonymous_5)
FNDA:0,(anonymous_6)
FNDA:0,(anonymous_7)
DA:4,0
DA:6,0
DA:9,0
DA:12,0
DA:18,0
DA:19,0
DA:20,0
DA:21,0
DA:23,0
DA:28,0
DA:32,0
DA:35,0
DA:36,0
DA:37,0
DA:38,0
DA:39,0
DA:42,0
DA:45,0
DA:46,0
DA:48,0
DA:50,0
DA:55,0
DA:56,0
DA:57,0
DA:59,0
DA:60,0
DA:62,0
DA:69,0
DA:70,0
DA:72,0
DA:73,0
DA:74,0
DA:76,0
DA:80,0
DA:82,0
DA:83,0
DA:85,0
DA:86,0
DA:88,0
DA:90,0
DA:91,0
DA:92,0
DA:93,0
DA:95,0
DA:99,0
LF:45
LH:0
BRDA:4,0,0,0
BRDA:4,0,1,0
BRDA:20,1,0,0
BRDA:20,1,1,0
BRDA:20,2,0,0
BRDA:20,2,1,0
BRDA:36,3,0,0
BRDA:36,3,1,0
BRDA:38,4,0,0
BRDA:38,4,1,0
BRDA:50,5,0,0
BRDA:50,5,1,0
BRDA:51,6,0,0
BRDA:51,6,1,0
BRDA:51,6,2,0
BRDA:55,7,0,0
BRDA:55,7,1,0
BRDA:59,8,0,0
BRDA:59,8,1,0
BRDA:74,9,0,0
BRDA:74,9,1,0
BRDA:85,10,0,0
BRDA:85,10,1,0
BRF:23
BRH:0
end_of_record
TN:
SF:src\api\endpoints\amenities.ts
FN:5,(anonymous_0)
FN:8,(anonymous_1)
FN:10,(anonymous_2)
FN:19,(anonymous_3)
FN:21,(anonymous_4)
FN:24,(anonymous_5)
FNF:6
FNH:0
FNDA:0,(anonymous_0)
FNDA:0,(anonymous_1)
FNDA:0,(anonymous_2)
FNDA:0,(anonymous_3)
FNDA:0,(anonymous_4)
FNDA:0,(anonymous_5)
DA:4,0
DA:6,0
DA:8,0
DA:14,0
DA:19,0
DA:22,0
DA:24,0
LF:7
LH:0
BRF:0
BRH:0
end_of_record
TN:
SF:src\api\endpoints\apartments.ts
FN:5,(anonymous_0)
FN:11,(anonymous_1)
FN:13,(anonymous_2)
FN:16,(anonymous_3)
FNF:4
FNH:0
FNDA:0,(anonymous_0)
FNDA:0,(anonymous_1)
FNDA:0,(anonymous_2)
FNDA:0,(anonymous_3)
DA:4,0
DA:9,0
DA:11,0
DA:14,0
DA:16,0
LF:5
LH:0
BRF:0
BRH:0
end_of_record
TN:
SF:src\api\endpoints\auth.ts
FN:5,(anonymous_0)
FN:6,(anonymous_1)
FN:8,(anonymous_2)
FN:11,(anonymous_3)
FN:13,(anonymous_4)
FNF:5
FNH:0
FNDA:0,(anonymous_0)
FNDA:0,(anonymous_1)
FNDA:0,(anonymous_2)
FNDA:0,(anonymous_3)
FNDA:0,(anonymous_4)
DA:4,0
DA:6,0
DA:9,0
DA:11,0
DA:14,0
LF:5
LH:0
BRF:0
BRH:0
end_of_record
TN:
SF:src\api\endpoints\complaints.ts
FN:5,(anonymous_0)
FN:11,(anonymous_1)
FN:13,(anonymous_2)
FN:16,(anonymous_3)
FN:18,(anonymous_4)
FN:21,(anonymous_5)
FNF:6
FNH:0
FNDA:0,(anonymous_0)
FNDA:0,(anonymous_1)
FNDA:0,(anonymous_2)
FNDA:0,(anonymous_3)
FNDA:0,(anonymous_4)
FNDA:0,(anonymous_5)
DA:4,0
DA:9,0
DA:11,0
DA:14,0
DA:16,0
DA:19,0
DA:21,0
LF:7
LH:0
BRF:0
BRH:0
end_of_record
TN:
SF:src\api\endpoints\financial-report.ts
FN:17,(anonymous_0)
FN:23,(anonymous_1)
FN:25,(anonymous_2)
FN:31,(anonymous_3)
FNF:4
FNH:0
FNDA:0,(anonymous_0)
FNDA:0,(anonymous_1)
FNDA:0,(anonymous_2)
FNDA:0,(anonymous_3)
DA:16,0
DA:18,0
DA:23,0
DA:26,0
DA:31,0
LF:5
LH:0
BRF:0
BRH:0
end_of_record
TN:
SF:src\api\endpoints\maintenance.ts
FN:5,(anonymous_0)
FN:14,(anonymous_1)
FN:16,(anonymous_2)
FN:19,(anonymous_3)
FN:21,(anonymous_4)
FN:27,(anonymous_5)
FNF:6
FNH:0
FNDA:0,(anonymous_0)
FNDA:0,(anonymous_1)
FNDA:0,(anonymous_2)
FNDA:0,(anonymous_3)
FNDA:0,(anonymous_4)
FNDA:0,(anonymous_5)
DA:4,0
DA:9,0
DA:14,0
DA:17,0
DA:19,0
DA:22,0
DA:27,0
LF:7
LH:0
BRF:0
BRH:0
end_of_record
TN:
SF:src\api\endpoints\notices.ts
FN:5,(anonymous_0)
FN:11,(anonymous_1)
FN:13,(anonymous_2)
FN:16,(anonymous_3)
FN:18,(anonymous_4)
FN:21,(anonymous_5)
FNF:6
FNH:0
FNDA:0,(anonymous_0)
FNDA:0,(anonymous_1)
FNDA:0,(anonymous_2)
FNDA:0,(anonymous_3)
FNDA:0,(anonymous_4)
FNDA:0,(anonymous_5)
DA:4,0
DA:9,0
DA:11,0
DA:14,0
DA:16,0
DA:19,0
DA:21,0
LF:7
LH:0
BRF:0
BRH:0
end_of_record
TN:
SF:src\api\endpoints\profile.ts
FN:5,(anonymous_0)
FN:8,(anonymous_1)
FN:10,(anonymous_2)
FN:13,(anonymous_3)
FN:15,(anonymous_4)
FN:22,(anonymous_5)
FN:24,(anonymous_6)
FN:37,(anonymous_7)
FNF:8
FNH:0
FNDA:0,(anonymous_0)
FNDA:0,(anonymous_1)
FNDA:0,(anonymous_2)
FNDA:0,(anonymous_3)
FNDA:0,(anonymous_4)
FNDA:0,(anonymous_5)
FNDA:0,(anonymous_6)
FNDA:0,(anonymous_7)
DA:4,0
DA:6,0
DA:8,0
DA:11,0
DA:13,0
DA:20,0
DA:22,0
DA:31,0
DA:37,0
LF:9
LH:0
BRF:0
BRH:0
end_of_record
TN:
SF:src\api\endpoints\residents.ts
FN:5,(anonymous_0)
FN:11,(anonymous_1)
FN:13,(anonymous_2)
FN:16,(anonymous_3)
FNF:4
FNH:0
FNDA:0,(anonymous_0)
FNDA:0,(anonymous_1)
FNDA:0,(anonymous_2)
FNDA:0,(anonymous_3)
DA:4,0
DA:9,0
DA:11,0
DA:14,0
DA:16,0
LF:5
LH:0
BRF:0
BRH:0
end_of_record
TN:
SF:src\api\endpoints\vendor-payments.ts
FN:18,(anonymous_0)
FN:27,(anonymous_1)
FN:29,(anonymous_2)
FN:32,(anonymous_3)
FNF:4
FNH:0
FNDA:0,(anonymous_0)
FNDA:0,(anonymous_1)
FNDA:0,(anonymous_2)
FNDA:0,(anonymous_3)
DA:17,0
DA:22,0
DA:27,0
DA:30,0
DA:32,0
LF:5
LH:0
BRF:0
BRH:0
end_of_record
TN:
SF:src\api\endpoints\visitors.ts
FN:5,(anonymous_0)
FN:11,(anonymous_1)
FN:13,(anonymous_2)
FN:16,(anonymous_3)
FN:18,(anonymous_4)
FN:21,(anonymous_5)
FN:23,(anonymous_6)
FN:26,(anonymous_7)
FN:28,(anonymous_8)
FN:31,(anonymous_9)
FN:33,(anonymous_10)
FN:36,(anonymous_11)
FNF:12
FNH:0
FNDA:0,(anonymous_0)
FNDA:0,(anonymous_1)
FNDA:0,(anonymous_2)
FNDA:0,(anonymous_3)
FNDA:0,(anonymous_4)
FNDA:0,(anonymous_5)
FNDA:0,(anonymous_6)
FNDA:0,(anonymous_7)
FNDA:0,(anonymous_8)
FNDA:0,(anonymous_9)
FNDA:0,(anonymous_10)
FNDA:0,(anonymous_11)
DA:4,0
DA:9,0
DA:11,0
DA:14,0
DA:16,0
DA:19,0
DA:21,0
DA:24,0
DA:26,0
DA:29,0
DA:31,0
DA:34,0
DA:36,0
LF:13
LH:0
BRF:0
BRH:0
end_of_record
TN:
SF:src\auth\AuthProvider.tsx
FN:20,decodeJwtPayload
FN:35,(anonymous_1)
FN:50,AuthProvider
FN:54,(anonymous_3)
FN:55,restoreSession
FN:97,(anonymous_5)
FN:111,useAuthContext
FNF:7
FNH:0
FNDA:0,decodeJwtPayload
FNDA:0,(anonymous_1)
FNDA:0,AuthProvider
FNDA:0,(anonymous_3)
FNDA:0,restoreSession
FNDA:0,(anonymous_5)
FNDA:0,useAuthContext
DA:21,0
DA:22,0
DA:23,0
DA:24,0
DA:26,0
DA:30,0
DA:32,0
DA:35,0
DA:38,0
DA:40,0
DA:48,0
DA:51,0
DA:52,0
DA:54,0
DA:56,0
DA:57,0
DA:58,0
DA:59,0
DA:60,0
DA:61,0
DA:63,0
DA:64,0
DA:65,0
DA:66,0
DA:77,0
DA:79,0
DA:80,0
DA:83,0
DA:84,0
DA:88,0
DA:89,0
DA:91,0
DA:95,0
DA:97,0
DA:98,0
DA:102,0
DA:104,0
DA:112,0
LF:38
LH:0
BRDA:24,0,0,0
BRDA:24,0,1,0
BRDA:58,1,0,0
BRDA:58,1,1,0
BRDA:61,2,0,0
BRDA:61,2,1,0
BRDA:63,3,0,0
BRDA:63,3,1,0
BRDA:65,4,0,0
BRDA:65,4,1,0
BRDA:67,5,0,0
BRDA:67,5,1,0
BRDA:67,5,2,0
BRDA:68,6,0,0
BRDA:68,6,1,0
BRDA:69,7,0,0
BRDA:69,7,1,0
BRDA:70,8,0,0
BRDA:70,8,1,0
BRDA:71,9,0,0
BRDA:71,9,1,0
BRDA:72,10,0,0
BRDA:72,10,1,0
BRDA:73,11,0,0
BRDA:73,11,1,0
BRDA:102,12,0,0
BRDA:102,12,1,0
BRF:27
BRH:0
end_of_record
TN:
SF:src\auth\biometric.ts
FN:3,authenticateWithBiometric
FN:19,isBiometricAvailable
FNF:2
FNH:2
FNDA:4,authenticateWithBiometric
FNDA:2,isBiometricAvailable
DA:4,4
DA:5,4
DA:7,3
DA:8,3
DA:10,2
DA:16,2
DA:20,2
DA:21,2
DA:22,2
LF:9
LH:9
BRDA:5,0,0,1
BRDA:5,0,1,3
BRDA:8,1,0,1
BRDA:8,1,1,2
BRDA:22,2,0,2
BRDA:22,2,1,1
BRF:6
BRH:6
end_of_record
TN:
SF:src\auth\tokenStore.ts
FN:6,getToken
FN:10,setToken
FN:14,getRefreshToken
FN:18,setRefreshToken
FN:22,clearTokens
FNF:5
FNH:3
FNDA:2,getToken
FNDA:1,setToken
FNDA:0,getRefreshToken
FNDA:0,setRefreshToken
FNDA:1,clearTokens
DA:3,1
DA:4,1
DA:7,2
DA:11,1
DA:15,0
DA:19,0
DA:23,1
LF:7
LH:5
BRF:0
BRH:0
end_of_record
TN:
SF:src\auth\useAuth.ts
FN:14,useAuth
FN:17,login
FN:35,logout
FNF:3
FNH:0
FNDA:0,useAuth
FNDA:0,login
FNDA:0,logout
DA:15,0
DA:18,0
DA:19,0
DA:21,0
DA:32,0
DA:36,0
DA:37,0
DA:40,0
LF:8
LH:0
BRF:0
BRH:0
end_of_record
TN:
SF:src\camera\CameraCapture.tsx
FN:24,CameraCapture
FN:29,handleCapture
FN:41,handleGallery
FN:48,handleRequestPermission
FN:58,(anonymous_4)
FN:66,(anonymous_5)
FN:82,(anonymous_6)
FN:95,(anonymous_7)
FN:106,(anonymous_8)
FNF:9
FNH:0
FNDA:0,CameraCapture
FNDA:0,handleCapture
FNDA:0,handleGallery
FNDA:0,handleRequestPermission
FNDA:0,(anonymous_4)
FNDA:0,(anonymous_5)
FNDA:0,(anonymous_6)
FNDA:0,(anonymous_7)
FNDA:0,(anonymous_8)
DA:25,0
DA:26,0
DA:27,0
DA:30,0
DA:31,0
DA:32,0
DA:33,0
DA:34,0
DA:37,0
DA:42,0
DA:43,0
DA:44,0
DA:49,0
DA:52,0
DA:58,0
DA:66,0
DA:82,0
DA:95,0
DA:106,0
DA:121,0
LF:20
LH:0
BRDA:30,0,0,0
BRDA:30,0,1,0
BRDA:33,1,0,0
BRDA:33,1,1,0
BRDA:43,2,0,0
BRDA:43,2,1,0
BRDA:57,3,0,0
BRDA:57,3,1,0
BRDA:60,4,0,0
BRDA:60,4,1,0
BRDA:65,5,0,0
BRDA:65,5,1,0
BRDA:68,6,0,0
BRDA:68,6,1,0
BRDA:74,7,0,0
BRDA:74,7,1,0
BRDA:76,8,0,0
BRDA:76,8,1,0
BRF:18
BRH:0
end_of_record
TN:
SF:src\camera\ImagePicker.tsx
FN:3,pickImage
FNF:1
FNH:0
FNDA:0,pickImage
DA:4,0
DA:5,0
DA:7,0
DA:14,0
DA:15,0
LF:5
LH:0
BRDA:5,0,0,0
BRDA:5,0,1,0
BRDA:14,1,0,0
BRDA:14,1,1,0
BRDA:15,2,0,0
BRDA:15,2,1,0
BRF:6
BRH:0
end_of_record
TN:
SF:src\camera\imageUpload.ts
FN:6,compressAndUpload
FNF:1
FNH:0
FNDA:0,compressAndUpload
DA:4,0
DA:8,0
DA:14,0
DA:16,0
DA:23,0
DA:24,0
DA:27,0
DA:28,0
LF:8
LH:0
BRDA:4,0,0,0
BRDA:4,0,1,0
BRDA:23,1,0,0
BRDA:23,1,1,0
BRDA:23,2,0,0
BRDA:23,2,1,0
BRF:6
BRH:0
end_of_record
TN:
SF:src\camera\useCamera.ts
FN:11,useCamera
FN:15,upload
FNF:2
FNH:0
FNDA:0,useCamera
FNDA:0,upload
DA:12,0
DA:13,0
DA:16,0
DA:17,0
DA:18,0
DA:19,0
DA:20,0
DA:22,0
DA:23,0
DA:24,0
DA:26,0
DA:30,0
LF:12
LH:0
BRF:0
BRH:0
end_of_record
TN:
SF:src\features\amenities\AmenityListScreen.tsx
FN:22,AmenityListScreen
FN:28,renderBooking
FN:49,(anonymous_2)
FN:49,(anonymous_3)
FN:60,(anonymous_4)
FN:66,(anonymous_5)
FN:70,(anonymous_6)
FN:79,(anonymous_7)
FNF:8
FNH:0
FNDA:0,AmenityListScreen
FNDA:0,renderBooking
FNDA:0,(anonymous_2)
FNDA:0,(anonymous_3)
FNDA:0,(anonymous_4)
FNDA:0,(anonymous_5)
FNDA:0,(anonymous_6)
FNDA:0,(anonymous_7)
DA:23,0
DA:24,0
DA:26,0
DA:29,0
DA:43,0
DA:49,0
DA:50,0
DA:60,0
DA:66,0
DA:71,0
DA:79,0
DA:85,0
LF:12
LH:0
BRDA:47,0,0,0
BRDA:47,0,1,0
BRDA:47,0,2,0
BRDA:62,1,0,0
BRDA:62,1,1,0
BRDA:71,2,0,0
BRDA:71,2,1,0
BRDA:75,3,0,0
BRDA:75,3,1,0
BRF:9
BRH:0
end_of_record
TN:
SF:src\features\amenities\hooks\useAmenities.ts
FN:6,useAmenities
FN:9,(anonymous_1)
FN:14,useBookingList
FN:20,(anonymous_3)
FN:26,useCreateBooking
FN:29,(anonymous_5)
FN:31,(anonymous_6)
FNF:7
FNH:0
FNDA:0,useAmenities
FNDA:0,(anonymous_1)
FNDA:0,useBookingList
FNDA:0,(anonymous_3)
FNDA:0,useCreateBooking
FNDA:0,(anonymous_5)
FNDA:0,(anonymous_6)
DA:7,0
DA:9,0
DA:18,0
DA:21,0
DA:27,0
DA:28,0
DA:30,0
DA:32,0
LF:8
LH:0
BRF:0
BRH:0
end_of_record
TN:
SF:src\features\apartments\ApartmentListScreen.tsx
FN:22,ApartmentListScreen
FN:30,renderItem
FN:61,(anonymous_2)
FN:67,(anonymous_3)
FN:71,(anonymous_4)
FN:80,(anonymous_5)
FNF:6
FNH:0
FNDA:0,ApartmentListScreen
FNDA:0,renderItem
FNDA:0,(anonymous_2)
FNDA:0,(anonymous_3)
FNDA:0,(anonymous_4)
FNDA:0,(anonymous_5)
DA:23,0
DA:24,0
DA:25,0
DA:28,0
DA:31,0
DA:47,0
DA:61,0
DA:67,0
DA:72,0
DA:80,0
DA:86,0
LF:11
LH:0
BRDA:28,0,0,0
BRDA:28,0,1,0
BRDA:39,1,0,0
BRDA:39,1,1,0
BRDA:63,2,0,0
BRDA:63,2,1,0
BRDA:72,3,0,0
BRDA:72,3,1,0
BRDA:76,4,0,0
BRDA:76,4,1,0
BRF:10
BRH:0
end_of_record
TN:
SF:src\features\apartments\hooks\useApartments.ts
FN:6,useApartmentList
FN:12,(anonymous_1)
FN:18,useApartment
FN:21,(anonymous_3)
FNF:4
FNH:0
FNDA:0,useApartmentList
FNDA:0,(anonymous_1)
FNDA:0,useApartment
FNDA:0,(anonymous_3)
DA:10,0
DA:13,0
DA:19,0
DA:21,0
LF:4
LH:0
BRDA:22,0,0,0
BRDA:22,0,1,0
BRF:2
BRH:0
end_of_record
TN:
SF:src\features\complaints\ComplaintCreateScreen.tsx
FN:31,ComplaintCreateScreen
FN:38,handleSubmit
FN:79,(anonymous_2)
FNF:3
FNH:0
FNDA:0,ComplaintCreateScreen
FNDA:0,handleSubmit
FNDA:0,(anonymous_2)
DA:22,0
DA:32,0
DA:33,0
DA:35,0
DA:36,0
DA:39,0
DA:40,0
DA:41,0
DA:43,0
DA:44,0
DA:45,0
DA:46,0
DA:47,0
DA:49,0
DA:53,0
DA:79,0
DA:89,0
LF:17
LH:0
BRDA:39,0,0,0
BRDA:39,0,1,0
BRDA:39,1,0,0
BRDA:39,1,1,0
BRF:4
BRH:0
end_of_record
TN:
SF:src\features\complaints\ComplaintListScreen.tsx
FN:21,ComplaintListScreen
FN:26,renderItem
FN:48,(anonymous_2)
FN:54,(anonymous_3)
FN:58,(anonymous_4)
FN:67,(anonymous_5)
FNF:6
FNH:0
FNDA:0,ComplaintListScreen
FNDA:0,renderItem
FNDA:0,(anonymous_2)
FNDA:0,(anonymous_3)
FNDA:0,(anonymous_4)
FNDA:0,(anonymous_5)
DA:22,0
DA:24,0
DA:27,0
DA:43,0
DA:48,0
DA:54,0
DA:59,0
DA:67,0
DA:73,0
LF:9
LH:0
BRDA:50,0,0,0
BRDA:50,0,1,0
BRDA:59,1,0,0
BRDA:59,1,1,0
BRDA:63,2,0,0
BRDA:63,2,1,0
BRF:6
BRH:0
end_of_record
TN:
SF:src\features\complaints\hooks\useComplaints.ts
FN:6,useComplaintList
FN:12,(anonymous_1)
FN:18,useCreateComplaint
FN:21,(anonymous_3)
FN:23,(anonymous_4)
FN:29,useUpdateComplaintStatus
FN:32,(anonymous_6)
FN:34,(anonymous_7)
FNF:8
FNH:0
FNDA:0,useComplaintList
FNDA:0,(anonymous_1)
FNDA:0,useCreateComplaint
FNDA:0,(anonymous_3)
FNDA:0,(anonymous_4)
FNDA:0,useUpdateComplaintStatus
FNDA:0,(anonymous_6)
FNDA:0,(anonymous_7)
DA:10,0
DA:13,0
DA:19,0
DA:20,0
DA:22,0
DA:24,0
DA:30,0
DA:31,0
DA:33,0
DA:35,0
LF:10
LH:0
BRF:0
BRH:0
end_of_record
TN:
SF:src\features\dashboard\DashboardScreen.tsx
FN:22,SummaryCard
FN:31,DashboardScreen
FN:32,(anonymous_2)
FN:44,(anonymous_3)
FN:77,getGreeting
FNF:5
FNH:0
FNDA:0,SummaryCard
FNDA:0,DashboardScreen
FNDA:0,(anonymous_2)
FNDA:0,(anonymous_3)
FNDA:0,getGreeting
DA:23,0
DA:32,0
DA:33,0
DA:35,0
DA:37,0
DA:44,0
DA:78,0
DA:79,0
DA:80,0
DA:81,0
DA:84,0
LF:11
LH:0
BRDA:51,0,0,0
BRDA:51,0,1,0
BRDA:58,1,0,0
BRDA:58,1,1,0
BRDA:63,2,0,0
BRDA:63,2,1,0
BRDA:68,3,0,0
BRDA:68,3,1,0
BRDA:79,4,0,0
BRDA:79,4,1,0
BRDA:80,5,0,0
BRDA:80,5,1,0
BRF:12
BRH:0
end_of_record
TN:
SF:src\features\dashboard\useDashboard.ts
FN:13,useDashboard
FN:18,(anonymous_1)
FN:27,(anonymous_2)
FNF:3
FNH:0
FNDA:0,useDashboard
FNDA:0,(anonymous_1)
FNDA:0,(anonymous_2)
DA:14,0
DA:16,0
DA:19,0
DA:20,0
DA:25,0
DA:27,0
LF:6
LH:0
BRDA:19,0,0,0
BRDA:19,0,1,0
BRF:2
BRH:0
end_of_record
TN:
SF:src\features\financial-report\FinancialReportScreen.tsx
FN:23,FinancialReportScreen
FN:34,handleRefresh
FN:52,(anonymous_2)
FN:56,(anonymous_3)
FN:98,(anonymous_4)
FNF:5
FNH:0
FNDA:0,FinancialReportScreen
FNDA:0,handleRefresh
FNDA:0,(anonymous_2)
FNDA:0,(anonymous_3)
FNDA:0,(anonymous_4)
DA:20,0
DA:21,0
DA:24,0
DA:25,0
DA:28,0
DA:30,0
DA:32,0
DA:35,0
DA:36,0
DA:39,0
DA:53,0
DA:56,0
DA:99,0
DA:114,0
LF:14
LH:0
BRDA:32,0,0,0
BRDA:32,0,1,0
BRDA:55,1,0,0
BRDA:55,1,1,0
BRDA:59,2,0,0
BRDA:59,2,1,0
BRDA:67,3,0,0
BRDA:67,3,1,0
BRDA:84,4,0,0
BRDA:84,4,1,0
BRDA:95,5,0,0
BRDA:95,5,1,0
BRDA:95,5,2,0
BRF:13
BRH:0
end_of_record
TN:
SF:src\features\financial-report\hooks\useFinancialReport.ts
FN:4,useFinancialSummary
FN:7,(anonymous_1)
FN:12,useIncomeBreakdown
FN:15,(anonymous_3)
FNF:4
FNH:0
FNDA:0,useFinancialSummary
FNDA:0,(anonymous_1)
FNDA:0,useIncomeBreakdown
FNDA:0,(anonymous_3)
DA:5,0
DA:7,0
DA:13,0
DA:15,0
LF:4
LH:0
BRF:0
BRH:0
end_of_record
TN:
SF:src\features\maintenance\MaintenanceScreen.tsx
FN:25,MaintenanceScreen
FN:34,renderItem
FN:59,(anonymous_2)
FN:63,(anonymous_3)
FN:78,(anonymous_4)
FN:84,(anonymous_5)
FN:88,(anonymous_6)
FN:97,(anonymous_7)
FNF:8
FNH:0
FNDA:0,MaintenanceScreen
FNDA:0,renderItem
FNDA:0,(anonymous_2)
FNDA:0,(anonymous_3)
FNDA:0,(anonymous_4)
FNDA:0,(anonymous_5)
FNDA:0,(anonymous_6)
FNDA:0,(anonymous_7)
DA:23,0
DA:26,0
DA:27,0
DA:30,0
DA:32,0
DA:35,0
DA:36,0
DA:55,0
DA:60,0
DA:63,0
DA:78,0
DA:84,0
DA:89,0
DA:97,0
DA:103,0
LF:15
LH:0
BRDA:30,0,0,0
BRDA:30,0,1,0
BRDA:35,1,0,0
BRDA:35,1,1,0
BRDA:47,2,0,0
BRDA:47,2,1,0
BRDA:62,3,0,0
BRDA:62,3,1,0
BRDA:68,4,0,0
BRDA:68,4,1,0
BRDA:80,5,0,0
BRDA:80,5,1,0
BRDA:89,6,0,0
BRDA:89,6,1,0
BRDA:93,7,0,0
BRDA:93,7,1,0
BRF:16
BRH:0
end_of_record
TN:
SF:src\features\maintenance\hooks\useMaintenance.ts
FN:6,useMaintenanceList
FN:12,(anonymous_1)
FN:18,useMaintenanceCharge
FN:21,(anonymous_3)
FN:26,useSubmitPaymentProof
FN:29,(anonymous_5)
FN:31,(anonymous_6)
FNF:7
FNH:0
FNDA:0,useMaintenanceList
FNDA:0,(anonymous_1)
FNDA:0,useMaintenanceCharge
FNDA:0,(anonymous_3)
FNDA:0,useSubmitPaymentProof
FNDA:0,(anonymous_5)
FNDA:0,(anonymous_6)
DA:10,0
DA:13,0
DA:19,0
DA:21,0
DA:27,0
DA:28,0
DA:30,0
DA:32,0
LF:8
LH:0
BRDA:22,0,0,0
BRDA:22,0,1,0
BRF:2
BRH:0
end_of_record
TN:
SF:src\features\notices\NoticeDetailScreen.tsx
FN:17,NoticeDetailScreen
FN:23,(anonymous_1)
FN:44,(anonymous_2)
FNF:3
FNH:0
FNDA:0,NoticeDetailScreen
FNDA:0,(anonymous_1)
FNDA:0,(anonymous_2)
DA:18,0
DA:19,0
DA:20,0
DA:21,0
DA:23,0
DA:24,0
DA:25,0
DA:29,0
DA:44,0
DA:55,0
LF:10
LH:0
BRDA:24,0,0,0
BRDA:24,0,1,0
BRDA:24,1,0,0
BRDA:24,1,1,0
BRDA:33,2,0,0
BRDA:33,2,1,0
BRDA:41,3,0,0
BRDA:41,3,1,0
BRF:8
BRH:0
end_of_record
TN:
SF:src\features\notices\NoticeListScreen.tsx
FN:21,NoticeListScreen
FN:26,renderItem
FN:50,(anonymous_2)
FN:56,(anonymous_3)
FN:60,(anonymous_4)
FN:69,(anonymous_5)
FNF:6
FNH:0
FNDA:0,NoticeListScreen
FNDA:0,renderItem
FNDA:0,(anonymous_2)
FNDA:0,(anonymous_3)
FNDA:0,(anonymous_4)
FNDA:0,(anonymous_5)
DA:22,0
DA:24,0
DA:27,0
DA:45,0
DA:50,0
DA:56,0
DA:61,0
DA:69,0
DA:75,0
LF:9
LH:0
BRDA:28,0,0,0
BRDA:28,0,1,0
BRDA:29,1,0,0
BRDA:29,1,1,0
BRDA:52,2,0,0
BRDA:52,2,1,0
BRDA:61,3,0,0
BRDA:61,3,1,0
BRDA:65,4,0,0
BRDA:65,4,1,0
BRF:10
BRH:0
end_of_record
TN:
SF:src\features\notices\hooks\useNotices.ts
FN:6,useNoticeList
FN:12,(anonymous_1)
FN:18,useNotice
FN:21,(anonymous_3)
FN:26,useMarkNoticeRead
FN:29,(anonymous_5)
FN:30,(anonymous_6)
FNF:7
FNH:0
FNDA:0,useNoticeList
FNDA:0,(anonymous_1)
FNDA:0,useNotice
FNDA:0,(anonymous_3)
FNDA:0,useMarkNoticeRead
FNDA:0,(anonymous_5)
FNDA:0,(anonymous_6)
DA:10,0
DA:13,0
DA:19,0
DA:21,0
DA:27,0
DA:28,0
DA:29,0
DA:31,0
LF:8
LH:0
BRDA:22,0,0,0
BRDA:22,0,1,0
BRF:2
BRH:0
end_of_record
TN:
SF:src\features\profile\ProfileScreen.tsx
FN:22,ProfileScreen
FN:23,(anonymous_1)
FN:41,handleUpdateProfile
FN:50,handleChangePassword
FN:91,(anonymous_4)
FN:117,(anonymous_5)
FN:125,(anonymous_6)
FNF:7
FNH:0
FNDA:0,ProfileScreen
FNDA:0,(anonymous_1)
FNDA:0,handleUpdateProfile
FNDA:0,handleChangePassword
FNDA:0,(anonymous_4)
FNDA:0,(anonymous_5)
FNDA:0,(anonymous_6)
DA:23,0
DA:24,0
DA:26,0
DA:27,0
DA:29,0
DA:31,0
DA:33,0
DA:35,0
DA:36,0
DA:37,0
DA:39,0
DA:42,0
DA:43,0
DA:44,0
DA:46,0
DA:51,0
DA:52,0
DA:53,0
DA:55,0
DA:56,0
DA:57,0
DA:58,0
DA:59,0
DA:61,0
DA:65,0
DA:91,0
DA:117,0
DA:125,0
DA:134,0
LF:29
LH:0
BRDA:26,0,0,0
BRDA:26,0,1,0
BRDA:27,1,0,0
BRDA:27,1,1,0
BRDA:35,2,0,0
BRDA:35,2,1,0
BRDA:39,3,0,0
BRDA:39,3,1,0
BRDA:51,4,0,0
BRDA:51,4,1,0
BRDA:51,5,0,0
BRDA:51,5,1,0
BRDA:68,6,0,0
BRDA:68,6,1,0
BRDA:72,7,0,0
BRDA:72,7,1,0
BRF:16
BRH:0
end_of_record
TN:
SF:src\features\profile\hooks\useProfile.ts
FN:5,useProfile
FN:8,(anonymous_1)
FN:13,useUpdateProfile
FN:16,(anonymous_3)
FN:18,(anonymous_4)
FN:24,useChangePassword
FN:26,(anonymous_6)
FNF:7
FNH:0
FNDA:0,useProfile
FNDA:0,(anonymous_1)
FNDA:0,useUpdateProfile
FNDA:0,(anonymous_3)
FNDA:0,(anonymous_4)
FNDA:0,useChangePassword
FNDA:0,(anonymous_6)
DA:6,0
DA:8,0
DA:14,0
DA:15,0
DA:17,0
DA:19,0
DA:25,0
DA:27,0
LF:8
LH:0
BRDA:9,0,0,0
BRDA:9,0,1,0
BRF:2
BRH:0
end_of_record
TN:
SF:src\features\residents\ResidentListScreen.tsx
FN:22,ResidentListScreen
FN:30,renderItem
FN:62,(anonymous_2)
FN:68,(anonymous_3)
FN:72,(anonymous_4)
FN:81,(anonymous_5)
FNF:6
FNH:0
FNDA:0,ResidentListScreen
FNDA:0,renderItem
FNDA:0,(anonymous_2)
FNDA:0,(anonymous_3)
FNDA:0,(anonymous_4)
FNDA:0,(anonymous_5)
DA:23,0
DA:24,0
DA:25,0
DA:28,0
DA:31,0
DA:48,0
DA:62,0
DA:68,0
DA:73,0
DA:81,0
DA:87,0
LF:11
LH:0
BRDA:28,0,0,0
BRDA:28,0,1,0
BRDA:39,1,0,0
BRDA:39,1,1,0
BRDA:43,2,0,0
BRDA:43,2,1,0
BRDA:64,3,0,0
BRDA:64,3,1,0
BRDA:73,4,0,0
BRDA:73,4,1,0
BRDA:77,5,0,0
BRDA:77,5,1,0
BRF:12
BRH:0
end_of_record
TN:
SF:src\features\residents\hooks\useResidents.ts
FN:6,useResidentList
FN:12,(anonymous_1)
FN:18,useResident
FN:21,(anonymous_3)
FNF:4
FNH:0
FNDA:0,useResidentList
FNDA:0,(anonymous_1)
FNDA:0,useResident
FNDA:0,(anonymous_3)
DA:10,0
DA:13,0
DA:19,0
DA:21,0
LF:4
LH:0
BRDA:22,0,0,0
BRDA:22,0,1,0
BRF:2
BRH:0
end_of_record
TN:
SF:src\features\vendor-payments\VendorPaymentListScreen.tsx
FN:22,VendorPaymentListScreen
FN:27,renderItem
FN:49,(anonymous_2)
FN:55,(anonymous_3)
FN:59,(anonymous_4)
FN:68,(anonymous_5)
FNF:6
FNH:0
FNDA:0,VendorPaymentListScreen
FNDA:0,renderItem
FNDA:0,(anonymous_2)
FNDA:0,(anonymous_3)
FNDA:0,(anonymous_4)
FNDA:0,(anonymous_5)
DA:23,0
DA:25,0
DA:28,0
DA:44,0
DA:49,0
DA:55,0
DA:60,0
DA:68,0
DA:74,0
LF:9
LH:0
BRDA:51,0,0,0
BRDA:51,0,1,0
BRDA:60,1,0,0
BRDA:60,1,1,0
BRDA:64,2,0,0
BRDA:64,2,1,0
BRF:6
BRH:0
end_of_record
TN:
SF:src\features\vendor-payments\hooks\useVendorPayments.ts
FN:5,useVendorPaymentList
FN:11,(anonymous_1)
FN:17,useVendorPayment
FN:20,(anonymous_3)
FNF:4
FNH:0
FNDA:0,useVendorPaymentList
FNDA:0,(anonymous_1)
FNDA:0,useVendorPayment
FNDA:0,(anonymous_3)
DA:9,0
DA:12,0
DA:18,0
DA:20,0
LF:4
LH:0
BRDA:21,0,0,0
BRDA:21,0,1,0
BRF:2
BRH:0
end_of_record
TN:
SF:src\features\visitors\VisitorListScreen.tsx
FN:24,VisitorListScreen
FN:32,renderItem
FN:63,(anonymous_2)
FN:69,(anonymous_3)
FN:73,(anonymous_4)
FN:82,(anonymous_5)
FNF:6
FNH:0
FNDA:0,VisitorListScreen
FNDA:0,renderItem
FNDA:0,(anonymous_2)
FNDA:0,(anonymous_3)
FNDA:0,(anonymous_4)
FNDA:0,(anonymous_5)
DA:25,0
DA:26,0
DA:27,0
DA:30,0
DA:33,0
DA:49,0
DA:63,0
DA:69,0
DA:74,0
DA:82,0
DA:91,0
LF:11
LH:0
BRDA:30,0,0,0
BRDA:30,0,1,0
BRDA:40,1,0,0
BRDA:40,1,1,0
BRDA:65,2,0,0
BRDA:65,2,1,0
BRDA:74,3,0,0
BRDA:74,3,1,0
BRDA:78,4,0,0
BRDA:78,4,1,0
BRF:10
BRH:0
end_of_record
TN:
SF:src\features\visitors\VisitorPassScreen.tsx
FN:18,VisitorPassScreen
FNF:1
FNH:0
FNDA:0,VisitorPassScreen
DA:19,0
DA:20,0
DA:21,0
DA:23,0
DA:61,0
LF:5
LH:0
BRDA:27,0,0,0
BRDA:27,0,1,0
BRDA:44,1,0,0
BRDA:44,1,1,0
BRDA:49,2,0,0
BRDA:49,2,1,0
BRF:6
BRH:0
end_of_record
TN:
SF:src\features\visitors\VisitorRegisterScreen.tsx
FN:23,VisitorRegisterScreen
FN:34,handleSubmit
FN:51,handlePhotoCapture
FN:76,(anonymous_3)
FN:115,(anonymous_4)
FNF:5
FNH:0
FNDA:0,VisitorRegisterScreen
FNDA:0,handleSubmit
FNDA:0,handlePhotoCapture
FNDA:0,(anonymous_3)
FNDA:0,(anonymous_4)
DA:24,0
DA:25,0
DA:26,0
DA:28,0
DA:29,0
DA:30,0
DA:31,0
DA:32,0
DA:35,0
DA:36,0
DA:37,0
DA:39,0
DA:40,0
DA:41,0
DA:42,0
DA:43,0
DA:44,0
DA:45,0
DA:47,0
DA:52,0
DA:53,0
DA:54,0
DA:56,0
DA:58,0
DA:62,0
DA:63,0
DA:65,0
DA:76,0
DA:115,0
DA:125,0
LF:30
LH:0
BRDA:35,0,0,0
BRDA:35,0,1,0
BRDA:35,1,0,0
BRDA:35,1,1,0
BRDA:35,1,2,0
BRDA:54,2,0,0
BRDA:54,2,1,0
BRDA:68,3,0,0
BRDA:68,3,1,0
BRDA:70,4,0,0
BRDA:70,4,1,0
BRDA:79,5,0,0
BRDA:79,5,1,0
BRF:13
BRH:0
end_of_record
TN:
SF:src\features\visitors\hooks\useVisitors.ts
FN:6,useVisitorList
FN:12,(anonymous_1)
FN:18,useVisitor
FN:21,(anonymous_3)
FN:26,useRegisterVisitor
FN:29,(anonymous_5)
FN:31,(anonymous_6)
FN:37,useApproveVisitor
FN:40,(anonymous_8)
FN:41,(anonymous_9)
FN:47,useDenyVisitor
FN:50,(anonymous_11)
FN:51,(anonymous_12)
FN:57,useCheckOutVisitor
FN:60,(anonymous_14)
FN:61,(anonymous_15)
FNF:16
FNH:2
FNDA:4,useVisitorList
FNDA:2,(anonymous_1)
FNDA:0,useVisitor
FNDA:0,(anonymous_3)
FNDA:0,useRegisterVisitor
FNDA:0,(anonymous_5)
FNDA:0,(anonymous_6)
FNDA:0,useApproveVisitor
FNDA:0,(anonymous_8)
FNDA:0,(anonymous_9)
FNDA:0,useDenyVisitor
FNDA:0,(anonymous_11)
FNDA:0,(anonymous_12)
FNDA:0,useCheckOutVisitor
FNDA:0,(anonymous_14)
FNDA:0,(anonymous_15)
DA:10,4
DA:13,2
DA:19,0
DA:21,0
DA:27,0
DA:28,0
DA:30,0
DA:32,0
DA:38,0
DA:39,0
DA:40,0
DA:42,0
DA:48,0
DA:49,0
DA:50,0
DA:52,0
DA:58,0
DA:59,0
DA:60,0
DA:62,0
LF:20
LH:2
BRDA:22,0,0,0
BRDA:22,0,1,0
BRF:2
BRH:0
end_of_record
TN:
SF:src\navigation\AdminStack.tsx
FN:29,AdminStack
FNF:1
FNH:0
FNDA:0,AdminStack
DA:27,0
DA:30,0
LF:2
LH:0
BRF:0
BRH:0
end_of_record
TN:
SF:src\navigation\AppTabs.tsx
FN:14,tabIcon
FN:15,(anonymous_1)
FN:20,SUAdminTabs
FN:58,SUUserTabs
FN:96,SUSecurityTabs
FN:129,DefaultTabs
FN:151,AppTabs
FN:152,(anonymous_7)
FNF:8
FNH:0
FNDA:0,tabIcon
FNDA:0,(anonymous_1)
FNDA:0,SUAdminTabs
FNDA:0,SUUserTabs
FNDA:0,SUSecurityTabs
FNDA:0,DefaultTabs
FNDA:0,AppTabs
FNDA:0,(anonymous_7)
DA:12,0
DA:15,0
DA:16,0
DA:21,0
DA:59,0
DA:97,0
DA:130,0
DA:152,0
DA:154,0
DA:155,0
DA:157,0
DA:158,0
DA:160,0
DA:161,0
DA:163,0
LF:15
LH:0
BRDA:16,0,0,0
BRDA:16,0,1,0
BRDA:154,1,0,0
BRDA:154,1,1,0
BRDA:154,2,0,0
BRDA:154,2,1,0
BRDA:154,2,2,0
BRDA:157,3,0,0
BRDA:157,3,1,0
BRDA:160,4,0,0
BRDA:160,4,1,0
BRF:11
BRH:0
end_of_record
TN:
SF:src\navigation\AuthStack.tsx
FN:27,LoginScreen
FN:33,handleLogin
FN:78,(anonymous_2)
FN:87,ForgotPasswordScreen
FN:95,InviteAcceptScreen
FN:105,AuthStack
FNF:6
FNH:0
FNDA:0,LoginScreen
FNDA:0,handleLogin
FNDA:0,(anonymous_2)
FNDA:0,ForgotPasswordScreen
FNDA:0,InviteAcceptScreen
FNDA:0,AuthStack
DA:28,0
DA:29,0
DA:30,0
DA:31,0
DA:34,0
DA:35,0
DA:36,0
DA:38,0
DA:39,0
DA:40,0
DA:42,0
DA:44,0
DA:48,0
DA:78,0
DA:88,0
DA:96,0
DA:103,0
DA:106,0
DA:115,0
LF:19
LH:0
BRDA:34,0,0,0
BRDA:34,0,1,0
BRDA:34,1,0,0
BRDA:34,1,1,0
BRDA:51,2,0,0
BRDA:51,2,1,0
BRF:6
BRH:0
end_of_record
TN:
SF:src\navigation\ResidentStack.tsx
FN:32,ResidentStack
FNF:1
FNH:0
FNDA:0,ResidentStack
DA:30,0
DA:33,0
LF:2
LH:0
BRF:0
BRH:0
end_of_record
TN:
SF:src\navigation\RootNavigator.tsx
FN:10,RootNavigator
FN:11,(anonymous_1)
FNF:2
FNH:0
FNDA:0,RootNavigator
FNDA:0,(anonymous_1)
DA:11,0
DA:13,0
DA:23,0
LF:3
LH:0
BRDA:17,0,0,0
BRDA:17,0,1,0
BRF:2
BRH:0
end_of_record
TN:
SF:src\navigation\SecurityStack.tsx
FN:19,SecurityStack
FNF:1
FNH:0
FNDA:0,SecurityStack
DA:17,0
DA:20,0
LF:2
LH:0
BRF:0
BRH:0
end_of_record
TN:
SF:src\navigation\linking.ts
FNF:0
FNH:0
DA:3,0
LF:1
LH:0
BRF:0
BRH:0
end_of_record
TN:
SF:src\notifications\NotificationProvider.tsx
FN:10,(anonymous_0)
FN:26,NotificationProvider
FN:30,(anonymous_2)
FN:36,(anonymous_3)
FN:39,register
FN:79,(anonymous_5)
FN:84,(anonymous_6)
FN:91,(anonymous_7)
FNF:8
FNH:0
FNDA:0,(anonymous_0)
FNDA:0,NotificationProvider
FNDA:0,(anonymous_2)
FNDA:0,(anonymous_3)
FNDA:0,register
FNDA:0,(anonymous_5)
FNDA:0,(anonymous_6)
FNDA:0,(anonymous_7)
DA:9,0
DA:10,0
DA:30,0
DA:31,0
DA:33,0
DA:34,0
DA:36,0
DA:37,0
DA:40,0
DA:41,0
DA:43,0
DA:56,0
DA:57,0
DA:60,0
DA:61,0
DA:63,0
DA:64,0
DA:65,0
DA:77,0
DA:79,0
DA:80,0
DA:83,0
DA:85,0
DA:86,0
DA:91,0
DA:92,0
DA:93,0
DA:97,0
LF:28
LH:0
BRDA:37,0,0,0
BRDA:37,0,1,0
BRDA:41,1,0,0
BRDA:41,1,1,0
BRDA:63,2,0,0
BRDA:63,2,1,0
BRDA:64,3,0,0
BRDA:64,3,1,0
BRDA:85,4,0,0
BRDA:85,4,1,0
BRDA:85,5,0,0
BRDA:85,5,1,0
BRF:12
BRH:0
end_of_record
TN:
SF:src\notifications\notificationRouter.ts
FN:8,routeNotification
FNF:1
FNH:0
FNDA:0,routeNotification
DA:13,0
DA:14,0
DA:16,0
DA:17,0
DA:18,0
DA:21,0
DA:22,0
DA:23,0
DA:26,0
DA:27,0
DA:28,0
DA:31,0
DA:32,0
DA:33,0
DA:36,0
DA:37,0
DA:38,0
DA:41,0
DA:42,0
LF:19
LH:0
BRDA:16,0,0,0
BRDA:16,0,1,0
BRDA:16,1,0,0
BRDA:16,1,1,0
BRDA:16,1,2,0
BRDA:21,2,0,0
BRDA:21,2,1,0
BRDA:21,3,0,0
BRDA:21,3,1,0
BRDA:21,3,2,0
BRDA:26,4,0,0
BRDA:26,4,1,0
BRDA:31,5,0,0
BRDA:31,5,1,0
BRDA:36,6,0,0
BRDA:36,6,1,0
BRDA:41,7,0,0
BRDA:41,7,1,0
BRF:18
BRH:0
end_of_record
TN:
SF:src\notifications\useNotifications.ts
FN:3,useNotifications
FN:4,(anonymous_1)
FN:5,(anonymous_2)
FNF:3
FNH:0
FNDA:0,useNotifications
FNDA:0,(anonymous_1)
FNDA:0,(anonymous_2)
DA:4,0
DA:5,0
DA:7,0
LF:3
LH:0
BRF:0
BRH:0
end_of_record
TN:
SF:src\shared\components\BottomSheet.tsx
FN:12,(anonymous_0)
FNF:1
FNH:0
FNDA:0,(anonymous_0)
DA:11,0
DA:13,0
DA:21,0
LF:3
LH:0
BRF:0
BRH:0
end_of_record
TN:
SF:src\shared\components\CurrencyText.tsx
FN:11,CurrencyText
FNF:1
FNH:0
FNDA:0,CurrencyText
DA:12,0
LF:1
LH:0
BRF:0
BRH:0
end_of_record
TN:
SF:src\shared\components\EmptyState.tsx
FN:13,EmptyState
FNF:1
FNH:0
FNDA:0,EmptyState
DA:14,0
DA:23,0
LF:2
LH:0
BRDA:13,0,0,0
BRDA:18,1,0,0
BRDA:18,1,1,0
BRF:3
BRH:0
end_of_record
TN:
SF:src\shared\components\LoadingOverlay.tsx
FN:9,LoadingOverlay
FNF:1
FNH:0
FNDA:0,LoadingOverlay
DA:10,0
DA:21,0
LF:2
LH:0
BRF:0
BRH:0
end_of_record
TN:
SF:src\shared\components\OfflineBanner.tsx
FN:8,OfflineBanner
FN:9,(anonymous_1)
FNF:2
FNH:0
FNDA:0,OfflineBanner
FNDA:0,(anonymous_1)
DA:9,0
DA:11,0
DA:13,0
DA:22,0
LF:4
LH:0
BRDA:11,0,0,0
BRDA:11,0,1,0
BRF:2
BRH:0
end_of_record
TN:
SF:src\shared\components\PageHeader.tsx
FN:14,PageHeader
FNF:1
FNH:0
FNDA:0,PageHeader
DA:15,0
DA:32,0
LF:2
LH:0
BRDA:18,0,0,0
BRDA:18,0,1,0
BRDA:27,1,0,0
BRDA:27,1,1,0
BRF:4
BRH:0
end_of_record
TN:
SF:src\shared\components\SearchableSelect.tsx
FN:27,SearchableSelect
FN:36,(anonymous_1)
FN:37,(anonymous_2)
FN:41,handleSelect
FN:47,handleClose
FN:56,(anonymous_5)
FN:78,(anonymous_6)
FN:79,(anonymous_7)
FN:82,(anonymous_8)
FNF:9
FNH:0
FNDA:0,SearchableSelect
FNDA:0,(anonymous_1)
FNDA:0,(anonymous_2)
FNDA:0,handleSelect
FNDA:0,handleClose
FNDA:0,(anonymous_5)
FNDA:0,(anonymous_6)
FNDA:0,(anonymous_7)
FNDA:0,(anonymous_8)
DA:33,0
DA:34,0
DA:36,0
DA:37,0
DA:38,0
DA:42,0
DA:43,0
DA:44,0
DA:48,0
DA:49,0
DA:52,0
DA:56,0
DA:78,0
DA:80,0
DA:82,0
DA:99,0
LF:16
LH:0
BRDA:31,0,0,0
BRDA:59,1,0,0
BRDA:59,1,1,0
BRDA:60,2,0,0
BRDA:60,2,1,0
BRF:5
BRH:0
end_of_record
TN:
SF:src\shared\components\StatusChip.tsx
FN:16,getChipColor
FN:30,StatusChip
FNF:2
FNH:2
FNDA:4,getChipColor
FNDA:4,StatusChip
DA:17,4
DA:18,4
DA:19,1
DA:21,3
DA:22,1
DA:24,2
DA:25,1
DA:27,1
DA:31,4
DA:32,4
DA:39,1
LF:11
LH:11
BRDA:18,0,0,1
BRDA:18,0,1,3
BRDA:21,1,0,1
BRDA:21,1,1,2
BRDA:24,2,0,1
BRDA:24,2,1,1
BRF:6
BRH:6
end_of_record
TN:
SF:src\shared\hooks\useDebounce.ts
FN:3,useDebounce
FN:6,(anonymous_1)
FN:7,(anonymous_2)
FN:11,(anonymous_3)
FNF:4
FNH:0
FNDA:0,useDebounce
FNDA:0,(anonymous_1)
FNDA:0,(anonymous_2)
FNDA:0,(anonymous_3)
DA:4,0
DA:6,0
DA:7,0
DA:8,0
DA:11,0
DA:14,0
LF:6
LH:0
BRDA:3,0,0,0
BRF:1
BRH:0
end_of_record
TN:
SF:src\shared\hooks\useInfiniteList.ts
FN:20,useInfiniteList
FN:28,(anonymous_1)
FN:29,(anonymous_2)
FN:40,(anonymous_3)
FNF:4
FNH:4
FNDA:4,useInfiniteList
FNDA:2,(anonymous_1)
FNDA:6,(anonymous_2)
FNDA:2,(anonymous_3)
DA:26,4
DA:28,2
DA:30,6
DA:31,6
DA:32,6
DA:39,4
DA:40,2
LF:7
LH:7
BRDA:24,0,0,0
BRDA:31,1,0,0
BRDA:31,1,1,6
BRDA:40,2,0,4
BRDA:40,2,1,2
BRDA:42,3,0,4
BRDA:42,3,1,0
BRF:7
BRH:4
end_of_record
TN:
SF:src\shared\hooks\useRequireRole.ts
FN:4,useRequireRole
FN:5,(anonymous_1)
FNF:2
FNH:0
FNDA:0,useRequireRole
FNDA:0,(anonymous_1)
DA:5,0
DA:6,0
DA:7,0
LF:3
LH:0
BRDA:6,0,0,0
BRDA:6,0,1,0
BRDA:6,1,0,0
BRDA:6,1,1,0
BRF:4
BRH:0
end_of_record
TN:
SF:src\shared\hooks\useSocietyId.ts
FN:3,useSocietyId
FN:4,(anonymous_1)
FNF:2
FNH:0
FNDA:0,useSocietyId
FNDA:0,(anonymous_1)
DA:4,0
LF:1
LH:0
BRDA:4,0,0,0
BRDA:4,0,1,0
BRF:2
BRH:0
end_of_record
TN:
SF:src\shared\utils\currency.ts
FN:1,formatCurrency
FNF:1
FNH:1
FNDA:4,formatCurrency
DA:2,4
LF:1
LH:1
BRF:0
BRH:0
end_of_record
TN:
SF:src\shared\utils\date.ts
FN:1,formatDate
FN:9,formatDateTime
FN:19,isOverdue
FNF:3
FNH:3
FNDA:2,formatDate
FNDA:1,formatDateTime
FNDA:3,isOverdue
DA:2,2
DA:10,1
DA:20,3
LF:3
LH:3
BRF:0
BRH:0
end_of_record
TN:
SF:src\shared\utils\errors.ts
FN:4,normalizeError
FNF:1
FNH:0
FNDA:0,normalizeError
DA:5,0
DA:6,0
DA:7,0
DA:8,0
DA:10,0
DA:11,0
LF:6
LH:0
BRDA:5,0,0,0
BRDA:5,0,1,0
BRDA:7,1,0,0
BRDA:7,1,1,0
BRDA:8,2,0,0
BRDA:8,2,1,0
BRDA:10,3,0,0
BRDA:10,3,1,0
BRF:8
BRH:0
end_of_record
TN:
SF:src\store\authStore.ts
FN:15,(anonymous_0)
FN:19,(anonymous_1)
FN:20,(anonymous_2)
FNF:3
FNH:0
FNDA:0,(anonymous_0)
FNDA:0,(anonymous_1)
FNDA:0,(anonymous_2)
DA:15,0
DA:19,0
DA:20,0
LF:3
LH:0
BRF:0
BRH:0
end_of_record
TN:
SF:src\store\networkStore.ts
FN:11,(anonymous_0)
FN:13,(anonymous_1)
FNF:2
FNH:0
FNDA:0,(anonymous_0)
FNDA:0,(anonymous_1)
DA:11,0
DA:13,0
LF:2
LH:0
BRF:0
BRH:0
end_of_record
TN:
SF:src\store\notificationStore.ts
FN:14,(anonymous_0)
FN:17,(anonymous_1)
FN:18,(anonymous_2)
FN:18,(anonymous_3)
FN:19,(anonymous_4)
FNF:5
FNH:0
FNDA:0,(anonymous_0)
FNDA:0,(anonymous_1)
FNDA:0,(anonymous_2)
FNDA:0,(anonymous_3)
FNDA:0,(anonymous_4)
DA:14,0
DA:17,0
DA:18,0
DA:19,0
LF:4
LH:0
BRF:0
BRH:0
end_of_record
TN:
SF:src\theme\colors.ts
FNF:0
FNH:0
DA:1,1
LF:1
LH:1
BRF:0
BRH:0
end_of_record
TN:
SF:src\theme\spacing.ts
FNF:0
FNH:0
DA:1,1
LF:1
LH:1
BRF:0
BRH:0
end_of_record
TN:
SF:src\theme\typography.ts
FNF:0
FNH:0
DA:1,1
LF:1
LH:1
BRF:0
BRH:0
end_of_record
