TN:
SF:src\api\client.ts
FN:7,setAuthEventListener
FN:17,(anonymous_1)
FN:26,(anonymous_2)
FN:27,(anonymous_3)
FNF:4
FNH:2
FNDA:3,setAuthEventListener
FNDA:0,(anonymous_1)
FNDA:0,(anonymous_2)
FNDA:3,(anonymous_3)
DA:4,25
DA:5,25
DA:8,3
DA:11,25
DA:17,25
DA:18,0
DA:19,0
DA:20,0
DA:22,0
DA:25,25
DA:26,0
DA:28,3
DA:32,3
DA:33,2
DA:34,2
DA:36,3
LF:16
LH:11
BRDA:4,0,0,25
BRDA:4,0,1,25
BRDA:19,1,0,0
BRDA:19,1,1,0
BRDA:19,2,0,0
BRDA:19,2,1,0
BRDA:32,3,0,2
BRDA:32,3,1,1
BRDA:32,4,0,3
BRDA:32,4,1,2
BRF:10
BRH:6
end_of_record
TN:
SF:src\api\endpoints\agmSession.ts
FN:11,(anonymous_0)
FN:12,(anonymous_1)
FN:14,(anonymous_2)
FN:15,(anonymous_3)
FN:17,(anonymous_4)
FN:18,(anonymous_5)
FNF:6
FNH:0
FNDA:0,(anonymous_0)
FNDA:0,(anonymous_1)
FNDA:0,(anonymous_2)
FNDA:0,(anonymous_3)
FNDA:0,(anonymous_4)
FNDA:0,(anonymous_5)
DA:10,0
DA:12,0
DA:15,0
DA:18,0
LF:4
LH:0
BRF:0
BRH:0
end_of_record
TN:
SF:src\api\endpoints\amenities.ts
FN:12,(anonymous_0)
FN:15,(anonymous_1)
FN:18,(anonymous_2)
FN:24,(anonymous_3)
FN:27,(anonymous_4)
FN:30,(anonymous_5)
FNF:6
FNH:0
FNDA:0,(anonymous_0)
FNDA:0,(anonymous_1)
FNDA:0,(anonymous_2)
FNDA:0,(anonymous_3)
FNDA:0,(anonymous_4)
FNDA:0,(anonymous_5)
DA:11,0
DA:13,0
DA:15,0
DA:19,0
DA:24,0
DA:28,0
DA:30,0
LF:7
LH:0
BRF:0
BRH:0
end_of_record
TN:
SF:src\api\endpoints\apartments.ts
FN:5,(anonymous_0)
FN:11,(anonymous_1)
FN:13,(anonymous_2)
FN:16,(anonymous_3)
FNF:4
FNH:0
FNDA:0,(anonymous_0)
FNDA:0,(anonymous_1)
FNDA:0,(anonymous_2)
FNDA:0,(anonymous_3)
DA:4,0
DA:9,0
DA:11,0
DA:14,0
DA:16,0
LF:5
LH:0
BRF:0
BRH:0
end_of_record
TN:
SF:src\api\endpoints\auth.ts
FN:44,(anonymous_0)
FN:45,(anonymous_1)
FN:47,(anonymous_2)
FN:48,(anonymous_3)
FN:50,(anonymous_4)
FN:51,(anonymous_5)
FN:53,(anonymous_6)
FN:54,(anonymous_7)
FN:56,(anonymous_8)
FN:57,(anonymous_9)
FN:59,(anonymous_10)
FN:60,(anonymous_11)
FN:62,(anonymous_12)
FN:63,(anonymous_13)
FNF:14
FNH:0
FNDA:0,(anonymous_0)
FNDA:0,(anonymous_1)
FNDA:0,(anonymous_2)
FNDA:0,(anonymous_3)
FNDA:0,(anonymous_4)
FNDA:0,(anonymous_5)
FNDA:0,(anonymous_6)
FNDA:0,(anonymous_7)
FNDA:0,(anonymous_8)
FNDA:0,(anonymous_9)
FNDA:0,(anonymous_10)
FNDA:0,(anonymous_11)
FNDA:0,(anonymous_12)
FNDA:0,(anonymous_13)
DA:43,0
DA:45,0
DA:48,0
DA:51,0
DA:54,0
DA:57,0
DA:60,0
DA:63,0
LF:8
LH:0
BRF:0
BRH:0
end_of_record
TN:
SF:src\api\endpoints\complaints.ts
FN:18,(anonymous_0)
FN:24,(anonymous_1)
FN:26,(anonymous_2)
FN:29,(anonymous_3)
FN:31,(anonymous_4)
FN:34,(anonymous_5)
FN:37,(anonymous_6)
FN:40,(anonymous_7)
FNF:8
FNH:0
FNDA:0,(anonymous_0)
FNDA:0,(anonymous_1)
FNDA:0,(anonymous_2)
FNDA:0,(anonymous_3)
FNDA:0,(anonymous_4)
FNDA:0,(anonymous_5)
FNDA:0,(anonymous_6)
FNDA:0,(anonymous_7)
DA:17,0
DA:22,0
DA:24,0
DA:27,0
DA:29,0
DA:32,0
DA:34,0
DA:38,0
DA:40,0
LF:9
LH:0
BRF:0
BRH:0
end_of_record
TN:
SF:src\api\endpoints\financial-report.ts
FN:95,(anonymous_0)
FN:98,(anonymous_1)
FN:101,(anonymous_2)
FN:104,(anonymous_3)
FN:107,(anonymous_4)
FN:113,(anonymous_5)
FN:116,(anonymous_6)
FN:122,(anonymous_7)
FNF:8
FNH:0
FNDA:0,(anonymous_0)
FNDA:0,(anonymous_1)
FNDA:0,(anonymous_2)
FNDA:0,(anonymous_3)
FNDA:0,(anonymous_4)
FNDA:0,(anonymous_5)
FNDA:0,(anonymous_6)
FNDA:0,(anonymous_7)
DA:93,0
DA:96,0
DA:98,0
DA:102,0
DA:104,0
DA:108,0
DA:113,0
DA:117,0
DA:122,0
LF:9
LH:0
BRDA:111,0,0,0
BRDA:111,0,1,0
BRDA:120,1,0,0
BRDA:120,1,1,0
BRDA:120,2,0,0
BRDA:120,2,1,0
BRF:6
BRH:0
end_of_record
TN:
SF:src\api\endpoints\hqUser.ts
FN:12,(anonymous_0)
FN:13,(anonymous_1)
FN:15,(anonymous_2)
FN:16,(anonymous_3)
FN:18,(anonymous_4)
FN:19,(anonymous_5)
FN:21,(anonymous_6)
FN:22,(anonymous_7)
FN:24,(anonymous_8)
FN:25,(anonymous_9)
FNF:10
FNH:0
FNDA:0,(anonymous_0)
FNDA:0,(anonymous_1)
FNDA:0,(anonymous_2)
FNDA:0,(anonymous_3)
FNDA:0,(anonymous_4)
FNDA:0,(anonymous_5)
FNDA:0,(anonymous_6)
FNDA:0,(anonymous_7)
FNDA:0,(anonymous_8)
FNDA:0,(anonymous_9)
DA:11,0
DA:13,0
DA:16,0
DA:19,0
DA:22,0
DA:25,0
LF:6
LH:0
BRF:0
BRH:0
end_of_record
TN:
SF:src\api\endpoints\maintenance.ts
FN:14,(anonymous_0)
FN:23,(anonymous_1)
FN:30,(anonymous_2)
FN:53,(anonymous_3)
FN:59,(anonymous_4)
FNF:5
FNH:0
FNDA:0,(anonymous_0)
FNDA:0,(anonymous_1)
FNDA:0,(anonymous_2)
FNDA:0,(anonymous_3)
FNDA:0,(anonymous_4)
DA:6,0
DA:13,0
DA:18,0
DA:23,0
DA:31,0
DA:32,0
DA:33,0
DA:39,0
DA:45,0
DA:46,0
DA:49,0
DA:54,0
DA:59,0
LF:13
LH:0
BRDA:6,0,0,0
BRDA:6,0,1,0
BRDA:41,1,0,0
BRDA:41,1,1,0
BRDA:45,2,0,0
BRDA:45,2,1,0
BRF:6
BRH:0
end_of_record
TN:
SF:src\api\endpoints\notices.ts
FN:29,(anonymous_0)
FN:35,(anonymous_1)
FN:37,(anonymous_2)
FN:40,(anonymous_3)
FN:43,(anonymous_4)
FN:46,(anonymous_5)
FN:48,(anonymous_6)
FN:51,(anonymous_7)
FN:53,(anonymous_8)
FN:56,(anonymous_9)
FN:58,(anonymous_10)
FN:61,(anonymous_11)
FNF:12
FNH:0
FNDA:0,(anonymous_0)
FNDA:0,(anonymous_1)
FNDA:0,(anonymous_2)
FNDA:0,(anonymous_3)
FNDA:0,(anonymous_4)
FNDA:0,(anonymous_5)
FNDA:0,(anonymous_6)
FNDA:0,(anonymous_7)
FNDA:0,(anonymous_8)
FNDA:0,(anonymous_9)
FNDA:0,(anonymous_10)
FNDA:0,(anonymous_11)
DA:28,0
DA:33,0
DA:35,0
DA:38,0
DA:40,0
DA:44,0
DA:46,0
DA:49,0
DA:51,0
DA:54,0
DA:56,0
DA:59,0
DA:61,0
LF:13
LH:0
BRF:0
BRH:0
end_of_record
TN:
SF:src\api\endpoints\poll.ts
FN:38,(anonymous_0)
FN:39,(anonymous_1)
FN:41,(anonymous_2)
FN:42,(anonymous_3)
FN:44,(anonymous_4)
FN:45,(anonymous_5)
FN:47,(anonymous_6)
FN:48,(anonymous_7)
FN:50,(anonymous_8)
FN:51,(anonymous_9)
FN:53,(anonymous_10)
FN:54,(anonymous_11)
FNF:12
FNH:0
FNDA:0,(anonymous_0)
FNDA:0,(anonymous_1)
FNDA:0,(anonymous_2)
FNDA:0,(anonymous_3)
FNDA:0,(anonymous_4)
FNDA:0,(anonymous_5)
FNDA:0,(anonymous_6)
FNDA:0,(anonymous_7)
FNDA:0,(anonymous_8)
FNDA:0,(anonymous_9)
FNDA:0,(anonymous_10)
FNDA:0,(anonymous_11)
DA:37,0
DA:39,0
DA:42,0
DA:45,0
DA:48,0
DA:51,0
DA:54,0
LF:7
LH:0
BRF:0
BRH:0
end_of_record
TN:
SF:src\api\endpoints\profile.ts
FN:6,(anonymous_0)
FN:9,(anonymous_1)
FN:12,(anonymous_2)
FN:15,(anonymous_3)
FN:18,(anonymous_4)
FN:25,(anonymous_5)
FN:28,(anonymous_6)
FN:31,(anonymous_7)
FN:33,(anonymous_8)
FN:36,(anonymous_9)
FN:38,(anonymous_10)
FN:51,(anonymous_11)
FNF:12
FNH:0
FNDA:0,(anonymous_0)
FNDA:0,(anonymous_1)
FNDA:0,(anonymous_2)
FNDA:0,(anonymous_3)
FNDA:0,(anonymous_4)
FNDA:0,(anonymous_5)
FNDA:0,(anonymous_6)
FNDA:0,(anonymous_7)
FNDA:0,(anonymous_8)
FNDA:0,(anonymous_9)
FNDA:0,(anonymous_10)
FNDA:0,(anonymous_11)
DA:4,0
DA:7,0
DA:9,0
DA:13,0
DA:15,0
DA:23,0
DA:25,0
DA:29,0
DA:31,0
DA:34,0
DA:36,0
DA:45,0
DA:51,0
LF:13
LH:0
BRF:0
BRH:0
end_of_record
TN:
SF:src\api\endpoints\residents.ts
FN:5,(anonymous_0)
FN:11,(anonymous_1)
FN:13,(anonymous_2)
FN:16,(anonymous_3)
FN:18,(anonymous_4)
FN:19,(anonymous_5)
FNF:6
FNH:0
FNDA:0,(anonymous_0)
FNDA:0,(anonymous_1)
FNDA:0,(anonymous_2)
FNDA:0,(anonymous_3)
FNDA:0,(anonymous_4)
FNDA:0,(anonymous_5)
DA:4,0
DA:9,0
DA:11,0
DA:14,0
DA:16,0
DA:19,0
LF:6
LH:0
BRF:0
BRH:0
end_of_record
TN:
SF:src\api\endpoints\society.ts
FN:94,(anonymous_0)
FN:95,(anonymous_1)
FN:97,(anonymous_2)
FN:98,(anonymous_3)
FN:100,(anonymous_4)
FN:101,(anonymous_5)
FN:103,(anonymous_6)
FN:104,(anonymous_7)
FN:106,(anonymous_8)
FN:107,(anonymous_9)
FN:109,(anonymous_10)
FN:110,(anonymous_11)
FN:112,(anonymous_12)
FN:113,(anonymous_13)
FNF:14
FNH:0
FNDA:0,(anonymous_0)
FNDA:0,(anonymous_1)
FNDA:0,(anonymous_2)
FNDA:0,(anonymous_3)
FNDA:0,(anonymous_4)
FNDA:0,(anonymous_5)
FNDA:0,(anonymous_6)
FNDA:0,(anonymous_7)
FNDA:0,(anonymous_8)
FNDA:0,(anonymous_9)
FNDA:0,(anonymous_10)
FNDA:0,(anonymous_11)
FNDA:0,(anonymous_12)
FNDA:0,(anonymous_13)
DA:93,24
DA:95,0
DA:98,0
DA:101,0
DA:104,0
DA:107,0
DA:110,0
DA:113,0
LF:8
LH:1
BRF:0
BRH:0
end_of_record
TN:
SF:src\api\endpoints\sos.ts
FN:16,(anonymous_0)
FN:17,(anonymous_1)
FN:19,(anonymous_2)
FN:23,(anonymous_3)
FN:25,(anonymous_4)
FN:26,(anonymous_5)
FN:28,(anonymous_6)
FN:29,(anonymous_7)
FN:31,(anonymous_8)
FN:32,(anonymous_9)
FN:34,(anonymous_10)
FN:35,(anonymous_11)
FN:37,(anonymous_12)
FN:40,(anonymous_13)
FNF:14
FNH:0
FNDA:0,(anonymous_0)
FNDA:0,(anonymous_1)
FNDA:0,(anonymous_2)
FNDA:0,(anonymous_3)
FNDA:0,(anonymous_4)
FNDA:0,(anonymous_5)
FNDA:0,(anonymous_6)
FNDA:0,(anonymous_7)
FNDA:0,(anonymous_8)
FNDA:0,(anonymous_9)
FNDA:0,(anonymous_10)
FNDA:0,(anonymous_11)
FNDA:0,(anonymous_12)
FNDA:0,(anonymous_13)
DA:15,0
DA:17,0
DA:23,0
DA:26,0
DA:29,0
DA:32,0
DA:35,0
DA:38,0
DA:40,0
LF:9
LH:0
BRF:0
BRH:0
end_of_record
TN:
SF:src\api\endpoints\staff.ts
FN:37,(anonymous_0)
FN:38,(anonymous_1)
FN:40,(anonymous_2)
FN:41,(anonymous_3)
FN:43,(anonymous_4)
FN:44,(anonymous_5)
FN:46,(anonymous_6)
FN:47,(anonymous_7)
FN:49,(anonymous_8)
FN:50,(anonymous_9)
FN:52,(anonymous_10)
FN:53,(anonymous_11)
FN:55,(anonymous_12)
FN:56,(anonymous_13)
FN:58,(anonymous_14)
FN:59,(anonymous_15)
FN:61,(anonymous_16)
FN:62,(anonymous_17)
FN:64,(anonymous_18)
FN:65,(anonymous_19)
FN:67,(anonymous_20)
FN:72,(anonymous_21)
FNF:22
FNH:0
FNDA:0,(anonymous_0)
FNDA:0,(anonymous_1)
FNDA:0,(anonymous_2)
FNDA:0,(anonymous_3)
FNDA:0,(anonymous_4)
FNDA:0,(anonymous_5)
FNDA:0,(anonymous_6)
FNDA:0,(anonymous_7)
FNDA:0,(anonymous_8)
FNDA:0,(anonymous_9)
FNDA:0,(anonymous_10)
FNDA:0,(anonymous_11)
FNDA:0,(anonymous_12)
FNDA:0,(anonymous_13)
FNDA:0,(anonymous_14)
FNDA:0,(anonymous_15)
FNDA:0,(anonymous_16)
FNDA:0,(anonymous_17)
FNDA:0,(anonymous_18)
FNDA:0,(anonymous_19)
FNDA:0,(anonymous_20)
FNDA:0,(anonymous_21)
DA:36,0
DA:38,0
DA:41,0
DA:44,0
DA:47,0
DA:50,0
DA:53,0
DA:56,0
DA:59,0
DA:62,0
DA:65,0
DA:68,0
DA:72,0
LF:13
LH:0
BRDA:70,0,0,0
BRDA:70,0,1,0
BRF:2
BRH:0
end_of_record
TN:
SF:src\api\endpoints\vendor-payments.ts
FN:32,(anonymous_0)
FN:41,(anonymous_1)
FNF:2
FNH:0
FNDA:0,(anonymous_0)
FNDA:0,(anonymous_1)
DA:30,0
DA:36,0
DA:41,0
LF:3
LH:0
BRF:0
BRH:0
end_of_record
TN:
SF:src\api\endpoints\visitors.ts
FN:19,(anonymous_0)
FN:25,(anonymous_1)
FN:28,(anonymous_2)
FN:31,(anonymous_3)
FN:33,(anonymous_4)
FN:36,(anonymous_5)
FN:38,(anonymous_6)
FN:41,(anonymous_7)
FN:43,(anonymous_8)
FN:46,(anonymous_9)
FN:48,(anonymous_10)
FN:51,(anonymous_11)
FN:53,(anonymous_12)
FN:56,(anonymous_13)
FN:60,(anonymous_14)
FN:63,(anonymous_15)
FN:65,(anonymous_16)
FN:68,(anonymous_17)
FNF:18
FNH:0
FNDA:0,(anonymous_0)
FNDA:0,(anonymous_1)
FNDA:0,(anonymous_2)
FNDA:0,(anonymous_3)
FNDA:0,(anonymous_4)
FNDA:0,(anonymous_5)
FNDA:0,(anonymous_6)
FNDA:0,(anonymous_7)
FNDA:0,(anonymous_8)
FNDA:0,(anonymous_9)
FNDA:0,(anonymous_10)
FNDA:0,(anonymous_11)
FNDA:0,(anonymous_12)
FNDA:0,(anonymous_13)
FNDA:0,(anonymous_14)
FNDA:0,(anonymous_15)
FNDA:0,(anonymous_16)
FNDA:0,(anonymous_17)
DA:18,0
DA:23,0
DA:25,0
DA:29,0
DA:31,0
DA:34,0
DA:36,0
DA:39,0
DA:41,0
DA:44,0
DA:46,0
DA:49,0
DA:51,0
DA:54,0
DA:56,0
DA:61,0
DA:63,0
DA:66,0
DA:68,0
LF:19
LH:0
BRF:0
BRH:0
end_of_record
TN:
SF:src\auth\AuthProvider.tsx
FN:21,decodeJwtPayload
FN:36,(anonymous_1)
FN:55,AuthProvider
FN:58,(anonymous_3)
FN:59,(anonymous_4)
FN:60,(anonymous_5)
FN:61,(anonymous_6)
FN:63,(anonymous_7)
FN:64,restoreSession
FN:110,(anonymous_9)
FN:117,(anonymous_10)
FN:134,useAuthContext
FNF:12
FNH:0
FNDA:0,decodeJwtPayload
FNDA:0,(anonymous_1)
FNDA:0,AuthProvider
FNDA:0,(anonymous_3)
FNDA:0,(anonymous_4)
FNDA:0,(anonymous_5)
FNDA:0,(anonymous_6)
FNDA:0,(anonymous_7)
FNDA:0,restoreSession
FNDA:0,(anonymous_9)
FNDA:0,(anonymous_10)
FNDA:0,useAuthContext
DA:22,0
DA:23,0
DA:24,0
DA:25,0
DA:27,0
DA:31,0
DA:33,0
DA:36,0
DA:39,0
DA:41,0
DA:53,0
DA:56,0
DA:57,0
DA:58,0
DA:59,0
DA:60,0
DA:61,0
DA:63,0
DA:65,0
DA:66,0
DA:67,0
DA:68,0
DA:69,0
DA:70,0
DA:72,0
DA:73,0
DA:74,0
DA:76,0
DA:79,0
DA:90,0
DA:92,0
DA:93,0
DA:96,0
DA:97,0
DA:101,0
DA:102,0
DA:104,0
DA:108,0
DA:110,0
DA:111,0
DA:117,0
DA:118,0
DA:119,0
DA:123,0
DA:125,0
DA:127,0
DA:135,0
LF:47
LH:0
BRDA:25,0,0,0
BRDA:25,0,1,0
BRDA:67,1,0,0
BRDA:67,1,1,0
BRDA:70,2,0,0
BRDA:70,2,1,0
BRDA:72,3,0,0
BRDA:72,3,1,0
BRDA:74,4,0,0
BRDA:74,4,1,0
BRDA:76,5,0,0
BRDA:76,5,1,0
BRDA:76,5,2,0
BRDA:80,6,0,0
BRDA:80,6,1,0
BRDA:80,6,2,0
BRDA:81,7,0,0
BRDA:81,7,1,0
BRDA:82,8,0,0
BRDA:82,8,1,0
BRDA:83,9,0,0
BRDA:83,9,1,0
BRDA:118,10,0,0
BRDA:118,10,1,0
BRDA:118,11,0,0
BRDA:118,11,1,0
BRDA:123,12,0,0
BRDA:123,12,1,0
BRDA:125,13,0,0
BRDA:125,13,1,0
BRF:30
BRH:0
end_of_record
TN:
SF:src\auth\biometric.ts
FN:3,authenticateWithBiometric
FN:19,isBiometricAvailable
FNF:2
FNH:2
FNDA:4,authenticateWithBiometric
FNDA:2,isBiometricAvailable
DA:4,4
DA:5,4
DA:7,3
DA:8,3
DA:10,2
DA:16,2
DA:20,2
DA:21,2
DA:22,2
LF:9
LH:9
BRDA:5,0,0,1
BRDA:5,0,1,3
BRDA:8,1,0,1
BRDA:8,1,1,2
BRDA:22,2,0,2
BRDA:22,2,1,1
BRF:6
BRH:6
end_of_record
TN:
SF:src\auth\loginPreference.ts
FN:7,getLoginMethod
FN:12,setLoginMethod
FNF:2
FNH:2
FNDA:2,getLoginMethod
FNDA:1,setLoginMethod
DA:5,1
DA:8,2
DA:9,2
DA:13,1
LF:4
LH:4
BRDA:9,0,0,1
BRDA:9,0,1,1
BRF:2
BRH:2
end_of_record
TN:
SF:src\auth\tokenStore.ts
FN:6,getToken
FN:10,setToken
FN:14,getRefreshToken
FN:18,setRefreshToken
FN:22,clearTokens
FNF:5
FNH:3
FNDA:4,getToken
FNDA:1,setToken
FNDA:0,getRefreshToken
FNDA:0,setRefreshToken
FNDA:1,clearTokens
DA:3,27
DA:4,27
DA:7,4
DA:11,1
DA:15,0
DA:19,0
DA:23,1
LF:7
LH:5
BRF:0
BRH:0
end_of_record
TN:
SF:src\auth\useAuth.ts
FN:15,toUser
FN:30,useAuth
FN:33,login
FN:47,loginWithOtp
FN:53,logout
FNF:5
FNH:3
FNDA:1,toUser
FNDA:3,useAuth
FNDA:0,login
FNDA:2,loginWithOtp
FNDA:0,logout
DA:16,1
DA:31,3
DA:34,0
DA:36,0
DA:38,0
DA:39,0
DA:40,0
DA:43,0
DA:44,0
DA:48,2
DA:49,1
DA:50,1
DA:54,0
DA:55,0
DA:58,3
LF:15
LH:6
BRDA:21,0,0,1
BRDA:21,0,1,0
BRDA:23,1,0,1
BRDA:23,1,1,0
BRDA:24,2,0,1
BRDA:24,2,1,0
BRDA:36,3,0,0
BRDA:36,3,1,0
BRDA:36,4,0,0
BRDA:36,4,1,0
BRDA:36,4,2,0
BRF:11
BRH:3
end_of_record
TN:
SF:src\camera\CameraCapture.tsx
FN:24,CameraCapture
FN:29,handleCapture
FN:41,handleGallery
FN:48,handleRequestPermission
FN:58,(anonymous_4)
FN:66,(anonymous_5)
FN:82,(anonymous_6)
FN:95,(anonymous_7)
FN:106,(anonymous_8)
FNF:9
FNH:0
FNDA:0,CameraCapture
FNDA:0,handleCapture
FNDA:0,handleGallery
FNDA:0,handleRequestPermission
FNDA:0,(anonymous_4)
FNDA:0,(anonymous_5)
FNDA:0,(anonymous_6)
FNDA:0,(anonymous_7)
FNDA:0,(anonymous_8)
DA:25,0
DA:26,0
DA:27,0
DA:30,0
DA:31,0
DA:32,0
DA:33,0
DA:34,0
DA:37,0
DA:42,0
DA:43,0
DA:44,0
DA:49,0
DA:52,0
DA:58,0
DA:66,0
DA:82,0
DA:95,0
DA:106,0
DA:121,0
LF:20
LH:0
BRDA:30,0,0,0
BRDA:30,0,1,0
BRDA:33,1,0,0
BRDA:33,1,1,0
BRDA:43,2,0,0
BRDA:43,2,1,0
BRDA:57,3,0,0
BRDA:57,3,1,0
BRDA:60,4,0,0
BRDA:60,4,1,0
BRDA:65,5,0,0
BRDA:65,5,1,0
BRDA:68,6,0,0
BRDA:68,6,1,0
BRDA:74,7,0,0
BRDA:74,7,1,0
BRDA:76,8,0,0
BRDA:76,8,1,0
BRF:18
BRH:0
end_of_record
TN:
SF:src\camera\DocumentPicker.tsx
FN:13,pickProofDocument
FNF:1
FNH:0
FNDA:0,pickProofDocument
DA:4,0
DA:14,0
DA:20,0
DA:21,0
DA:22,0
DA:24,0
LF:6
LH:0
BRDA:20,0,0,0
BRDA:20,0,1,0
BRDA:22,1,0,0
BRDA:22,1,1,0
BRDA:27,2,0,0
BRDA:27,2,1,0
BRF:6
BRH:0
end_of_record
TN:
SF:src\camera\ImagePicker.tsx
FN:3,pickImage
FN:27,pickImageFile
FNF:2
FNH:0
FNDA:0,pickImage
FNDA:0,pickImageFile
DA:4,0
DA:5,0
DA:7,0
DA:14,0
DA:15,0
DA:28,0
DA:29,0
DA:31,0
DA:38,0
DA:39,0
DA:40,0
DA:42,0
LF:12
LH:0
BRDA:5,0,0,0
BRDA:5,0,1,0
BRDA:14,1,0,0
BRDA:14,1,1,0
BRDA:15,2,0,0
BRDA:15,2,1,0
BRDA:29,3,0,0
BRDA:29,3,1,0
BRDA:38,4,0,0
BRDA:38,4,1,0
BRDA:40,5,0,0
BRDA:40,5,1,0
BRDA:44,6,0,0
BRDA:44,6,1,0
BRDA:45,7,0,0
BRDA:45,7,1,0
BRF:16
BRH:0
end_of_record
TN:
SF:src\camera\fileViewer.ts
FN:6,sanitizeFileName
FN:16,viewRemoteFile
FNF:2
FNH:0
FNDA:0,sanitizeFileName
FNDA:0,viewRemoteFile
DA:7,0
DA:17,0
DA:18,0
DA:20,0
DA:24,0
DA:25,0
DA:28,0
DA:29,0
LF:8
LH:0
BRDA:7,0,0,0
BRDA:7,0,1,0
BRDA:21,1,0,0
BRDA:21,1,1,0
BRDA:24,2,0,0
BRDA:24,2,1,0
BRDA:24,3,0,0
BRDA:24,3,1,0
BRDA:28,4,0,0
BRDA:28,4,1,0
BRF:10
BRH:0
end_of_record
TN:
SF:src\camera\imageUpload.ts
FN:7,compressAndUploadTo
FN:31,compressAndUpload
FN:39,uploadProfilePicture
FN:45,resolveFileUrl
FNF:4
FNH:3
FNDA:2,compressAndUploadTo
FNDA:2,compressAndUpload
FNDA:0,uploadProfilePicture
FNDA:5,resolveFileUrl
DA:5,3
DA:9,2
DA:15,2
DA:16,2
DA:24,2
DA:25,1
DA:28,1
DA:32,2
DA:35,1
DA:40,0
DA:41,0
DA:46,5
LF:12
LH:10
BRDA:5,0,0,3
BRDA:5,0,1,3
BRDA:21,1,0,0
BRDA:21,1,1,2
BRDA:24,2,0,1
BRDA:24,2,1,1
BRDA:24,3,0,2
BRDA:24,3,1,2
BRF:8
BRH:7
end_of_record
TN:
SF:src\camera\useCamera.ts
FN:11,useCamera
FN:15,upload
FNF:2
FNH:0
FNDA:0,useCamera
FNDA:0,upload
DA:12,0
DA:13,0
DA:16,0
DA:17,0
DA:18,0
DA:19,0
DA:20,0
DA:22,0
DA:23,0
DA:24,0
DA:26,0
DA:30,0
LF:12
LH:0
BRF:0
BRH:0
end_of_record
TN:
SF:src\camera\useImagePicker.ts
FN:8,useImagePicker
FN:9,pickFromGallery
FN:23,pickFromCamera
FNF:3
FNH:0
FNDA:0,useImagePicker
FNDA:0,pickFromGallery
FNDA:0,pickFromCamera
DA:10,0
DA:11,0
DA:13,0
DA:20,0
DA:24,0
DA:25,0
DA:27,0
DA:33,0
DA:36,0
LF:9
LH:0
BRDA:11,0,0,0
BRDA:11,0,1,0
BRDA:20,1,0,0
BRDA:20,1,1,0
BRDA:20,2,0,0
BRDA:20,2,1,0
BRDA:25,3,0,0
BRDA:25,3,1,0
BRDA:33,4,0,0
BRDA:33,4,1,0
BRDA:33,5,0,0
BRDA:33,5,1,0
BRF:12
BRH:0
end_of_record
TN:
SF:src\features\amenities\AmenityBookingScreen.tsx
FN:27,AmenityBookingScreen
FN:30,(anonymous_1)
FN:38,handleBook
FN:55,(anonymous_3)
FN:95,(anonymous_4)
FNF:5
FNH:0
FNDA:0,AmenityBookingScreen
FNDA:0,(anonymous_1)
FNDA:0,handleBook
FNDA:0,(anonymous_3)
FNDA:0,(anonymous_4)
DA:28,0
DA:29,0
DA:30,0
DA:31,0
DA:33,0
DA:35,0
DA:36,0
DA:39,0
DA:40,0
DA:41,0
DA:43,0
DA:44,0
DA:45,0
DA:47,0
DA:48,0
DA:54,0
DA:55,0
DA:58,0
DA:62,0
DA:95,0
DA:105,0
LF:21
LH:0
BRDA:30,0,0,0
BRDA:30,0,1,0
BRDA:39,1,0,0
BRDA:39,1,1,0
BRDA:39,2,0,0
BRDA:39,2,1,0
BRDA:43,3,0,0
BRDA:43,3,1,0
BRF:8
BRH:0
end_of_record
TN:
SF:src\features\amenities\AmenityListScreen.tsx
FN:27,AmenityListScreen
FN:32,renderItem
FN:55,(anonymous_2)
FN:70,(anonymous_3)
FN:76,(anonymous_4)
FN:85,(anonymous_5)
FNF:6
FNH:0
FNDA:0,AmenityListScreen
FNDA:0,renderItem
FNDA:0,(anonymous_2)
FNDA:0,(anonymous_3)
FNDA:0,(anonymous_4)
FNDA:0,(anonymous_5)
DA:28,0
DA:29,0
DA:30,0
DA:33,0
DA:55,0
DA:65,0
DA:70,0
DA:76,0
DA:85,0
DA:91,0
LF:10
LH:0
BRDA:37,0,0,0
BRDA:37,0,1,0
BRDA:52,1,0,0
BRDA:52,1,1,0
BRDA:69,2,0,0
BRDA:69,2,1,0
BRDA:72,3,0,0
BRDA:72,3,1,0
BRDA:72,4,0,0
BRDA:72,4,1,0
BRDA:81,5,0,0
BRDA:81,5,1,0
BRF:12
BRH:0
end_of_record
TN:
SF:src\features\amenities\hooks\useAmenities.ts
FN:4,useAmenities
FN:7,(anonymous_1)
FN:12,useAmenityAvailability
FN:15,(anonymous_3)
FN:20,useCreateBooking
FN:23,(anonymous_5)
FN:25,(anonymous_6)
FNF:7
FNH:0
FNDA:0,useAmenities
FNDA:0,(anonymous_1)
FNDA:0,useAmenityAvailability
FNDA:0,(anonymous_3)
FNDA:0,useCreateBooking
FNDA:0,(anonymous_5)
FNDA:0,(anonymous_6)
DA:5,0
DA:7,0
DA:13,0
DA:15,0
DA:21,0
DA:22,0
DA:24,0
DA:26,0
LF:8
LH:0
BRDA:16,0,0,0
BRDA:16,0,1,0
BRDA:16,0,2,0
BRF:3
BRH:0
end_of_record
TN:
SF:src\features\apartments\ApartmentListScreen.tsx
FN:23,ApartmentListScreen
FN:32,(anonymous_1)
FN:34,(anonymous_2)
FN:41,renderItem
FN:70,(anonymous_4)
FN:76,(anonymous_5)
FN:80,(anonymous_6)
FN:89,(anonymous_7)
FNF:8
FNH:0
FNDA:0,ApartmentListScreen
FNDA:0,(anonymous_1)
FNDA:0,(anonymous_2)
FNDA:0,renderItem
FNDA:0,(anonymous_4)
FNDA:0,(anonymous_5)
FNDA:0,(anonymous_6)
FNDA:0,(anonymous_7)
DA:24,0
DA:25,0
DA:26,0
DA:29,0
DA:31,0
DA:33,0
DA:35,0
DA:42,0
DA:43,0
DA:56,0
DA:70,0
DA:76,0
DA:81,0
DA:89,0
DA:95,0
LF:15
LH:0
BRDA:29,0,0,0
BRDA:29,0,1,0
BRDA:35,1,0,0
BRDA:35,1,1,0
BRDA:48,2,0,0
BRDA:48,2,1,0
BRDA:72,3,0,0
BRDA:72,3,1,0
BRDA:81,4,0,0
BRDA:81,4,1,0
BRDA:85,5,0,0
BRDA:85,5,1,0
BRF:12
BRH:0
end_of_record
TN:
SF:src\features\apartments\hooks\useApartments.ts
FN:6,useApartmentList
FN:12,(anonymous_1)
FN:18,useApartment
FN:21,(anonymous_3)
FNF:4
FNH:0
FNDA:0,useApartmentList
FNDA:0,(anonymous_1)
FNDA:0,useApartment
FNDA:0,(anonymous_3)
DA:10,0
DA:13,0
DA:19,0
DA:21,0
LF:4
LH:0
BRDA:22,0,0,0
BRDA:22,0,1,0
BRF:2
BRH:0
end_of_record
TN:
SF:src\features\complaints\ComplaintCreateScreen.tsx
FN:39,ComplaintCreateScreen
FN:48,handleSubmit
FN:90,(anonymous_2)
FN:94,(anonymous_3)
FN:117,(anonymous_4)
FNF:5
FNH:0
FNDA:0,ComplaintCreateScreen
FNDA:0,handleSubmit
FNDA:0,(anonymous_2)
FNDA:0,(anonymous_3)
FNDA:0,(anonymous_4)
DA:22,0
DA:32,0
DA:40,0
DA:41,0
DA:43,0
DA:44,0
DA:45,0
DA:46,0
DA:49,0
DA:50,0
DA:51,0
DA:53,0
DA:54,0
DA:55,0
DA:56,0
DA:57,0
DA:58,0
DA:59,0
DA:61,0
DA:65,0
DA:91,0
DA:94,0
DA:117,0
DA:127,0
LF:24
LH:0
BRDA:49,0,0,0
BRDA:49,0,1,0
BRDA:49,1,0,0
BRDA:49,1,1,0
BRDA:49,1,2,0
BRDA:93,2,0,0
BRDA:93,2,1,0
BRDA:96,3,0,0
BRDA:96,3,1,0
BRF:9
BRH:0
end_of_record
TN:
SF:src\features\complaints\ComplaintDetailScreen.tsx
FN:35,ComplaintDetailScreen
FN:37,(anonymous_1)
FN:47,handleResolve
FN:55,(anonymous_3)
FN:103,(anonymous_4)
FN:108,(anonymous_5)
FNF:6
FNH:0
FNDA:0,ComplaintDetailScreen
FNDA:0,(anonymous_1)
FNDA:0,handleResolve
FNDA:0,(anonymous_3)
FNDA:0,(anonymous_4)
FNDA:0,(anonymous_5)
DA:28,0
DA:36,0
DA:37,0
DA:38,0
DA:40,0
DA:41,0
DA:42,0
DA:44,0
DA:45,0
DA:48,0
DA:56,0
DA:57,0
DA:58,0
DA:60,0
DA:68,0
DA:103,0
DA:108,0
DA:121,0
LF:18
LH:0
BRDA:37,0,0,0
BRDA:37,0,1,0
BRDA:38,1,0,0
BRDA:38,1,1,0
BRDA:57,2,0,0
BRDA:57,2,1,0
BRDA:71,3,0,0
BRDA:71,3,1,0
BRDA:72,4,0,0
BRDA:72,4,1,0
BRDA:93,5,0,0
BRDA:93,5,1,0
BRDA:97,6,0,0
BRDA:97,6,1,0
BRF:14
BRH:0
end_of_record
TN:
SF:src\features\complaints\ComplaintListScreen.tsx
FN:30,ComplaintListScreen
FN:36,(anonymous_1)
FN:40,(anonymous_2)
FN:60,(anonymous_3)
FN:66,(anonymous_4)
FN:70,(anonymous_5)
FN:79,(anonymous_6)
FN:84,(anonymous_7)
FNF:8
FNH:0
FNDA:0,ComplaintListScreen
FNDA:0,(anonymous_1)
FNDA:0,(anonymous_2)
FNDA:0,(anonymous_3)
FNDA:0,(anonymous_4)
FNDA:0,(anonymous_5)
FNDA:0,(anonymous_6)
FNDA:0,(anonymous_7)
DA:31,0
DA:32,0
DA:34,0
DA:36,0
DA:37,0
DA:40,0
DA:55,0
DA:60,0
DA:66,0
DA:71,0
DA:79,0
DA:84,0
DA:92,0
LF:13
LH:0
BRDA:62,0,0,0
BRDA:62,0,1,0
BRDA:71,1,0,0
BRDA:71,1,1,0
BRDA:75,2,0,0
BRDA:75,2,1,0
BRF:6
BRH:0
end_of_record
TN:
SF:src\features\complaints\hooks\useComplaints.ts
FN:6,useComplaintList
FN:12,(anonymous_1)
FN:18,useComplaint
FN:21,(anonymous_3)
FN:26,useCreateComplaint
FN:29,(anonymous_5)
FN:31,(anonymous_6)
FN:37,useResolveComplaint
FN:40,(anonymous_8)
FN:42,(anonymous_9)
FNF:10
FNH:0
FNDA:0,useComplaintList
FNDA:0,(anonymous_1)
FNDA:0,useComplaint
FNDA:0,(anonymous_3)
FNDA:0,useCreateComplaint
FNDA:0,(anonymous_5)
FNDA:0,(anonymous_6)
FNDA:0,useResolveComplaint
FNDA:0,(anonymous_8)
FNDA:0,(anonymous_9)
DA:10,0
DA:13,0
DA:19,0
DA:21,0
DA:27,0
DA:28,0
DA:30,0
DA:32,0
DA:38,0
DA:39,0
DA:41,0
DA:43,0
LF:12
LH:0
BRDA:22,0,0,0
BRDA:22,0,1,0
BRF:2
BRH:0
end_of_record
TN:
SF:src\features\dashboard\DashboardScreen.tsx
FN:32,SummaryCard
FN:92,QuickActionGrid
FN:98,(anonymous_2)
FN:102,(anonymous_3)
FN:116,ApartmentInvitationCard
FN:124,(anonymous_5)
FN:132,respond
FN:148,(anonymous_7)
FN:155,(anonymous_8)
FN:164,DashboardScreen
FN:165,(anonymous_10)
FN:180,(anonymous_11)
FN:243,getGreeting
FNF:13
FNH:0
FNDA:0,SummaryCard
FNDA:0,QuickActionGrid
FNDA:0,(anonymous_2)
FNDA:0,(anonymous_3)
FNDA:0,ApartmentInvitationCard
FNDA:0,(anonymous_5)
FNDA:0,respond
FNDA:0,(anonymous_7)
FNDA:0,(anonymous_8)
FNDA:0,DashboardScreen
FNDA:0,(anonymous_10)
FNDA:0,(anonymous_11)
FNDA:0,getGreeting
DA:33,0
DA:47,0
DA:93,0
DA:94,0
DA:96,0
DA:99,0
DA:102,0
DA:121,0
DA:122,0
DA:124,0
DA:128,0
DA:133,0
DA:134,0
DA:136,0
DA:140,0
DA:148,0
DA:155,0
DA:165,0
DA:166,0
DA:167,0
DA:169,0
DA:170,0
DA:172,0
DA:180,0
DA:244,0
DA:245,0
DA:246,0
DA:247,0
DA:250,0
LF:29
LH:0
BRDA:94,0,0,0
BRDA:94,0,1,0
BRDA:125,1,0,0
BRDA:125,1,1,0
BRDA:128,2,0,0
BRDA:128,2,1,0
BRDA:129,3,0,0
BRDA:129,3,1,0
BRDA:167,4,0,0
BRDA:167,4,1,0
BRDA:167,5,0,0
BRDA:167,5,1,0
BRDA:170,6,0,0
BRDA:170,6,1,0
BRDA:187,7,0,0
BRDA:187,7,1,0
BRDA:190,8,0,0
BRDA:190,8,1,0
BRDA:192,9,0,0
BRDA:192,9,1,0
BRDA:192,9,2,0
BRDA:204,10,0,0
BRDA:204,10,1,0
BRDA:209,11,0,0
BRDA:209,11,1,0
BRDA:214,12,0,0
BRDA:214,12,1,0
BRDA:219,13,0,0
BRDA:219,13,1,0
BRDA:225,14,0,0
BRDA:225,14,1,0
BRDA:226,15,0,0
BRDA:226,15,1,0
BRDA:230,16,0,0
BRDA:230,16,1,0
BRDA:237,17,0,0
BRDA:237,17,1,0
BRDA:245,18,0,0
BRDA:245,18,1,0
BRDA:246,19,0,0
BRDA:246,19,1,0
BRF:41
BRH:0
end_of_record
TN:
SF:src\features\dashboard\useDashboard.ts
FN:18,useDashboard
FN:20,(anonymous_1)
FN:25,(anonymous_2)
FN:37,(anonymous_3)
FNF:4
FNH:3
FNDA:4,useDashboard
FNDA:12,(anonymous_1)
FNDA:2,(anonymous_2)
FNDA:0,(anonymous_3)
DA:19,4
DA:20,12
DA:21,4
DA:23,4
DA:26,2
DA:27,2
DA:35,2
DA:37,0
LF:8
LH:7
BRDA:21,0,0,4
BRDA:21,0,1,2
BRDA:26,1,0,2
BRDA:26,1,1,0
BRDA:33,2,0,1
BRDA:33,2,1,1
BRDA:39,3,0,2
BRDA:39,3,1,1
BRDA:40,4,0,2
BRDA:40,4,1,1
BRDA:41,5,0,2
BRDA:41,5,1,1
BRF:12
BRH:11
end_of_record
TN:
SF:src\features\financial-report\FinancialReportScreen.tsx
FN:26,FinancialReportScreen
FN:28,(anonymous_1)
FN:56,(anonymous_2)
FN:62,(anonymous_3)
FN:74,(anonymous_4)
FN:91,(anonymous_5)
FN:114,(anonymous_6)
FN:180,(anonymous_7)
FNF:8
FNH:0
FNDA:0,FinancialReportScreen
FNDA:0,(anonymous_1)
FNDA:0,(anonymous_2)
FNDA:0,(anonymous_3)
FNDA:0,(anonymous_4)
FNDA:0,(anonymous_5)
FNDA:0,(anonymous_6)
FNDA:0,(anonymous_7)
DA:22,0
DA:27,0
DA:28,0
DA:29,0
DA:30,0
DA:34,0
DA:36,0
DA:37,0
DA:42,0
DA:44,0
DA:48,0
DA:56,0
DA:62,0
DA:74,0
DA:92,0
DA:114,0
DA:181,0
DA:199,0
LF:18
LH:0
BRDA:30,0,0,0
BRDA:30,0,1,0
BRDA:30,0,2,0
BRDA:34,1,0,0
BRDA:34,1,1,0
BRDA:42,2,0,0
BRDA:42,2,1,0
BRDA:44,3,0,0
BRDA:44,3,1,0
BRDA:45,4,0,0
BRDA:45,4,1,0
BRDA:52,5,0,0
BRDA:52,5,1,0
BRDA:55,6,0,0
BRDA:55,6,1,0
BRDA:58,7,0,0
BRDA:58,7,1,0
BRDA:61,8,0,0
BRDA:61,8,1,0
BRDA:64,9,0,0
BRDA:64,9,1,0
BRDA:69,10,0,0
BRDA:69,10,1,0
BRDA:69,11,0,0
BRDA:69,11,1,0
BRDA:82,12,0,0
BRDA:82,12,1,0
BRDA:87,13,0,0
BRDA:87,13,1,0
BRDA:87,13,2,0
BRDA:98,14,0,0
BRDA:98,14,1,0
BRDA:101,15,0,0
BRDA:101,15,1,0
BRDA:119,16,0,0
BRDA:119,16,1,0
BRDA:123,17,0,0
BRDA:123,17,1,0
BRDA:123,17,2,0
BRDA:144,18,0,0
BRDA:144,18,1,0
BRDA:168,19,0,0
BRDA:168,19,1,0
BRDA:177,20,0,0
BRDA:177,20,1,0
BRF:45
BRH:0
end_of_record
TN:
SF:src\features\financial-report\hooks\useFinancialReport.ts
FN:4,useFinancialSocietySummary
FN:7,(anonymous_1)
FN:12,useFinancialDashboard
FN:15,(anonymous_3)
FN:20,usePersonalStatement
FN:23,(anonymous_5)
FN:28,useSocietyLedger
FN:31,(anonymous_7)
FNF:8
FNH:6
FNDA:3,useFinancialSocietySummary
FNDA:1,(anonymous_1)
FNDA:2,useFinancialDashboard
FNDA:1,(anonymous_3)
FNDA:0,usePersonalStatement
FNDA:0,(anonymous_5)
FNDA:3,useSocietyLedger
FNDA:1,(anonymous_7)
DA:5,3
DA:7,1
DA:13,2
DA:15,1
DA:21,0
DA:23,0
DA:29,3
DA:31,1
LF:8
LH:6
BRDA:4,0,0,2
BRDA:8,1,0,3
BRDA:8,1,1,3
BRDA:24,2,0,0
BRDA:24,2,1,0
BRDA:32,3,0,3
BRDA:32,3,1,3
BRF:7
BRH:5
end_of_record
TN:
SF:src\features\hq\HqSocietyEditScreen.tsx
FN:21,HqSocietyEditScreen
FN:39,(anonymous_1)
FN:54,handleSave
FN:98,(anonymous_3)
FN:145,(anonymous_4)
FN:154,(anonymous_5)
FN:165,(anonymous_6)
FNF:7
FNH:6
FNDA:24,HqSocietyEditScreen
FNDA:8,(anonymous_1)
FNDA:4,handleSave
FNDA:0,(anonymous_3)
FNDA:144,(anonymous_4)
FNDA:1,(anonymous_5)
FNDA:4,(anonymous_6)
DA:15,1
DA:22,24
DA:23,24
DA:24,24
DA:25,24
DA:27,24
DA:28,24
DA:29,24
DA:30,24
DA:31,24
DA:32,24
DA:33,24
DA:34,24
DA:35,24
DA:36,24
DA:37,24
DA:39,24
DA:40,8
DA:41,7
DA:42,7
DA:43,7
DA:44,7
DA:45,7
DA:46,7
DA:47,7
DA:48,7
DA:49,7
DA:50,7
DA:51,7
DA:55,4
DA:56,4
DA:57,1
DA:58,1
DA:60,3
DA:61,1
DA:62,1
DA:64,2
DA:65,2
DA:66,2
DA:67,0
DA:68,0
DA:70,2
DA:71,0
DA:72,0
DA:75,2
DA:76,2
DA:98,2
DA:100,0
DA:104,24
DA:146,144
DA:147,144
DA:154,1
DA:165,4
DA:173,1
LF:54
LH:49
BRDA:40,0,0,1
BRDA:40,0,1,7
BRDA:51,1,0,7
BRDA:51,1,1,7
BRDA:55,2,0,0
BRDA:55,2,1,4
BRDA:56,3,0,1
BRDA:56,3,1,3
BRDA:56,4,0,4
BRDA:56,4,1,3
BRDA:56,4,2,3
BRDA:56,4,3,3
BRDA:56,4,4,3
BRDA:56,4,5,3
BRDA:60,5,0,1
BRDA:60,5,1,2
BRDA:60,6,0,3
BRDA:60,6,1,2
BRDA:66,7,0,0
BRDA:66,7,1,2
BRDA:66,8,0,2
BRDA:66,8,1,2
BRDA:70,9,0,0
BRDA:70,9,1,2
BRDA:70,10,0,2
BRDA:70,10,1,2
BRDA:70,10,2,2
BRDA:107,11,0,24
BRDA:107,11,1,23
BRDA:156,12,0,144
BRDA:156,12,1,24
BRDA:157,13,0,144
BRDA:157,13,1,24
BRF:33
BRH:30
end_of_record
TN:
SF:src\features\hq\HqSocietyFormScreen.tsx
FN:13,HqSocietyFormScreen
FN:31,handleCreate
FN:61,(anonymous_2)
FN:106,(anonymous_3)
FNF:4
FNH:3
FNDA:20,HqSocietyFormScreen
FNDA:3,handleCreate
FNDA:0,(anonymous_2)
FNDA:3,(anonymous_3)
DA:14,20
DA:15,20
DA:17,20
DA:18,20
DA:19,20
DA:20,20
DA:21,20
DA:22,20
DA:23,20
DA:24,20
DA:25,20
DA:26,20
DA:27,20
DA:28,20
DA:29,20
DA:32,3
DA:33,1
DA:34,1
DA:36,2
DA:37,1
DA:38,1
DA:40,1
DA:41,0
DA:42,0
DA:45,1
DA:46,1
DA:61,1
DA:63,0
DA:67,20
DA:106,3
DA:114,1
LF:31
LH:28
BRDA:32,0,0,1
BRDA:32,0,1,2
BRDA:32,1,0,3
BRDA:32,1,1,2
BRDA:32,1,2,2
BRDA:32,1,3,2
BRDA:32,1,4,2
BRDA:32,1,5,2
BRDA:36,2,0,1
BRDA:36,2,1,1
BRDA:36,3,0,2
BRDA:36,3,1,1
BRDA:40,4,0,0
BRDA:40,4,1,1
BRDA:40,5,0,1
BRDA:40,5,1,1
BRDA:40,5,2,1
BRDA:55,6,0,1
BRDA:55,6,1,0
BRDA:56,7,0,1
BRDA:56,7,1,0
BRF:21
BRH:18
end_of_record
TN:
SF:src\features\hq\HqSocietyListScreen.tsx
FN:17,HqSocietyListScreen
FN:19,(anonymous_1)
FN:26,handleActivate
FN:28,(anonymous_3)
FN:32,handleDeactivate
FN:34,(anonymous_5)
FN:44,(anonymous_6)
FN:47,(anonymous_7)
FN:49,(anonymous_8)
FN:61,(anonymous_9)
FN:68,(anonymous_10)
FN:75,(anonymous_11)
FN:79,(anonymous_12)
FN:92,(anonymous_13)
FNF:14
FNH:8
FNDA:8,HqSocietyListScreen
FNDA:24,(anonymous_1)
FNDA:1,handleActivate
FNDA:0,(anonymous_3)
FNDA:1,handleDeactivate
FNDA:0,(anonymous_5)
FNDA:17,(anonymous_6)
FNDA:0,(anonymous_7)
FNDA:9,(anonymous_8)
FNDA:0,(anonymous_9)
FNDA:0,(anonymous_10)
FNDA:1,(anonymous_11)
FNDA:1,(anonymous_12)
FNDA:0,(anonymous_13)
DA:18,8
DA:19,24
DA:20,8
DA:22,8
DA:23,8
DA:24,8
DA:27,1
DA:28,0
DA:33,1
DA:34,0
DA:38,8
DA:44,17
DA:47,0
DA:50,9
DA:61,0
DA:68,0
DA:75,1
DA:79,1
DA:92,0
DA:101,1
LF:20
LH:14
BRDA:19,0,0,24
BRDA:19,0,1,0
BRDA:43,1,0,8
BRDA:43,1,1,0
BRDA:48,2,0,8
BRDA:48,2,1,0
BRDA:56,3,0,9
BRDA:56,3,1,0
BRDA:65,4,0,9
BRDA:65,4,1,6
BRDA:73,5,0,9
BRDA:73,5,1,6
BRDA:74,6,0,4
BRDA:74,6,1,2
BRDA:88,7,0,8
BRDA:88,7,1,5
BRF:16
BRH:12
end_of_record
TN:
SF:src\features\hq\HqSocietyReportScreen.tsx
FN:16,Stat
FN:25,HqSocietyReportScreen
FNF:2
FNH:0
FNDA:0,Stat
FNDA:0,HqSocietyReportScreen
DA:17,0
DA:26,0
DA:27,0
DA:29,0
DA:60,0
LF:5
LH:0
BRDA:34,0,0,0
BRDA:34,0,1,0
BRF:2
BRH:0
end_of_record
TN:
SF:src\features\hq\HqUserListScreen.tsx
FN:15,HqUserListScreen
FN:16,(anonymous_1)
FN:29,handleCreate
FN:35,(anonymous_3)
FN:41,(anonymous_4)
FN:45,handleActivate
FN:46,(anonymous_6)
FN:49,handleDeactivate
FN:50,(anonymous_8)
FN:59,(anonymous_9)
FN:62,(anonymous_10)
FN:73,(anonymous_11)
FN:79,(anonymous_12)
FN:91,(anonymous_13)
FN:106,(anonymous_14)
FN:110,(anonymous_15)
FNF:16
FNH:7
FNDA:8,HqUserListScreen
FNDA:24,(anonymous_1)
FNDA:2,handleCreate
FNDA:0,(anonymous_3)
FNDA:0,(anonymous_4)
FNDA:1,handleActivate
FNDA:0,(anonymous_6)
FNDA:0,handleDeactivate
FNDA:0,(anonymous_8)
FNDA:4,(anonymous_9)
FNDA:0,(anonymous_10)
FNDA:0,(anonymous_11)
FNDA:0,(anonymous_12)
FNDA:2,(anonymous_13)
FNDA:0,(anonymous_14)
FNDA:1,(anonymous_15)
DA:16,24
DA:17,8
DA:19,8
DA:20,8
DA:21,8
DA:22,8
DA:24,8
DA:25,8
DA:26,8
DA:27,8
DA:30,2
DA:31,1
DA:32,1
DA:34,1
DA:36,0
DA:37,0
DA:38,0
DA:39,0
DA:41,0
DA:46,1
DA:50,0
DA:53,8
DA:59,4
DA:62,0
DA:73,0
DA:79,0
DA:92,2
DA:106,0
DA:110,1
DA:122,1
LF:30
LH:20
BRDA:16,0,0,24
BRDA:16,0,1,0
BRDA:30,1,0,1
BRDA:30,1,1,1
BRDA:30,2,0,2
BRDA:30,2,1,1
BRDA:30,2,2,1
BRDA:58,3,0,8
BRDA:58,3,1,0
BRDA:64,4,0,7
BRDA:64,4,1,1
BRDA:72,5,0,7
BRDA:72,5,1,7
BRDA:75,6,0,7
BRDA:75,6,1,0
BRDA:78,7,0,7
BRDA:78,7,1,0
BRDA:81,8,0,0
BRDA:81,8,1,7
BRDA:90,9,0,8
BRDA:90,9,1,0
BRDA:98,10,0,1
BRDA:98,10,1,1
BRDA:99,11,0,1
BRDA:99,11,1,1
BRDA:100,12,0,1
BRDA:100,12,1,1
BRDA:104,13,0,2
BRDA:104,13,1,2
BRDA:105,14,0,1
BRDA:105,14,1,1
BRF:31
BRH:25
end_of_record
TN:
SF:src\features\hq\hooks\useHq.ts
FN:5,useHqSocieties
FN:8,(anonymous_1)
FN:12,useHqSociety
FN:15,(anonymous_3)
FN:20,useCreateSociety
FN:23,(anonymous_5)
FN:24,(anonymous_6)
FN:28,useUpdateSociety
FN:31,(anonymous_8)
FN:33,(anonymous_9)
FN:40,useHqSocietyReport
FN:43,(anonymous_11)
FN:48,useActivateSociety
FN:51,(anonymous_13)
FN:52,(anonymous_14)
FN:56,useDeactivateSociety
FN:59,(anonymous_16)
FN:60,(anonymous_17)
FN:64,useHqUsers
FN:67,(anonymous_19)
FN:71,invalidateHqUsers
FN:75,useCreateHqUser
FN:78,(anonymous_22)
FN:79,(anonymous_23)
FN:83,useActivateHqUser
FN:86,(anonymous_25)
FN:87,(anonymous_26)
FN:91,useDeactivateHqUser
FN:94,(anonymous_28)
FN:95,(anonymous_29)
FNF:30
FNH:30
FNDA:2,useHqSocieties
FNDA:1,(anonymous_1)
FNDA:2,useHqSociety
FNDA:1,(anonymous_3)
FNDA:2,useCreateSociety
FNDA:1,(anonymous_5)
FNDA:1,(anonymous_6)
FNDA:2,useUpdateSociety
FNDA:1,(anonymous_8)
FNDA:1,(anonymous_9)
FNDA:2,useHqSocietyReport
FNDA:1,(anonymous_11)
FNDA:2,useActivateSociety
FNDA:1,(anonymous_13)
FNDA:1,(anonymous_14)
FNDA:2,useDeactivateSociety
FNDA:1,(anonymous_16)
FNDA:1,(anonymous_17)
FNDA:2,useHqUsers
FNDA:1,(anonymous_19)
FNDA:3,invalidateHqUsers
FNDA:2,useCreateHqUser
FNDA:1,(anonymous_22)
FNDA:1,(anonymous_23)
FNDA:2,useActivateHqUser
FNDA:1,(anonymous_25)
FNDA:1,(anonymous_26)
FNDA:2,useDeactivateHqUser
FNDA:1,(anonymous_28)
FNDA:1,(anonymous_29)
DA:6,2
DA:8,1
DA:13,2
DA:15,1
DA:21,2
DA:22,2
DA:23,1
DA:24,1
DA:29,2
DA:30,2
DA:32,1
DA:34,1
DA:35,1
DA:41,2
DA:43,1
DA:49,2
DA:50,2
DA:51,1
DA:52,1
DA:57,2
DA:58,2
DA:59,1
DA:60,1
DA:65,2
DA:67,1
DA:72,3
DA:76,2
DA:77,2
DA:78,1
DA:79,1
DA:84,2
DA:85,2
DA:86,1
DA:87,1
DA:92,2
DA:93,2
DA:94,1
DA:95,1
LF:38
LH:38
BRF:0
BRH:0
end_of_record
TN:
SF:src\features\maintenance\MaintenanceScreen.tsx
FN:38,ProofThumb
FN:45,handleView
FN:60,(anonymous_2)
FN:77,isSelectableCharge
FN:81,MaintenanceScreen
FN:97,toggleChargeSelection
FN:98,(anonymous_6)
FN:99,(anonymous_7)
FN:103,handlePickFile
FN:118,handleSubmitProof
FN:124,(anonymous_10)
FN:130,(anonymous_11)
FN:135,(anonymous_12)
FN:156,(anonymous_13)
FN:168,(anonymous_14)
FN:185,(anonymous_15)
FN:189,(anonymous_16)
FN:211,(anonymous_17)
FN:214,(anonymous_18)
FN:250,(anonymous_19)
FN:256,(anonymous_20)
FN:260,(anonymous_21)
FN:269,(anonymous_22)
FNF:23
FNH:16
FNDA:10,ProofThumb
FNDA:2,handleView
FNDA:2,(anonymous_2)
FNDA:31,isSelectableCharge
FNDA:16,MaintenanceScreen
FNDA:1,toggleChargeSelection
FNDA:1,(anonymous_6)
FNDA:0,(anonymous_7)
FNDA:4,handlePickFile
FNDA:1,handleSubmitProof
FNDA:0,(anonymous_10)
FNDA:0,(anonymous_11)
FNDA:15,(anonymous_12)
FNDA:1,(anonymous_13)
FNDA:3,(anonymous_14)
FNDA:64,(anonymous_15)
FNDA:0,(anonymous_16)
FNDA:3,(anonymous_17)
FNDA:1,(anonymous_18)
FNDA:26,(anonymous_19)
FNDA:0,(anonymous_20)
FNDA:0,(anonymous_21)
FNDA:0,(anonymous_22)
DA:39,10
DA:41,10
DA:42,3
DA:46,2
DA:47,2
DA:48,2
DA:49,2
DA:51,1
DA:53,2
DA:57,7
DA:60,2
DA:73,1
DA:74,1
DA:78,31
DA:82,16
DA:83,16
DA:84,16
DA:85,16
DA:86,16
DA:87,16
DA:90,16
DA:92,16
DA:93,16
DA:95,16
DA:98,1
DA:99,1
DA:104,4
DA:105,4
DA:107,4
DA:108,4
DA:109,4
DA:110,3
DA:112,1
DA:114,4
DA:119,1
DA:121,1
DA:125,0
DA:126,0
DA:127,0
DA:128,0
DA:130,0
DA:135,16
DA:136,15
DA:137,15
DA:138,15
DA:156,1
DA:169,3
DA:181,16
DA:186,64
DA:189,0
DA:211,3
DA:214,1
DA:250,26
DA:256,0
DA:261,0
DA:269,0
DA:275,1
LF:57
LH:48
BRDA:41,0,0,3
BRDA:41,0,1,7
BRDA:46,1,0,0
BRDA:46,1,1,2
BRDA:49,2,0,2
BRDA:49,2,1,2
BRDA:49,3,0,2
BRDA:49,3,1,0
BRDA:64,4,0,2
BRDA:64,4,1,5
BRDA:78,5,0,31
BRDA:78,5,1,4
BRDA:90,6,0,0
BRDA:90,6,1,16
BRDA:99,7,0,0
BRDA:99,7,1,1
BRDA:105,8,0,0
BRDA:105,8,1,4
BRDA:119,9,0,0
BRDA:119,9,1,1
BRDA:119,10,0,1
BRDA:119,10,1,1
BRDA:122,11,0,1
BRDA:122,11,1,1
BRDA:145,12,0,15
BRDA:145,12,1,0
BRDA:149,13,0,15
BRDA:149,13,1,0
BRDA:153,14,0,15
BRDA:153,14,1,13
BRDA:157,15,0,2
BRDA:157,15,1,11
BRDA:159,16,0,13
BRDA:159,16,1,2
BRDA:160,17,0,13
BRDA:160,17,1,2
BRDA:165,18,0,15
BRDA:165,18,1,3
BRDA:188,19,0,64
BRDA:188,19,1,16
BRDA:194,20,0,64
BRDA:194,20,1,16
BRDA:203,21,0,16
BRDA:203,21,1,14
BRDA:212,22,0,0
BRDA:212,22,1,14
BRDA:215,23,0,0
BRDA:215,23,1,14
BRDA:220,24,0,14
BRDA:220,24,1,3
BRDA:237,25,0,14
BRDA:237,25,1,2
BRDA:237,25,2,1
BRDA:237,25,3,13
BRDA:239,26,0,14
BRDA:239,26,1,2
BRDA:239,26,2,1
BRDA:242,27,0,2
BRDA:242,27,1,12
BRDA:252,28,0,0
BRDA:252,28,1,16
BRDA:261,29,0,0
BRDA:261,29,1,0
BRDA:265,30,0,16
BRDA:265,30,1,0
BRF:65
BRH:51
end_of_record
TN:
SF:src\features\maintenance\hooks\useMaintenance.ts
FN:6,useMaintenanceList
FN:12,(anonymous_1)
FN:18,useSubmitPaymentProof
FN:21,(anonymous_3)
FN:23,(anonymous_4)
FNF:5
FNH:0
FNDA:0,useMaintenanceList
FNDA:0,(anonymous_1)
FNDA:0,useSubmitPaymentProof
FNDA:0,(anonymous_3)
FNDA:0,(anonymous_4)
DA:10,0
DA:13,0
DA:19,0
DA:20,0
DA:22,0
DA:24,0
LF:6
LH:0
BRF:0
BRH:0
end_of_record
TN:
SF:src\features\notices\NoticeCreateScreen.tsx
FN:37,NoticeCreateScreen
FN:54,(anonymous_1)
FN:63,handleSubmit
FN:76,(anonymous_3)
FN:88,(anonymous_4)
FN:116,(anonymous_5)
FN:158,(anonymous_6)
FNF:7
FNH:4
FNDA:8,NoticeCreateScreen
FNDA:3,(anonymous_1)
FNDA:2,handleSubmit
FNDA:0,(anonymous_3)
FNDA:0,(anonymous_4)
FNDA:0,(anonymous_5)
FNDA:2,(anonymous_6)
DA:24,1
DA:38,8
DA:39,8
DA:40,8
DA:41,8
DA:43,8
DA:44,8
DA:45,8
DA:46,8
DA:48,8
DA:49,8
DA:50,8
DA:51,8
DA:52,8
DA:54,8
DA:55,3
DA:56,2
DA:57,2
DA:58,2
DA:59,2
DA:64,2
DA:65,0
DA:66,0
DA:68,2
DA:69,2
DA:70,1
DA:75,1
DA:76,0
DA:78,1
DA:80,1
DA:87,1
DA:88,0
DA:91,0
DA:95,8
DA:116,0
DA:158,2
DA:168,1
LF:37
LH:31
BRDA:44,0,0,8
BRDA:44,0,1,3
BRDA:45,1,0,8
BRDA:45,1,1,3
BRDA:46,2,0,8
BRDA:46,2,1,8
BRDA:46,2,2,8
BRDA:46,2,3,5
BRDA:55,3,0,2
BRDA:55,3,1,1
BRDA:59,4,0,2
BRDA:59,4,1,2
BRDA:64,5,0,0
BRDA:64,5,1,2
BRDA:64,6,0,2
BRDA:64,6,1,2
BRDA:69,7,0,1
BRDA:69,7,1,1
BRDA:73,8,0,1
BRDA:73,8,1,1
BRDA:84,9,0,1
BRDA:84,9,1,1
BRDA:85,10,0,1
BRDA:85,10,1,1
BRDA:97,11,0,5
BRDA:97,11,1,3
BRDA:110,12,0,8
BRDA:110,12,1,3
BRDA:134,13,0,8
BRDA:134,13,1,3
BRDA:161,14,0,5
BRDA:161,14,1,3
BRF:32
BRH:31
end_of_record
TN:
SF:src\features\notices\NoticeDetailScreen.tsx
FN:21,NoticeDetailScreen
FN:24,(anonymous_1)
FN:35,(anonymous_2)
FN:53,(anonymous_3)
FN:59,(anonymous_4)
FN:59,(anonymous_5)
FN:82,(anonymous_6)
FN:91,(anonymous_7)
FN:100,(anonymous_8)
FNF:9
FNH:7
FNDA:7,NoticeDetailScreen
FNDA:21,(anonymous_1)
FNDA:6,(anonymous_2)
FNDA:0,(anonymous_3)
FNDA:1,(anonymous_4)
FNDA:1,(anonymous_5)
FNDA:1,(anonymous_6)
FNDA:1,(anonymous_7)
FNDA:0,(anonymous_8)
DA:22,7
DA:23,7
DA:24,21
DA:25,7
DA:26,7
DA:27,7
DA:28,7
DA:29,7
DA:30,7
DA:32,7
DA:33,7
DA:35,7
DA:36,6
DA:37,0
DA:41,7
DA:53,0
DA:59,1
DA:83,1
DA:92,1
DA:100,0
DA:112,1
LF:21
LH:18
BRDA:25,0,0,7
BRDA:25,0,1,4
BRDA:36,1,0,0
BRDA:36,1,1,6
BRDA:36,2,0,6
BRDA:36,2,1,6
BRDA:45,3,0,7
BRDA:45,3,1,7
BRDA:49,4,0,7
BRDA:49,4,1,3
BRDA:72,5,0,7
BRDA:72,5,1,1
BRDA:75,6,0,1
BRDA:75,6,1,0
BRDA:76,7,0,1
BRDA:76,7,1,1
BRDA:79,8,0,1
BRDA:79,8,1,0
BRDA:88,9,0,1
BRDA:88,9,1,0
BRDA:99,10,0,7
BRDA:99,10,1,1
BRF:22
BRH:18
end_of_record
TN:
SF:src\features\notices\NoticeListScreen.tsx
FN:30,NoticeListScreen
FN:33,(anonymous_1)
FN:40,(anonymous_2)
FN:45,(anonymous_3)
FN:49,(anonymous_4)
FN:65,(anonymous_5)
FN:87,(anonymous_6)
FN:93,(anonymous_7)
FN:97,(anonymous_8)
FN:106,(anonymous_9)
FN:112,(anonymous_10)
FNF:11
FNH:6
FNDA:3,NoticeListScreen
FNDA:9,(anonymous_1)
FNDA:1,(anonymous_2)
FNDA:3,(anonymous_3)
FNDA:0,(anonymous_4)
FNDA:1,(anonymous_5)
FNDA:6,(anonymous_6)
FNDA:0,(anonymous_7)
FNDA:0,(anonymous_8)
FNDA:0,(anonymous_9)
FNDA:0,(anonymous_10)
DA:31,3
DA:32,3
DA:33,9
DA:34,3
DA:37,3
DA:38,3
DA:40,3
DA:41,1
DA:42,1
DA:45,3
DA:46,3
DA:50,0
DA:51,0
DA:65,1
DA:82,3
DA:87,6
DA:93,0
DA:98,0
DA:106,0
DA:112,0
DA:121,1
LF:21
LH:15
BRDA:33,0,0,9
BRDA:33,0,1,9
BRDA:34,1,0,3
BRDA:34,1,1,3
BRDA:48,2,0,3
BRDA:48,2,1,2
BRDA:50,3,0,0
BRDA:50,3,1,0
BRDA:54,4,0,3
BRDA:54,4,1,2
BRDA:58,5,0,1
BRDA:58,5,1,2
BRDA:89,6,0,0
BRDA:89,6,1,3
BRDA:98,7,0,0
BRDA:98,7,1,0
BRDA:102,8,0,3
BRDA:102,8,1,0
BRDA:108,9,0,3
BRDA:108,9,1,0
BRF:20
BRH:13
end_of_record
TN:
SF:src\features\notices\hooks\useNotices.ts
FN:6,useNoticeList
FN:12,(anonymous_1)
FN:18,useNotice
FN:21,(anonymous_3)
FN:26,useMarkNoticeRead
FN:29,(anonymous_5)
FN:30,(anonymous_6)
FN:36,useCreateNotice
FN:39,(anonymous_8)
FN:40,(anonymous_9)
FN:46,useUpdateNotice
FN:49,(anonymous_11)
FN:50,(anonymous_12)
FN:57,useNoticeReadReceipts
FN:60,(anonymous_14)
FNF:15
FNH:0
FNDA:0,useNoticeList
FNDA:0,(anonymous_1)
FNDA:0,useNotice
FNDA:0,(anonymous_3)
FNDA:0,useMarkNoticeRead
FNDA:0,(anonymous_5)
FNDA:0,(anonymous_6)
FNDA:0,useCreateNotice
FNDA:0,(anonymous_8)
FNDA:0,(anonymous_9)
FNDA:0,useUpdateNotice
FNDA:0,(anonymous_11)
FNDA:0,(anonymous_12)
FNDA:0,useNoticeReadReceipts
FNDA:0,(anonymous_14)
DA:10,0
DA:13,0
DA:19,0
DA:21,0
DA:27,0
DA:28,0
DA:29,0
DA:31,0
DA:37,0
DA:38,0
DA:39,0
DA:41,0
DA:47,0
DA:48,0
DA:49,0
DA:51,0
DA:52,0
DA:58,0
DA:60,0
LF:19
LH:0
BRDA:22,0,0,0
BRDA:22,0,1,0
BRDA:61,1,0,0
BRDA:61,1,1,0
BRDA:61,1,2,0
BRF:5
BRH:0
end_of_record
TN:
SF:src\features\polls\AgmSessionDetailScreen.tsx
FN:21,outcomeStyle
FN:29,targetAudienceLabel
FN:34,ResolutionCard
FN:69,(anonymous_3)
FN:69,(anonymous_4)
FN:73,(anonymous_5)
FN:74,(anonymous_6)
FN:92,(anonymous_7)
FN:119,AgmSessionDetailScreen
FN:123,(anonymous_9)
FN:132,toggleOption
FN:133,(anonymous_11)
FN:155,(anonymous_12)
FN:161,(anonymous_13)
FN:169,(anonymous_14)
FN:182,ResolutionCardContainer
FN:199,handleSubmitVote
FN:212,handleClose
FN:220,handlePublish
FN:234,(anonymous_19)
FN:237,(anonymous_20)
FN:238,(anonymous_21)
FNF:22
FNH:17
FNDA:0,outcomeStyle
FNDA:8,targetAudienceLabel
FNDA:8,ResolutionCard
FNDA:0,(anonymous_3)
FNDA:0,(anonymous_4)
FNDA:12,(anonymous_5)
FNDA:1,(anonymous_6)
FNDA:0,(anonymous_7)
FNDA:9,AgmSessionDetailScreen
FNDA:27,(anonymous_9)
FNDA:1,toggleOption
FNDA:1,(anonymous_11)
FNDA:0,(anonymous_12)
FNDA:8,(anonymous_13)
FNDA:1,(anonymous_14)
FNDA:8,ResolutionCardContainer
FNDA:1,handleSubmitVote
FNDA:1,handleClose
FNDA:1,handlePublish
FNDA:1,(anonymous_19)
FNDA:1,(anonymous_20)
FNDA:1,(anonymous_21)
DA:22,0
DA:23,0
DA:24,0
DA:25,0
DA:30,8
DA:31,1
DA:48,8
DA:50,8
DA:69,0
DA:74,12
DA:93,0
DA:120,9
DA:121,9
DA:122,9
DA:123,27
DA:124,9
DA:126,9
DA:127,9
DA:128,9
DA:129,9
DA:130,9
DA:133,1
DA:134,1
DA:135,1
DA:136,1
DA:140,9
DA:155,0
DA:162,8
DA:169,1
DA:196,8
DA:197,8
DA:200,1
DA:201,1
DA:202,1
DA:203,1
DA:204,1
DA:206,0
DA:208,1
DA:213,1
DA:214,1
DA:216,0
DA:221,1
DA:222,1
DA:224,0
DA:228,8
DA:234,1
DA:237,1
DA:238,1
DA:244,1
LF:49
LH:39
BRDA:22,0,0,0
BRDA:22,0,1,0
BRDA:22,0,2,0
BRDA:30,1,0,7
BRDA:30,1,1,1
BRDA:31,2,0,1
BRDA:31,2,1,0
BRDA:48,3,0,8
BRDA:48,3,1,0
BRDA:57,4,0,8
BRDA:57,4,1,0
BRDA:60,5,0,0
BRDA:60,5,1,0
BRDA:65,6,0,8
BRDA:65,6,1,6
BRDA:67,7,0,0
BRDA:67,7,1,6
BRDA:75,8,0,12
BRDA:75,8,1,3
BRDA:79,9,0,6
BRDA:79,9,1,5
BRDA:80,10,0,0
BRDA:80,10,1,6
BRDA:87,11,0,8
BRDA:87,11,1,0
BRDA:89,12,0,0
BRDA:89,12,1,0
BRDA:89,12,2,0
BRDA:101,13,0,8
BRDA:101,13,1,2
BRDA:103,14,0,2
BRDA:103,14,1,1
BRDA:108,15,0,2
BRDA:108,15,1,1
BRDA:108,15,2,1
BRDA:123,16,0,27
BRDA:123,16,1,0
BRDA:134,17,0,1
BRDA:134,17,1,1
BRDA:135,18,0,0
BRDA:135,18,1,1
BRDA:144,19,0,9
BRDA:144,19,1,9
BRDA:152,20,0,9
BRDA:152,20,1,3
BRDA:168,21,0,8
BRDA:168,21,1,5
BRDA:197,22,0,8
BRDA:197,22,1,6
BRDA:200,23,0,0
BRDA:200,23,1,1
BRDA:239,24,0,8
BRDA:239,24,1,8
BRF:53
BRH:36
end_of_record
TN:
SF:src\features\polls\AgmSessionFormScreen.tsx
FN:14,AgmSessionFormScreen
FN:23,handleCreate
FN:59,(anonymous_2)
FNF:3
FNH:3
FNDA:5,AgmSessionFormScreen
FNDA:2,handleCreate
FNDA:2,(anonymous_2)
DA:15,5
DA:16,5
DA:17,5
DA:19,5
DA:20,5
DA:21,5
DA:24,2
DA:25,1
DA:26,1
DA:28,1
DA:29,0
DA:30,0
DA:33,1
DA:34,1
DA:39,1
DA:41,1
DA:45,5
DA:59,2
DA:67,1
LF:19
LH:17
BRDA:24,0,0,1
BRDA:24,0,1,1
BRDA:28,1,0,0
BRDA:28,1,1,1
BRF:4
BRH:3
end_of_record
TN:
SF:src\features\polls\AgmSessionListScreen.tsx
FN:15,AgmSessionListScreen
FN:18,(anonymous_1)
FN:23,renderItem
FN:25,(anonymous_3)
FN:41,(anonymous_4)
FN:44,(anonymous_5)
FN:45,(anonymous_6)
FN:50,(anonymous_7)
FN:53,(anonymous_8)
FNF:9
FNH:4
FNDA:3,AgmSessionListScreen
FNDA:9,(anonymous_1)
FNDA:3,renderItem
FNDA:0,(anonymous_3)
FNDA:6,(anonymous_4)
FNDA:0,(anonymous_5)
FNDA:0,(anonymous_6)
FNDA:0,(anonymous_7)
FNDA:0,(anonymous_8)
DA:16,3
DA:17,3
DA:18,9
DA:19,3
DA:21,3
DA:24,3
DA:25,0
DA:36,3
DA:41,6
DA:44,0
DA:46,0
DA:50,0
DA:53,0
DA:61,1
LF:14
LH:9
BRDA:18,0,0,9
BRDA:18,0,1,0
BRDA:43,1,0,0
BRDA:43,1,1,3
BRDA:46,2,0,0
BRDA:46,2,1,0
BRDA:49,3,0,3
BRDA:49,3,1,0
BRDA:52,4,0,3
BRDA:52,4,1,1
BRF:10
BRH:5
end_of_record
TN:
SF:src\features\polls\PollDetailScreen.tsx
FN:19,outcomeStyle
FN:27,targetAudienceLabel
FN:32,PollDetailScreen
FN:35,(anonymous_3)
FN:45,(anonymous_4)
FN:61,toggleOption
FN:62,(anonymous_6)
FN:75,handleVote
FN:85,handleClose
FN:93,handlePublish
FN:128,(anonymous_10)
FN:128,(anonymous_11)
FN:132,(anonymous_12)
FN:133,(anonymous_13)
FN:138,(anonymous_14)
FN:152,(anonymous_15)
FN:164,(anonymous_16)
FN:169,(anonymous_17)
FNF:18
FNH:17
FNDA:0,outcomeStyle
FNDA:17,targetAudienceLabel
FNDA:17,PollDetailScreen
FNDA:51,(anonymous_3)
FNDA:8,(anonymous_4)
FNDA:1,toggleOption
FNDA:1,(anonymous_6)
FNDA:1,handleVote
FNDA:1,handleClose
FNDA:1,handlePublish
FNDA:4,(anonymous_10)
FNDA:2,(anonymous_11)
FNDA:14,(anonymous_12)
FNDA:1,(anonymous_13)
FNDA:1,(anonymous_14)
FNDA:6,(anonymous_15)
FNDA:1,(anonymous_16)
FNDA:1,(anonymous_17)
DA:20,0
DA:21,0
DA:22,0
DA:23,0
DA:28,17
DA:29,2
DA:33,17
DA:34,17
DA:35,51
DA:36,17
DA:38,17
DA:39,17
DA:40,17
DA:41,17
DA:43,17
DA:45,17
DA:46,8
DA:49,17
DA:50,0
DA:58,17
DA:59,17
DA:62,1
DA:63,1
DA:64,1
DA:65,1
DA:66,0
DA:67,0
DA:69,0
DA:71,1
DA:76,1
DA:77,1
DA:78,1
DA:79,1
DA:81,0
DA:86,1
DA:87,1
DA:89,0
DA:94,1
DA:95,1
DA:97,0
DA:101,17
DA:128,4
DA:133,14
DA:138,1
DA:153,6
DA:164,1
DA:169,1
DA:180,1
LF:48
LH:37
BRDA:20,0,0,0
BRDA:20,0,1,0
BRDA:20,0,2,0
BRDA:28,1,0,15
BRDA:28,1,1,2
BRDA:29,2,0,2
BRDA:29,2,1,0
BRDA:35,3,0,51
BRDA:35,3,1,0
BRDA:46,4,0,8
BRDA:46,4,1,7
BRDA:49,5,0,0
BRDA:49,5,1,17
BRDA:49,6,0,17
BRDA:49,6,1,17
BRDA:58,7,0,17
BRDA:58,7,1,11
BRDA:59,8,0,17
BRDA:59,8,1,2
BRDA:63,9,0,1
BRDA:63,9,1,0
BRDA:64,10,0,1
BRDA:64,10,1,0
BRDA:66,11,0,0
BRDA:66,11,1,0
BRDA:76,12,0,0
BRDA:76,12,1,1
BRDA:106,13,0,17
BRDA:106,13,1,0
BRDA:115,14,0,17
BRDA:115,14,1,0
BRDA:118,15,0,0
BRDA:118,15,1,0
BRDA:123,16,0,17
BRDA:123,16,1,9
BRDA:126,17,0,2
BRDA:126,17,1,7
BRDA:134,18,0,14
BRDA:134,18,1,1
BRDA:138,19,0,7
BRDA:138,19,1,7
BRDA:139,20,0,0
BRDA:139,20,1,7
BRDA:146,21,0,17
BRDA:146,21,1,4
BRDA:149,22,0,4
BRDA:149,22,1,0
BRDA:149,22,2,0
BRDA:161,23,0,17
BRDA:161,23,1,6
BRDA:163,24,0,6
BRDA:163,24,1,4
BRDA:168,25,0,6
BRDA:168,25,1,2
BRDA:168,25,2,2
BRF:55
BRH:37
end_of_record
TN:
SF:src\features\polls\PollFormScreen.tsx
FN:15,OptionRow
FN:20,(anonymous_1)
FN:24,(anonymous_2)
FN:37,PollFormScreen
FN:59,toggleBlock
FN:60,(anonymous_5)
FN:60,(anonymous_6)
FN:63,targetBlockError
FN:69,handleCreate
FN:70,(anonymous_9)
FN:70,(anonymous_10)
FN:109,(anonymous_11)
FN:158,(anonymous_12)
FN:162,(anonymous_13)
FN:210,(anonymous_14)
FNF:15
FNH:13
FNDA:130,OptionRow
FNDA:312,(anonymous_1)
FNDA:3,(anonymous_2)
FNDA:26,PollFormScreen
FNDA:2,toggleBlock
FNDA:2,(anonymous_5)
FNDA:0,(anonymous_6)
FNDA:12,targetBlockError
FNDA:5,handleCreate
FNDA:10,(anonymous_9)
FNDA:10,(anonymous_10)
FNDA:0,(anonymous_11)
FNDA:10,(anonymous_12)
FNDA:2,(anonymous_13)
FNDA:5,(anonymous_14)
DA:18,130
DA:21,312
DA:24,3
DA:38,26
DA:39,26
DA:40,26
DA:41,26
DA:42,26
DA:44,26
DA:45,26
DA:46,26
DA:47,26
DA:48,26
DA:49,26
DA:50,26
DA:51,26
DA:52,26
DA:53,26
DA:54,26
DA:55,26
DA:56,26
DA:57,26
DA:60,2
DA:64,12
DA:65,7
DA:66,5
DA:70,10
DA:71,5
DA:72,1
DA:73,1
DA:75,4
DA:76,0
DA:77,0
DA:79,4
DA:80,0
DA:81,0
DA:83,4
DA:84,4
DA:85,1
DA:86,1
DA:89,3
DA:90,3
DA:107,3
DA:109,0
DA:112,0
DA:116,26
DA:159,10
DA:162,2
DA:210,5
DA:218,1
LF:50
LH:44
BRDA:23,0,0,312
BRDA:23,0,1,130
BRDA:26,1,0,130
BRDA:26,1,1,182
BRDA:37,2,0,0
BRDA:41,3,0,0
BRDA:60,4,0,0
BRDA:60,4,1,2
BRDA:64,5,0,5
BRDA:64,5,1,7
BRDA:64,6,0,12
BRDA:64,6,1,5
BRDA:65,7,0,2
BRDA:65,7,1,5
BRDA:65,8,0,7
BRDA:65,8,1,5
BRDA:71,9,0,1
BRDA:71,9,1,4
BRDA:75,10,0,0
BRDA:75,10,1,4
BRDA:79,11,0,0
BRDA:79,11,1,4
BRDA:79,12,0,4
BRDA:79,12,1,4
BRDA:84,13,0,1
BRDA:84,13,1,3
BRDA:98,14,0,2
BRDA:98,14,1,1
BRDA:102,15,0,0
BRDA:102,15,1,3
BRDA:109,16,0,0
BRDA:109,16,1,0
BRDA:154,17,0,26
BRDA:154,17,1,5
BRDA:156,18,0,2
BRDA:156,18,1,3
BRDA:161,19,0,10
BRDA:161,19,1,3
BRDA:164,20,0,3
BRDA:164,20,1,7
BRDA:168,21,0,5
BRDA:168,21,1,3
BRF:42
BRH:34
end_of_record
TN:
SF:src\features\polls\PollListScreen.tsx
FN:15,statusChipStyle
FN:23,PollListScreen
FN:26,(anonymous_2)
FN:31,(anonymous_3)
FN:33,(anonymous_4)
FN:51,(anonymous_5)
FN:56,(anonymous_6)
FN:59,(anonymous_7)
FN:60,(anonymous_8)
FN:65,(anonymous_9)
FN:68,(anonymous_10)
FNF:11
FNH:5
FNDA:3,statusChipStyle
FNDA:3,PollListScreen
FNDA:9,(anonymous_2)
FNDA:3,(anonymous_3)
FNDA:0,(anonymous_4)
FNDA:0,(anonymous_5)
FNDA:6,(anonymous_6)
FNDA:0,(anonymous_7)
FNDA:0,(anonymous_8)
FNDA:0,(anonymous_9)
FNDA:0,(anonymous_10)
DA:16,3
DA:17,0
DA:18,3
DA:19,0
DA:24,3
DA:25,3
DA:26,9
DA:27,3
DA:29,3
DA:31,3
DA:32,3
DA:33,0
DA:48,3
DA:51,0
DA:56,6
DA:59,0
DA:61,0
DA:65,0
DA:68,0
DA:76,1
LF:20
LH:12
BRDA:16,0,0,0
BRDA:16,0,1,3
BRDA:16,0,2,0
BRDA:26,1,0,9
BRDA:26,1,1,0
BRDA:37,2,0,0
BRDA:37,2,1,3
BRDA:38,3,0,0
BRDA:38,3,1,3
BRDA:58,4,0,0
BRDA:58,4,1,3
BRDA:61,5,0,0
BRDA:61,5,1,0
BRDA:64,6,0,3
BRDA:64,6,1,0
BRDA:67,7,0,3
BRDA:67,7,1,1
BRF:17
BRH:8
end_of_record
TN:
SF:src\features\polls\hooks\useAgmSessions.ts
FN:6,useAgmSessionList
FN:9,(anonymous_1)
FN:14,useAgmSession
FN:17,(anonymous_3)
FN:22,useCreateAgmSession
FN:25,(anonymous_5)
FN:26,(anonymous_6)
FNF:7
FNH:7
FNDA:2,useAgmSessionList
FNDA:1,(anonymous_1)
FNDA:2,useAgmSession
FNDA:1,(anonymous_3)
FNDA:2,useCreateAgmSession
FNDA:1,(anonymous_5)
FNDA:1,(anonymous_6)
DA:7,2
DA:9,1
DA:15,2
DA:17,1
DA:23,2
DA:24,2
DA:25,1
DA:26,1
LF:8
LH:8
BRDA:18,0,0,2
BRDA:18,0,1,2
BRF:2
BRH:2
end_of_record
TN:
SF:src\features\polls\hooks\usePolls.ts
FN:8,useSocietyBlockNames
FN:11,(anonymous_1)
FN:13,(anonymous_2)
FN:20,usePollList
FN:23,(anonymous_4)
FN:28,usePoll
FN:31,(anonymous_6)
FN:37,usePollsByLinkedNotice
FN:40,(anonymous_8)
FN:45,invalidatePollQueries
FN:50,useCreatePoll
FN:53,(anonymous_11)
FN:54,(anonymous_12)
FN:58,useCastVote
FN:61,(anonymous_14)
FN:62,(anonymous_15)
FN:66,useClosePoll
FN:69,(anonymous_17)
FN:70,(anonymous_18)
FN:74,usePublishPollResults
FN:77,(anonymous_20)
FN:78,(anonymous_21)
FNF:22
FNH:17
FNDA:2,useSocietyBlockNames
FNDA:1,(anonymous_1)
FNDA:3,(anonymous_2)
FNDA:2,usePollList
FNDA:1,(anonymous_4)
FNDA:0,usePoll
FNDA:0,(anonymous_6)
FNDA:0,usePollsByLinkedNotice
FNDA:0,(anonymous_8)
FNDA:3,invalidatePollQueries
FNDA:2,useCreatePoll
FNDA:1,(anonymous_11)
FNDA:1,(anonymous_12)
FNDA:2,useCastVote
FNDA:1,(anonymous_14)
FNDA:1,(anonymous_15)
FNDA:2,useClosePoll
FNDA:1,(anonymous_17)
FNDA:1,(anonymous_18)
FNDA:2,usePublishPollResults
FNDA:1,(anonymous_20)
FNDA:0,(anonymous_21)
DA:9,2
DA:12,1
DA:13,3
DA:14,1
DA:21,2
DA:23,1
DA:29,0
DA:31,0
DA:38,0
DA:40,0
DA:46,3
DA:47,3
DA:51,2
DA:52,2
DA:53,1
DA:54,1
DA:59,2
DA:60,2
DA:61,1
DA:62,1
DA:67,2
DA:68,2
DA:69,1
DA:70,1
DA:75,2
DA:76,2
DA:77,1
DA:78,0
LF:28
LH:23
BRDA:13,0,0,1
BRDA:13,0,1,0
BRDA:32,1,0,0
BRDA:32,1,1,0
BRDA:41,2,0,0
BRDA:41,2,1,0
BRDA:47,3,0,2
BRDA:47,3,1,1
BRF:8
BRH:3
end_of_record
TN:
SF:src\features\profile\ProfileScreen.tsx
FN:25,ProfileScreen
FN:26,(anonymous_1)
FN:49,handleUpdateProfile
FN:67,handleChangePassword
FN:90,handleChangePicture
FN:92,(anonymous_5)
FN:93,(anonymous_6)
FN:98,pickAndUpload
FN:156,(anonymous_8)
FN:191,(anonymous_9)
FN:200,(anonymous_10)
FNF:11
FNH:0
FNDA:0,ProfileScreen
FNDA:0,(anonymous_1)
FNDA:0,handleUpdateProfile
FNDA:0,handleChangePassword
FNDA:0,handleChangePicture
FNDA:0,(anonymous_5)
FNDA:0,(anonymous_6)
FNDA:0,pickAndUpload
FNDA:0,(anonymous_8)
FNDA:0,(anonymous_9)
FNDA:0,(anonymous_10)
DA:26,0
DA:27,0
DA:29,0
DA:30,0
DA:32,0
DA:34,0
DA:36,0
DA:38,0
DA:39,0
DA:41,0
DA:43,0
DA:44,0
DA:45,0
DA:46,0
DA:47,0
DA:50,0
DA:51,0
DA:52,0
DA:54,0
DA:55,0
DA:56,0
DA:57,0
DA:59,0
DA:60,0
DA:61,0
DA:63,0
DA:68,0
DA:69,0
DA:70,0
DA:72,0
DA:73,0
DA:74,0
DA:75,0
DA:77,0
DA:78,0
DA:79,0
DA:80,0
DA:81,0
DA:82,0
DA:84,0
DA:91,0
DA:92,0
DA:93,0
DA:99,0
DA:100,0
DA:101,0
DA:102,0
DA:103,0
DA:105,0
DA:109,0
DA:156,0
DA:191,0
DA:200,0
DA:209,0
LF:54
LH:0
BRDA:29,0,0,0
BRDA:29,0,1,0
BRDA:30,1,0,0
BRDA:30,1,1,0
BRDA:41,2,0,0
BRDA:41,2,1,0
BRDA:43,3,0,0
BRDA:43,3,1,0
BRDA:44,4,0,0
BRDA:44,4,1,0
BRDA:50,5,0,0
BRDA:50,5,1,0
BRDA:55,6,0,0
BRDA:55,6,1,0
BRDA:55,7,0,0
BRDA:55,7,1,0
BRDA:60,8,0,0
BRDA:60,8,1,0
BRDA:68,9,0,0
BRDA:68,9,1,0
BRDA:68,10,0,0
BRDA:68,10,1,0
BRDA:73,11,0,0
BRDA:73,11,1,0
BRDA:100,12,0,0
BRDA:100,12,1,0
BRDA:112,13,0,0
BRDA:112,13,1,0
BRDA:112,13,2,0
BRDA:116,14,0,0
BRDA:116,14,1,0
BRDA:162,15,0,0
BRDA:162,15,1,0
BRF:33
BRH:0
end_of_record
TN:
SF:src\features\profile\hooks\useProfile.ts
FN:6,useProfile
FN:9,(anonymous_1)
FN:14,useUpdateProfile
FN:17,(anonymous_3)
FN:19,(anonymous_4)
FN:25,useChangePassword
FN:27,(anonymous_6)
FN:32,useUploadProfilePicture
FN:35,(anonymous_8)
FN:36,(anonymous_9)
FN:45,useSettleApartmentInvitation
FN:48,(anonymous_11)
FN:52,(anonymous_12)
FNF:13
FNH:0
FNDA:0,useProfile
FNDA:0,(anonymous_1)
FNDA:0,useUpdateProfile
FNDA:0,(anonymous_3)
FNDA:0,(anonymous_4)
FNDA:0,useChangePassword
FNDA:0,(anonymous_6)
FNDA:0,useUploadProfilePicture
FNDA:0,(anonymous_8)
FNDA:0,(anonymous_9)
FNDA:0,useSettleApartmentInvitation
FNDA:0,(anonymous_11)
FNDA:0,(anonymous_12)
DA:7,0
DA:9,0
DA:15,0
DA:16,0
DA:18,0
DA:20,0
DA:26,0
DA:28,0
DA:33,0
DA:34,0
DA:35,0
DA:37,0
DA:39,0
DA:46,0
DA:47,0
DA:49,0
DA:53,0
LF:17
LH:0
BRDA:10,0,0,0
BRDA:10,0,1,0
BRDA:49,1,0,0
BRDA:49,1,1,0
BRF:4
BRH:0
end_of_record
TN:
SF:src\features\residents\ResidentListScreen.tsx
FN:36,ResidentListScreen
FN:38,(anonymous_1)
FN:47,(anonymous_2)
FN:54,(anonymous_3)
FN:59,(anonymous_4)
FN:62,(anonymous_5)
FN:68,(anonymous_6)
FN:70,(anonymous_7)
FN:77,(anonymous_8)
FN:88,(anonymous_9)
FN:96,(anonymous_10)
FN:120,(anonymous_11)
FN:122,(anonymous_12)
FN:131,(anonymous_13)
FN:135,(anonymous_14)
FN:144,(anonymous_15)
FNF:16
FNH:7
FNDA:2,ResidentListScreen
FNDA:6,(anonymous_1)
FNDA:2,(anonymous_2)
FNDA:0,(anonymous_3)
FNDA:2,(anonymous_4)
FNDA:0,(anonymous_5)
FNDA:0,(anonymous_6)
FNDA:0,(anonymous_7)
FNDA:2,(anonymous_8)
FNDA:0,(anonymous_9)
FNDA:0,(anonymous_10)
FNDA:4,(anonymous_11)
FNDA:2,(anonymous_12)
FNDA:0,(anonymous_13)
FNDA:0,(anonymous_14)
FNDA:0,(anonymous_15)
DA:27,1
DA:28,1
DA:37,2
DA:38,6
DA:39,2
DA:40,2
DA:41,2
DA:44,2
DA:45,2
DA:47,2
DA:48,2
DA:49,2
DA:50,2
DA:51,2
DA:52,2
DA:54,2
DA:55,0
DA:56,0
DA:57,0
DA:59,2
DA:62,2
DA:63,0
DA:69,0
DA:70,0
DA:77,2
DA:78,2
DA:88,0
DA:96,0
DA:106,2
DA:120,4
DA:123,2
DA:131,0
DA:136,0
DA:144,0
DA:150,1
LF:35
LH:24
BRDA:38,0,0,6
BRDA:38,0,1,0
BRDA:39,1,0,2
BRDA:39,1,1,2
BRDA:44,2,0,0
BRDA:44,2,1,2
BRDA:50,3,0,2
BRDA:50,3,1,2
BRDA:57,4,0,0
BRDA:57,4,1,0
BRDA:57,5,0,0
BRDA:57,5,1,0
BRDA:59,6,0,2
BRDA:59,6,1,0
BRDA:59,7,0,2
BRDA:59,7,1,0
BRDA:86,8,0,2
BRDA:86,8,1,0
BRDA:86,8,2,0
BRDA:92,9,0,2
BRDA:92,9,1,0
BRDA:93,10,0,2
BRDA:93,10,1,0
BRDA:127,11,0,0
BRDA:127,11,1,2
BRDA:136,12,0,0
BRDA:136,12,1,0
BRDA:140,13,0,2
BRDA:140,13,1,0
BRF:29
BRH:13
end_of_record
TN:
SF:src\features\residents\hooks\useResidents.ts
FN:6,useResidentList
FN:12,(anonymous_1)
FN:18,useResident
FN:21,(anonymous_3)
FN:26,useDeleteResident
FN:29,(anonymous_5)
FN:30,(anonymous_6)
FNF:7
FNH:5
FNDA:2,useResidentList
FNDA:1,(anonymous_1)
FNDA:0,useResident
FNDA:0,(anonymous_3)
FNDA:4,useDeleteResident
FNDA:2,(anonymous_5)
FNDA:1,(anonymous_6)
DA:10,2
DA:13,1
DA:19,0
DA:21,0
DA:27,4
DA:28,4
DA:29,2
DA:31,1
LF:8
LH:6
BRDA:22,0,0,0
BRDA:22,0,1,0
BRF:2
BRH:0
end_of_record
TN:
SF:src\features\society\CommitteeScreen.tsx
FN:26,CommitteeScreen
FN:34,(anonymous_1)
FN:40,(anonymous_2)
FN:42,(anonymous_3)
FN:44,(anonymous_4)
FN:46,(anonymous_5)
FN:48,(anonymous_6)
FN:49,(anonymous_7)
FN:52,(anonymous_8)
FN:66,(anonymous_9)
FN:66,(anonymous_10)
FN:70,(anonymous_11)
FN:73,(anonymous_12)
FN:74,(anonymous_13)
FN:77,addCommittee
FN:78,(anonymous_15)
FN:81,removeCommittee
FN:82,(anonymous_17)
FN:82,(anonymous_18)
FN:85,updateCommitteeName
FN:86,(anonymous_20)
FN:86,(anonymous_21)
FN:89,addMember
FN:90,(anonymous_23)
FN:90,(anonymous_24)
FN:95,removeMember
FN:96,(anonymous_26)
FN:96,(anonymous_27)
FN:97,(anonymous_28)
FN:101,updateMember
FN:102,(anonymous_30)
FN:102,(anonymous_31)
FN:104,(anonymous_32)
FN:109,handleSave
FN:119,(anonymous_34)
FN:121,(anonymous_35)
FN:122,(anonymous_36)
FN:124,(anonymous_37)
FN:127,(anonymous_38)
FN:131,(anonymous_39)
FN:132,(anonymous_40)
FN:144,(anonymous_41)
FN:151,(anonymous_42)
FN:154,(anonymous_43)
FN:159,(anonymous_44)
FN:167,(anonymous_45)
FN:169,(anonymous_46)
FN:175,(anonymous_47)
FN:179,(anonymous_48)
FNF:49
FNH:25
FNDA:9,CommitteeScreen
FNDA:3,(anonymous_1)
FNDA:3,(anonymous_2)
FNDA:3,(anonymous_3)
FNDA:3,(anonymous_4)
FNDA:6,(anonymous_5)
FNDA:0,(anonymous_6)
FNDA:3,(anonymous_7)
FNDA:7,(anonymous_8)
FNDA:6,(anonymous_9)
FNDA:6,(anonymous_10)
FNDA:7,(anonymous_11)
FNDA:14,(anonymous_12)
FNDA:13,(anonymous_13)
FNDA:0,addCommittee
FNDA:0,(anonymous_15)
FNDA:0,removeCommittee
FNDA:0,(anonymous_17)
FNDA:0,(anonymous_18)
FNDA:0,updateCommitteeName
FNDA:0,(anonymous_20)
FNDA:0,(anonymous_21)
FNDA:1,addMember
FNDA:1,(anonymous_23)
FNDA:1,(anonymous_24)
FNDA:0,removeMember
FNDA:0,(anonymous_26)
FNDA:0,(anonymous_27)
FNDA:0,(anonymous_28)
FNDA:0,updateMember
FNDA:0,(anonymous_30)
FNDA:0,(anonymous_31)
FNDA:0,(anonymous_32)
FNDA:1,handleSave
FNDA:0,(anonymous_34)
FNDA:1,(anonymous_35)
FNDA:1,(anonymous_36)
FNDA:1,(anonymous_37)
FNDA:1,(anonymous_38)
FNDA:0,(anonymous_39)
FNDA:1,(anonymous_40)
FNDA:6,(anonymous_41)
FNDA:0,(anonymous_42)
FNDA:7,(anonymous_43)
FNDA:0,(anonymous_44)
FNDA:0,(anonymous_45)
FNDA:0,(anonymous_46)
FNDA:1,(anonymous_47)
FNDA:0,(anonymous_48)
DA:27,9
DA:28,9
DA:29,9
DA:30,9
DA:31,9
DA:32,9
DA:34,9
DA:35,3
DA:36,3
DA:41,3
DA:42,3
DA:44,3
DA:46,6
DA:48,0
DA:49,3
DA:52,9
DA:53,7
DA:54,7
DA:55,4
DA:56,5
DA:59,7
DA:65,9
DA:66,6
DA:70,9
DA:71,7
DA:72,7
DA:73,14
DA:74,13
DA:78,0
DA:82,0
DA:86,0
DA:90,1
DA:91,1
DA:96,0
DA:97,0
DA:102,0
DA:103,0
DA:104,0
DA:110,1
DA:111,1
DA:112,1
DA:119,0
DA:121,1
DA:122,1
DA:124,1
DA:128,1
DA:129,1
DA:131,0
DA:132,1
DA:135,9
DA:145,6
DA:151,0
DA:155,7
DA:159,0
DA:167,0
DA:169,0
DA:175,1
DA:179,0
DA:197,1
LF:59
LH:43
BRDA:35,0,0,0
BRDA:35,0,1,3
BRDA:56,1,0,4
BRDA:56,1,1,1
BRDA:73,2,0,14
BRDA:73,2,1,8
BRDA:86,3,0,0
BRDA:86,3,1,0
BRDA:91,4,0,1
BRDA:91,4,1,0
BRDA:97,5,0,0
BRDA:97,5,1,0
BRDA:103,6,0,0
BRDA:103,6,1,0
BRDA:104,7,0,0
BRDA:104,7,1,0
BRDA:110,8,0,0
BRDA:110,8,1,1
BRDA:110,9,0,1
BRDA:110,9,1,1
BRDA:124,10,0,1
BRDA:124,10,1,1
BRDA:138,11,0,9
BRDA:138,11,1,6
BRF:24
BRH:13
end_of_record
TN:
SF:src\features\society\ContactUsScreen.tsx
FN:13,ContactUsScreen
FN:18,(anonymous_1)
FN:22,(anonymous_2)
FN:23,(anonymous_3)
FN:42,(anonymous_4)
FN:47,(anonymous_5)
FN:59,(anonymous_6)
FN:62,(anonymous_7)
FNF:8
FNH:6
FNDA:4,ContactUsScreen
FNDA:2,(anonymous_1)
FNDA:1,(anonymous_2)
FNDA:2,(anonymous_3)
FNDA:0,(anonymous_4)
FNDA:0,(anonymous_5)
FNDA:1,(anonymous_6)
FNDA:1,(anonymous_7)
DA:14,4
DA:15,4
DA:16,4
DA:18,4
DA:19,2
DA:20,2
DA:22,1
DA:23,2
DA:26,4
DA:42,0
DA:47,0
DA:60,1
DA:63,1
DA:80,1
LF:14
LH:12
BRDA:19,0,0,0
BRDA:19,0,1,2
BRDA:30,1,0,1
BRDA:30,1,1,3
BRDA:30,2,0,4
BRDA:30,2,1,2
BRDA:34,3,0,3
BRDA:34,3,1,1
BRDA:38,4,0,1
BRDA:38,4,1,0
BRDA:38,4,2,1
BRDA:41,5,0,1
BRDA:41,5,1,1
BRDA:46,6,0,1
BRDA:46,6,1,1
BRDA:56,7,0,0
BRDA:56,7,1,1
BRF:17
BRH:14
end_of_record
TN:
SF:src\features\sos\SosAlertListScreen.tsx
FN:31,SosAlertListScreen
FN:34,(anonymous_1)
FN:47,(anonymous_2)
FN:48,(anonymous_3)
FN:51,(anonymous_4)
FN:52,(anonymous_5)
FN:55,(anonymous_6)
FN:72,(anonymous_7)
FN:77,(anonymous_8)
FN:91,(anonymous_9)
FN:96,(anonymous_10)
FN:100,(anonymous_11)
FN:108,(anonymous_12)
FN:111,(anonymous_13)
FN:112,(anonymous_14)
FN:117,(anonymous_15)
FN:123,statusChipStyle
FNF:17
FNH:8
FNDA:6,SosAlertListScreen
FNDA:18,(anonymous_1)
FNDA:1,(anonymous_2)
FNDA:0,(anonymous_3)
FNDA:0,(anonymous_4)
FNDA:0,(anonymous_5)
FNDA:6,(anonymous_6)
FNDA:1,(anonymous_7)
FNDA:0,(anonymous_8)
FNDA:0,(anonymous_9)
FNDA:30,(anonymous_10)
FNDA:0,(anonymous_11)
FNDA:12,(anonymous_12)
FNDA:0,(anonymous_13)
FNDA:0,(anonymous_14)
FNDA:0,(anonymous_15)
FNDA:6,statusChipStyle
DA:16,1
DA:24,1
DA:32,6
DA:33,6
DA:34,18
DA:35,6
DA:37,6
DA:38,6
DA:40,6
DA:44,6
DA:45,6
DA:47,6
DA:48,1
DA:51,6
DA:52,0
DA:55,6
DA:56,6
DA:72,1
DA:77,0
DA:87,6
DA:91,0
DA:97,30
DA:100,0
DA:108,12
DA:111,0
DA:113,0
DA:117,0
DA:124,6
DA:125,5
DA:126,1
DA:127,0
DA:128,0
DA:132,1
LF:33
LH:24
BRDA:34,0,0,18
BRDA:34,0,1,0
BRDA:37,1,0,6
BRDA:37,1,1,5
BRDA:42,2,0,0
BRDA:42,2,1,6
BRDA:57,3,0,6
BRDA:57,3,1,5
BRDA:59,4,0,6
BRDA:59,4,1,0
BRDA:64,5,0,6
BRDA:64,5,1,0
BRDA:65,6,0,6
BRDA:65,6,1,0
BRDA:71,7,0,6
BRDA:71,7,1,5
BRDA:71,7,2,4
BRDA:76,8,0,6
BRDA:76,8,1,5
BRDA:76,8,2,1
BRDA:76,8,3,5
BRDA:90,9,0,6
BRDA:90,9,1,1
BRDA:99,10,0,30
BRDA:99,10,1,6
BRDA:102,11,0,6
BRDA:102,11,1,24
BRDA:110,12,0,0
BRDA:110,12,1,6
BRDA:113,13,0,0
BRDA:113,13,1,0
BRDA:116,14,0,6
BRDA:116,14,1,0
BRDA:124,15,0,5
BRDA:124,15,1,1
BRDA:124,15,2,0
BRDA:124,15,3,0
BRF:37
BRH:26
end_of_record
TN:
SF:src\features\sos\SosAlertReportScreen.tsx
FN:21,isoDate
FN:25,SosAlertReportScreen
FN:56,(anonymous_2)
FN:69,SummaryCard
FNF:4
FNH:4
FNDA:4,isoDate
FNDA:2,SosAlertReportScreen
FNDA:2,(anonymous_2)
FNDA:4,SummaryCard
DA:14,1
DA:22,4
DA:26,2
DA:27,2
DA:28,2
DA:30,2
DA:32,2
DA:57,2
DA:70,4
DA:78,1
LF:10
LH:10
BRDA:37,0,0,1
BRDA:37,0,1,1
BRDA:37,1,0,2
BRDA:37,1,1,2
BRDA:40,2,0,1
BRDA:40,2,1,1
BRDA:47,3,0,1
BRDA:47,3,1,0
BRDA:51,4,0,1
BRDA:51,4,1,0
BRDA:58,5,0,2
BRDA:58,5,1,0
BRF:12
BRH:9
end_of_record
TN:
SF:src\features\sos\SosTriggerCard.tsx
FN:21,SosTriggerCard
FN:31,(anonymous_1)
FN:37,openDialog
FN:43,confirmTrigger
FN:47,(anonymous_4)
FN:51,(anonymous_5)
FN:56,handleFalseAlarm
FN:59,(anonymous_7)
FN:86,(anonymous_8)
FN:101,(anonymous_9)
FN:111,(anonymous_10)
FN:115,(anonymous_11)
FN:136,(anonymous_12)
FNF:13
FNH:7
FNDA:14,SosTriggerCard
FNDA:0,(anonymous_1)
FNDA:4,openDialog
FNDA:3,confirmTrigger
FNDA:3,(anonymous_4)
FNDA:0,(anonymous_5)
FNDA:1,handleFalseAlarm
FNDA:0,(anonymous_7)
FNDA:0,(anonymous_8)
FNDA:0,(anonymous_9)
FNDA:48,(anonymous_10)
FNDA:1,(anonymous_11)
FNDA:0,(anonymous_12)
DA:11,1
DA:18,1
DA:19,1
DA:22,14
DA:23,14
DA:24,14
DA:25,14
DA:26,14
DA:28,14
DA:29,14
DA:30,14
DA:32,0
DA:33,0
DA:38,4
DA:39,4
DA:40,4
DA:44,3
DA:48,3
DA:49,3
DA:51,0
DA:57,1
DA:58,1
DA:59,0
DA:63,14
DA:64,2
DA:65,2
DA:86,0
DA:94,12
DA:101,0
DA:112,48
DA:115,1
DA:136,0
DA:150,1
LF:33
LH:26
BRDA:30,0,0,14
BRDA:30,0,1,11
BRDA:33,1,0,0
BRDA:33,1,1,0
BRDA:33,2,0,0
BRDA:33,2,1,0
BRDA:45,3,0,3
BRDA:45,3,1,2
BRDA:57,4,0,0
BRDA:57,4,1,1
BRDA:63,5,0,2
BRDA:63,5,1,12
BRDA:63,6,0,14
BRDA:63,6,1,6
BRDA:66,7,0,0
BRDA:66,7,1,2
BRDA:70,8,0,2
BRDA:70,8,1,1
BRDA:73,9,0,2
BRDA:73,9,1,1
BRDA:76,10,0,2
BRDA:76,10,1,0
BRDA:79,11,0,2
BRDA:79,11,1,0
BRDA:81,12,0,2
BRDA:81,12,1,0
BRDA:114,13,0,48
BRDA:114,13,1,12
BRDA:117,14,0,12
BRDA:117,14,1,36
BRDA:140,15,0,0
BRDA:140,15,1,12
BRF:32
BRH:22
end_of_record
TN:
SF:src\features\sos\hooks\useSos.ts
FN:6,useSosAlertList
FN:12,(anonymous_1)
FN:17,useSosAlert
FN:24,(anonymous_3)
FN:30,useSosAlertReport
FN:33,(anonymous_5)
FN:38,invalidateSosQueries
FN:42,useTriggerSosAlert
FN:45,(anonymous_8)
FN:46,(anonymous_9)
FN:50,useAcknowledgeSosAlert
FN:53,(anonymous_11)
FN:54,(anonymous_12)
FN:58,useResolveSosAlert
FN:61,(anonymous_14)
FN:62,(anonymous_15)
FN:66,useMarkSosAlertFalseAlarm
FN:69,(anonymous_17)
FN:70,(anonymous_18)
FNF:19
FNH:14
FNDA:2,useSosAlertList
FNDA:1,(anonymous_1)
FNDA:0,useSosAlert
FNDA:0,(anonymous_3)
FNDA:0,useSosAlertReport
FNDA:0,(anonymous_5)
FNDA:3,invalidateSosQueries
FNDA:2,useTriggerSosAlert
FNDA:1,(anonymous_8)
FNDA:1,(anonymous_9)
FNDA:2,useAcknowledgeSosAlert
FNDA:1,(anonymous_11)
FNDA:1,(anonymous_12)
FNDA:2,useResolveSosAlert
FNDA:1,(anonymous_14)
FNDA:1,(anonymous_15)
FNDA:2,useMarkSosAlertFalseAlarm
FNDA:1,(anonymous_17)
FNDA:0,(anonymous_18)
DA:10,2
DA:12,1
DA:22,0
DA:24,0
DA:31,0
DA:33,0
DA:39,3
DA:43,2
DA:44,2
DA:45,1
DA:46,1
DA:51,2
DA:52,2
DA:53,1
DA:54,1
DA:59,2
DA:60,2
DA:61,1
DA:62,1
DA:67,2
DA:68,2
DA:69,1
DA:70,0
LF:23
LH:18
BRDA:25,0,0,0
BRDA:25,0,1,0
BRF:2
BRH:0
end_of_record
TN:
SF:src\features\staff\StaffAttendanceReportScreen.tsx
FN:14,isoDate
FN:18,StaffAttendanceReportScreen
FN:35,(anonymous_2)
FNF:3
FNH:0
FNDA:0,isoDate
FNDA:0,StaffAttendanceReportScreen
FNDA:0,(anonymous_2)
DA:15,0
DA:19,0
DA:20,0
DA:21,0
DA:23,0
DA:24,0
DA:26,0
DA:36,0
DA:53,0
LF:9
LH:0
BRDA:24,0,0,0
BRDA:24,0,1,0
BRDA:31,1,0,0
BRDA:31,1,1,0
BRDA:31,2,0,0
BRDA:31,2,1,0
BRF:6
BRH:0
end_of_record
TN:
SF:src\features\staff\StaffFormScreen.tsx
FN:30,StaffFormScreen
FN:48,(anonymous_1)
FN:58,(anonymous_2)
FN:62,handleSubmit
FN:69,(anonymous_4)
FN:70,(anonymous_5)
FN:77,(anonymous_6)
FN:78,(anonymous_7)
FN:98,(anonymous_8)
FN:101,(anonymous_9)
FNF:10
FNH:0
FNDA:0,StaffFormScreen
FNDA:0,(anonymous_1)
FNDA:0,(anonymous_2)
FNDA:0,handleSubmit
FNDA:0,(anonymous_4)
FNDA:0,(anonymous_5)
FNDA:0,(anonymous_6)
FNDA:0,(anonymous_7)
FNDA:0,(anonymous_8)
FNDA:0,(anonymous_9)
DA:16,0
DA:25,0
DA:31,0
DA:32,0
DA:33,0
DA:34,0
DA:35,0
DA:37,0
DA:38,0
DA:39,0
DA:40,0
DA:42,0
DA:43,0
DA:44,0
DA:45,0
DA:46,0
DA:48,0
DA:49,0
DA:50,0
DA:51,0
DA:52,0
DA:53,0
DA:54,0
DA:58,0
DA:59,0
DA:60,0
DA:63,0
DA:65,0
DA:66,0
DA:69,0
DA:70,0
DA:74,0
DA:77,0
DA:78,0
DA:84,0
DA:98,0
DA:101,0
DA:120,0
LF:38
LH:0
BRDA:37,0,0,0
BRDA:37,0,1,0
BRDA:49,1,0,0
BRDA:49,1,1,0
BRDA:54,2,0,0
BRDA:54,2,1,0
BRDA:58,3,0,0
BRDA:58,3,1,0
BRDA:59,4,0,0
BRDA:59,4,1,0
BRDA:60,5,0,0
BRDA:60,5,1,0
BRDA:63,6,0,0
BRDA:63,6,1,0
BRDA:65,7,0,0
BRDA:65,7,1,0
BRDA:67,8,0,0
BRDA:67,8,1,0
BRDA:75,9,0,0
BRDA:75,9,1,0
BRDA:86,10,0,0
BRDA:86,10,1,0
BRDA:87,11,0,0
BRDA:87,11,1,0
BRDA:95,12,0,0
BRDA:95,12,1,0
BRDA:109,13,0,0
BRDA:109,13,1,0
BRDA:111,14,0,0
BRDA:111,14,1,0
BRDA:113,15,0,0
BRDA:113,15,1,0
BRF:32
BRH:0
end_of_record
TN:
SF:src\features\staff\StaffListScreen.tsx
FN:29,StaffListScreen
FN:32,(anonymous_1)
FN:44,(anonymous_2)
FN:44,(anonymous_3)
FN:46,(anonymous_4)
FN:54,(anonymous_5)
FN:55,(anonymous_6)
FN:58,(anonymous_7)
FN:60,(anonymous_8)
FN:64,(anonymous_9)
FN:66,(anonymous_10)
FN:70,(anonymous_11)
FN:76,(anonymous_12)
FN:78,(anonymous_13)
FN:85,(anonymous_14)
FN:107,(anonymous_15)
FN:118,(anonymous_16)
FN:126,(anonymous_17)
FN:149,(anonymous_18)
FN:155,(anonymous_19)
FN:157,(anonymous_20)
FN:164,(anonymous_21)
FN:166,(anonymous_22)
FN:171,(anonymous_23)
FN:174,(anonymous_24)
FNF:25
FNH:12
FNDA:5,StaffListScreen
FNDA:15,(anonymous_1)
FNDA:5,(anonymous_2)
FNDA:1,(anonymous_3)
FNDA:5,(anonymous_4)
FNDA:30,(anonymous_5)
FNDA:5,(anonymous_6)
FNDA:1,(anonymous_7)
FNDA:0,(anonymous_8)
FNDA:0,(anonymous_9)
FNDA:0,(anonymous_10)
FNDA:0,(anonymous_11)
FNDA:0,(anonymous_12)
FNDA:0,(anonymous_13)
FNDA:5,(anonymous_14)
FNDA:1,(anonymous_15)
FNDA:0,(anonymous_16)
FNDA:0,(anonymous_17)
FNDA:0,(anonymous_18)
FNDA:10,(anonymous_19)
FNDA:5,(anonymous_20)
FNDA:0,(anonymous_21)
FNDA:0,(anonymous_22)
FNDA:0,(anonymous_23)
FNDA:0,(anonymous_24)
DA:27,1
DA:30,5
DA:31,5
DA:32,15
DA:33,5
DA:34,5
DA:35,5
DA:38,5
DA:39,5
DA:40,5
DA:41,5
DA:42,5
DA:44,5
DA:46,5
DA:47,5
DA:48,5
DA:49,5
DA:50,5
DA:51,5
DA:53,5
DA:54,30
DA:55,5
DA:58,5
DA:59,1
DA:60,0
DA:64,5
DA:65,0
DA:66,0
DA:70,5
DA:71,0
DA:77,0
DA:78,0
DA:85,5
DA:86,5
DA:87,5
DA:107,1
DA:118,0
DA:126,0
DA:136,5
DA:149,0
DA:155,10
DA:158,5
DA:164,0
DA:167,0
DA:171,0
DA:174,0
DA:182,1
LF:47
LH:34
BRDA:32,0,0,15
BRDA:32,0,1,0
BRDA:38,1,0,0
BRDA:38,1,1,5
BRDA:44,2,0,5
BRDA:44,2,1,0
BRDA:49,3,0,5
BRDA:49,3,1,5
BRDA:55,4,0,5
BRDA:55,4,1,0
BRDA:95,5,0,0
BRDA:95,5,1,5
BRDA:97,6,0,5
BRDA:97,6,1,0
BRDA:99,7,0,5
BRDA:99,7,1,1
BRDA:104,8,0,5
BRDA:104,8,1,5
BRDA:106,9,0,1
BRDA:106,9,1,4
BRDA:107,10,0,0
BRDA:107,10,1,1
BRDA:108,11,0,5
BRDA:108,11,1,5
BRDA:110,12,0,1
BRDA:110,12,1,4
BRDA:111,13,0,1
BRDA:111,13,1,4
BRDA:115,14,0,5
BRDA:115,14,1,1
BRDA:123,15,0,5
BRDA:123,15,1,1
BRDA:123,15,2,1
BRDA:148,16,0,5
BRDA:148,16,1,1
BRDA:162,17,0,0
BRDA:162,17,1,5
BRDA:167,18,0,0
BRDA:167,18,1,0
BRDA:170,19,0,5
BRDA:170,19,1,0
BRDA:173,20,0,5
BRDA:173,20,1,1
BRF:43
BRH:32
end_of_record
TN:
SF:src\features\staff\hooks\useStaff.ts
FN:6,useStaffList
FN:9,(anonymous_1)
FN:14,useStaffMember
FN:17,(anonymous_3)
FN:22,useOnDutyStaff
FN:25,(anonymous_5)
FN:30,useShifts
FN:33,(anonymous_7)
FN:38,invalidateStaffQueries
FN:43,useCreateStaff
FN:46,(anonymous_10)
FN:47,(anonymous_11)
FN:51,useUpdateStaff
FN:54,(anonymous_13)
FN:55,(anonymous_14)
FN:59,useDeactivateStaff
FN:62,(anonymous_16)
FN:63,(anonymous_17)
FN:67,useCheckInStaff
FN:70,(anonymous_19)
FN:71,(anonymous_20)
FN:75,useCheckOutStaff
FN:78,(anonymous_22)
FN:79,(anonymous_23)
FN:83,useCreateShift
FN:86,(anonymous_25)
FN:87,(anonymous_26)
FN:91,useStaffAttendanceReport
FN:94,(anonymous_28)
FNF:29
FNH:11
FNDA:2,useStaffList
FNDA:1,(anonymous_1)
FNDA:0,useStaffMember
FNDA:0,(anonymous_3)
FNDA:0,useOnDutyStaff
FNDA:0,(anonymous_5)
FNDA:0,useShifts
FNDA:0,(anonymous_7)
FNDA:2,invalidateStaffQueries
FNDA:0,useCreateStaff
FNDA:0,(anonymous_10)
FNDA:0,(anonymous_11)
FNDA:0,useUpdateStaff
FNDA:0,(anonymous_13)
FNDA:0,(anonymous_14)
FNDA:2,useDeactivateStaff
FNDA:1,(anonymous_16)
FNDA:0,(anonymous_17)
FNDA:2,useCheckInStaff
FNDA:1,(anonymous_19)
FNDA:1,(anonymous_20)
FNDA:2,useCheckOutStaff
FNDA:1,(anonymous_22)
FNDA:1,(anonymous_23)
FNDA:0,useCreateShift
FNDA:0,(anonymous_25)
FNDA:0,(anonymous_26)
FNDA:0,useStaffAttendanceReport
FNDA:0,(anonymous_28)
DA:7,2
DA:9,1
DA:15,0
DA:17,0
DA:23,0
DA:25,0
DA:31,0
DA:33,0
DA:39,2
DA:40,2
DA:44,0
DA:45,0
DA:46,0
DA:47,0
DA:52,0
DA:53,0
DA:54,0
DA:55,0
DA:60,2
DA:61,2
DA:62,1
DA:63,0
DA:68,2
DA:69,2
DA:70,1
DA:71,1
DA:76,2
DA:77,2
DA:78,1
DA:79,1
DA:84,0
DA:85,0
DA:86,0
DA:87,0
DA:92,0
DA:94,0
LF:36
LH:15
BRDA:18,0,0,0
BRDA:18,0,1,0
BRF:2
BRH:0
end_of_record
TN:
SF:src\features\vendor-payments\VendorPaymentListScreen.tsx
FN:22,VendorPaymentListScreen
FN:27,renderItem
FN:49,(anonymous_2)
FN:55,(anonymous_3)
FN:59,(anonymous_4)
FN:68,(anonymous_5)
FNF:6
FNH:0
FNDA:0,VendorPaymentListScreen
FNDA:0,renderItem
FNDA:0,(anonymous_2)
FNDA:0,(anonymous_3)
FNDA:0,(anonymous_4)
FNDA:0,(anonymous_5)
DA:23,0
DA:25,0
DA:28,0
DA:44,0
DA:49,0
DA:55,0
DA:60,0
DA:68,0
DA:74,0
LF:9
LH:0
BRDA:51,0,0,0
BRDA:51,0,1,0
BRDA:60,1,0,0
BRDA:60,1,1,0
BRDA:64,2,0,0
BRDA:64,2,1,0
BRF:6
BRH:0
end_of_record
TN:
SF:src\features\vendor-payments\hooks\useVendorPayments.ts
FN:4,useVendorChargeList
FN:10,(anonymous_1)
FNF:2
FNH:0
FNDA:0,useVendorChargeList
FNDA:0,(anonymous_1)
DA:8,0
DA:11,0
LF:2
LH:0
BRF:0
BRH:0
end_of_record
TN:
SF:src\features\visitors\VisitorListScreen.tsx
FN:41,VisitorListScreen
FN:44,(anonymous_1)
FN:45,(anonymous_2)
FN:67,(anonymous_3)
FN:78,handleVerifyPass
FN:90,(anonymous_5)
FN:96,(anonymous_6)
FN:100,(anonymous_7)
FN:104,(anonymous_8)
FN:133,(anonymous_9)
FN:141,(anonymous_10)
FN:149,(anonymous_11)
FN:194,(anonymous_12)
FN:205,(anonymous_13)
FN:211,(anonymous_14)
FN:215,(anonymous_15)
FN:224,(anonymous_16)
FN:229,(anonymous_17)
FNF:18
FNH:9
FNDA:10,VisitorListScreen
FNDA:30,(anonymous_1)
FNDA:30,(anonymous_2)
FNDA:0,(anonymous_3)
FNDA:2,handleVerifyPass
FNDA:20,(anonymous_5)
FNDA:18,(anonymous_6)
FNDA:10,(anonymous_7)
FNDA:0,(anonymous_8)
FNDA:0,(anonymous_9)
FNDA:0,(anonymous_10)
FNDA:0,(anonymous_11)
FNDA:2,(anonymous_12)
FNDA:17,(anonymous_13)
FNDA:0,(anonymous_14)
FNDA:0,(anonymous_15)
FNDA:0,(anonymous_16)
FNDA:0,(anonymous_17)
DA:32,1
DA:42,10
DA:43,10
DA:44,30
DA:45,30
DA:47,10
DA:49,10
DA:50,10
DA:51,10
DA:53,10
DA:54,10
DA:55,10
DA:59,10
DA:61,10
DA:62,10
DA:64,10
DA:65,10
DA:66,10
DA:67,10
DA:68,10
DA:70,10
DA:71,10
DA:72,10
DA:73,10
DA:74,10
DA:79,2
DA:80,2
DA:81,2
DA:82,2
DA:83,1
DA:84,1
DA:86,1
DA:90,10
DA:91,20
DA:93,20
DA:96,10
DA:97,18
DA:100,10
DA:101,10
DA:104,0
DA:133,0
DA:141,0
DA:149,0
DA:160,10
DA:194,2
DA:205,17
DA:211,0
DA:216,0
DA:224,0
DA:229,0
DA:237,1
LF:51
LH:43
BRDA:44,0,0,30
BRDA:44,0,1,0
BRDA:45,1,0,30
BRDA:45,1,1,24
BRDA:47,2,0,10
BRDA:47,2,1,7
BRDA:54,3,0,0
BRDA:54,3,1,10
BRDA:55,4,0,0
BRDA:55,4,1,10
BRDA:59,5,0,10
BRDA:59,5,1,10
BRDA:61,6,0,0
BRDA:61,6,1,10
BRDA:64,7,0,10
BRDA:64,7,1,0
BRDA:64,8,0,10
BRDA:64,8,1,0
BRDA:65,9,0,10
BRDA:65,9,1,0
BRDA:66,10,0,10
BRDA:66,10,1,0
BRDA:67,11,0,10
BRDA:67,11,1,0
BRDA:68,12,0,10
BRDA:68,12,1,0
BRDA:80,13,0,0
BRDA:80,13,1,2
BRDA:91,14,0,0
BRDA:91,14,1,20
BRDA:97,15,0,18
BRDA:97,15,1,16
BRDA:103,16,0,10
BRDA:103,16,1,0
BRDA:108,17,0,10
BRDA:108,17,1,0
BRDA:111,18,0,10
BRDA:111,18,1,0
BRDA:111,18,2,0
BRDA:118,19,0,10
BRDA:118,19,1,0
BRDA:121,20,0,10
BRDA:121,20,1,0
BRDA:128,21,0,10
BRDA:128,21,1,8
BRDA:128,21,2,8
BRDA:128,21,3,8
BRDA:128,21,4,10
BRDA:130,22,0,10
BRDA:130,22,1,2
BRDA:138,23,0,10
BRDA:138,23,1,8
BRDA:138,23,2,8
BRDA:146,24,0,10
BRDA:146,24,1,0
BRDA:180,25,0,10
BRDA:180,25,1,8
BRDA:192,26,0,8
BRDA:192,26,1,8
BRDA:192,26,2,6
BRDA:193,27,0,8
BRDA:193,27,1,8
BRDA:196,28,0,0
BRDA:196,28,1,8
BRDA:200,29,0,10
BRDA:200,29,1,10
BRDA:207,30,0,0
BRDA:207,30,1,10
BRDA:216,31,0,0
BRDA:216,31,1,0
BRDA:220,32,0,10
BRDA:220,32,1,0
BRF:72
BRH:48
end_of_record
TN:
SF:src\features\visitors\VisitorPassScreen.tsx
FN:20,VisitorPassScreen
FN:24,(anonymous_1)
FN:28,handleCheckOut
FN:73,(anonymous_3)
FNF:4
FNH:4
FNDA:4,VisitorPassScreen
FNDA:12,(anonymous_1)
FNDA:1,handleCheckOut
FNDA:1,(anonymous_3)
DA:21,4
DA:22,4
DA:23,4
DA:24,12
DA:25,4
DA:26,4
DA:29,1
DA:30,1
DA:32,0
DA:36,4
DA:73,1
DA:87,1
LF:12
LH:11
BRDA:24,0,0,12
BRDA:24,0,1,0
BRDA:25,1,0,4
BRDA:25,1,1,3
BRDA:39,2,0,4
BRDA:39,2,1,4
BRDA:40,3,0,4
BRDA:40,3,1,4
BRDA:59,4,0,4
BRDA:59,4,1,3
BRDA:64,5,0,4
BRDA:64,5,1,0
BRDA:70,6,0,4
BRDA:70,6,1,3
BRDA:70,6,2,2
BRF:15
BRH:13
end_of_record
TN:
SF:src\features\visitors\VisitorRegisterScreen.tsx
FN:46,VisitorRegisterScreen
FN:48,(anonymous_1)
FN:49,(anonymous_2)
FN:70,(anonymous_3)
FN:77,handlePickPhoto
FN:78,(anonymous_5)
FN:92,(anonymous_6)
FN:99,(anonymous_7)
FN:100,(anonymous_8)
FN:106,handleSubmit
FN:146,(anonymous_10)
FN:150,(anonymous_11)
FN:196,(anonymous_12)
FN:205,(anonymous_13)
FNF:14
FNH:0
FNDA:0,VisitorRegisterScreen
FNDA:0,(anonymous_1)
FNDA:0,(anonymous_2)
FNDA:0,(anonymous_3)
FNDA:0,handlePickPhoto
FNDA:0,(anonymous_5)
FNDA:0,(anonymous_6)
FNDA:0,(anonymous_7)
FNDA:0,(anonymous_8)
FNDA:0,handleSubmit
FNDA:0,(anonymous_10)
FNDA:0,(anonymous_11)
FNDA:0,(anonymous_12)
FNDA:0,(anonymous_13)
DA:34,0
DA:47,0
DA:48,0
DA:49,0
DA:50,0
DA:52,0
DA:53,0
DA:54,0
DA:56,0
DA:57,0
DA:59,0
DA:60,0
DA:61,0
DA:62,0
DA:63,0
DA:64,0
DA:65,0
DA:66,0
DA:67,0
DA:68,0
DA:70,0
DA:75,0
DA:78,0
DA:79,0
DA:80,0
DA:81,0
DA:82,0
DA:83,0
DA:85,0
DA:89,0
DA:90,0
DA:93,0
DA:94,0
DA:98,0
DA:99,0
DA:100,0
DA:107,0
DA:108,0
DA:109,0
DA:111,0
DA:112,0
DA:113,0
DA:115,0
DA:116,0
DA:117,0
DA:119,0
DA:120,0
DA:131,0
DA:132,0
DA:133,0
DA:134,0
DA:136,0
DA:140,0
DA:146,0
DA:150,0
DA:196,0
DA:205,0
DA:212,0
LF:58
LH:0
BRDA:48,0,0,0
BRDA:48,0,1,0
BRDA:49,1,0,0
BRDA:49,1,1,0
BRDA:50,2,0,0
BRDA:50,2,1,0
BRDA:56,3,0,0
BRDA:56,3,1,0
BRDA:70,4,0,0
BRDA:70,4,1,0
BRDA:75,5,0,0
BRDA:75,5,1,0
BRDA:79,6,0,0
BRDA:79,6,1,0
BRDA:80,7,0,0
BRDA:80,7,1,0
BRDA:83,8,0,0
BRDA:83,8,1,0
BRDA:89,9,0,0
BRDA:89,9,1,0
BRDA:93,10,0,0
BRDA:93,10,1,0
BRDA:94,11,0,0
BRDA:94,11,1,0
BRDA:107,12,0,0
BRDA:107,12,1,0
BRDA:107,13,0,0
BRDA:107,13,1,0
BRDA:107,13,2,0
BRDA:111,14,0,0
BRDA:111,14,1,0
BRDA:111,15,0,0
BRDA:111,15,1,0
BRDA:115,16,0,0
BRDA:115,16,1,0
BRDA:123,17,0,0
BRDA:123,17,1,0
BRDA:124,18,0,0
BRDA:124,18,1,0
BRDA:126,19,0,0
BRDA:126,19,1,0
BRDA:127,20,0,0
BRDA:127,20,1,0
BRDA:143,21,0,0
BRDA:143,21,1,0
BRDA:145,22,0,0
BRDA:145,22,1,0
BRDA:152,23,0,0
BRDA:152,23,1,0
BRDA:171,24,0,0
BRDA:171,24,1,0
BRDA:176,25,0,0
BRDA:176,25,1,0
BRDA:188,26,0,0
BRDA:188,26,1,0
BRDA:201,27,0,0
BRDA:201,27,1,0
BRF:57
BRH:0
end_of_record
TN:
SF:src\features\visitors\hooks\useVisitors.ts
FN:6,useVisitorList
FN:13,(anonymous_1)
FN:25,useVisitorDefaultView
FN:28,(anonymous_3)
FN:33,useVisitor
FN:36,(anonymous_5)
FN:41,useVisitorLookups
FN:44,(anonymous_7)
FN:49,invalidateVisitorLists
FN:56,useRegisterVisitor
FN:59,(anonymous_10)
FN:61,(anonymous_11)
FN:65,useApproveVisitor
FN:68,(anonymous_13)
FN:69,(anonymous_14)
FN:73,useDenyVisitor
FN:76,(anonymous_16)
FN:77,(anonymous_17)
FN:81,useCheckOutVisitor
FN:84,(anonymous_19)
FN:85,(anonymous_20)
FN:90,useCheckInVisitorByPass
FN:93,(anonymous_22)
FN:94,(anonymous_23)
FNF:24
FNH:10
FNDA:4,useVisitorList
FNDA:2,(anonymous_1)
FNDA:2,useVisitorDefaultView
FNDA:1,(anonymous_3)
FNDA:0,useVisitor
FNDA:0,(anonymous_5)
FNDA:2,useVisitorLookups
FNDA:1,(anonymous_7)
FNDA:1,invalidateVisitorLists
FNDA:0,useRegisterVisitor
FNDA:0,(anonymous_10)
FNDA:0,(anonymous_11)
FNDA:0,useApproveVisitor
FNDA:0,(anonymous_13)
FNDA:0,(anonymous_14)
FNDA:0,useDenyVisitor
FNDA:0,(anonymous_16)
FNDA:0,(anonymous_17)
FNDA:0,useCheckOutVisitor
FNDA:0,(anonymous_19)
FNDA:0,(anonymous_20)
FNDA:2,useCheckInVisitorByPass
FNDA:1,(anonymous_22)
FNDA:1,(anonymous_23)
DA:11,4
DA:14,2
DA:26,2
DA:28,1
DA:34,0
DA:36,0
DA:42,2
DA:44,1
DA:50,1
DA:51,1
DA:53,1
DA:57,0
DA:58,0
DA:60,0
DA:61,0
DA:66,0
DA:67,0
DA:68,0
DA:69,0
DA:74,0
DA:75,0
DA:76,0
DA:77,0
DA:82,0
DA:83,0
DA:84,0
DA:85,0
DA:91,2
DA:92,2
DA:93,1
DA:94,1
LF:31
LH:13
BRDA:9,0,0,4
BRDA:15,1,0,4
BRDA:15,1,1,4
BRDA:25,2,0,2
BRDA:29,3,0,2
BRDA:29,3,1,2
BRDA:37,4,0,0
BRDA:37,4,1,0
BRF:8
BRH:6
end_of_record
TN:
SF:src\navigation\AppDrawer.tsx
FN:55,VisitorsStack
FN:71,NoticesStack
FN:87,ComplaintsStack
FN:102,AmenitiesStack
FN:117,StaffStack
FN:132,SosStack
FN:150,PollStack
FN:172,HqSocietiesStack
FN:183,renderDrawer
FN:187,AppDrawer
FNF:10
FNH:0
FNDA:0,VisitorsStack
FNDA:0,NoticesStack
FNDA:0,ComplaintsStack
FNDA:0,AmenitiesStack
FNDA:0,StaffStack
FNDA:0,SosStack
FNDA:0,PollStack
FNDA:0,HqSocietiesStack
FNDA:0,renderDrawer
FNDA:0,AppDrawer
DA:44,0
DA:45,0
DA:54,0
DA:56,0
DA:70,0
DA:72,0
DA:86,0
DA:88,0
DA:101,0
DA:103,0
DA:116,0
DA:118,0
DA:131,0
DA:133,0
DA:149,0
DA:151,0
DA:171,0
DA:173,0
DA:184,0
DA:188,0
LF:20
LH:0
BRF:0
BRH:0
end_of_record
TN:
SF:src\navigation\AuthStack.tsx
FN:39,LoginScreen
FN:43,(anonymous_1)
FN:47,switchMethod
FN:53,(anonymous_3)
FN:54,(anonymous_4)
FN:60,EmailPasswordLoginScreen
FN:67,handleLogin
FN:93,(anonymous_7)
FN:97,(anonymous_8)
FN:106,(anonymous_9)
FN:144,(anonymous_10)
FN:154,(anonymous_11)
FN:166,PhoneOtpLoginScreen
FN:176,handleRequestOtp
FN:197,handleSelectOption
FN:202,handleVerifyOtp
FN:222,(anonymous_16)
FN:223,(anonymous_17)
FN:252,(anonymous_18)
FN:255,(anonymous_19)
FN:280,(anonymous_20)
FN:290,(anonymous_21)
FN:302,ForgotPasswordScreen
FN:313,handleRequestOtp
FN:333,handleSelectOption
FN:339,handleConfirm
FN:357,(anonymous_26)
FN:372,(anonymous_27)
FN:373,(anonymous_28)
FN:402,(anonymous_29)
FN:405,(anonymous_30)
FN:444,(anonymous_31)
FN:447,(anonymous_32)
FN:458,InviteAcceptScreen
FN:474,(anonymous_34)
FN:477,(anonymous_35)
FN:481,(anonymous_36)
FN:482,(anonymous_37)
FN:485,handleRegister
FN:497,(anonymous_39)
FN:521,(anonymous_40)
FN:547,(anonymous_41)
FN:560,AuthStack
FNF:43
FNH:0
FNDA:0,LoginScreen
FNDA:0,(anonymous_1)
FNDA:0,switchMethod
FNDA:0,(anonymous_3)
FNDA:0,(anonymous_4)
FNDA:0,EmailPasswordLoginScreen
FNDA:0,handleLogin
FNDA:0,(anonymous_7)
FNDA:0,(anonymous_8)
FNDA:0,(anonymous_9)
FNDA:0,(anonymous_10)
FNDA:0,(anonymous_11)
FNDA:0,PhoneOtpLoginScreen
FNDA:0,handleRequestOtp
FNDA:0,handleSelectOption
FNDA:0,handleVerifyOtp
FNDA:0,(anonymous_16)
FNDA:0,(anonymous_17)
FNDA:0,(anonymous_18)
FNDA:0,(anonymous_19)
FNDA:0,(anonymous_20)
FNDA:0,(anonymous_21)
FNDA:0,ForgotPasswordScreen
FNDA:0,handleRequestOtp
FNDA:0,handleSelectOption
FNDA:0,handleConfirm
FNDA:0,(anonymous_26)
FNDA:0,(anonymous_27)
FNDA:0,(anonymous_28)
FNDA:0,(anonymous_29)
FNDA:0,(anonymous_30)
FNDA:0,(anonymous_31)
FNDA:0,(anonymous_32)
FNDA:0,InviteAcceptScreen
FNDA:0,(anonymous_34)
FNDA:0,(anonymous_35)
FNDA:0,(anonymous_36)
FNDA:0,(anonymous_37)
FNDA:0,handleRegister
FNDA:0,(anonymous_39)
FNDA:0,(anonymous_40)
FNDA:0,(anonymous_41)
FNDA:0,AuthStack
DA:40,0
DA:41,0
DA:43,0
DA:44,0
DA:48,0
DA:49,0
DA:52,0
DA:53,0
DA:54,0
DA:61,0
DA:62,0
DA:63,0
DA:64,0
DA:65,0
DA:68,0
DA:69,0
DA:70,0
DA:72,0
DA:73,0
DA:74,0
DA:76,0
DA:77,0
DA:79,0
DA:82,0
DA:86,0
DA:87,0
DA:94,0
DA:97,0
DA:106,0
DA:114,0
DA:144,0
DA:154,0
DA:167,0
DA:168,0
DA:169,0
DA:170,0
DA:171,0
DA:172,0
DA:173,0
DA:174,0
DA:177,0
DA:178,0
DA:179,0
DA:180,0
DA:181,0
DA:182,0
DA:183,0
DA:184,0
DA:186,0
DA:187,0
DA:188,0
DA:189,0
DA:191,0
DA:193,0
DA:198,0
DA:199,0
DA:203,0
DA:204,0
DA:205,0
DA:206,0
DA:207,0
DA:209,0
DA:211,0
DA:215,0
DA:216,0
DA:223,0
DA:236,0
DA:237,0
DA:252,0
DA:255,0
DA:263,0
DA:280,0
DA:290,0
DA:303,0
DA:304,0
DA:305,0
DA:306,0
DA:307,0
DA:308,0
DA:309,0
DA:310,0
DA:311,0
DA:314,0
DA:315,0
DA:316,0
DA:317,0
DA:318,0
DA:319,0
DA:322,0
DA:323,0
DA:324,0
DA:327,0
DA:329,0
DA:334,0
DA:335,0
DA:336,0
DA:340,0
DA:341,0
DA:342,0
DA:344,0
DA:345,0
DA:346,0
DA:348,0
DA:349,0
DA:350,0
DA:356,0
DA:357,0
DA:360,0
DA:362,0
DA:366,0
DA:367,0
DA:373,0
DA:386,0
DA:387,0
DA:402,0
DA:405,0
DA:413,0
DA:444,0
DA:447,0
DA:459,0
DA:460,0
DA:462,0
DA:463,0
DA:464,0
DA:465,0
DA:466,0
DA:468,0
DA:469,0
DA:470,0
DA:471,0
DA:472,0
DA:474,0
DA:475,0
DA:476,0
DA:478,0
DA:479,0
DA:481,0
DA:482,0
DA:486,0
DA:487,0
DA:489,0
DA:490,0
DA:491,0
DA:493,0
DA:494,0
DA:495,0
DA:496,0
DA:497,0
DA:500,0
DA:502,0
DA:506,0
DA:507,0
DA:515,0
DA:516,0
DA:521,0
DA:529,0
DA:547,0
DA:558,0
DA:561,0
DA:570,0
LF:160
LH:0
BRDA:52,0,0,0
BRDA:52,0,1,0
BRDA:68,1,0,0
BRDA:68,1,1,0
BRDA:68,2,0,0
BRDA:68,2,1,0
BRDA:76,3,0,0
BRDA:76,3,1,0
BRDA:76,4,0,0
BRDA:76,4,1,0
BRDA:86,5,0,0
BRDA:86,5,1,0
BRDA:101,6,0,0
BRDA:101,6,1,0
BRDA:117,7,0,0
BRDA:117,7,1,0
BRDA:177,8,0,0
BRDA:177,8,1,0
BRDA:181,9,0,0
BRDA:181,9,1,0
BRDA:181,10,0,0
BRDA:181,10,1,0
BRDA:186,11,0,0
BRDA:186,11,1,0
BRDA:187,12,0,0
BRDA:187,12,1,0
BRDA:187,12,2,0
BRDA:188,13,0,0
BRDA:188,13,1,0
BRDA:203,14,0,0
BRDA:203,14,1,0
BRDA:204,15,0,0
BRDA:204,15,1,0
BRDA:204,16,0,0
BRDA:204,16,1,0
BRDA:215,17,0,0
BRDA:215,17,1,0
BRDA:215,18,0,0
BRDA:215,18,1,0
BRDA:226,19,0,0
BRDA:226,19,1,0
BRDA:236,20,0,0
BRDA:236,20,1,0
BRDA:238,21,0,0
BRDA:238,21,1,0
BRDA:264,22,0,0
BRDA:264,22,1,0
BRDA:314,23,0,0
BRDA:314,23,1,0
BRDA:318,24,0,0
BRDA:318,24,1,0
BRDA:318,25,0,0
BRDA:318,25,1,0
BRDA:322,26,0,0
BRDA:322,26,1,0
BRDA:340,27,0,0
BRDA:340,27,1,0
BRDA:340,28,0,0
BRDA:340,28,1,0
BRDA:345,29,0,0
BRDA:345,29,1,0
BRDA:346,30,0,0
BRDA:346,30,1,0
BRDA:366,31,0,0
BRDA:366,31,1,0
BRDA:376,32,0,0
BRDA:376,32,1,0
BRDA:386,33,0,0
BRDA:386,33,1,0
BRDA:388,34,0,0
BRDA:388,34,1,0
BRDA:414,35,0,0
BRDA:414,35,1,0
BRDA:460,36,0,0
BRDA:460,36,1,0
BRDA:475,37,0,0
BRDA:475,37,1,0
BRDA:478,38,0,0
BRDA:478,38,1,0
BRDA:486,39,0,0
BRDA:486,39,1,0
BRDA:486,40,0,0
BRDA:486,40,1,0
BRDA:486,40,2,0
BRDA:486,40,3,0
BRDA:489,41,0,0
BRDA:489,41,1,0
BRDA:491,42,0,0
BRDA:491,42,1,0
BRDA:506,43,0,0
BRDA:506,43,1,0
BRDA:515,44,0,0
BRDA:515,44,1,0
BRDA:530,45,0,0
BRDA:530,45,1,0
BRF:95
BRH:0
end_of_record
TN:
SF:src\navigation\CustomDrawer.tsx
FN:79,getMenuItems
FN:88,getRoleLabel
FN:101,CustomDrawer
FN:103,(anonymous_3)
FN:135,(anonymous_4)
FN:141,(anonymous_5)
FN:162,(anonymous_6)
FN:168,(anonymous_7)
FN:190,(anonymous_8)
FN:201,getStyles
FNF:10
FNH:0
FNDA:0,getMenuItems
FNDA:0,getRoleLabel
FNDA:0,CustomDrawer
FNDA:0,(anonymous_3)
FNDA:0,(anonymous_4)
FNDA:0,(anonymous_5)
FNDA:0,(anonymous_6)
FNDA:0,(anonymous_7)
FNDA:0,(anonymous_8)
FNDA:0,getStyles
DA:22,0
DA:41,0
DA:57,0
DA:72,0
DA:80,0
DA:81,0
DA:82,0
DA:83,0
DA:84,0
DA:89,0
DA:90,0
DA:91,0
DA:92,0
DA:93,0
DA:94,0
DA:95,0
DA:102,0
DA:103,0
DA:104,0
DA:105,0
DA:106,0
DA:107,0
DA:109,0
DA:110,0
DA:112,0
DA:136,0
DA:137,0
DA:141,0
DA:163,0
DA:164,0
DA:168,0
DA:190,0
DA:202,0
LF:33
LH:0
BRDA:80,0,0,0
BRDA:80,0,1,0
BRDA:80,0,2,0
BRDA:80,0,3,0
BRDA:89,1,0,0
BRDA:89,1,1,0
BRDA:89,1,2,0
BRDA:89,1,3,0
BRDA:89,1,4,0
BRDA:89,1,5,0
BRDA:95,2,0,0
BRDA:95,2,1,0
BRDA:121,3,0,0
BRDA:121,3,1,0
BRDA:121,4,0,0
BRDA:121,4,1,0
BRDA:121,5,0,0
BRDA:121,5,1,0
BRDA:124,6,0,0
BRDA:124,6,1,0
BRDA:132,7,0,0
BRDA:132,7,1,0
BRDA:140,8,0,0
BRDA:140,8,1,0
BRDA:145,9,0,0
BRDA:145,9,1,0
BRDA:147,10,0,0
BRDA:147,10,1,0
BRDA:149,11,0,0
BRDA:149,11,1,0
BRDA:167,12,0,0
BRDA:167,12,1,0
BRDA:174,13,0,0
BRDA:174,13,1,0
BRDA:177,14,0,0
BRDA:177,14,1,0
BRF:36
BRH:0
end_of_record
TN:
SF:src\navigation\RootNavigator.tsx
FN:15,(anonymous_0)
FN:16,(anonymous_1)
FN:19,RootNavigator
FN:20,(anonymous_3)
FNF:4
FNH:0
FNDA:0,(anonymous_0)
FNDA:0,(anonymous_1)
FNDA:0,RootNavigator
FNDA:0,(anonymous_3)
DA:15,0
DA:16,0
DA:20,0
DA:21,0
DA:23,0
DA:43,0
LF:6
LH:0
BRDA:27,0,0,0
BRDA:27,0,1,0
BRDA:28,1,0,0
BRDA:28,1,1,0
BRF:4
BRH:0
end_of_record
TN:
SF:src\navigation\linking.ts
FNF:0
FNH:0
DA:3,0
LF:1
LH:0
BRF:0
BRH:0
end_of_record
TN:
SF:src\notifications\NotificationProvider.tsx
FN:10,(anonymous_0)
FN:26,NotificationProvider
FN:30,(anonymous_2)
FN:36,(anonymous_3)
FN:39,register
FN:79,(anonymous_5)
FN:84,(anonymous_6)
FN:91,(anonymous_7)
FNF:8
FNH:0
FNDA:0,(anonymous_0)
FNDA:0,NotificationProvider
FNDA:0,(anonymous_2)
FNDA:0,(anonymous_3)
FNDA:0,register
FNDA:0,(anonymous_5)
FNDA:0,(anonymous_6)
FNDA:0,(anonymous_7)
DA:9,0
DA:10,0
DA:30,0
DA:31,0
DA:33,0
DA:34,0
DA:36,0
DA:37,0
DA:40,0
DA:41,0
DA:43,0
DA:56,0
DA:57,0
DA:60,0
DA:61,0
DA:63,0
DA:64,0
DA:65,0
DA:77,0
DA:79,0
DA:80,0
DA:83,0
DA:85,0
DA:86,0
DA:91,0
DA:92,0
DA:93,0
DA:97,0
LF:28
LH:0
BRDA:37,0,0,0
BRDA:37,0,1,0
BRDA:41,1,0,0
BRDA:41,1,1,0
BRDA:63,2,0,0
BRDA:63,2,1,0
BRDA:64,3,0,0
BRDA:64,3,1,0
BRDA:85,4,0,0
BRDA:85,4,1,0
BRDA:85,5,0,0
BRDA:85,5,1,0
BRF:12
BRH:0
end_of_record
TN:
SF:src\notifications\notificationRouter.ts
FN:8,routeNotification
FNF:1
FNH:0
FNDA:0,routeNotification
DA:13,0
DA:14,0
DA:16,0
DA:17,0
DA:18,0
DA:21,0
DA:22,0
DA:23,0
DA:26,0
DA:27,0
DA:28,0
DA:31,0
DA:32,0
DA:33,0
DA:36,0
DA:37,0
DA:38,0
DA:41,0
DA:42,0
LF:19
LH:0
BRDA:16,0,0,0
BRDA:16,0,1,0
BRDA:16,1,0,0
BRDA:16,1,1,0
BRDA:16,1,2,0
BRDA:21,2,0,0
BRDA:21,2,1,0
BRDA:21,3,0,0
BRDA:21,3,1,0
BRDA:21,3,2,0
BRDA:26,4,0,0
BRDA:26,4,1,0
BRDA:31,5,0,0
BRDA:31,5,1,0
BRDA:36,6,0,0
BRDA:36,6,1,0
BRDA:41,7,0,0
BRDA:41,7,1,0
BRF:18
BRH:0
end_of_record
TN:
SF:src\notifications\useNotifications.ts
FN:3,useNotifications
FN:4,(anonymous_1)
FN:5,(anonymous_2)
FNF:3
FNH:0
FNDA:0,useNotifications
FNDA:0,(anonymous_1)
FNDA:0,(anonymous_2)
DA:4,0
DA:5,0
DA:7,0
LF:3
LH:0
BRF:0
BRH:0
end_of_record
TN:
SF:src\shared\components\AppHeader.tsx
FN:18,AppHeader
FN:21,(anonymous_1)
FN:29,(anonymous_2)
FN:39,(anonymous_3)
FN:48,(anonymous_4)
FN:63,(anonymous_5)
FN:74,getStyles
FNF:7
FNH:4
FNDA:196,AppHeader
FNDA:588,(anonymous_1)
FNDA:221,(anonymous_2)
FNDA:0,(anonymous_3)
FNDA:0,(anonymous_4)
FNDA:0,(anonymous_5)
FNDA:196,getStyles
DA:19,196
DA:20,196
DA:21,588
DA:22,196
DA:23,196
DA:26,196
DA:29,221
DA:34,196
DA:39,0
DA:48,0
DA:63,0
DA:75,196
LF:12
LH:9
BRDA:26,0,0,196
BRDA:26,0,1,0
BRDA:26,1,0,196
BRDA:26,1,1,103
BRDA:37,2,0,196
BRDA:37,2,1,57
BRDA:46,3,0,196
BRDA:46,3,1,123
BRF:8
BRH:7
end_of_record
TN:
SF:src\shared\components\AutocompleteTextInput.tsx
FN:22,AutocompleteTextInput
FN:34,(anonymous_1)
FN:49,(anonymous_2)
FN:51,(anonymous_3)
FN:51,(anonymous_4)
FN:55,(anonymous_5)
FN:59,(anonymous_6)
FNF:7
FNH:5
FNDA:7,AutocompleteTextInput
FNDA:16,(anonymous_1)
FNDA:3,(anonymous_2)
FNDA:0,(anonymous_3)
FNDA:0,(anonymous_4)
FNDA:2,(anonymous_5)
FNDA:1,(anonymous_6)
DA:31,7
DA:33,7
DA:34,16
DA:36,7
DA:38,7
DA:49,3
DA:51,0
DA:56,2
DA:60,1
DA:61,1
DA:73,1
LF:11
LH:10
BRDA:36,0,0,7
BRDA:36,0,1,3
BRDA:48,1,0,0
BRDA:48,1,1,7
BRDA:53,2,0,7
BRDA:53,2,1,2
BRF:6
BRH:5
end_of_record
TN:
SF:src\shared\components\CurrencyText.tsx
FN:11,CurrencyText
FNF:1
FNH:1
FNDA:15,CurrencyText
DA:12,15
LF:1
LH:1
BRF:0
BRH:0
end_of_record
TN:
SF:src\shared\components\EmptyState.tsx
FN:13,EmptyState
FNF:1
FNH:1
FNDA:8,EmptyState
DA:14,8
DA:23,12
LF:2
LH:2
BRDA:13,0,0,0
BRDA:18,1,0,8
BRDA:18,1,1,1
BRF:3
BRH:2
end_of_record
TN:
SF:src\shared\components\ImageZoomModal.tsx
FN:17,ImageZoomModal
FN:20,(anonymous_1)
FN:24,zoomIn
FN:25,(anonymous_3)
FN:28,zoomOut
FN:29,(anonymous_5)
FNF:6
FNH:6
FNDA:23,ImageZoomModal
FNDA:11,(anonymous_1)
FNDA:9,zoomIn
FNDA:9,(anonymous_3)
FNDA:2,zoomOut
FNDA:2,(anonymous_5)
DA:6,3
DA:7,3
DA:8,3
DA:18,23
DA:20,23
DA:21,11
DA:25,9
DA:29,2
DA:32,23
DA:55,3
LF:10
LH:10
BRDA:21,0,0,7
BRDA:21,0,1,4
BRDA:37,1,0,23
BRDA:37,1,1,11
BRDA:41,2,0,23
BRDA:41,2,1,1
BRF:6
BRH:6
end_of_record
TN:
SF:src\shared\components\LoadingOverlay.tsx
FN:9,LoadingOverlay
FNF:1
FNH:1
FNDA:132,LoadingOverlay
DA:10,132
DA:21,14
LF:2
LH:2
BRF:0
BRH:0
end_of_record
TN:
SF:src\shared\components\OfflineBanner.tsx
FN:12,OfflineBanner
FN:13,(anonymous_1)
FN:28,getStyles
FNF:3
FNH:0
FNDA:0,OfflineBanner
FNDA:0,(anonymous_1)
FNDA:0,getStyles
DA:13,0
DA:14,0
DA:16,0
DA:18,0
DA:19,0
DA:29,0
LF:6
LH:0
BRDA:16,0,0,0
BRDA:16,0,1,0
BRF:2
BRH:0
end_of_record
TN:
SF:src\shared\components\SearchableSelect.tsx
FN:27,SearchableSelect
FN:36,(anonymous_1)
FN:37,(anonymous_2)
FN:41,handleSelect
FN:47,handleClose
FN:56,(anonymous_5)
FN:78,(anonymous_6)
FN:79,(anonymous_7)
FN:82,(anonymous_8)
FNF:9
FNH:6
FNDA:21,SearchableSelect
FNDA:21,(anonymous_1)
FNDA:92,(anonymous_2)
FNDA:0,handleSelect
FNDA:0,handleClose
FNDA:1,(anonymous_5)
FNDA:2,(anonymous_6)
FNDA:1,(anonymous_7)
FNDA:0,(anonymous_8)
DA:33,21
DA:34,21
DA:36,21
DA:37,21
DA:38,92
DA:42,0
DA:43,0
DA:44,0
DA:48,0
DA:49,0
DA:52,21
DA:56,1
DA:78,2
DA:80,1
DA:82,0
DA:99,3
LF:16
LH:10
BRDA:31,0,0,0
BRDA:59,1,0,19
BRDA:59,1,1,2
BRDA:60,2,0,19
BRDA:60,2,1,2
BRF:5
BRH:4
end_of_record
TN:
SF:src\shared\components\StatusChip.tsx
FN:16,getChipColor
FN:30,StatusChip
FNF:2
FNH:2
FNDA:44,getChipColor
FNDA:44,StatusChip
DA:17,44
DA:18,44
DA:19,11
DA:21,33
DA:22,24
DA:24,9
DA:25,3
DA:27,6
DA:31,44
DA:32,44
DA:39,7
LF:11
LH:11
BRDA:18,0,0,11
BRDA:18,0,1,33
BRDA:21,1,0,24
BRDA:21,1,1,9
BRDA:24,2,0,3
BRDA:24,2,1,6
BRF:6
BRH:6
end_of_record
TN:
SF:src\shared\components\UserAvatar.tsx
FN:21,UserAvatar
FN:28,(anonymous_1)
FN:46,(anonymous_2)
FN:52,(anonymous_3)
FNF:4
FNH:3
FNDA:8,UserAvatar
FNDA:14,(anonymous_1)
FNDA:1,(anonymous_2)
FNDA:0,(anonymous_3)
DA:22,8
DA:24,8
DA:28,14
DA:31,8
DA:33,8
DA:34,4
DA:41,4
DA:42,4
DA:46,1
DA:52,0
DA:58,2
LF:11
LH:10
BRDA:21,0,0,6
BRDA:21,1,0,7
BRDA:33,2,0,4
BRDA:33,2,1,4
BRDA:36,3,0,4
BRDA:36,3,1,1
BRDA:51,4,0,4
BRDA:51,4,1,3
BRF:8
BRH:8
end_of_record
TN:
SF:src\shared\hooks\useActiveApartment.ts
FN:12,useActiveApartment
FN:18,(anonymous_1)
FN:19,(anonymous_2)
FN:20,(anonymous_3)
FN:25,(anonymous_4)
FN:32,(anonymous_5)
FN:40,(anonymous_6)
FNF:7
FNH:0
FNDA:0,useActiveApartment
FNDA:0,(anonymous_1)
FNDA:0,(anonymous_2)
FNDA:0,(anonymous_3)
FNDA:0,(anonymous_4)
FNDA:0,(anonymous_5)
FNDA:0,(anonymous_6)
DA:18,0
DA:19,0
DA:20,0
DA:23,0
DA:25,0
DA:29,0
DA:32,0
DA:40,0
DA:43,0
LF:9
LH:0
BRDA:24,0,0,0
BRDA:24,0,1,0
BRDA:24,1,0,0
BRDA:24,1,1,0
BRDA:25,2,0,0
BRDA:25,2,1,0
BRDA:25,3,0,0
BRDA:25,3,1,0
BRDA:26,4,0,0
BRDA:26,4,1,0
BRDA:29,5,0,0
BRDA:29,5,1,0
BRDA:29,5,2,0
BRDA:32,6,0,0
BRDA:32,6,1,0
BRDA:32,6,2,0
BRDA:32,6,3,0
BRDA:32,7,0,0
BRDA:32,7,1,0
BRDA:32,8,0,0
BRDA:32,8,1,0
BRDA:40,9,0,0
BRDA:40,9,1,0
BRF:23
BRH:0
end_of_record
TN:
SF:src\shared\hooks\useDebounce.ts
FN:3,useDebounce
FN:6,(anonymous_1)
FN:7,(anonymous_2)
FN:11,(anonymous_3)
FNF:4
FNH:3
FNDA:17,useDebounce
FNDA:14,(anonymous_1)
FNDA:0,(anonymous_2)
FNDA:14,(anonymous_3)
DA:4,17
DA:6,17
DA:7,14
DA:8,0
DA:11,14
DA:14,17
LF:6
LH:5
BRDA:3,0,0,17
BRF:1
BRH:1
end_of_record
TN:
SF:src\shared\hooks\useInfiniteList.ts
FN:20,useInfiniteList
FN:28,(anonymous_1)
FN:29,(anonymous_2)
FN:40,(anonymous_3)
FNF:4
FNH:4
FNDA:14,useInfiniteList
FNDA:7,(anonymous_1)
FNDA:21,(anonymous_2)
FNDA:7,(anonymous_3)
DA:26,14
DA:28,7
DA:30,21
DA:31,21
DA:32,21
DA:39,14
DA:40,7
LF:7
LH:7
BRDA:24,0,0,0
BRDA:31,1,0,0
BRDA:31,1,1,21
BRDA:40,2,0,14
BRDA:40,2,1,7
BRDA:42,3,0,14
BRDA:42,3,1,0
BRF:7
BRH:4
end_of_record
TN:
SF:src\shared\hooks\useSocietyId.ts
FN:3,useSocietyId
FN:4,(anonymous_1)
FNF:2
FNH:2
FNDA:141,useSocietyId
FNDA:423,(anonymous_1)
DA:4,423
LF:1
LH:1
BRDA:4,0,0,423
BRDA:4,0,1,138
BRF:2
BRH:2
end_of_record
TN:
SF:src\shared\hooks\useThemeColors.ts
FN:9,useThemeColors
FN:10,(anonymous_1)
FNF:2
FNH:2
FNDA:196,useThemeColors
FNDA:588,(anonymous_1)
DA:10,588
DA:11,196
LF:2
LH:2
BRF:0
BRH:0
end_of_record
TN:
SF:src\shared\utils\apartment.ts
FN:2,formatApartmentLabel
FNF:1
FNH:0
FNDA:0,formatApartmentLabel
DA:7,0
DA:8,0
DA:9,0
LF:3
LH:0
BRDA:7,0,0,0
BRDA:7,0,1,0
BRDA:8,1,0,0
BRDA:8,1,1,0
BRDA:9,2,0,0
BRDA:9,2,1,0
BRF:6
BRH:0
end_of_record
TN:
SF:src\shared\utils\currency.ts
FN:1,formatCurrency
FNF:1
FNH:1
FNDA:19,formatCurrency
DA:2,19
LF:1
LH:1
BRF:0
BRH:0
end_of_record
TN:
SF:src\shared\utils\date.ts
FN:15,parseDate
FN:21,formatDate
FN:26,formatDateTime
FN:31,isOverdue
FNF:4
FNH:4
FNDA:37,parseDate
FNDA:23,formatDate
FNDA:11,formatDateTime
FNDA:3,isOverdue
DA:1,6
DA:7,6
DA:16,37
DA:17,37
DA:18,37
DA:22,23
DA:23,23
DA:27,11
DA:28,11
DA:32,3
DA:33,3
LF:11
LH:11
BRDA:16,0,0,0
BRDA:16,0,1,37
BRDA:18,1,0,0
BRDA:18,1,1,37
BRDA:23,2,0,23
BRDA:23,2,1,0
BRDA:28,3,0,11
BRDA:28,3,1,0
BRDA:33,4,0,3
BRDA:33,4,1,3
BRF:10
BRH:6
end_of_record
TN:
SF:src\shared\utils\errors.ts
FN:4,normalizeError
FNF:1
FNH:1
FNDA:4,normalizeError
DA:5,4
DA:6,0
DA:7,0
DA:8,0
DA:10,4
DA:11,0
LF:6
LH:2
BRDA:5,0,0,0
BRDA:5,0,1,4
BRDA:7,1,0,0
BRDA:7,1,1,0
BRDA:8,2,0,0
BRDA:8,2,1,0
BRDA:10,3,0,4
BRDA:10,3,1,0
BRF:8
BRH:2
end_of_record
TN:
SF:src\shared\utils\fileType.ts
FN:3,extensionOf
FN:9,isImageUrl
FN:14,fileKindLabel
FNF:3
FNH:3
FNDA:17,extensionOf
FNDA:10,isImageUrl
FNDA:5,fileKindLabel
DA:1,1
DA:4,17
DA:5,17
DA:6,17
DA:10,10
DA:15,5
DA:16,5
DA:17,0
DA:18,0
DA:19,0
LF:10
LH:7
BRDA:6,0,0,17
BRDA:6,0,1,0
BRDA:16,1,0,5
BRDA:16,1,1,0
BRDA:17,2,0,0
BRDA:17,2,1,0
BRDA:17,3,0,0
BRDA:17,3,1,0
BRDA:18,4,0,0
BRDA:18,4,1,0
BRDA:18,5,0,0
BRDA:18,5,1,0
BRDA:19,6,0,0
BRDA:19,6,1,0
BRF:14
BRH:2
end_of_record
TN:
SF:src\shared\utils\password.ts
FN:1,validatePassword
FNF:1
FNH:0
FNDA:0,validatePassword
DA:2,0
DA:3,0
DA:4,0
LF:3
LH:0
BRDA:2,0,0,0
BRDA:2,0,1,0
BRDA:3,1,0,0
BRDA:3,1,1,0
BRF:4
BRH:0
end_of_record
TN:
SF:src\store\authStore.ts
FN:22,(anonymous_0)
FN:27,(anonymous_1)
FN:28,(anonymous_2)
FN:29,(anonymous_3)
FNF:4
FNH:3
FNDA:25,(anonymous_0)
FNDA:1,(anonymous_1)
FNDA:0,(anonymous_2)
FNDA:4,(anonymous_3)
DA:22,25
DA:27,1
DA:28,0
DA:29,4
LF:4
LH:3
BRF:0
BRH:0
end_of_record
TN:
SF:src\store\networkStore.ts
FN:11,(anonymous_0)
FN:13,(anonymous_1)
FNF:2
FNH:0
FNDA:0,(anonymous_0)
FNDA:0,(anonymous_1)
DA:11,0
DA:13,0
LF:2
LH:0
BRF:0
BRH:0
end_of_record
TN:
SF:src\store\notificationStore.ts
FN:14,(anonymous_0)
FN:17,(anonymous_1)
FN:18,(anonymous_2)
FN:18,(anonymous_3)
FN:19,(anonymous_4)
FNF:5
FNH:0
FNDA:0,(anonymous_0)
FNDA:0,(anonymous_1)
FNDA:0,(anonymous_2)
FNDA:0,(anonymous_3)
FNDA:0,(anonymous_4)
DA:14,0
DA:17,0
DA:18,0
DA:19,0
LF:4
LH:0
BRF:0
BRH:0
end_of_record
TN:
SF:src\store\themeStore.ts
FN:19,(anonymous_0)
FN:22,(anonymous_1)
FN:23,(anonymous_2)
FNF:3
FNH:3
FNDA:27,(anonymous_0)
FNDA:2,(anonymous_1)
FNDA:3,(anonymous_2)
DA:19,27
DA:22,2
DA:24,3
DA:25,3
DA:26,3
DA:27,2
DA:29,1
LF:7
LH:7
BRF:0
BRH:0
end_of_record
TN:
SF:src\theme\colors.ts
FNF:0
FNH:0
DA:10,26
LF:1
LH:1
BRDA:10,0,0,26
BRDA:10,0,1,0
BRF:2
BRH:1
end_of_record
TN:
SF:src\theme\spacing.ts
FNF:0
FNH:0
DA:1,27
LF:1
LH:1
BRF:0
BRH:0
end_of_record
TN:
SF:src\theme\themes.ts
FN:152,resolveThemeId
FNF:1
FNH:1
FNDA:15,resolveThemeId
DA:33,28
DA:35,28
DA:44,28
DA:149,28
DA:153,15
LF:5
LH:5
BRDA:153,0,0,9
BRDA:153,0,1,6
BRDA:153,1,0,15
BRDA:153,1,1,13
BRF:4
BRH:4
end_of_record
TN:
SF:src\theme\typography.ts
FNF:0
FNH:0
DA:1,27
LF:1
LH:1
BRF:0
BRH:0
end_of_record
